This file contains any messages produced by compilers while
running configure, to aid debugging if configure makes a mistake.

It was created by configure, which was
generated by GNU Autoconf 2.71.  Invocation command line was

  $ ./configure --enable-tests CC=/home/arun/Desktop/CheckCBox_Compiler/llvm/cmake-build-debug/bin/clang 'CFLAGS=-O2 -fheapsbx -DHEAP_SBX' LDFLAGS=-L/home/arun/Desktop/FlexC_EVAL/CVES/LinuxFlaw/HoardLib/ 'LIBS=-ldl -lstdc++ -lhoard -lSBX_CON_LIB -lisc_lib_final' --no-create --no-recursion

## --------- ##
## Platform. ##
## --------- ##

hostname = arun-GL65-Leopard-10SEK
uname -m = x86_64
uname -r = 5.19.0-38-generic
uname -s = Linux
uname -v = #39~22.04.1-Ubuntu SMP PREEMPT_DYNAMIC Fri Mar 17 21:16:15 UTC 2

/usr/bin/uname -p = x86_64
/bin/uname -X     = unknown

/bin/arch              = x86_64
/usr/bin/arch -k       = unknown
/usr/convex/getsysinfo = unknown
/usr/bin/hostinfo      = unknown
/bin/machine           = unknown
/usr/bin/oslevel       = unknown
/bin/universe          = unknown

PATH: /usr/local/sbin/
PATH: /usr/local/bin/
PATH: /usr/sbin/
PATH: /usr/bin/
PATH: /sbin/
PATH: /bin/
PATH: /snap/bin/


## ----------- ##
## Core tests. ##
## ----------- ##

configure:2434: looking for aux files: config.guess config.sub ltmain.sh compile missing install-sh
configure:2447:  trying ./
configure:2476:   ./config.guess found
configure:2476:   ./config.sub found
configure:2476:   ./ltmain.sh found
configure:2476:   ./compile found
configure:2476:   ./missing found
configure:2458:   ./install-sh found
configure:2616: checking for a BSD-compatible install
configure:2689: result: /usr/bin/install -c
configure:2700: checking whether build environment is sane
configure:2755: result: yes
configure:2914: checking for a race-free mkdir -p
configure:2958: result: /usr/bin/mkdir -p
configure:2965: checking for gawk
configure:2986: found /usr/bin/gawk
configure:2997: result: gawk
configure:3008: checking whether make sets $(MAKE)
configure:3031: result: yes
configure:3061: checking whether make supports nested variables
configure:3079: result: yes
configure:3297: checking for gcc
configure:3329: result: /home/arun/Desktop/CheckCBox_Compiler/llvm/cmake-build-debug/bin/clang
configure:3682: checking for C compiler version
configure:3691: /home/arun/Desktop/CheckCBox_Compiler/llvm/cmake-build-debug/bin/clang --version >&5
clang version 12.0.0 (https://github.com/arunkumarbhattar/CheckCBox_Compiler.git 2f87fe88a16b45255779992281242d01ed17427c)
Target: x86_64-unknown-linux-gnu
Thread model: posix
InstalledDir: /home/arun/Desktop/CheckCBox_Compiler/llvm/cmake-build-debug/bin
configure:3702: $? = 0
configure:3691: /home/arun/Desktop/CheckCBox_Compiler/llvm/cmake-build-debug/bin/clang -v >&5
clang version 12.0.0 (https://github.com/arunkumarbhattar/CheckCBox_Compiler.git 2f87fe88a16b45255779992281242d01ed17427c)
Target: x86_64-unknown-linux-gnu
Thread model: posix
InstalledDir: /home/arun/Desktop/CheckCBox_Compiler/llvm/cmake-build-debug/bin
Found candidate GCC installation: /usr/lib/gcc/x86_64-linux-gnu/11
Found candidate GCC installation: /usr/lib/gcc/x86_64-linux-gnu/12
Found candidate GCC installation: /usr/lib/gcc/x86_64-linux-gnu/9
Selected GCC installation: /usr/lib/gcc/x86_64-linux-gnu/12
Candidate multilib: .;@m64
Selected multilib: .;@m64
... rest of stderr output deleted ...
configure:3702: $? = 0
configure:3691: /home/arun/Desktop/CheckCBox_Compiler/llvm/cmake-build-debug/bin/clang -V >&5
clang-12: error: argument to '-V' is missing (expected 1 value)
clang-12: error: no input files
configure:3702: $? = 1
configure:3691: /home/arun/Desktop/CheckCBox_Compiler/llvm/cmake-build-debug/bin/clang -qversion >&5
clang-12: error: unknown argument '-qversion'; did you mean '--version'?
clang-12: error: no input files
configure:3702: $? = 1
configure:3691: /home/arun/Desktop/CheckCBox_Compiler/llvm/cmake-build-debug/bin/clang -version >&5
clang-12: error: unknown argument '-version'; did you mean '--version'?
clang-12: error: no input files
configure:3702: $? = 1
configure:3722: checking whether the C compiler works
configure:3744: /home/arun/Desktop/CheckCBox_Compiler/llvm/cmake-build-debug/bin/clang -O2 -fheapsbx -DHEAP_SBX  -L/home/arun/Desktop/FlexC_EVAL/CVES/LinuxFlaw/HoardLib/ conftest.c -ldl -lstdc++ -lhoard -lSBX_CON_LIB -lisc_lib_final >&5
configure:3748: $? = 0
configure:3798: result: yes
configure:3801: checking for C compiler default output file name
configure:3803: result: a.out
configure:3809: checking for suffix of executables
configure:3816: /home/arun/Desktop/CheckCBox_Compiler/llvm/cmake-build-debug/bin/clang -o conftest -O2 -fheapsbx -DHEAP_SBX  -L/home/arun/Desktop/FlexC_EVAL/CVES/LinuxFlaw/HoardLib/ conftest.c -ldl -lstdc++ -lhoard -lSBX_CON_LIB -lisc_lib_final >&5
configure:3820: $? = 0
configure:3843: result: 
configure:3865: checking whether we are cross compiling
configure:3873: /home/arun/Desktop/CheckCBox_Compiler/llvm/cmake-build-debug/bin/clang -o conftest -O2 -fheapsbx -DHEAP_SBX  -L/home/arun/Desktop/FlexC_EVAL/CVES/LinuxFlaw/HoardLib/ conftest.c -ldl -lstdc++ -lhoard -lSBX_CON_LIB -lisc_lib_final >&5
configure:3877: $? = 0
configure:3884: ./conftest
configure:3888: $? = 0
configure:3903: result: no
configure:3908: checking for suffix of object files
configure:3931: /home/arun/Desktop/CheckCBox_Compiler/llvm/cmake-build-debug/bin/clang -c -O2 -fheapsbx -DHEAP_SBX  conftest.c >&5
configure:3935: $? = 0
configure:3957: result: o
configure:3961: checking whether the compiler supports GNU C
configure:3981: /home/arun/Desktop/CheckCBox_Compiler/llvm/cmake-build-debug/bin/clang -c -O2 -fheapsbx -DHEAP_SBX  conftest.c >&5
configure:3981: $? = 0
configure:3991: result: yes
configure:4002: checking whether /home/arun/Desktop/CheckCBox_Compiler/llvm/cmake-build-debug/bin/clang accepts -g
configure:4023: /home/arun/Desktop/CheckCBox_Compiler/llvm/cmake-build-debug/bin/clang -c -g  conftest.c >&5
configure:4023: $? = 0
configure:4067: result: yes
configure:4087: checking for /home/arun/Desktop/CheckCBox_Compiler/llvm/cmake-build-debug/bin/clang option to enable C11 features
configure:4102: /home/arun/Desktop/CheckCBox_Compiler/llvm/cmake-build-debug/bin/clang  -c -O2 -fheapsbx -DHEAP_SBX  conftest.c >&5
configure:4102: $? = 0
configure:4120: result: none needed
configure:4236: checking whether /home/arun/Desktop/CheckCBox_Compiler/llvm/cmake-build-debug/bin/clang understands -c and -o together
configure:4259: /home/arun/Desktop/CheckCBox_Compiler/llvm/cmake-build-debug/bin/clang -c conftest.c -o conftest2.o
configure:4262: $? = 0
configure:4259: /home/arun/Desktop/CheckCBox_Compiler/llvm/cmake-build-debug/bin/clang -c conftest.c -o conftest2.o
configure:4262: $? = 0
configure:4274: result: yes
configure:4294: checking whether make supports the include directive
configure:4309: make -f confmf.GNU && cat confinc.out
make[2]: Entering directory '/home/arun/Desktop/FlexC_EVAL/CVES/LinuxFlaw/CVE-2010-2891/libsmi-0.4.8'
make[2]: Leaving directory '/home/arun/Desktop/FlexC_EVAL/CVES/LinuxFlaw/CVE-2010-2891/libsmi-0.4.8'
this is the am__doit target
configure:4312: $? = 0
configure:4331: result: yes (GNU style)
configure:4357: checking dependency style of /home/arun/Desktop/CheckCBox_Compiler/llvm/cmake-build-debug/bin/clang
configure:4469: result: gcc3
configure:4492: checking for additional required compiler flags
configure:4511: /home/arun/Desktop/CheckCBox_Compiler/llvm/cmake-build-debug/bin/clang -o conftest -O2 -fheapsbx -DHEAP_SBX  -L/home/arun/Desktop/FlexC_EVAL/CVES/LinuxFlaw/HoardLib/ conftest.c -ldl -lstdc++ -lhoard -lSBX_CON_LIB -lisc_lib_final >&5
conftest.c:14:3: warning: type specifier missing, defaults to 'int' [-Wimplicit-int]
  main() {
  ^
conftest.c:18:9: warning: implicitly declaring library function 'exit' with type 'void (int) __attribute__((noreturn))' [-Wimplicit-function-declaration]
        exit(1);
        ^
conftest.c:18:9: note: include the header <stdlib.h> or explicitly provide a declaration for 'exit'
2 warnings generated.
configure:4511: $? = 0
configure:4511: ./conftest
configure:4511: $? = 1
configure: program exited with status 1
configure: failed program was:
| /* confdefs.h */
| #define PACKAGE_NAME ""
| #define PACKAGE_TARNAME ""
| #define PACKAGE_VERSION ""
| #define PACKAGE_STRING ""
| #define PACKAGE_BUGREPORT ""
| #define PACKAGE_URL ""
| #define PACKAGE "libsmi"
| #define VERSION "0.4.8"
| #define MAX_LEX_DEPTH 30
| #define DEFAULT_ERRORLEVEL 3
| /* end confdefs.h.  */
| #include <stdio.h>
|   main() {
|   #ifdef __SUNPRO_C
|         exit(0);
|   #else
|         exit(1);
|   #endif
|   }
| 
configure:4524: checking for strtoll
configure:4524: /home/arun/Desktop/CheckCBox_Compiler/llvm/cmake-build-debug/bin/clang -o conftest -O2 -fheapsbx -DHEAP_SBX   -L/home/arun/Desktop/FlexC_EVAL/CVES/LinuxFlaw/HoardLib/ conftest.c -ldl -lstdc++ -lhoard -lSBX_CON_LIB -lisc_lib_final >&5
conftest.c:29:6: warning: incompatible redeclaration of library function 'strtoll' [-Wincompatible-library-redeclaration]
char strtoll ();
     ^
conftest.c:29:6: note: 'strtoll' is a builtin with type 'long long (const char *, char **, int)'
1 warning generated.
configure:4524: $? = 0
configure:4524: result: yes
configure:4530: checking for strtoull
configure:4530: /home/arun/Desktop/CheckCBox_Compiler/llvm/cmake-build-debug/bin/clang -o conftest -O2 -fheapsbx -DHEAP_SBX   -L/home/arun/Desktop/FlexC_EVAL/CVES/LinuxFlaw/HoardLib/ conftest.c -ldl -lstdc++ -lhoard -lSBX_CON_LIB -lisc_lib_final >&5
conftest.c:30:6: warning: incompatible redeclaration of library function 'strtoull' [-Wincompatible-library-redeclaration]
char strtoull ();
     ^
conftest.c:30:6: note: 'strtoull' is a builtin with type 'unsigned long long (const char *, char **, int)'
1 warning generated.
configure:4530: $? = 0
configure:4530: result: yes
configure:4536: checking for strtoq
configure:4536: /home/arun/Desktop/CheckCBox_Compiler/llvm/cmake-build-debug/bin/clang -o conftest -O2 -fheapsbx -DHEAP_SBX   -L/home/arun/Desktop/FlexC_EVAL/CVES/LinuxFlaw/HoardLib/ conftest.c -ldl -lstdc++ -lhoard -lSBX_CON_LIB -lisc_lib_final >&5
configure:4536: $? = 0
configure:4536: result: yes
configure:4542: checking for strtouq
configure:4542: /home/arun/Desktop/CheckCBox_Compiler/llvm/cmake-build-debug/bin/clang -o conftest -O2 -fheapsbx -DHEAP_SBX   -L/home/arun/Desktop/FlexC_EVAL/CVES/LinuxFlaw/HoardLib/ conftest.c -ldl -lstdc++ -lhoard -lSBX_CON_LIB -lisc_lib_final >&5
configure:4542: $? = 0
configure:4542: result: yes
configure:4550: checking for timegm
configure:4550: /home/arun/Desktop/CheckCBox_Compiler/llvm/cmake-build-debug/bin/clang -o conftest -O2 -fheapsbx -DHEAP_SBX   -L/home/arun/Desktop/FlexC_EVAL/CVES/LinuxFlaw/HoardLib/ conftest.c -ldl -lstdc++ -lhoard -lSBX_CON_LIB -lisc_lib_final >&5
configure:4550: $? = 0
configure:4550: result: yes
configure:4558: checking for vsnprintf
configure:4558: /home/arun/Desktop/CheckCBox_Compiler/llvm/cmake-build-debug/bin/clang -o conftest -O2 -fheapsbx -DHEAP_SBX   -L/home/arun/Desktop/FlexC_EVAL/CVES/LinuxFlaw/HoardLib/ conftest.c -ldl -lstdc++ -lhoard -lSBX_CON_LIB -lisc_lib_final >&5
conftest.c:34:6: warning: incompatible redeclaration of library function 'vsnprintf' [-Wincompatible-library-redeclaration]
char vsnprintf ();
     ^
conftest.c:34:6: note: 'vsnprintf' is a builtin with type 'int (char *, unsigned long, const char *, struct __va_list_tag *)'
1 warning generated.
configure:4558: $? = 0
configure:4558: result: yes
configure:4564: checking for snprintf
configure:4564: /home/arun/Desktop/CheckCBox_Compiler/llvm/cmake-build-debug/bin/clang -o conftest -O2 -fheapsbx -DHEAP_SBX   -L/home/arun/Desktop/FlexC_EVAL/CVES/LinuxFlaw/HoardLib/ conftest.c -ldl -lstdc++ -lhoard -lSBX_CON_LIB -lisc_lib_final >&5
conftest.c:35:6: warning: incompatible redeclaration of library function 'snprintf' [-Wincompatible-library-redeclaration]
char snprintf ();
     ^
conftest.c:35:6: note: 'snprintf' is a builtin with type 'int (char *, unsigned long, const char *, ...)'
1 warning generated.
configure:4564: $? = 0
configure:4564: result: yes
configure:4570: checking for asprintf
configure:4570: /home/arun/Desktop/CheckCBox_Compiler/llvm/cmake-build-debug/bin/clang -o conftest -O2 -fheapsbx -DHEAP_SBX   -L/home/arun/Desktop/FlexC_EVAL/CVES/LinuxFlaw/HoardLib/ conftest.c -ldl -lstdc++ -lhoard -lSBX_CON_LIB -lisc_lib_final >&5
conftest.c:47:18: warning: format string missing [-Wformat]
return asprintf ();
       ~~~~~~~~  ^
1 warning generated.
configure:4570: $? = 0
configure:4570: result: yes
configure:4576: checking for asnprintf
configure:4576: /home/arun/Desktop/CheckCBox_Compiler/llvm/cmake-build-debug/bin/clang -o conftest -O2 -fheapsbx -DHEAP_SBX   -L/home/arun/Desktop/FlexC_EVAL/CVES/LinuxFlaw/HoardLib/ conftest.c -ldl -lstdc++ -lhoard -lSBX_CON_LIB -lisc_lib_final >&5
/usr/bin/ld: /tmp/conftest-fa022d.o: in function `main':
conftest.c:(.text+0x4): undefined reference to `asnprintf'
clang-12: error: linker command failed with exit code 1 (use -v to see invocation)
configure:4576: $? = 1
configure: failed program was:
| /* confdefs.h */
| #define PACKAGE_NAME ""
| #define PACKAGE_TARNAME ""
| #define PACKAGE_VERSION ""
| #define PACKAGE_STRING ""
| #define PACKAGE_BUGREPORT ""
| #define PACKAGE_URL ""
| #define PACKAGE "libsmi"
| #define VERSION "0.4.8"
| #define MAX_LEX_DEPTH 30
| #define DEFAULT_ERRORLEVEL 3
| #define HAVE_STRTOLL 1
| #define HAVE_STRTOULL 1
| #define HAVE_STRTOQ 1
| #define HAVE_STRTOUQ 1
| #define HAVE_TIMEGM 1
| #define HAVE_VSNPRINTF 1
| #define HAVE_SNPRINTF 1
| #define HAVE_ASPRINTF 1
| /* end confdefs.h.  */
| /* Define asnprintf to an innocuous variant, in case <limits.h> declares asnprintf.
|    For example, HP-UX 11i <limits.h> declares gettimeofday.  */
| #define asnprintf innocuous_asnprintf
| 
| /* System header to define __stub macros and hopefully few prototypes,
|    which can conflict with char asnprintf (); below.  */
| 
| #include <limits.h>
| #undef asnprintf
| 
| /* Override any GCC internal prototype to avoid an error.
|    Use char because int might match the return type of a GCC
|    builtin and then its argument prototype would still apply.  */
| #ifdef __cplusplus
| extern "C"
| #endif
| char asnprintf ();
| /* The GNU C library defines this for functions which it implements
|     to always fail with ENOSYS.  Some functions are actually named
|     something starting with __ and the normal name is an alias.  */
| #if defined __stub_asnprintf || defined __stub___asnprintf
| choke me
| #endif
| 
| int
| main (void)
| {
| return asnprintf ();
|   ;
|   return 0;
| }
configure:4576: result: no
configure:4582: checking for vasprintf
configure:4582: /home/arun/Desktop/CheckCBox_Compiler/llvm/cmake-build-debug/bin/clang -o conftest -O2 -fheapsbx -DHEAP_SBX   -L/home/arun/Desktop/FlexC_EVAL/CVES/LinuxFlaw/HoardLib/ conftest.c -ldl -lstdc++ -lhoard -lSBX_CON_LIB -lisc_lib_final >&5
conftest.c:48:19: warning: format string missing [-Wformat]
return vasprintf ();
       ~~~~~~~~~  ^
1 warning generated.
configure:4582: $? = 0
configure:4582: result: yes
configure:4588: checking for vasnprintf
configure:4588: /home/arun/Desktop/CheckCBox_Compiler/llvm/cmake-build-debug/bin/clang -o conftest -O2 -fheapsbx -DHEAP_SBX   -L/home/arun/Desktop/FlexC_EVAL/CVES/LinuxFlaw/HoardLib/ conftest.c -ldl -lstdc++ -lhoard -lSBX_CON_LIB -lisc_lib_final >&5
/usr/bin/ld: /tmp/conftest-fd397d.o: in function `main':
conftest.c:(.text+0x4): undefined reference to `vasnprintf'
clang-12: error: linker command failed with exit code 1 (use -v to see invocation)
configure:4588: $? = 1
configure: failed program was:
| /* confdefs.h */
| #define PACKAGE_NAME ""
| #define PACKAGE_TARNAME ""
| #define PACKAGE_VERSION ""
| #define PACKAGE_STRING ""
| #define PACKAGE_BUGREPORT ""
| #define PACKAGE_URL ""
| #define PACKAGE "libsmi"
| #define VERSION "0.4.8"
| #define MAX_LEX_DEPTH 30
| #define DEFAULT_ERRORLEVEL 3
| #define HAVE_STRTOLL 1
| #define HAVE_STRTOULL 1
| #define HAVE_STRTOQ 1
| #define HAVE_STRTOUQ 1
| #define HAVE_TIMEGM 1
| #define HAVE_VSNPRINTF 1
| #define HAVE_SNPRINTF 1
| #define HAVE_ASPRINTF 1
| #define HAVE_VASPRINTF 1
| /* end confdefs.h.  */
| /* Define vasnprintf to an innocuous variant, in case <limits.h> declares vasnprintf.
|    For example, HP-UX 11i <limits.h> declares gettimeofday.  */
| #define vasnprintf innocuous_vasnprintf
| 
| /* System header to define __stub macros and hopefully few prototypes,
|    which can conflict with char vasnprintf (); below.  */
| 
| #include <limits.h>
| #undef vasnprintf
| 
| /* Override any GCC internal prototype to avoid an error.
|    Use char because int might match the return type of a GCC
|    builtin and then its argument prototype would still apply.  */
| #ifdef __cplusplus
| extern "C"
| #endif
| char vasnprintf ();
| /* The GNU C library defines this for functions which it implements
|     to always fail with ENOSYS.  Some functions are actually named
|     something starting with __ and the normal name is an alias.  */
| #if defined __stub_vasnprintf || defined __stub___vasnprintf
| choke me
| #endif
| 
| int
| main (void)
| {
| return vasnprintf ();
|   ;
|   return 0;
| }
configure:4588: result: no
configure:4600: checking for stdio.h
configure:4600: /home/arun/Desktop/CheckCBox_Compiler/llvm/cmake-build-debug/bin/clang -c -O2 -fheapsbx -DHEAP_SBX   conftest.c >&5
configure:4600: $? = 0
configure:4600: result: yes
configure:4600: checking for stdlib.h
configure:4600: /home/arun/Desktop/CheckCBox_Compiler/llvm/cmake-build-debug/bin/clang -c -O2 -fheapsbx -DHEAP_SBX   conftest.c >&5
configure:4600: $? = 0
configure:4600: result: yes
configure:4600: checking for string.h
configure:4600: /home/arun/Desktop/CheckCBox_Compiler/llvm/cmake-build-debug/bin/clang -c -O2 -fheapsbx -DHEAP_SBX   conftest.c >&5
configure:4600: $? = 0
configure:4600: result: yes
configure:4600: checking for inttypes.h
configure:4600: /home/arun/Desktop/CheckCBox_Compiler/llvm/cmake-build-debug/bin/clang -c -O2 -fheapsbx -DHEAP_SBX   conftest.c >&5
configure:4600: $? = 0
configure:4600: result: yes
configure:4600: checking for stdint.h
configure:4600: /home/arun/Desktop/CheckCBox_Compiler/llvm/cmake-build-debug/bin/clang -c -O2 -fheapsbx -DHEAP_SBX   conftest.c >&5
configure:4600: $? = 0
configure:4600: result: yes
configure:4600: checking for strings.h
configure:4600: /home/arun/Desktop/CheckCBox_Compiler/llvm/cmake-build-debug/bin/clang -c -O2 -fheapsbx -DHEAP_SBX   conftest.c >&5
configure:4600: $? = 0
configure:4600: result: yes
configure:4600: checking for sys/stat.h
configure:4600: /home/arun/Desktop/CheckCBox_Compiler/llvm/cmake-build-debug/bin/clang -c -O2 -fheapsbx -DHEAP_SBX   conftest.c >&5
configure:4600: $? = 0
configure:4600: result: yes
configure:4600: checking for sys/types.h
configure:4600: /home/arun/Desktop/CheckCBox_Compiler/llvm/cmake-build-debug/bin/clang -c -O2 -fheapsbx -DHEAP_SBX   conftest.c >&5
configure:4600: $? = 0
configure:4600: result: yes
configure:4600: checking for unistd.h
configure:4600: /home/arun/Desktop/CheckCBox_Compiler/llvm/cmake-build-debug/bin/clang -c -O2 -fheapsbx -DHEAP_SBX   conftest.c >&5
configure:4600: $? = 0
configure:4600: result: yes
configure:4625: checking for pwd.h
configure:4625: /home/arun/Desktop/CheckCBox_Compiler/llvm/cmake-build-debug/bin/clang -c -O2 -fheapsbx -DHEAP_SBX   conftest.c >&5
configure:4625: $? = 0
configure:4625: result: yes
configure:4631: checking for unistd.h
configure:4631: result: yes
configure:4637: checking for regex.h
configure:4637: /home/arun/Desktop/CheckCBox_Compiler/llvm/cmake-build-debug/bin/clang -c -O2 -fheapsbx -DHEAP_SBX   conftest.c >&5
configure:4637: $? = 0
configure:4637: result: yes
configure:4643: checking for stdint.h
configure:4643: result: yes
configure:4649: checking for limits.h
configure:4649: /home/arun/Desktop/CheckCBox_Compiler/llvm/cmake-build-debug/bin/clang -c -O2 -fheapsbx -DHEAP_SBX   conftest.c >&5
configure:4649: $? = 0
configure:4649: result: yes
configure:4658: checking for regexec in -lc
configure:4681: /home/arun/Desktop/CheckCBox_Compiler/llvm/cmake-build-debug/bin/clang -o conftest -O2 -fheapsbx -DHEAP_SBX   -L/home/arun/Desktop/FlexC_EVAL/CVES/LinuxFlaw/HoardLib/ conftest.c -lc  -ldl -lstdc++ -lhoard -lSBX_CON_LIB -lisc_lib_final >&5
configure:4681: $? = 0
configure:4691: result: yes
configure:4843: checking for path separator character
configure:4862: /home/arun/Desktop/CheckCBox_Compiler/llvm/cmake-build-debug/bin/clang -o conftest -O2 -fheapsbx -DHEAP_SBX   -L/home/arun/Desktop/FlexC_EVAL/CVES/LinuxFlaw/HoardLib/ conftest.c -ldl -lstdc++ -lhoard -lSBX_CON_LIB -lisc_lib_final >&5
conftest.c:39:5: warning: type specifier missing, defaults to 'int' [-Wimplicit-int]
    main() {
    ^
conftest.c:43:4: warning: implicitly declaring library function 'exit' with type 'void (int) __attribute__((noreturn))' [-Wimplicit-function-declaration]
          exit(1);
          ^
conftest.c:43:4: note: include the header <stdlib.h> or explicitly provide a declaration for 'exit'
2 warnings generated.
configure:4862: $? = 0
configure:4862: ./conftest
configure:4862: $? = 1
configure: program exited with status 1
configure: failed program was:
| /* confdefs.h */
| #define PACKAGE_NAME ""
| #define PACKAGE_TARNAME ""
| #define PACKAGE_VERSION ""
| #define PACKAGE_STRING ""
| #define PACKAGE_BUGREPORT ""
| #define PACKAGE_URL ""
| #define PACKAGE "libsmi"
| #define VERSION "0.4.8"
| #define MAX_LEX_DEPTH 30
| #define DEFAULT_ERRORLEVEL 3
| #define HAVE_STRTOLL 1
| #define HAVE_STRTOULL 1
| #define HAVE_STRTOQ 1
| #define HAVE_STRTOUQ 1
| #define HAVE_TIMEGM 1
| #define HAVE_VSNPRINTF 1
| #define HAVE_SNPRINTF 1
| #define HAVE_ASPRINTF 1
| #define HAVE_VASPRINTF 1
| #define HAVE_STDIO_H 1
| #define HAVE_STDLIB_H 1
| #define HAVE_STRING_H 1
| #define HAVE_INTTYPES_H 1
| #define HAVE_STDINT_H 1
| #define HAVE_STRINGS_H 1
| #define HAVE_SYS_STAT_H 1
| #define HAVE_SYS_TYPES_H 1
| #define HAVE_UNISTD_H 1
| #define STDC_HEADERS 1
| #define HAVE_PWD_H 1
| #define HAVE_UNISTD_H 1
| #define HAVE_REGEX_H 1
| #define HAVE_STDINT_H 1
| #define HAVE_LIMITS_H 1
| #define DEFAULT_SMIPATH "/usr/local/share/mibs/ietf:/usr/local/share/mibs/iana:/usr/local/share/mibs/irtf:/usr/local/share/mibs/site:/usr/local/share/mibs/tubs:/usr/local/share/pibs/ietf:/usr/local/share/pibs/site:/usr/local/share/pibs/tubs"
| /* end confdefs.h.  */
| #include <stdio.h>
|     main() {
|     #ifdef _WIN32
| 	  exit(0);
|     #else
| 	  exit(1);
|     #endif
|     }
| 
configure:4875: checking for dir separator character
configure:4894: /home/arun/Desktop/CheckCBox_Compiler/llvm/cmake-build-debug/bin/clang -o conftest -O2 -fheapsbx -DHEAP_SBX   -L/home/arun/Desktop/FlexC_EVAL/CVES/LinuxFlaw/HoardLib/ conftest.c -ldl -lstdc++ -lhoard -lSBX_CON_LIB -lisc_lib_final >&5
conftest.c:39:5: warning: type specifier missing, defaults to 'int' [-Wimplicit-int]
    main() {
    ^
conftest.c:43:4: warning: implicitly declaring library function 'exit' with type 'void (int) __attribute__((noreturn))' [-Wimplicit-function-declaration]
          exit(1);
          ^
conftest.c:43:4: note: include the header <stdlib.h> or explicitly provide a declaration for 'exit'
2 warnings generated.
configure:4894: $? = 0
configure:4894: ./conftest
configure:4894: $? = 1
configure: program exited with status 1
configure: failed program was:
| /* confdefs.h */
| #define PACKAGE_NAME ""
| #define PACKAGE_TARNAME ""
| #define PACKAGE_VERSION ""
| #define PACKAGE_STRING ""
| #define PACKAGE_BUGREPORT ""
| #define PACKAGE_URL ""
| #define PACKAGE "libsmi"
| #define VERSION "0.4.8"
| #define MAX_LEX_DEPTH 30
| #define DEFAULT_ERRORLEVEL 3
| #define HAVE_STRTOLL 1
| #define HAVE_STRTOULL 1
| #define HAVE_STRTOQ 1
| #define HAVE_STRTOUQ 1
| #define HAVE_TIMEGM 1
| #define HAVE_VSNPRINTF 1
| #define HAVE_SNPRINTF 1
| #define HAVE_ASPRINTF 1
| #define HAVE_VASPRINTF 1
| #define HAVE_STDIO_H 1
| #define HAVE_STDLIB_H 1
| #define HAVE_STRING_H 1
| #define HAVE_INTTYPES_H 1
| #define HAVE_STDINT_H 1
| #define HAVE_STRINGS_H 1
| #define HAVE_SYS_STAT_H 1
| #define HAVE_SYS_TYPES_H 1
| #define HAVE_UNISTD_H 1
| #define STDC_HEADERS 1
| #define HAVE_PWD_H 1
| #define HAVE_UNISTD_H 1
| #define HAVE_REGEX_H 1
| #define HAVE_STDINT_H 1
| #define HAVE_LIMITS_H 1
| #define DEFAULT_SMIPATH "/usr/local/share/mibs/ietf:/usr/local/share/mibs/iana:/usr/local/share/mibs/irtf:/usr/local/share/mibs/site:/usr/local/share/mibs/tubs:/usr/local/share/pibs/ietf:/usr/local/share/pibs/site:/usr/local/share/pibs/tubs"
| /* end confdefs.h.  */
| #include <stdio.h>
|     main() {
|     #ifdef _WIN32
| 	  exit(0);
|     #else
| 	  exit(1);
|     #endif
|     }
| 
configure:4916: checking for 64 bit types
configure:4942: /home/arun/Desktop/CheckCBox_Compiler/llvm/cmake-build-debug/bin/clang -o conftest -O2 -fheapsbx -DHEAP_SBX   -L/home/arun/Desktop/FlexC_EVAL/CVES/LinuxFlaw/HoardLib/ conftest.c -ldl -lstdc++ -lhoard -lSBX_CON_LIB -lisc_lib_final >&5
conftest.c:41:7: warning: type specifier missing, defaults to 'int' [-Wimplicit-int]
      main() {
      ^
conftest.c:44:4: warning: implicitly declaring library function 'exit' with type 'void (int) __attribute__((noreturn))' [-Wimplicit-function-declaration]
          exit(0);
          ^
conftest.c:44:4: note: include the header <stdlib.h> or explicitly provide a declaration for 'exit'
2 warnings generated.
configure:4942: $? = 0
configure:4942: ./conftest
configure:4942: $? = 0
configure:5014: checking for flex
configure:5037: found /usr/bin/flex
configure:5049: result: /usr/bin/flex
configure:5063: checking for bison
configure:5086: found /usr/bin/bison
configure:5098: result: /usr/bin/bison
configure:5112: checking for bash
configure:5147: result: /bin/bash
configure:5157: checking for sh
configure:5180: found /usr/bin/sh
configure:5192: result: /usr/bin/sh
configure:5202: checking for awk
configure:5225: found /usr/bin/awk
configure:5237: result: /usr/bin/awk
configure:5247: checking for wget
configure:5270: found /usr/bin/wget
configure:5282: result: /usr/bin/wget
configure:5295: checking for gdiff
configure:5333: result: no
configure:5295: checking for diff
configure:5318: found /usr/bin/diff
configure:5330: result: /usr/bin/diff
configure:5348: checking whether make sets $(MAKE)
configure:5371: result: yes
configure:5412: checking build system type
configure:5427: result: x86_64-pc-linux-gnu
configure:5447: checking host system type
configure:5461: result: x86_64-pc-linux-gnu
configure:5502: checking how to print strings
configure:5529: result: printf
configure:5550: checking for a sed that does not truncate output
configure:5620: result: /usr/bin/sed
configure:5638: checking for grep that handles long lines and -e
configure:5702: result: /usr/bin/grep
configure:5707: checking for egrep
configure:5775: result: /usr/bin/grep -E
configure:5780: checking for fgrep
configure:5848: result: /usr/bin/grep -F
configure:5884: checking for ld used by /home/arun/Desktop/CheckCBox_Compiler/llvm/cmake-build-debug/bin/clang
configure:5952: result: /usr/bin/ld
configure:5959: checking if the linker (/usr/bin/ld) is GNU ld
configure:5975: result: yes
configure:5987: checking for BSD- or MS-compatible name lister (nm)
configure:6042: result: /usr/bin/nm -B
configure:6182: checking the name lister (/usr/bin/nm -B) interface
configure:6190: /home/arun/Desktop/CheckCBox_Compiler/llvm/cmake-build-debug/bin/clang -c -O2 -fheapsbx -DHEAP_SBX   conftest.c >&5
configure:6193: /usr/bin/nm -B "conftest.o"
configure:6196: output
0000000000000008 C lowerbound_1
0000000000000008 C lowerbound_2
0000000000000000 B some_variable
0000000000000008 C upperbound_1
0000000000000008 C upperbound_2
configure:6203: result: BSD nm
configure:6206: checking whether ln -s works
configure:6210: result: yes
configure:6218: checking the maximum length of command line arguments
configure:6350: result: 1572864
configure:6398: checking how to convert x86_64-pc-linux-gnu file names to x86_64-pc-linux-gnu format
configure:6439: result: func_convert_file_noop
configure:6446: checking how to convert x86_64-pc-linux-gnu file names to toolchain format
configure:6467: result: func_convert_file_noop
configure:6474: checking for /usr/bin/ld option to reload object files
configure:6482: result: -r
configure:6561: checking for objdump
configure:6582: found /usr/bin/objdump
configure:6593: result: objdump
configure:6625: checking how to recognize dependent libraries
configure:6826: result: pass_all
configure:6916: checking for dlltool
configure:6951: result: no
configure:6981: checking how to associate runtime and link libraries
configure:7009: result: printf %s\n
configure:7074: checking for ar
configure:7095: found /usr/bin/ar
configure:7106: result: ar
configure:7143: checking for archiver @FILE support
configure:7161: /home/arun/Desktop/CheckCBox_Compiler/llvm/cmake-build-debug/bin/clang -c -O2 -fheapsbx -DHEAP_SBX   conftest.c >&5
configure:7161: $? = 0
configure:7165: ar cr libconftest.a @conftest.lst >&5
configure:7168: $? = 0
configure:7173: ar cr libconftest.a @conftest.lst >&5
ar: conftest.o: No such file or directory
configure:7176: $? = 1
configure:7188: result: @
configure:7251: checking for strip
configure:7272: found /usr/bin/strip
configure:7283: result: strip
configure:7360: checking for ranlib
configure:7381: found /usr/bin/ranlib
configure:7392: result: ranlib
configure:7494: checking command to parse /usr/bin/nm -B output from /home/arun/Desktop/CheckCBox_Compiler/llvm/cmake-build-debug/bin/clang object
configure:7648: /home/arun/Desktop/CheckCBox_Compiler/llvm/cmake-build-debug/bin/clang -c -O2 -fheapsbx -DHEAP_SBX   conftest.c >&5
configure:7651: $? = 0
configure:7655: /usr/bin/nm -B conftest.o | sed -n -e 's/^.*[	 ]\([ABCDGIRSTW][ABCDGIRSTW]*\)[	 ][	 ]*\([_A-Za-z][_A-Za-z0-9]*\)$/\1 \2 \2/p' | sed '/ __gnu_lto/d' > conftest.nm
configure:7721: /home/arun/Desktop/CheckCBox_Compiler/llvm/cmake-build-debug/bin/clang -o conftest -O2 -fheapsbx -DHEAP_SBX   -L/home/arun/Desktop/FlexC_EVAL/CVES/LinuxFlaw/HoardLib/ conftest.c conftstm.o >&5
configure:7724: $? = 0
configure:7762: result: ok
configure:7809: checking for sysroot
configure:7840: result: no
configure:7847: checking for a working dd
configure:7891: result: /usr/bin/dd
configure:7895: checking how to truncate binary pipes
configure:7911: result: /usr/bin/dd bs=4096 count=1
configure:8048: /home/arun/Desktop/CheckCBox_Compiler/llvm/cmake-build-debug/bin/clang -c -O2 -fheapsbx -DHEAP_SBX   conftest.c >&5
configure:8051: $? = 0
configure:8248: checking for mt
configure:8269: found /usr/bin/mt
configure:8280: result: mt
configure:8303: checking if mt is a manifest tool
configure:8310: mt '-?'
configure:8318: result: no
configure:9044: checking for dlfcn.h
configure:9044: /home/arun/Desktop/CheckCBox_Compiler/llvm/cmake-build-debug/bin/clang -c -O2 -fheapsbx -DHEAP_SBX   conftest.c >&5
configure:9044: $? = 0
configure:9044: result: yes
configure:9303: checking for objdir
configure:9319: result: .libs
configure:9579: checking if /home/arun/Desktop/CheckCBox_Compiler/llvm/cmake-build-debug/bin/clang supports -fno-rtti -fno-exceptions
configure:9598: /home/arun/Desktop/CheckCBox_Compiler/llvm/cmake-build-debug/bin/clang -c -O2 -fheapsbx -DHEAP_SBX   -fno-rtti -fno-exceptions conftest.c >&5
configure:9602: $? = 0
configure:9615: result: yes
configure:9979: checking for /home/arun/Desktop/CheckCBox_Compiler/llvm/cmake-build-debug/bin/clang option to produce PIC
configure:9987: result: -fPIC -DPIC
configure:9995: checking if /home/arun/Desktop/CheckCBox_Compiler/llvm/cmake-build-debug/bin/clang PIC flag -fPIC -DPIC works
configure:10014: /home/arun/Desktop/CheckCBox_Compiler/llvm/cmake-build-debug/bin/clang -c -O2 -fheapsbx -DHEAP_SBX   -fPIC -DPIC -DPIC conftest.c >&5
configure:10018: $? = 0
configure:10031: result: yes
configure:10060: checking if /home/arun/Desktop/CheckCBox_Compiler/llvm/cmake-build-debug/bin/clang static flag -static works
configure:10089: result: no
configure:10104: checking if /home/arun/Desktop/CheckCBox_Compiler/llvm/cmake-build-debug/bin/clang supports -c -o file.o
configure:10126: /home/arun/Desktop/CheckCBox_Compiler/llvm/cmake-build-debug/bin/clang -c -O2 -fheapsbx -DHEAP_SBX   -o out/conftest2.o conftest.c >&5
configure:10130: $? = 0
configure:10152: result: yes
configure:10160: checking if /home/arun/Desktop/CheckCBox_Compiler/llvm/cmake-build-debug/bin/clang supports -c -o file.o
configure:10208: result: yes
configure:10241: checking whether the /home/arun/Desktop/CheckCBox_Compiler/llvm/cmake-build-debug/bin/clang linker (/usr/bin/ld -m elf_x86_64) supports shared libraries
configure:11511: result: yes
configure:11548: checking whether -lc should be explicitly linked in
configure:11557: /home/arun/Desktop/CheckCBox_Compiler/llvm/cmake-build-debug/bin/clang -c -O2 -fheapsbx -DHEAP_SBX   conftest.c >&5
configure:11560: $? = 0
configure:11575: /home/arun/Desktop/CheckCBox_Compiler/llvm/cmake-build-debug/bin/clang -shared  -fPIC -DPIC conftest.o  -v -Wl,-soname -Wl,conftest -o conftest 2\>\&1 \| /usr/bin/grep  -lc  \>/dev/null 2\>\&1
configure:11578: $? = 0
configure:11592: result: no
configure:11752: checking dynamic linker characteristics
configure:12334: /home/arun/Desktop/CheckCBox_Compiler/llvm/cmake-build-debug/bin/clang -o conftest -O2 -fheapsbx -DHEAP_SBX   -L/home/arun/Desktop/FlexC_EVAL/CVES/LinuxFlaw/HoardLib/ -Wl,-rpath -Wl,/foo conftest.c -ldl -lstdc++ -lhoard -lSBX_CON_LIB -lisc_lib_final >&5
configure:12334: $? = 0
configure:12585: result: GNU/Linux ld.so
configure:12707: checking how to hardcode library paths into programs
configure:12732: result: immediate
configure:13284: checking whether stripping libraries is possible
configure:13289: result: yes
configure:13324: checking if libtool supports shared libraries
configure:13326: result: yes
configure:13329: checking whether to build shared libraries
configure:13354: result: yes
configure:13357: checking whether to build static libraries
configure:13361: result: yes
configure:13543: checking that generated files are newer than configure
configure:13549: result: done
configure:13572: creating ./config.status
configure:15794: WARNING: unrecognized options: --enable-tests

## ---------------- ##
## Cache variables. ##
## ---------------- ##

ac_cv_build=x86_64-pc-linux-gnu
ac_cv_c_compiler_gnu=yes
ac_cv_env_CC_set=set
ac_cv_env_CC_value=/home/arun/Desktop/CheckCBox_Compiler/llvm/cmake-build-debug/bin/clang
ac_cv_env_CFLAGS_set=set
ac_cv_env_CFLAGS_value='-O2 -fheapsbx -DHEAP_SBX'
ac_cv_env_CPPFLAGS_set=
ac_cv_env_CPPFLAGS_value=
ac_cv_env_LDFLAGS_set=set
ac_cv_env_LDFLAGS_value=-L/home/arun/Desktop/FlexC_EVAL/CVES/LinuxFlaw/HoardLib/
ac_cv_env_LIBS_set=set
ac_cv_env_LIBS_value='-ldl -lstdc++ -lhoard -lSBX_CON_LIB -lisc_lib_final'
ac_cv_env_LT_SYS_LIBRARY_PATH_set=
ac_cv_env_LT_SYS_LIBRARY_PATH_value=
ac_cv_env_build_alias_set=
ac_cv_env_build_alias_value=
ac_cv_env_host_alias_set=
ac_cv_env_host_alias_value=
ac_cv_env_target_alias_set=
ac_cv_env_target_alias_value=
ac_cv_func_asnprintf=no
ac_cv_func_asprintf=yes
ac_cv_func_snprintf=yes
ac_cv_func_strtoll=yes
ac_cv_func_strtoq=yes
ac_cv_func_strtoull=yes
ac_cv_func_strtouq=yes
ac_cv_func_timegm=yes
ac_cv_func_vasnprintf=no
ac_cv_func_vasprintf=yes
ac_cv_func_vsnprintf=yes
ac_cv_header_dlfcn_h=yes
ac_cv_header_inttypes_h=yes
ac_cv_header_limits_h=yes
ac_cv_header_pwd_h=yes
ac_cv_header_regex_h=yes
ac_cv_header_stdint_h=yes
ac_cv_header_stdio_h=yes
ac_cv_header_stdlib_h=yes
ac_cv_header_string_h=yes
ac_cv_header_strings_h=yes
ac_cv_header_sys_stat_h=yes
ac_cv_header_sys_types_h=yes
ac_cv_header_unistd_h=yes
ac_cv_host=x86_64-pc-linux-gnu
ac_cv_lib_c_regexec=yes
ac_cv_objext=o
ac_cv_path_AWK=/usr/bin/awk
ac_cv_path_BASH=/bin/bash
ac_cv_path_BISON=/usr/bin/bison
ac_cv_path_DIFF=/usr/bin/diff
ac_cv_path_EGREP='/usr/bin/grep -E'
ac_cv_path_FGREP='/usr/bin/grep -F'
ac_cv_path_FLEX=/usr/bin/flex
ac_cv_path_GREP=/usr/bin/grep
ac_cv_path_SED=/usr/bin/sed
ac_cv_path_SH=/usr/bin/sh
ac_cv_path_WGET=/usr/bin/wget
ac_cv_path_install='/usr/bin/install -c'
ac_cv_path_lt_DD=/usr/bin/dd
ac_cv_path_mkdir=/usr/bin/mkdir
ac_cv_prog_AWK=gawk
ac_cv_prog_ac_ct_AR=ar
ac_cv_prog_ac_ct_CC=/home/arun/Desktop/CheckCBox_Compiler/llvm/cmake-build-debug/bin/clang
ac_cv_prog_ac_ct_MANIFEST_TOOL=mt
ac_cv_prog_ac_ct_OBJDUMP=objdump
ac_cv_prog_ac_ct_RANLIB=ranlib
ac_cv_prog_ac_ct_STRIP=strip
ac_cv_prog_cc_c11=
ac_cv_prog_cc_g=yes
ac_cv_prog_cc_stdc=
ac_cv_prog_make_make_set=yes
am_cv_CC_dependencies_compiler_type=gcc3
am_cv_make_support_nested_variables=yes
am_cv_prog_cc_c_o=yes
lt_cv_ar_at_file=@
lt_cv_archive_cmds_need_lc=no
lt_cv_deplibs_check_method=pass_all
lt_cv_file_magic_cmd='$MAGIC_CMD'
lt_cv_file_magic_test_file=
lt_cv_ld_reload_flag=-r
lt_cv_nm_interface='BSD nm'
lt_cv_objdir=.libs
lt_cv_path_LD=/usr/bin/ld
lt_cv_path_NM='/usr/bin/nm -B'
lt_cv_path_mainfest_tool=no
lt_cv_prog_compiler_c_o=yes
lt_cv_prog_compiler_pic='-fPIC -DPIC'
lt_cv_prog_compiler_pic_works=yes
lt_cv_prog_compiler_rtti_exceptions=yes
lt_cv_prog_compiler_static_works=no
lt_cv_prog_gnu_ld=yes
lt_cv_sharedlib_from_linklib_cmd='printf %s\n'
lt_cv_shlibpath_overrides_runpath=yes
lt_cv_sys_global_symbol_pipe='sed -n -e '\''s/^.*[	 ]\([ABCDGIRSTW][ABCDGIRSTW]*\)[	 ][	 ]*\([_A-Za-z][_A-Za-z0-9]*\)$/\1 \2 \2/p'\'' | sed '\''/ __gnu_lto/d'\'''
lt_cv_sys_global_symbol_to_c_name_address='sed -n -e '\''s/^: \(.*\) .*$/  {"\1", (void *) 0},/p'\'' -e '\''s/^[ABCDGIRSTW][ABCDGIRSTW]* .* \(.*\)$/  {"\1", (void *) \&\1},/p'\'''
lt_cv_sys_global_symbol_to_c_name_address_lib_prefix='sed -n -e '\''s/^: \(.*\) .*$/  {"\1", (void *) 0},/p'\'' -e '\''s/^[ABCDGIRSTW][ABCDGIRSTW]* .* \(lib.*\)$/  {"\1", (void *) \&\1},/p'\'' -e '\''s/^[ABCDGIRSTW][ABCDGIRSTW]* .* \(.*\)$/  {"lib\1", (void *) \&\1},/p'\'''
lt_cv_sys_global_symbol_to_cdecl='sed -n -e '\''s/^T .* \(.*\)$/extern int \1();/p'\'' -e '\''s/^[ABCDGIRSTW][ABCDGIRSTW]* .* \(.*\)$/extern char \1;/p'\'''
lt_cv_sys_global_symbol_to_import=
lt_cv_sys_max_cmd_len=1572864
lt_cv_to_host_file_cmd=func_convert_file_noop
lt_cv_to_tool_file_cmd=func_convert_file_noop
lt_cv_truncate_bin='/usr/bin/dd bs=4096 count=1'

## ----------------- ##
## Output variables. ##
## ----------------- ##

ACLOCAL='${SHELL} '\''/home/arun/Desktop/FlexC_EVAL/CVES/LinuxFlaw/CVE-2010-2891/libsmi-0.4.8/missing'\'' aclocal-1.16'
AMDEPBACKSLASH='\'
AMDEP_FALSE='#'
AMDEP_TRUE=''
AMTAR='$${TAR-tar}'
AM_BACKSLASH='\'
AM_DEFAULT_V='$(AM_DEFAULT_VERBOSITY)'
AM_DEFAULT_VERBOSITY='1'
AM_V='$(V)'
AR='ar'
AUTOCONF='${SHELL} '\''/home/arun/Desktop/FlexC_EVAL/CVES/LinuxFlaw/CVE-2010-2891/libsmi-0.4.8/missing'\'' autoconf'
AUTOHEADER='${SHELL} '\''/home/arun/Desktop/FlexC_EVAL/CVES/LinuxFlaw/CVE-2010-2891/libsmi-0.4.8/missing'\'' autoheader'
AUTOMAKE='${SHELL} '\''/home/arun/Desktop/FlexC_EVAL/CVES/LinuxFlaw/CVE-2010-2891/libsmi-0.4.8/missing'\'' automake-1.16'
AWK='/usr/bin/awk'
BASH='/bin/bash'
BISON='/usr/bin/bison'
CC='/home/arun/Desktop/CheckCBox_Compiler/llvm/cmake-build-debug/bin/clang'
CCDEPMODE='depmode=gcc3'
CFLAGS='-O2 -fheapsbx -DHEAP_SBX '
CPPFLAGS=''
CSCOPE='cscope'
CTAGS='ctags'
CYGPATH_W='echo'
DEFS='-DHAVE_CONFIG_H'
DEPDIR='.deps'
DIFF='/usr/bin/diff --ignore-matching-lines='\''generated by smidump'\'' --ignore-matching-lines='\''$Id.*$'\'' --ignore-matching-lines='\''@author.*smidump'\'''
DLLTOOL='false'
DSYMUTIL=''
DUMPBIN=''
ECHO_C=''
ECHO_N='-n'
ECHO_T=''
EGREP='/usr/bin/grep -E'
ETAGS='etags'
EXEEXT=''
FGREP='/usr/bin/grep -F'
FLEX='/usr/bin/flex'
GREP='/usr/bin/grep'
INSTALL_DATA='${INSTALL} -m 644'
INSTALL_PROGRAM='${INSTALL}'
INSTALL_SCRIPT='${INSTALL}'
INSTALL_STRIP_PROGRAM='$(install_sh) -c -s'
INT64_TYPE='long long'
LD='/usr/bin/ld -m elf_x86_64'
LDFLAGS='-L/home/arun/Desktop/FlexC_EVAL/CVES/LinuxFlaw/HoardLib/'
LIBOBJS=''
LIBS='-ldl -lstdc++ -lhoard -lSBX_CON_LIB -lisc_lib_final'
LIBSMI_MAJOR='0'
LIBSMI_MINOR='4'
LIBSMI_PATCHLEVEL='8'
LIBTOOL='$(SHELL) $(top_builddir)/libtool'
LIBTOOL_AGE='0'
LIBTOOL_DEPS='.//ltmain.sh'
LIBTOOL_REVISION='27'
LIBTOOL_VERSION='2'
LIPO=''
LN_S='ln -s'
LTLIBOBJS=''
LT_SYS_LIBRARY_PATH=''
MAKEINFO='${SHELL} '\''/home/arun/Desktop/FlexC_EVAL/CVES/LinuxFlaw/CVE-2010-2891/libsmi-0.4.8/missing'\'' makeinfo'
MANIFEST_TOOL=':'
MKDIR_P='/usr/bin/mkdir -p'
NM='/usr/bin/nm -B'
NMEDIT=''
OBJDUMP='objdump'
OBJEXT='o'
OTOOL64=''
OTOOL=''
PACKAGE='libsmi'
PACKAGE_BUGREPORT=''
PACKAGE_NAME=''
PACKAGE_STRING=''
PACKAGE_TARNAME=''
PACKAGE_URL=''
PACKAGE_VERSION=''
PATH_SEPARATOR=':'
RANLIB='ranlib'
SED='/usr/bin/sed'
SET_MAKE=''
SH='/usr/bin/sh'
SHELL='/bin/bash'
STATIC='-static'
STRIP='strip'
UINT64_TYPE='unsigned long long'
VERSION='0.4.8'
VERSION_LIBTOOL='2:27:0'
VERSION_STRING='0.4.8'
WGET='/usr/bin/wget'
ac_ct_AR='ar'
ac_ct_CC='/home/arun/Desktop/CheckCBox_Compiler/llvm/cmake-build-debug/bin/clang'
ac_ct_DUMPBIN=''
am__EXEEXT_FALSE=''
am__EXEEXT_TRUE='#'
am__fastdepCC_FALSE='#'
am__fastdepCC_TRUE=''
am__include='include'
am__isrc=''
am__leading_dot='.'
am__nodep='_no'
am__quote=''
am__tar='$${TAR-tar} chof - "$$tardir"'
am__untar='$${TAR-tar} xf -'
bindir='${exec_prefix}/bin'
build='x86_64-pc-linux-gnu'
build_alias=''
build_cpu='x86_64'
build_os='linux-gnu'
build_vendor='pc'
datadir='${datarootdir}'
datarootdir='${prefix}/share'
docdir='${datarootdir}/doc/${PACKAGE}'
dvidir='${docdir}'
exec_prefix='${prefix}'
host='x86_64-pc-linux-gnu'
host_alias=''
host_cpu='x86_64'
host_os='linux-gnu'
host_vendor='pc'
htmldir='${docdir}'
includedir='${prefix}/include'
infodir='${datarootdir}/info'
install_sh='${SHELL} /home/arun/Desktop/FlexC_EVAL/CVES/LinuxFlaw/CVE-2010-2891/libsmi-0.4.8/install-sh'
libdir='${exec_prefix}/lib'
libexecdir='${exec_prefix}/libexec'
localedir='${datarootdir}/locale'
localstatedir='${prefix}/var'
mandir='${datarootdir}/man'
mibdir='/usr/local/share/mibs'
mkdir_p='$(MKDIR_P)'
oldincludedir='/usr/include'
pdfdir='${docdir}'
pibdir='/usr/local/share/pibs'
prefix='/usr/local'
program_transform_name='s,x,x,'
psdir='${docdir}'
runstatedir='${localstatedir}/run'
sbindir='${exec_prefix}/sbin'
sharedstatedir='${prefix}/com'
smipath='/usr/local/share/mibs/ietf:/usr/local/share/mibs/iana:/usr/local/share/mibs/irtf:/usr/local/share/mibs/site:/usr/local/share/mibs/tubs:/usr/local/share/pibs/ietf:/usr/local/share/pibs/site:/usr/local/share/pibs/tubs'
srcdir='.'
sysconfdir='${prefix}/etc'
target_alias=''

## ----------- ##
## confdefs.h. ##
## ----------- ##

/* confdefs.h */
#define PACKAGE_NAME ""
#define PACKAGE_TARNAME ""
#define PACKAGE_VERSION ""
#define PACKAGE_STRING ""
#define PACKAGE_BUGREPORT ""
#define PACKAGE_URL ""
#define PACKAGE "libsmi"
#define VERSION "0.4.8"
#define MAX_LEX_DEPTH 30
#define DEFAULT_ERRORLEVEL 3
#define HAVE_STRTOLL 1
#define HAVE_STRTOULL 1
#define HAVE_STRTOQ 1
#define HAVE_STRTOUQ 1
#define HAVE_TIMEGM 1
#define HAVE_VSNPRINTF 1
#define HAVE_SNPRINTF 1
#define HAVE_ASPRINTF 1
#define HAVE_VASPRINTF 1
#define HAVE_STDIO_H 1
#define HAVE_STDLIB_H 1
#define HAVE_STRING_H 1
#define HAVE_INTTYPES_H 1
#define HAVE_STDINT_H 1
#define HAVE_STRINGS_H 1
#define HAVE_SYS_STAT_H 1
#define HAVE_SYS_TYPES_H 1
#define HAVE_UNISTD_H 1
#define STDC_HEADERS 1
#define HAVE_PWD_H 1
#define HAVE_UNISTD_H 1
#define HAVE_REGEX_H 1
#define HAVE_STDINT_H 1
#define HAVE_LIMITS_H 1
#define DEFAULT_SMIPATH "/usr/local/share/mibs/ietf:/usr/local/share/mibs/iana:/usr/local/share/mibs/irtf:/usr/local/share/mibs/site:/usr/local/share/mibs/tubs:/usr/local/share/pibs/ietf:/usr/local/share/pibs/site:/usr/local/share/pibs/tubs"
#define PATH_SEPARATOR ':'
#define DIR_SEPARATOR '/'
#define UINT64_FORMAT "%llu"
#define INT64_FORMAT "%lld"
#define LIBSMI_UINT64_MAX 18446744073709551615ULL
#define LIBSMI_INT64_MIN -9223372036854775807LL
#define LIBSMI_INT64_MAX 9223372036854775807LL
#define BACKEND_SMI 1
#define HAVE_DLFCN_H 1
#define LT_OBJDIR ".libs/"
#define DEFAULT_GLOBALCONFIG "${prefix}/etc/smi.conf"
#define DEFAULT_USERCONFIG ".smirc"

configure: exit 0

## ---------------------- ##
## Running config.status. ##
## ---------------------- ##

This file was extended by config.status, which was
generated by GNU Autoconf 2.71.  Invocation command line was

  CONFIG_FILES    = 
  CONFIG_HEADERS  = 
  CONFIG_LINKS    = 
  CONFIG_COMMANDS = 
  $ ./config.status 

on arun-GL65-Leopard-10SEK

config.status:1213: creating Makefile
config.status:1213: creating lib/Makefile
config.status:1213: creating tools/Makefile
config.status:1213: creating mibs/Makefile
config.status:1213: creating mibs/iana/Makefile
config.status:1213: creating mibs/ietf/Makefile
config.status:1213: creating mibs/irtf/Makefile
config.status:1213: creating mibs/tubs/Makefile
config.status:1213: creating mibs/site/Makefile
config.status:1213: creating pibs/Makefile
config.status:1213: creating pibs/ietf/Makefile
config.status:1213: creating pibs/tubs/Makefile
config.status:1213: creating pibs/site/Makefile
config.status:1213: creating test/Makefile
config.status:1213: creating test/mibs/Makefile
config.status:1213: creating test/smidiff/Makefile
config.status:1213: creating test/dumps/Makefile
config.status:1213: creating test/dumps/corba/Makefile
config.status:1213: creating test/dumps/imports/Makefile
config.status:1213: creating test/dumps/jax/Makefile
config.status:1213: creating test/dumps/netsnmp/Makefile
config.status:1213: creating test/dumps/mosy/Makefile
config.status:1213: creating test/dumps/orig-smiv2/Makefile
config.status:1213: creating test/dumps/smilint-smiv2/Makefile
config.status:1213: creating test/dumps/sming/Makefile
config.status:1213: creating test/dumps/smiv1/Makefile
config.status:1213: creating test/dumps/smiv2/Makefile
config.status:1213: creating test/dumps/smiv2-smiv2/Makefile
config.status:1213: creating test/dumps/tree/Makefile
config.status:1213: creating test/dumps/types/Makefile
config.status:1213: creating test/dumps/identifiers/Makefile
config.status:1213: creating test/dumps/metrics/Makefile
config.status:1213: creating test/dumps/xml/Makefile
config.status:1213: creating test/dumps/cm/Makefile
config.status:1213: creating test/dumps/python/Makefile
config.status:1213: creating test/dumps/yang/Makefile
config.status:1213: creating doc/Makefile
config.status:1213: creating lib/smi.h
config.status:1213: creating lib/libsmi.3
config.status:1213: creating lib/smi_macro.3
config.status:1213: creating lib/smi_module.3
config.status:1213: creating lib/smi_node.3
config.status:1213: creating lib/smi_type.3
config.status:1213: creating lib/smi_config.3
config.status:1213: creating lib/smi_render.3
config.status:1213: creating lib/smi_util.3
config.status:1213: creating lib/smi_class.3
config.status:1213: creating lib/smi_attribute.3
config.status:1213: creating lib/smi_event.3
config.status:1213: creating lib/smi_identity.3
config.status:1213: creating tools/smistrip
config.status:1213: creating tools/smicache
config.status:1213: creating tools/smiquery.1
config.status:1213: creating tools/smilint.1
config.status:1213: creating tools/smidump.1
config.status:1213: creating tools/smidiff.1
config.status:1213: creating tools/smistrip.1
config.status:1213: creating tools/smicache.1
config.status:1213: creating tools/smixlate.1
config.status:1213: creating tools/mib2svg.cgi
config.status:1213: creating test/parser.test
config.status:1213: creating test/smidump-corba.test
config.status:1213: creating test/smidump-jax.test
config.status:1213: creating test/smidump-netsnmp.test
config.status:1213: creating test/smidump-imports.test
config.status:1213: creating test/smidump-mosy.test
config.status:1213: creating test/smidump-orig-smiv2.test
config.status:1213: creating test/smidump-sming.test
config.status:1213: creating test/smidump-yang.test
config.status:1213: creating test/smidump-smiv1.test
config.status:1213: creating test/smidump-smiv2-smiv2.test
config.status:1213: creating test/smidump-smiv2.test
config.status:1213: creating test/smidump-tree.test
config.status:1213: creating test/smidump-types.test
config.status:1213: creating test/smidump-identifiers.test
config.status:1213: creating test/smidump-metrics.test
config.status:1213: creating test/smidump-xml.test
config.status:1213: creating test/smidump-cm.test
config.status:1213: creating test/smidump-python.test
config.status:1213: creating test/smilint-smiv2.test
config.status:1213: creating test/smidiff.test
config.status:1213: creating libsmi.pc
config.status:1213: creating win/config.h
config.status:1213: creating config.h
config.status:1394: config.h is unchanged
config.status:1442: executing depfiles commands
config.status:1519: cd lib       && sed -e '/# am--include-marker/d' Makefile         | make -f - am--depfiles
make[2]: Entering directory '/home/arun/Desktop/FlexC_EVAL/CVES/LinuxFlaw/CVE-2010-2891/libsmi-0.4.8/lib'
make[2]: Nothing to be done for 'am--depfiles'.
make[2]: Leaving directory '/home/arun/Desktop/FlexC_EVAL/CVES/LinuxFlaw/CVE-2010-2891/libsmi-0.4.8/lib'
config.status:1524: $? = 0
config.status:1519: cd tools       && sed -e '/# am--include-marker/d' Makefile         | make -f - am--depfiles
make[2]: Entering directory '/home/arun/Desktop/FlexC_EVAL/CVES/LinuxFlaw/CVE-2010-2891/libsmi-0.4.8/tools'
make[2]: Nothing to be done for 'am--depfiles'.
make[2]: Leaving directory '/home/arun/Desktop/FlexC_EVAL/CVES/LinuxFlaw/CVE-2010-2891/libsmi-0.4.8/tools'
config.status:1524: $? = 0
config.status:1442: executing libtool commands
config.status:1442: executing default commands
