This file contains any messages produced by compilers while
running configure, to aid debugging if configure makes a mistake.

It was created by configure, which was
generated by GNU Autoconf 2.52.  Invocation command line was

  $ ./configure --enable-tests CC=/home/arun/Desktop/CheckCBox_Compiler/llvm/cmake-build-debug/bin/clang CFLAGS=-O2

## ---------- ##
## Platform.  ##
## ---------- ##

hostname = arun-GL65-Leopard-10SEK
uname -m = x86_64
uname -r = 5.19.0-38-generic
uname -s = Linux
uname -v = #39~22.04.1-Ubuntu SMP PREEMPT_DYNAMIC Fri Mar 17 21:16:15 UTC 2

/usr/bin/uname -p = x86_64
/bin/uname -X     = unknown

/bin/arch              = x86_64
/usr/bin/arch -k       = unknown
/usr/convex/getsysinfo = unknown
hostinfo               = unknown
/bin/machine           = unknown
/usr/bin/oslevel       = unknown
/bin/universe          = unknown

PATH = /home/linuxbrew/.linuxbrew/bin:/home/linuxbrew/.linuxbrew/sbin:/home/arun/.local/bin:/usr/local/go/bin:/usr/local/sbin:/usr/local/bin:/usr/sbin:/usr/bin:/sbin:/bin:/usr/games:/usr/local/games:/snap/bin:/snap/bin:/home/arun/go/bin:/usr/bin:/home/linuxbrew/.linuxbrew/bin/:/home/arun/Desktop/macro/checkedc-llvm-project/llvm/cmake-build-debug/bin/:/home/arun/Desktop/06/bin:/home/arun/Desktop/CheckCBox_Compiler/llvm/cmake-build-debug/bin/

## ------------ ##
## Core tests.  ##
## ------------ ##

configure:1133: PATH=".;."; conftest.sh
./configure: 1134: conftest.sh: not found
configure:1136: $? = 127
configure:1176: checking build system type
configure:1194: result: x86_64-unknown-linux-gnu
configure:1201: checking host system type
configure:1215: result: x86_64-unknown-linux-gnu
configure:1222: checking target system type
configure:1236: result: x86_64-unknown-linux-gnu
configure:1273: checking for a BSD compatible install
configure:1322: result: /usr/bin/install -c
configure:1333: checking whether build environment is sane
configure:1376: result: yes
configure:1391: checking whether make sets ${MAKE}
configure:1411: result: yes
configure:1439: checking for working aclocal
configure:1446: result: found
configure:1454: checking for working autoconf
configure:1461: result: found
configure:1469: checking for working automake
configure:1476: result: found
configure:1484: checking for working autoheader
configure:1491: result: found
configure:1499: checking for working makeinfo
configure:1506: result: found
configure:1627: checking for gcc
configure:1650: result: /home/arun/Desktop/CheckCBox_Compiler/llvm/cmake-build-debug/bin/clang
configure:1878: checking for C compiler version
configure:1881: /home/arun/Desktop/CheckCBox_Compiler/llvm/cmake-build-debug/bin/clang --version </dev/null >&5
clang version 12.0.0 (https://github.com/arunkumarbhattar/CheckCBox_Compiler.git 2f87fe88a16b45255779992281242d01ed17427c)
Target: x86_64-unknown-linux-gnu
Thread model: posix
InstalledDir: /home/arun/Desktop/CheckCBox_Compiler/llvm/cmake-build-debug/bin
configure:1884: $? = 0
configure:1886: /home/arun/Desktop/CheckCBox_Compiler/llvm/cmake-build-debug/bin/clang -v </dev/null >&5
clang version 12.0.0 (https://github.com/arunkumarbhattar/CheckCBox_Compiler.git 2f87fe88a16b45255779992281242d01ed17427c)
Target: x86_64-unknown-linux-gnu
Thread model: posix
InstalledDir: /home/arun/Desktop/CheckCBox_Compiler/llvm/cmake-build-debug/bin
Found candidate GCC installation: /usr/lib/gcc/x86_64-linux-gnu/11
Found candidate GCC installation: /usr/lib/gcc/x86_64-linux-gnu/12
Found candidate GCC installation: /usr/lib/gcc/x86_64-linux-gnu/9
Selected GCC installation: /usr/lib/gcc/x86_64-linux-gnu/12
Candidate multilib: .;@m64
Selected multilib: .;@m64
configure:1889: $? = 0
configure:1891: /home/arun/Desktop/CheckCBox_Compiler/llvm/cmake-build-debug/bin/clang -V </dev/null >&5
clang-12: error: argument to '-V' is missing (expected 1 value)
clang-12: error: no input files
configure:1894: $? = 1
configure:1914: checking for C compiler default output
configure:1917: /home/arun/Desktop/CheckCBox_Compiler/llvm/cmake-build-debug/bin/clang -O2   conftest.c  >&5
configure:1920: $? = 0
configure:1949: result: a.out
configure:1954: checking whether the C compiler works
configure:1960: ./a.out
configure:1963: $? = 0
configure:1978: result: yes
configure:1985: checking whether we are cross compiling
configure:1987: result: no
configure:1990: checking for executable suffix
configure:1992: /home/arun/Desktop/CheckCBox_Compiler/llvm/cmake-build-debug/bin/clang -o conftest -O2   conftest.c  >&5
configure:1995: $? = 0
configure:2017: result: 
configure:2023: checking for object suffix
configure:2041: /home/arun/Desktop/CheckCBox_Compiler/llvm/cmake-build-debug/bin/clang -c -O2  conftest.c >&5
configure:2044: $? = 0
configure:2063: result: o
configure:2067: checking whether we are using the GNU C compiler
configure:2088: /home/arun/Desktop/CheckCBox_Compiler/llvm/cmake-build-debug/bin/clang -c -O2  conftest.c >&5
configure:2091: $? = 0
configure:2094: test -s conftest.o
configure:2097: $? = 0
configure:2109: result: yes
configure:2115: checking whether /home/arun/Desktop/CheckCBox_Compiler/llvm/cmake-build-debug/bin/clang accepts -g
configure:2133: /home/arun/Desktop/CheckCBox_Compiler/llvm/cmake-build-debug/bin/clang -c -g  conftest.c >&5
configure:2136: $? = 0
configure:2139: test -s conftest.o
configure:2142: $? = 0
configure:2152: result: yes
configure:2179: /home/arun/Desktop/CheckCBox_Compiler/llvm/cmake-build-debug/bin/clang -c -O2  conftest.c >&5
conftest.c:2:3: error: unknown type name 'choke'
  choke me
  ^
conftest.c:2:11: error: expected ';' after top level declarator
  choke me
          ^
          ;
2 errors generated.
configure:2182: $? = 1
configure: failed program was:
#ifndef __cplusplus
  choke me
#endif
configure:2290: checking for ld used by GCC
configure:2353: result: /usr/bin/ld
configure:2362: checking if the linker (/usr/bin/ld) is GNU ld
GNU ld (GNU Binutils for Ubuntu) 2.38
configure:2374: result: yes
configure:2378: checking for /usr/bin/ld option to reload object files
configure:2385: result: -r
configure:2390: checking for BSD-compatible nm
configure:2426: result: /usr/bin/nm -B
configure:2429: checking whether ln -s works
configure:2433: result: yes
configure:2440: checking how to recognise dependant libraries
configure:2618: result: file_magic ELF [0-9][0-9]*-bit [LM]SB (shared object|dynamic lib )
configure:2624: checking command to parse /usr/bin/nm -B output
configure:2705: /home/arun/Desktop/CheckCBox_Compiler/llvm/cmake-build-debug/bin/clang -c -O2  conftest.c >&5
configure:2708: $? = 0
configure:2712: /usr/bin/nm -B conftest.o \| sed -n -e 's/^.*[ 	]\([ABCDGISTW][ABCDGISTW]*\)[ 	][ 	]*\(\)\([_A-Za-z][_A-Za-z0-9]*\)$/  /p' \> conftest.nm
configure:2715: $? = 0
configure:2767: /home/arun/Desktop/CheckCBox_Compiler/llvm/cmake-build-debug/bin/clang -o conftest -O2   conftest.c conftstm.o >&5
conftest.c:6:1: warning: variable named 'main' with external linkage has undefined behavior [-Wmain]
extern char main;
^
1 warning generated.
configure:2770: $? = 0
configure:2814: result: ok
configure:2823: checking how to run the C preprocessor
configure:2849: /home/arun/Desktop/CheckCBox_Compiler/llvm/cmake-build-debug/bin/clang -E  conftest.c
configure:2855: $? = 0
configure:2882: /home/arun/Desktop/CheckCBox_Compiler/llvm/cmake-build-debug/bin/clang -E  conftest.c
configure:2879:10: fatal error: 'ac_nonexistent.h' file not found
#include <ac_nonexistent.h>
         ^~~~~~~~~~~~~~~~~~
1 error generated.
configure:2888: $? = 1
configure: failed program was:
#line 2878 "configure"
#include "confdefs.h"
#include <ac_nonexistent.h>
configure:2925: result: /home/arun/Desktop/CheckCBox_Compiler/llvm/cmake-build-debug/bin/clang -E
configure:2940: /home/arun/Desktop/CheckCBox_Compiler/llvm/cmake-build-debug/bin/clang -E  conftest.c
configure:2946: $? = 0
configure:2973: /home/arun/Desktop/CheckCBox_Compiler/llvm/cmake-build-debug/bin/clang -E  conftest.c
configure:2970:10: fatal error: 'ac_nonexistent.h' file not found
#include <ac_nonexistent.h>
         ^~~~~~~~~~~~~~~~~~
1 error generated.
configure:2979: $? = 1
configure: failed program was:
#line 2969 "configure"
#include "confdefs.h"
#include <ac_nonexistent.h>
configure:3021: checking for dlfcn.h
configure:3031: /home/arun/Desktop/CheckCBox_Compiler/llvm/cmake-build-debug/bin/clang -E  conftest.c
configure:3037: $? = 0
configure:3056: result: yes
configure:3070: checking for file
configure:3125: result: /usr/bin/file
configure:3243: checking for ranlib
configure:3258: found /usr/bin/ranlib
configure:3267: result: ranlib
configure:3317: checking for strip
configure:3332: found /usr/bin/strip
configure:3341: result: strip
configure:3543: checking for objdir
configure:3554: result: .libs
configure:3569: checking for /home/arun/Desktop/CheckCBox_Compiler/llvm/cmake-build-debug/bin/clang option to produce PIC
configure:3719: result: -fPIC
configure:3723: checking if /home/arun/Desktop/CheckCBox_Compiler/llvm/cmake-build-debug/bin/clang PIC flag -fPIC works
configure:3743: /home/arun/Desktop/CheckCBox_Compiler/llvm/cmake-build-debug/bin/clang -c -O2 -fPIC -DPIC  conftest.c >&5
configure:3746: $? = 0
configure:3749: test -s conftest.o
configure:3752: $? = 0
configure:3788: result: yes
configure:3804: checking if /home/arun/Desktop/CheckCBox_Compiler/llvm/cmake-build-debug/bin/clang static flag -static works
configure:3825: /home/arun/Desktop/CheckCBox_Compiler/llvm/cmake-build-debug/bin/clang -o conftest -O2   -static conftest.c  >&5
configure:3828: $? = 0
configure:3831: test -s conftest
configure:3834: $? = 0
configure:3848: result: yes
configure:3859: checking if /home/arun/Desktop/CheckCBox_Compiler/llvm/cmake-build-debug/bin/clang supports -c -o file.o
configure:3879: /home/arun/Desktop/CheckCBox_Compiler/llvm/cmake-build-debug/bin/clang -c -O2 -o out/conftest2.o  conftest.c >&5
configure:3903: result: yes
configure:3908: checking if /home/arun/Desktop/CheckCBox_Compiler/llvm/cmake-build-debug/bin/clang supports -c -o file.lo
configure:3932: /home/arun/Desktop/CheckCBox_Compiler/llvm/cmake-build-debug/bin/clang -c -O2 -c -o conftest.lo  conftest.c >&5
configure:3935: $? = 0
configure:3938: test -s conftest.lo
configure:3941: $? = 0
configure:3962: result: yes
configure:3993: checking if /home/arun/Desktop/CheckCBox_Compiler/llvm/cmake-build-debug/bin/clang supports -fno-rtti -fno-exceptions
configure:4012: /home/arun/Desktop/CheckCBox_Compiler/llvm/cmake-build-debug/bin/clang -c -O2 -fno-rtti -fno-exceptions -c conftest.c  conftest.c >&5
configure:4015: $? = 0
configure:4018: test -s conftest.o
configure:4021: $? = 0
configure:4037: result: yes
configure:4048: checking whether the linker (/usr/bin/ld) supports shared libraries
configure:4700: result: yes
configure:4705: checking how to hardcode library paths into programs
configure:4729: result: immediate
configure:4734: checking whether stripping libraries is possible
configure:4739: result: yes
configure:4750: checking dynamic linker characteristics
configure:5143: result: GNU/Linux ld.so
configure:5148: checking if libtool supports shared libraries
configure:5150: result: yes
configure:5153: checking whether to build shared libraries
configure:5174: result: yes
configure:5177: checking whether to build static libraries
configure:5181: result: yes
configure:5799: checking whether -lc should be explicitly linked in
configure:5807: /home/arun/Desktop/CheckCBox_Compiler/llvm/cmake-build-debug/bin/clang -c -O2  conftest.c >&5
configure:5810: $? = 0
configure:5824: /home/arun/Desktop/CheckCBox_Compiler/llvm/cmake-build-debug/bin/clang -shared conftest.o  -v -Wl,-soname -Wl,conftest -o conftest 2\>\&1 \| grep  -lc  \>/dev/null 2\>\&1
configure:5827: $? = 0
configure:5840: result: no
configure:6448: checking for gcc
configure:6471: result: /home/arun/Desktop/CheckCBox_Compiler/llvm/cmake-build-debug/bin/clang
configure:6699: checking for C compiler version
configure:6702: /home/arun/Desktop/CheckCBox_Compiler/llvm/cmake-build-debug/bin/clang --version </dev/null >&5
clang version 12.0.0 (https://github.com/arunkumarbhattar/CheckCBox_Compiler.git 2f87fe88a16b45255779992281242d01ed17427c)
Target: x86_64-unknown-linux-gnu
Thread model: posix
InstalledDir: /home/arun/Desktop/CheckCBox_Compiler/llvm/cmake-build-debug/bin
configure:6705: $? = 0
configure:6707: /home/arun/Desktop/CheckCBox_Compiler/llvm/cmake-build-debug/bin/clang -v </dev/null >&5
clang version 12.0.0 (https://github.com/arunkumarbhattar/CheckCBox_Compiler.git 2f87fe88a16b45255779992281242d01ed17427c)
Target: x86_64-unknown-linux-gnu
Thread model: posix
InstalledDir: /home/arun/Desktop/CheckCBox_Compiler/llvm/cmake-build-debug/bin
Found candidate GCC installation: /usr/lib/gcc/x86_64-linux-gnu/11
Found candidate GCC installation: /usr/lib/gcc/x86_64-linux-gnu/12
Found candidate GCC installation: /usr/lib/gcc/x86_64-linux-gnu/9
Selected GCC installation: /usr/lib/gcc/x86_64-linux-gnu/12
Candidate multilib: .;@m64
Selected multilib: .;@m64
configure:6710: $? = 0
configure:6712: /home/arun/Desktop/CheckCBox_Compiler/llvm/cmake-build-debug/bin/clang -V </dev/null >&5
clang-12: error: argument to '-V' is missing (expected 1 value)
clang-12: error: no input files
configure:6715: $? = 1
configure:6718: checking whether we are using the GNU C compiler
configure:6760: result: yes
configure:6766: checking whether /home/arun/Desktop/CheckCBox_Compiler/llvm/cmake-build-debug/bin/clang accepts -g
configure:6803: result: yes
configure:6830: /home/arun/Desktop/CheckCBox_Compiler/llvm/cmake-build-debug/bin/clang -c -O2  conftest.c >&5
conftest.c:2:3: error: unknown type name 'choke'
  choke me
  ^
conftest.c:2:11: error: expected ';' after top level declarator
  choke me
          ^
          ;
2 errors generated.
configure:6833: $? = 1
configure: failed program was:
#ifndef __cplusplus
  choke me
#endif
configure:6948: checking for libmcrypt-config
configure:6965: found /usr/bin/libmcrypt-config
configure:6977: result: /usr/bin/libmcrypt-config
configure:6985: checking for libmcrypt - version >= 2.4.16
configure:7165: /home/arun/Desktop/CheckCBox_Compiler/llvm/cmake-build-debug/bin/clang -o conftest -O2 -I/usr/include   conftest.c  -L/usr/lib/x86_64-linux-gnu -lmcrypt >&5
configure:7168: $? = 0
configure:7170: ./conftest
configure:7173: $? = 0
configure:7188: result: yes
configure:7322: checking for ranlib
configure:7346: result: ranlib
configure:7358: checking for strerror in -lcposix
configure:7385: /home/arun/Desktop/CheckCBox_Compiler/llvm/cmake-build-debug/bin/clang -o conftest -O2   conftest.c -lcposix   >&5
configure:7374:6: warning: incompatible redeclaration of library function 'strerror' [-Wincompatible-library-redeclaration]
char strerror ();
     ^
configure:7374:6: note: 'strerror' is a builtin with type 'char *(int)'
1 warning generated.
/usr/bin/ld: cannot find -lcposix: No such file or directory
clang-12: error: linker command failed with exit code 1 (use -v to see invocation)
configure:7388: $? = 1
configure: failed program was:
#line 7366 "configure"
#include "confdefs.h"

/* Override any gcc2 internal prototype to avoid an error.  */
#ifdef __cplusplus
extern "C"
#endif
/* We use char because int might match the return type of a gcc2
   builtin and then its argument prototype would still apply.  */
char strerror ();
int
main ()
{
strerror ();
  ;
  return 0;
}
configure:7405: result: no
configure:7411: checking for ANSI C header files
configure:7425: /home/arun/Desktop/CheckCBox_Compiler/llvm/cmake-build-debug/bin/clang -E  conftest.c
configure:7431: $? = 0
configure:7518: /home/arun/Desktop/CheckCBox_Compiler/llvm/cmake-build-debug/bin/clang -o conftest -O2   conftest.c  >&5
configure:7510:7: warning: implicitly declaring library function 'exit' with type 'void (int) __attribute__((noreturn))' [-Wimplicit-function-declaration]
      exit(2);
      ^
configure:7510:7: note: include the header <stdlib.h> or explicitly provide a declaration for 'exit'
1 warning generated.
configure:7521: $? = 0
configure:7523: ./conftest
configure:7526: $? = 0
configure:7539: result: yes
configure:7549: checking for /home/arun/Desktop/CheckCBox_Compiler/llvm/cmake-build-debug/bin/clang option to accept ANSI C
configure:7606: /home/arun/Desktop/CheckCBox_Compiler/llvm/cmake-build-debug/bin/clang  -c -O2  conftest.c >&5
configure:7609: $? = 0
configure:7612: test -s conftest.o
configure:7615: $? = 0
configure:7632: result: none needed
configure:7640: checking for an ANSI C-conforming const
configure:7704: /home/arun/Desktop/CheckCBox_Compiler/llvm/cmake-build-debug/bin/clang -c -O2  conftest.c >&5
configure:7707: $? = 0
configure:7710: test -s conftest.o
configure:7713: $? = 0
configure:7723: result: yes
configure:7733: checking for inline
configure:7750: /home/arun/Desktop/CheckCBox_Compiler/llvm/cmake-build-debug/bin/clang -c -O2  conftest.c >&5
configure:7753: $? = 0
configure:7756: test -s conftest.o
configure:7759: $? = 0
configure:7770: result: inline
configure:7791: checking for sys/types.h
configure:7803: /home/arun/Desktop/CheckCBox_Compiler/llvm/cmake-build-debug/bin/clang -c -O2  conftest.c >&5
configure:7806: $? = 0
configure:7809: test -s conftest.o
configure:7812: $? = 0
configure:7822: result: yes
configure:7791: checking for sys/stat.h
configure:7803: /home/arun/Desktop/CheckCBox_Compiler/llvm/cmake-build-debug/bin/clang -c -O2  conftest.c >&5
configure:7806: $? = 0
configure:7809: test -s conftest.o
configure:7812: $? = 0
configure:7822: result: yes
configure:7791: checking for stdlib.h
configure:7803: /home/arun/Desktop/CheckCBox_Compiler/llvm/cmake-build-debug/bin/clang -c -O2  conftest.c >&5
configure:7806: $? = 0
configure:7809: test -s conftest.o
configure:7812: $? = 0
configure:7822: result: yes
configure:7791: checking for string.h
configure:7803: /home/arun/Desktop/CheckCBox_Compiler/llvm/cmake-build-debug/bin/clang -c -O2  conftest.c >&5
configure:7806: $? = 0
configure:7809: test -s conftest.o
configure:7812: $? = 0
configure:7822: result: yes
configure:7791: checking for memory.h
configure:7803: /home/arun/Desktop/CheckCBox_Compiler/llvm/cmake-build-debug/bin/clang -c -O2  conftest.c >&5
configure:7806: $? = 0
configure:7809: test -s conftest.o
configure:7812: $? = 0
configure:7822: result: yes
configure:7791: checking for strings.h
configure:7803: /home/arun/Desktop/CheckCBox_Compiler/llvm/cmake-build-debug/bin/clang -c -O2  conftest.c >&5
configure:7806: $? = 0
configure:7809: test -s conftest.o
configure:7812: $? = 0
configure:7822: result: yes
configure:7791: checking for inttypes.h
configure:7803: /home/arun/Desktop/CheckCBox_Compiler/llvm/cmake-build-debug/bin/clang -c -O2  conftest.c >&5
configure:7806: $? = 0
configure:7809: test -s conftest.o
configure:7812: $? = 0
configure:7822: result: yes
configure:7791: checking for stdint.h
configure:7803: /home/arun/Desktop/CheckCBox_Compiler/llvm/cmake-build-debug/bin/clang -c -O2  conftest.c >&5
configure:7806: $? = 0
configure:7809: test -s conftest.o
configure:7812: $? = 0
configure:7822: result: yes
configure:7791: checking for unistd.h
configure:7803: /home/arun/Desktop/CheckCBox_Compiler/llvm/cmake-build-debug/bin/clang -c -O2  conftest.c >&5
configure:7806: $? = 0
configure:7809: test -s conftest.o
configure:7812: $? = 0
configure:7822: result: yes
configure:7832: checking for off_t
configure:7853: /home/arun/Desktop/CheckCBox_Compiler/llvm/cmake-build-debug/bin/clang -c -O2  conftest.c >&5
configure:7856: $? = 0
configure:7859: test -s conftest.o
configure:7862: $? = 0
configure:7872: result: yes
configure:7884: checking for size_t
configure:7905: /home/arun/Desktop/CheckCBox_Compiler/llvm/cmake-build-debug/bin/clang -c -O2  conftest.c >&5
configure:7908: $? = 0
configure:7911: test -s conftest.o
configure:7914: $? = 0
configure:7924: result: yes
configure:7938: checking for working alloca.h
configure:7956: /home/arun/Desktop/CheckCBox_Compiler/llvm/cmake-build-debug/bin/clang -o conftest -O2   conftest.c  >&5
configure:7959: $? = 0
configure:7962: test -s conftest
configure:7965: $? = 0
configure:7975: result: yes
configure:7985: checking for alloca
configure:8023: /home/arun/Desktop/CheckCBox_Compiler/llvm/cmake-build-debug/bin/clang -o conftest -O2   conftest.c  >&5
configure:8026: $? = 0
configure:8029: test -s conftest
configure:8032: $? = 0
configure:8042: result: yes
configure:8226: checking for stdlib.h
configure:8261: result: yes
configure:8226: checking for unistd.h
configure:8261: result: yes
configure:8274: checking for getpagesize
configure:8311: /home/arun/Desktop/CheckCBox_Compiler/llvm/cmake-build-debug/bin/clang -o conftest -O2   conftest.c  >&5
configure:8314: $? = 0
configure:8317: test -s conftest
configure:8320: $? = 0
configure:8330: result: yes
configure:8340: checking for working mmap
configure:8476: /home/arun/Desktop/CheckCBox_Compiler/llvm/cmake-build-debug/bin/clang -o conftest -O2   conftest.c  >&5
configure:8482:25: warning: cast to smaller integer type 'int' from 'char *' [-Wpointer-to-int-cast]
  data2 += (pagesize - ((int) data2 & (pagesize - 1))) & (pagesize - 1);
                        ^~~~~~~~~~~
1 warning generated.
configure:8479: $? = 0
configure:8481: ./conftest
configure:8484: $? = 0
configure:8496: result: yes
configure:8507: checking whether we are using the GNU C Library 2.1 or newer
configure:8533: result: yes
configure:8542: checking for argz.h
configure:8552: /home/arun/Desktop/CheckCBox_Compiler/llvm/cmake-build-debug/bin/clang -E  conftest.c
configure:8558: $? = 0
configure:8577: result: yes
configure:8542: checking for limits.h
configure:8552: /home/arun/Desktop/CheckCBox_Compiler/llvm/cmake-build-debug/bin/clang -E  conftest.c
configure:8558: $? = 0
configure:8577: result: yes
configure:8542: checking for locale.h
configure:8552: /home/arun/Desktop/CheckCBox_Compiler/llvm/cmake-build-debug/bin/clang -E  conftest.c
configure:8558: $? = 0
configure:8577: result: yes
configure:8542: checking for nl_types.h
configure:8552: /home/arun/Desktop/CheckCBox_Compiler/llvm/cmake-build-debug/bin/clang -E  conftest.c
configure:8558: $? = 0
configure:8577: result: yes
configure:8542: checking for malloc.h
configure:8552: /home/arun/Desktop/CheckCBox_Compiler/llvm/cmake-build-debug/bin/clang -E  conftest.c
configure:8558: $? = 0
configure:8577: result: yes
configure:8542: checking for stddef.h
configure:8552: /home/arun/Desktop/CheckCBox_Compiler/llvm/cmake-build-debug/bin/clang -E  conftest.c
configure:8558: $? = 0
configure:8577: result: yes
configure:8542: checking for stdlib.h
configure:8577: result: yes
configure:8542: checking for string.h
configure:8577: result: yes
configure:8542: checking for unistd.h
configure:8577: result: yes
configure:8542: checking for sys/param.h
configure:8552: /home/arun/Desktop/CheckCBox_Compiler/llvm/cmake-build-debug/bin/clang -E  conftest.c
configure:8558: $? = 0
configure:8577: result: yes
configure:8592: checking for feof_unlocked
configure:8629: /home/arun/Desktop/CheckCBox_Compiler/llvm/cmake-build-debug/bin/clang -o conftest -O2   conftest.c  >&5
configure:8632: $? = 0
configure:8635: test -s conftest
configure:8638: $? = 0
configure:8648: result: yes
configure:8592: checking for fgets_unlocked
configure:8629: /home/arun/Desktop/CheckCBox_Compiler/llvm/cmake-build-debug/bin/clang -o conftest -O2   conftest.c  >&5
configure:8632: $? = 0
configure:8635: test -s conftest
configure:8638: $? = 0
configure:8648: result: yes
configure:8592: checking for getcwd
configure:8629: /home/arun/Desktop/CheckCBox_Compiler/llvm/cmake-build-debug/bin/clang -o conftest -O2   conftest.c  >&5
configure:8632: $? = 0
configure:8635: test -s conftest
configure:8638: $? = 0
configure:8648: result: yes
configure:8592: checking for getegid
configure:8629: /home/arun/Desktop/CheckCBox_Compiler/llvm/cmake-build-debug/bin/clang -o conftest -O2   conftest.c  >&5
configure:8632: $? = 0
configure:8635: test -s conftest
configure:8638: $? = 0
configure:8648: result: yes
configure:8592: checking for geteuid
configure:8629: /home/arun/Desktop/CheckCBox_Compiler/llvm/cmake-build-debug/bin/clang -o conftest -O2   conftest.c  >&5
configure:8632: $? = 0
configure:8635: test -s conftest
configure:8638: $? = 0
configure:8648: result: yes
configure:8592: checking for getgid
configure:8629: /home/arun/Desktop/CheckCBox_Compiler/llvm/cmake-build-debug/bin/clang -o conftest -O2   conftest.c  >&5
configure:8632: $? = 0
configure:8635: test -s conftest
configure:8638: $? = 0
configure:8648: result: yes
configure:8592: checking for getuid
configure:8629: /home/arun/Desktop/CheckCBox_Compiler/llvm/cmake-build-debug/bin/clang -o conftest -O2   conftest.c  >&5
configure:8632: $? = 0
configure:8635: test -s conftest
configure:8638: $? = 0
configure:8648: result: yes
configure:8592: checking for mempcpy
configure:8629: /home/arun/Desktop/CheckCBox_Compiler/llvm/cmake-build-debug/bin/clang -o conftest -O2   conftest.c  >&5
configure:8608:6: warning: incompatible redeclaration of library function 'mempcpy' [-Wincompatible-library-redeclaration]
char mempcpy ();
     ^
configure:8608:6: note: 'mempcpy' is a builtin with type 'void *(void *, const void *, unsigned long)'
1 warning generated.
configure:8632: $? = 0
configure:8635: test -s conftest
configure:8638: $? = 0
configure:8648: result: yes
configure:8592: checking for munmap
configure:8629: /home/arun/Desktop/CheckCBox_Compiler/llvm/cmake-build-debug/bin/clang -o conftest -O2   conftest.c  >&5
configure:8632: $? = 0
configure:8635: test -s conftest
configure:8638: $? = 0
configure:8648: result: yes
configure:8592: checking for putenv
configure:8629: /home/arun/Desktop/CheckCBox_Compiler/llvm/cmake-build-debug/bin/clang -o conftest -O2   conftest.c  >&5
configure:8632: $? = 0
configure:8635: test -s conftest
configure:8638: $? = 0
configure:8648: result: yes
configure:8592: checking for setenv
configure:8629: /home/arun/Desktop/CheckCBox_Compiler/llvm/cmake-build-debug/bin/clang -o conftest -O2   conftest.c  >&5
configure:8632: $? = 0
configure:8635: test -s conftest
configure:8638: $? = 0
configure:8648: result: yes
configure:8592: checking for setlocale
configure:8629: /home/arun/Desktop/CheckCBox_Compiler/llvm/cmake-build-debug/bin/clang -o conftest -O2   conftest.c  >&5
configure:8632: $? = 0
configure:8635: test -s conftest
configure:8638: $? = 0
configure:8648: result: yes
configure:8592: checking for stpcpy
configure:8629: /home/arun/Desktop/CheckCBox_Compiler/llvm/cmake-build-debug/bin/clang -o conftest -O2   conftest.c  >&5
configure:8608:6: warning: incompatible redeclaration of library function 'stpcpy' [-Wincompatible-library-redeclaration]
char stpcpy ();
     ^
configure:8608:6: note: 'stpcpy' is a builtin with type 'char *(char *, const char *)'
1 warning generated.
configure:8632: $? = 0
configure:8635: test -s conftest
configure:8638: $? = 0
configure:8648: result: yes
configure:8592: checking for strchr
configure:8629: /home/arun/Desktop/CheckCBox_Compiler/llvm/cmake-build-debug/bin/clang -o conftest -O2   conftest.c  >&5
configure:8608:6: warning: incompatible redeclaration of library function 'strchr' [-Wincompatible-library-redeclaration]
char strchr ();
     ^
configure:8608:6: note: 'strchr' is a builtin with type 'char *(const char *, int)'
1 warning generated.
configure:8632: $? = 0
configure:8635: test -s conftest
configure:8638: $? = 0
configure:8648: result: yes
configure:8592: checking for strcasecmp
configure:8629: /home/arun/Desktop/CheckCBox_Compiler/llvm/cmake-build-debug/bin/clang -o conftest -O2   conftest.c  >&5
configure:8608:6: warning: incompatible redeclaration of library function 'strcasecmp' [-Wincompatible-library-redeclaration]
char strcasecmp ();
     ^
configure:8608:6: note: 'strcasecmp' is a builtin with type 'int (const char *, const char *)'
1 warning generated.
configure:8632: $? = 0
configure:8635: test -s conftest
configure:8638: $? = 0
configure:8648: result: yes
configure:8592: checking for strdup
configure:8629: /home/arun/Desktop/CheckCBox_Compiler/llvm/cmake-build-debug/bin/clang -o conftest -O2   conftest.c  >&5
configure:8608:6: warning: incompatible redeclaration of library function 'strdup' [-Wincompatible-library-redeclaration]
char strdup ();
     ^
configure:8608:6: note: 'strdup' is a builtin with type 'char *(const char *)'
1 warning generated.
configure:8632: $? = 0
configure:8635: test -s conftest
configure:8638: $? = 0
configure:8648: result: yes
configure:8592: checking for strtoul
configure:8629: /home/arun/Desktop/CheckCBox_Compiler/llvm/cmake-build-debug/bin/clang -o conftest -O2   conftest.c  >&5
configure:8608:6: warning: incompatible redeclaration of library function 'strtoul' [-Wincompatible-library-redeclaration]
char strtoul ();
     ^
configure:8608:6: note: 'strtoul' is a builtin with type 'unsigned long (const char *, char **, int)'
1 warning generated.
configure:8632: $? = 0
configure:8635: test -s conftest
configure:8638: $? = 0
configure:8648: result: yes
configure:8592: checking for tsearch
configure:8629: /home/arun/Desktop/CheckCBox_Compiler/llvm/cmake-build-debug/bin/clang -o conftest -O2   conftest.c  >&5
configure:8632: $? = 0
configure:8635: test -s conftest
configure:8638: $? = 0
configure:8648: result: yes
configure:8592: checking for __argz_count
configure:8629: /home/arun/Desktop/CheckCBox_Compiler/llvm/cmake-build-debug/bin/clang -o conftest -O2   conftest.c  >&5
configure:8632: $? = 0
configure:8635: test -s conftest
configure:8638: $? = 0
configure:8648: result: yes
configure:8592: checking for __argz_stringify
configure:8629: /home/arun/Desktop/CheckCBox_Compiler/llvm/cmake-build-debug/bin/clang -o conftest -O2   conftest.c  >&5
configure:8632: $? = 0
configure:8635: test -s conftest
configure:8638: $? = 0
configure:8648: result: yes
configure:8592: checking for __argz_next
configure:8629: /home/arun/Desktop/CheckCBox_Compiler/llvm/cmake-build-debug/bin/clang -o conftest -O2   conftest.c  >&5
configure:8632: $? = 0
configure:8635: test -s conftest
configure:8638: $? = 0
configure:8648: result: yes
configure:8669: checking for iconv
configure:8693: /home/arun/Desktop/CheckCBox_Compiler/llvm/cmake-build-debug/bin/clang -o conftest -O2   conftest.c  >&5
configure:8696: $? = 0
configure:8699: test -s conftest
configure:8702: $? = 0
configure:8751: result: yes
configure:8759: checking for iconv declaration
configure:8790: /home/arun/Desktop/CheckCBox_Compiler/llvm/cmake-build-debug/bin/clang -c -O2  conftest.c >&5
configure:8793: $? = 0
configure:8796: test -s conftest.o
configure:8799: $? = 0
configure:8812: result: 
         extern size_t iconv (iconv_t cd, char * *inbuf, size_t *inbytesleft, char * *outbuf, size_t *outbytesleft);
configure:8827: checking for nl_langinfo and CODESET
configure:8845: /home/arun/Desktop/CheckCBox_Compiler/llvm/cmake-build-debug/bin/clang -o conftest -O2   conftest.c  >&5
configure:8848: $? = 0
configure:8851: test -s conftest
configure:8854: $? = 0
configure:8865: result: yes
configure:8876: checking for LC_MESSAGES
configure:8894: /home/arun/Desktop/CheckCBox_Compiler/llvm/cmake-build-debug/bin/clang -o conftest -O2   conftest.c  >&5
configure:8897: $? = 0
configure:8900: test -s conftest
configure:8903: $? = 0
configure:8913: result: yes
configure:8923: checking whether NLS is requested
configure:8932: result: yes
configure:8945: checking whether included gettext is requested
configure:8955: result: no
configure:8962: checking for libintl.h
configure:8972: /home/arun/Desktop/CheckCBox_Compiler/llvm/cmake-build-debug/bin/clang -E  conftest.c
configure:8978: $? = 0
configure:8997: result: yes
configure:9000: checking for GNU gettext in libc
configure:9020: /home/arun/Desktop/CheckCBox_Compiler/llvm/cmake-build-debug/bin/clang -o conftest -O2   conftest.c  >&5
configure:9013:8: warning: cast to smaller integer type 'int' from 'char *' [-Wpointer-to-int-cast]
return (int) gettext ("") + _nl_msg_cat_cntr
       ^~~~~~~~~~~~~~~~~~
1 warning generated.
configure:9023: $? = 0
configure:9026: test -s conftest
configure:9029: $? = 0
configure:9039: result: yes
configure:9107: checking for dcgettext
configure:9144: /home/arun/Desktop/CheckCBox_Compiler/llvm/cmake-build-debug/bin/clang -o conftest -O2   conftest.c   >&5
configure:9147: $? = 0
configure:9150: test -s conftest
configure:9153: $? = 0
configure:9163: result: yes
configure:9177: checking for msgfmt
configure:9204: result: /home/linuxbrew/.linuxbrew/bin/msgfmt
configure:9213: checking for gmsgfmt
configure:9242: result: /home/linuxbrew/.linuxbrew/bin/msgfmt
configure:9251: checking for xgettext
configure:9278: result: /home/linuxbrew/.linuxbrew/bin/xgettext
configure:9446: checking for bison
configure:9461: found /usr/bin/bison
configure:9469: result: bison
configure:9482: checking version of bison
configure:9491: result: v. ?.??, bad
configure:9516: checking for catalogs to be installed
configure:9536: result:  el cs pl
configure:9558: checking for an ANSI C-conforming const
configure:9641: result: yes
configure:9663: checking for a BSD compatible install
configure:9712: result: /usr/bin/install -c
configure:9723: checking whether ln -s works
configure:9727: result: yes
configure:9736: checking for rm
configure:9753: found /usr/bin/rm
configure:9764: result: /usr/bin/rm
configure:9773: checking for gzip
configure:9790: found /usr/bin/gzip
configure:9801: result: /usr/bin/gzip
configure:9814: checking for bzip2
configure:9831: found /home/linuxbrew/.linuxbrew/bin/bzip2
configure:9842: result: /home/linuxbrew/.linuxbrew/bin/bzip2
configure:9853: checking whether use of /dev/random is requested
configure:9862: result: yes
configure:9865: checking for mhash_keygen in -lmhash
configure:9892: /home/arun/Desktop/CheckCBox_Compiler/llvm/cmake-build-debug/bin/clang -o conftest -O2 -I/usr/include   conftest.c -lmhash   -L/usr/lib/x86_64-linux-gnu -lmcrypt >&5
configure:9895: $? = 0
configure:9898: test -s conftest
configure:9901: $? = 0
configure:9912: result: yes
configure:9922: checking whether fcntl-locking is requested
configure:9931: result: yes
configure:9942: checking whether static link is requested
configure:9949: result: no
configure:9953: checking whether in maintanance mode
configure:9960: result: no
configure:9963: checking whether included getpass is requested
configure:9972: result: yes
configure:10018: checking for random device
configure:10026: result: yes
configure:10060: checking whether byte ordering is bigendian
configure:10085: /home/arun/Desktop/CheckCBox_Compiler/llvm/cmake-build-debug/bin/clang -c -O2 -I/usr/include  conftest.c >&5
configure:10088: $? = 0
configure:10091: test -s conftest.o
configure:10094: $? = 0
configure:10115: /home/arun/Desktop/CheckCBox_Compiler/llvm/cmake-build-debug/bin/clang -c -O2 -I/usr/include  conftest.c >&5
configure:10106:2: error: use of undeclared identifier 'not'
 not big endian
 ^
1 error generated.
configure:10118: $? = 1
configure: failed program was:
#line 10098 "configure"
#include "confdefs.h"
#include <sys/types.h>
#include <sys/param.h>

int
main ()
{
#if BYTE_ORDER != BIG_ENDIAN
 not big endian
#endif

  ;
  return 0;
}
configure:10182: result: no
configure:10192: checking return type of signal handlers
configure:10220: /home/arun/Desktop/CheckCBox_Compiler/llvm/cmake-build-debug/bin/clang -c -O2 -I/usr/include  conftest.c >&5
configure:10223: $? = 0
configure:10226: test -s conftest.o
configure:10229: $? = 0
configure:10239: result: void
configure:10246: checking for unsigned long int
configure:10267: /home/arun/Desktop/CheckCBox_Compiler/llvm/cmake-build-debug/bin/clang -c -O2 -I/usr/include  conftest.c >&5
configure:10270: $? = 0
configure:10273: test -s conftest.o
configure:10276: $? = 0
configure:10286: result: yes
configure:10289: checking size of unsigned long int
configure:10453: /home/arun/Desktop/CheckCBox_Compiler/llvm/cmake-build-debug/bin/clang -o conftest -O2 -I/usr/include   conftest.c  -L/usr/lib/x86_64-linux-gnu -lmcrypt -lmhash >&5
configure:10478:19: warning: format specifies type 'int' but the argument has type 'unsigned long' [-Wformat]
fprintf (f, "%d", (sizeof (unsigned long int)));
             ~~   ^~~~~~~~~~~~~~~~~~~~~~~~~~~~
             %lu
1 warning generated.
configure:10456: $? = 0
configure:10458: ./conftest
configure:10461: $? = 0
configure:10477: result: 8
configure:10483: checking for unsigned int
configure:10504: /home/arun/Desktop/CheckCBox_Compiler/llvm/cmake-build-debug/bin/clang -c -O2 -I/usr/include  conftest.c >&5
configure:10507: $? = 0
configure:10510: test -s conftest.o
configure:10513: $? = 0
configure:10523: result: yes
configure:10526: checking size of unsigned int
configure:10690: /home/arun/Desktop/CheckCBox_Compiler/llvm/cmake-build-debug/bin/clang -o conftest -O2 -I/usr/include   conftest.c  -L/usr/lib/x86_64-linux-gnu -lmcrypt -lmhash >&5
configure:10715:19: warning: format specifies type 'int' but the argument has type 'unsigned long' [-Wformat]
fprintf (f, "%d", (sizeof (unsigned int)));
             ~~   ^~~~~~~~~~~~~~~~~~~~~~~
             %lu
1 warning generated.
configure:10693: $? = 0
configure:10695: ./conftest
configure:10698: $? = 0
configure:10714: result: 4
configure:10720: checking for unsigned short int
configure:10741: /home/arun/Desktop/CheckCBox_Compiler/llvm/cmake-build-debug/bin/clang -c -O2 -I/usr/include  conftest.c >&5
configure:10744: $? = 0
configure:10747: test -s conftest.o
configure:10750: $? = 0
configure:10760: result: yes
configure:10763: checking size of unsigned short int
configure:10927: /home/arun/Desktop/CheckCBox_Compiler/llvm/cmake-build-debug/bin/clang -o conftest -O2 -I/usr/include   conftest.c  -L/usr/lib/x86_64-linux-gnu -lmcrypt -lmhash >&5
configure:10952:19: warning: format specifies type 'int' but the argument has type 'unsigned long' [-Wformat]
fprintf (f, "%d", (sizeof (unsigned short int)));
             ~~   ^~~~~~~~~~~~~~~~~~~~~~~~~~~~~
             %lu
1 warning generated.
configure:10930: $? = 0
configure:10932: ./conftest
configure:10935: $? = 0
configure:10951: result: 2
configure:10957: checking for unsigned char
configure:10978: /home/arun/Desktop/CheckCBox_Compiler/llvm/cmake-build-debug/bin/clang -c -O2 -I/usr/include  conftest.c >&5
configure:10981: $? = 0
configure:10984: test -s conftest.o
configure:10987: $? = 0
configure:10997: result: yes
configure:11000: checking size of unsigned char
configure:11164: /home/arun/Desktop/CheckCBox_Compiler/llvm/cmake-build-debug/bin/clang -o conftest -O2 -I/usr/include   conftest.c  -L/usr/lib/x86_64-linux-gnu -lmcrypt -lmhash >&5
configure:11189:19: warning: format specifies type 'int' but the argument has type 'unsigned long' [-Wformat]
fprintf (f, "%d", (sizeof (unsigned char)));
             ~~   ^~~~~~~~~~~~~~~~~~~~~~~~
             %lu
1 warning generated.
configure:11167: $? = 0
configure:11169: ./conftest
configure:11172: $? = 0
configure:11188: result: 1
configure:11194: checking for ANSI C header files
configure:11322: result: yes
configure:11335: checking for unistd.h
configure:11370: result: yes
configure:11335: checking for pwd.h
configure:11345: /home/arun/Desktop/CheckCBox_Compiler/llvm/cmake-build-debug/bin/clang -E  conftest.c
configure:11351: $? = 0
configure:11370: result: yes
configure:11335: checking for locale.h
configure:11370: result: yes
configure:11335: checking for strings.h
configure:11370: result: yes
configure:11335: checking for mcrypt.h
configure:11345: /home/arun/Desktop/CheckCBox_Compiler/llvm/cmake-build-debug/bin/clang -E  conftest.c
configure:11351: $? = 0
configure:11370: result: yes
configure:11335: checking for ctype.h
configure:11345: /home/arun/Desktop/CheckCBox_Compiler/llvm/cmake-build-debug/bin/clang -E  conftest.c
configure:11351: $? = 0
configure:11370: result: yes
configure:11383: checking for sys/stat.h
configure:11418: result: yes
configure:11383: checking for sys/types.h
configure:11418: result: yes
configure:11383: checking for fcntl.h
configure:11393: /home/arun/Desktop/CheckCBox_Compiler/llvm/cmake-build-debug/bin/clang -E  conftest.c
configure:11399: $? = 0
configure:11418: result: yes
configure:11383: checking for sys/wait.h
configure:11393: /home/arun/Desktop/CheckCBox_Compiler/llvm/cmake-build-debug/bin/clang -E  conftest.c
configure:11399: $? = 0
configure:11418: result: yes
configure:11431: checking for utime.h
configure:11441: /home/arun/Desktop/CheckCBox_Compiler/llvm/cmake-build-debug/bin/clang -E  conftest.c
configure:11447: $? = 0
configure:11466: result: yes
configure:11431: checking for signal.h
configure:11441: /home/arun/Desktop/CheckCBox_Compiler/llvm/cmake-build-debug/bin/clang -E  conftest.c
configure:11447: $? = 0
configure:11466: result: yes
configure:11479: checking for termios.h
configure:11489: /home/arun/Desktop/CheckCBox_Compiler/llvm/cmake-build-debug/bin/clang -E  conftest.c
configure:11495: $? = 0
configure:11514: result: yes
configure:11479: checking for termio.h
configure:11489: /home/arun/Desktop/CheckCBox_Compiler/llvm/cmake-build-debug/bin/clang -E  conftest.c
configure:11495: $? = 0
configure:11514: result: yes
configure:11479: checking for sgtty.h
configure:11489: /home/arun/Desktop/CheckCBox_Compiler/llvm/cmake-build-debug/bin/clang -E  conftest.c
configure:11495: $? = 0
configure:11514: result: yes
configure:11527: checking for bzero
configure:11564: /home/arun/Desktop/CheckCBox_Compiler/llvm/cmake-build-debug/bin/clang -o conftest -O2 -I/usr/include   conftest.c  -L/usr/lib/x86_64-linux-gnu -lmcrypt -lmhash >&5
configure:11543:6: warning: incompatible redeclaration of library function 'bzero' [-Wincompatible-library-redeclaration]
char bzero ();
     ^
configure:11543:6: note: 'bzero' is a builtin with type 'void (void *, unsigned long)'
1 warning generated.
configure:11567: $? = 0
configure:11570: test -s conftest
configure:11573: $? = 0
configure:11583: result: yes
configure:11527: checking for signal
configure:11564: /home/arun/Desktop/CheckCBox_Compiler/llvm/cmake-build-debug/bin/clang -o conftest -O2 -I/usr/include   conftest.c  -L/usr/lib/x86_64-linux-gnu -lmcrypt -lmhash >&5
configure:11567: $? = 0
configure:11570: test -s conftest
configure:11573: $? = 0
configure:11583: result: yes
configure:11527: checking for sigaction
configure:11564: /home/arun/Desktop/CheckCBox_Compiler/llvm/cmake-build-debug/bin/clang -o conftest -O2 -I/usr/include   conftest.c  -L/usr/lib/x86_64-linux-gnu -lmcrypt -lmhash >&5
configure:11567: $? = 0
configure:11570: test -s conftest
configure:11573: $? = 0
configure:11583: result: yes
configure:11527: checking for memset
configure:11564: /home/arun/Desktop/CheckCBox_Compiler/llvm/cmake-build-debug/bin/clang -o conftest -O2 -I/usr/include   conftest.c  -L/usr/lib/x86_64-linux-gnu -lmcrypt -lmhash >&5
configure:11543:6: warning: incompatible redeclaration of library function 'memset' [-Wincompatible-library-redeclaration]
char memset ();
     ^
configure:11543:6: note: 'memset' is a builtin with type 'void *(void *, int, unsigned long)'
1 warning generated.
configure:11567: $? = 0
configure:11570: test -s conftest
configure:11573: $? = 0
configure:11583: result: yes
configure:11527: checking for fcntl
configure:11564: /home/arun/Desktop/CheckCBox_Compiler/llvm/cmake-build-debug/bin/clang -o conftest -O2 -I/usr/include   conftest.c  -L/usr/lib/x86_64-linux-gnu -lmcrypt -lmhash >&5
configure:11567: $? = 0
configure:11570: test -s conftest
configure:11573: $? = 0
configure:11583: result: yes
configure:11527: checking for fsync
configure:11564: /home/arun/Desktop/CheckCBox_Compiler/llvm/cmake-build-debug/bin/clang -o conftest -O2 -I/usr/include   conftest.c  -L/usr/lib/x86_64-linux-gnu -lmcrypt -lmhash >&5
configure:11567: $? = 0
configure:11570: test -s conftest
configure:11573: $? = 0
configure:11583: result: yes
configure:11527: checking for siglongjmp
configure:11564: /home/arun/Desktop/CheckCBox_Compiler/llvm/cmake-build-debug/bin/clang -o conftest -O2 -I/usr/include   conftest.c  -L/usr/lib/x86_64-linux-gnu -lmcrypt -lmhash >&5
configure:11567: $? = 0
configure:11570: test -s conftest
configure:11573: $? = 0
configure:11583: result: yes
configure:11527: checking for strlcpy
configure:11564: /home/arun/Desktop/CheckCBox_Compiler/llvm/cmake-build-debug/bin/clang -o conftest -O2 -I/usr/include   conftest.c  -L/usr/lib/x86_64-linux-gnu -lmcrypt -lmhash >&5
configure:11543:6: warning: incompatible redeclaration of library function 'strlcpy' [-Wincompatible-library-redeclaration]
char strlcpy ();
     ^
configure:11543:6: note: 'strlcpy' is a builtin with type 'unsigned long (char *, const char *, unsigned long)'
1 warning generated.
/usr/bin/ld: /tmp/conftest-925930.o: in function `main':
conftest.c:(.text+0x7): undefined reference to `strlcpy'
clang-12: error: linker command failed with exit code 1 (use -v to see invocation)
configure:11567: $? = 1
configure: failed program was:
#line 11533 "configure"
#include "confdefs.h"
/* System header to define __stub macros and hopefully few prototypes,
    which can conflict with char strlcpy (); below.  */
#include <assert.h>
/* Override any gcc2 internal prototype to avoid an error.  */
#ifdef __cplusplus
extern "C"
#endif
/* We use char because int might match the return type of a gcc2
   builtin and then its argument prototype would still apply.  */
char strlcpy ();
char (*f) ();

int
main ()
{
/* The GNU C library defines this for functions which it implements
    to always fail with ENOSYS.  Some functions are actually named
    something starting with __ and the normal name is an alias.  */
#if defined (__stub_strlcpy) || defined (__stub___strlcpy)
choke me
#else
f = strlcpy;
#endif

  ;
  return 0;
}
configure:11583: result: no
configure:11596: checking for lstat
configure:11633: /home/arun/Desktop/CheckCBox_Compiler/llvm/cmake-build-debug/bin/clang -o conftest -O2 -I/usr/include   conftest.c  -L/usr/lib/x86_64-linux-gnu -lmcrypt -lmhash >&5
configure:11636: $? = 0
configure:11639: test -s conftest
configure:11642: $? = 0
configure:11652: result: yes
configure:11596: checking for stat
configure:11633: /home/arun/Desktop/CheckCBox_Compiler/llvm/cmake-build-debug/bin/clang -o conftest -O2 -I/usr/include   conftest.c  -L/usr/lib/x86_64-linux-gnu -lmcrypt -lmhash >&5
configure:11636: $? = 0
configure:11639: test -s conftest
configure:11642: $? = 0
configure:11652: result: yes
configure:11596: checking for umask
configure:11633: /home/arun/Desktop/CheckCBox_Compiler/llvm/cmake-build-debug/bin/clang -o conftest -O2 -I/usr/include   conftest.c  -L/usr/lib/x86_64-linux-gnu -lmcrypt -lmhash >&5
configure:11636: $? = 0
configure:11639: test -s conftest
configure:11642: $? = 0
configure:11652: result: yes
configure:11596: checking for utime
configure:11633: /home/arun/Desktop/CheckCBox_Compiler/llvm/cmake-build-debug/bin/clang -o conftest -O2 -I/usr/include   conftest.c  -L/usr/lib/x86_64-linux-gnu -lmcrypt -lmhash >&5
configure:11636: $? = 0
configure:11639: test -s conftest
configure:11642: $? = 0
configure:11652: result: yes
configure:11596: checking for memmove
configure:11633: /home/arun/Desktop/CheckCBox_Compiler/llvm/cmake-build-debug/bin/clang -o conftest -O2 -I/usr/include   conftest.c  -L/usr/lib/x86_64-linux-gnu -lmcrypt -lmhash >&5
configure:11612:6: warning: incompatible redeclaration of library function 'memmove' [-Wincompatible-library-redeclaration]
char memmove ();
     ^
configure:11612:6: note: 'memmove' is a builtin with type 'void *(void *, const void *, unsigned long)'
1 warning generated.
configure:11636: $? = 0
configure:11639: test -s conftest
configure:11642: $? = 0
configure:11652: result: yes
configure:11596: checking for bcopy
configure:11633: /home/arun/Desktop/CheckCBox_Compiler/llvm/cmake-build-debug/bin/clang -o conftest -O2 -I/usr/include   conftest.c  -L/usr/lib/x86_64-linux-gnu -lmcrypt -lmhash >&5
configure:11636: $? = 0
configure:11639: test -s conftest
configure:11642: $? = 0
configure:11652: result: yes
configure:11596: checking for getpwuid
configure:11633: /home/arun/Desktop/CheckCBox_Compiler/llvm/cmake-build-debug/bin/clang -o conftest -O2 -I/usr/include   conftest.c  -L/usr/lib/x86_64-linux-gnu -lmcrypt -lmhash >&5
configure:11636: $? = 0
configure:11639: test -s conftest
configure:11642: $? = 0
configure:11652: result: yes
configure:11596: checking for waitpid
configure:11633: /home/arun/Desktop/CheckCBox_Compiler/llvm/cmake-build-debug/bin/clang -o conftest -O2 -I/usr/include   conftest.c  -L/usr/lib/x86_64-linux-gnu -lmcrypt -lmhash >&5
configure:11636: $? = 0
configure:11639: test -s conftest
configure:11642: $? = 0
configure:11652: result: yes
configure:11745: creating ./config.status

## ----------------------- ##
## Running config.status.  ##
## ----------------------- ##

This file was extended by config.status 2.52, executed with
  CONFIG_FILES    = 
  CONFIG_HEADERS  = 
  CONFIG_LINKS    = 
  CONFIG_COMMANDS = 
  > ./config.status 
on arun-GL65-Leopard-10SEK

config.status:12253: creating Makefile
config.status:12253: creating doc/Makefile
config.status:12253: creating src/Makefile
config.status:12253: creating intl/Makefile
config.status:12253: creating po/Makefile.in
config.status:12345: creating config.h

## ----------------- ##
## Cache variables.  ##
## ----------------- ##

ac_cv_build='x86_64-unknown-linux-gnu'
ac_cv_build_alias='x86_64-unknown-linux-gnu'
ac_cv_c_bigendian='no'
ac_cv_c_compiler_gnu='yes'
ac_cv_c_const='yes'
ac_cv_c_inline='inline'
ac_cv_env_CC_set='set'
ac_cv_env_CC_value='/home/arun/Desktop/CheckCBox_Compiler/llvm/cmake-build-debug/bin/clang'
ac_cv_env_CFLAGS_set='set'
ac_cv_env_CFLAGS_value='-O2'
ac_cv_env_CPPFLAGS_set=''
ac_cv_env_CPPFLAGS_value=''
ac_cv_env_CPP_set=''
ac_cv_env_CPP_value=''
ac_cv_env_LDFLAGS_set=''
ac_cv_env_LDFLAGS_value=''
ac_cv_env_build_alias_set=''
ac_cv_env_build_alias_value=''
ac_cv_env_host_alias_set=''
ac_cv_env_host_alias_value=''
ac_cv_env_target_alias_set=''
ac_cv_env_target_alias_value=''
ac_cv_func___argz_count='yes'
ac_cv_func___argz_next='yes'
ac_cv_func___argz_stringify='yes'
ac_cv_func_alloca_works='yes'
ac_cv_func_bcopy='yes'
ac_cv_func_bzero='yes'
ac_cv_func_dcgettext='yes'
ac_cv_func_fcntl='yes'
ac_cv_func_feof_unlocked='yes'
ac_cv_func_fgets_unlocked='yes'
ac_cv_func_fsync='yes'
ac_cv_func_getcwd='yes'
ac_cv_func_getegid='yes'
ac_cv_func_geteuid='yes'
ac_cv_func_getgid='yes'
ac_cv_func_getpagesize='yes'
ac_cv_func_getpwuid='yes'
ac_cv_func_getuid='yes'
ac_cv_func_lstat='yes'
ac_cv_func_memmove='yes'
ac_cv_func_mempcpy='yes'
ac_cv_func_memset='yes'
ac_cv_func_mmap_fixed_mapped='yes'
ac_cv_func_munmap='yes'
ac_cv_func_putenv='yes'
ac_cv_func_setenv='yes'
ac_cv_func_setlocale='yes'
ac_cv_func_sigaction='yes'
ac_cv_func_siglongjmp='yes'
ac_cv_func_signal='yes'
ac_cv_func_stat='yes'
ac_cv_func_stpcpy='yes'
ac_cv_func_strcasecmp='yes'
ac_cv_func_strchr='yes'
ac_cv_func_strdup='yes'
ac_cv_func_strlcpy='no'
ac_cv_func_strtoul='yes'
ac_cv_func_tsearch='yes'
ac_cv_func_umask='yes'
ac_cv_func_utime='yes'
ac_cv_func_waitpid='yes'
ac_cv_gnu_library_2_1='yes'
ac_cv_have_dev_random='yes'
ac_cv_header_argz_h='yes'
ac_cv_header_ctype_h='yes'
ac_cv_header_dlfcn_h='yes'
ac_cv_header_fcntl_h='yes'
ac_cv_header_inttypes_h='yes'
ac_cv_header_libintl_h='yes'
ac_cv_header_limits_h='yes'
ac_cv_header_locale_h='yes'
ac_cv_header_malloc_h='yes'
ac_cv_header_mcrypt_h='yes'
ac_cv_header_memory_h='yes'
ac_cv_header_nl_types_h='yes'
ac_cv_header_pwd_h='yes'
ac_cv_header_sgtty_h='yes'
ac_cv_header_signal_h='yes'
ac_cv_header_stdc='yes'
ac_cv_header_stddef_h='yes'
ac_cv_header_stdint_h='yes'
ac_cv_header_stdlib_h='yes'
ac_cv_header_string_h='yes'
ac_cv_header_strings_h='yes'
ac_cv_header_sys_param_h='yes'
ac_cv_header_sys_stat_h='yes'
ac_cv_header_sys_types_h='yes'
ac_cv_header_sys_wait_h='yes'
ac_cv_header_termio_h='yes'
ac_cv_header_termios_h='yes'
ac_cv_header_unistd_h='yes'
ac_cv_header_utime_h='yes'
ac_cv_host='x86_64-unknown-linux-gnu'
ac_cv_host_alias='x86_64-unknown-linux-gnu'
ac_cv_lib_cposix_strerror='no'
ac_cv_lib_mhash_mhash_keygen='yes'
ac_cv_objext='o'
ac_cv_path_BZIP2='/home/linuxbrew/.linuxbrew/bin/bzip2'
ac_cv_path_GMSGFMT='/home/linuxbrew/.linuxbrew/bin/msgfmt'
ac_cv_path_GZIP='/usr/bin/gzip'
ac_cv_path_LIBMCRYPT_CONFIG='/usr/bin/libmcrypt-config'
ac_cv_path_MSGFMT='/home/linuxbrew/.linuxbrew/bin/msgfmt'
ac_cv_path_RM='/usr/bin/rm'
ac_cv_path_XGETTEXT='/home/linuxbrew/.linuxbrew/bin/xgettext'
ac_cv_path_install='/usr/bin/install -c'
ac_cv_prog_CPP='/home/arun/Desktop/CheckCBox_Compiler/llvm/cmake-build-debug/bin/clang -E'
ac_cv_prog_INTLBISON='bison'
ac_cv_prog_ac_ct_CC='/home/arun/Desktop/CheckCBox_Compiler/llvm/cmake-build-debug/bin/clang'
ac_cv_prog_ac_ct_RANLIB='ranlib'
ac_cv_prog_ac_ct_STRIP='strip'
ac_cv_prog_cc_g='yes'
ac_cv_prog_cc_stdc=''
ac_cv_prog_make_make_set='yes'
ac_cv_sizeof_unsigned_char='1'
ac_cv_sizeof_unsigned_int='4'
ac_cv_sizeof_unsigned_long_int='8'
ac_cv_sizeof_unsigned_short_int='2'
ac_cv_target='x86_64-unknown-linux-gnu'
ac_cv_target_alias='x86_64-unknown-linux-gnu'
ac_cv_type_off_t='yes'
ac_cv_type_signal='void'
ac_cv_type_size_t='yes'
ac_cv_type_unsigned_char='yes'
ac_cv_type_unsigned_int='yes'
ac_cv_type_unsigned_long_int='yes'
ac_cv_type_unsigned_short_int='yes'
ac_cv_working_alloca_h='yes'
am_cv_func_iconv='yes'
am_cv_langinfo_codeset='yes'
am_cv_lib_iconv='no'
am_cv_proto_iconv='extern size_t iconv (iconv_t cd, char * *inbuf, size_t *inbytesleft, char * *outbuf, size_t *outbytesleft);'
am_cv_proto_iconv_arg1=''
am_cv_val_LC_MESSAGES='yes'
gt_cv_func_gnugettext1_libc='yes'
lt_cv_archive_cmds_need_lc='no'
lt_cv_compiler_c_o='yes'
lt_cv_compiler_o_lo='yes'
lt_cv_deplibs_check_method='file_magic ELF [0-9][0-9]*-bit [LM]SB (shared object|dynamic lib )'
lt_cv_file_magic_cmd='$MAGIC_CMD'
lt_cv_file_magic_test_file='/lib/libc.so* /lib/libc-*.so'
lt_cv_global_symbol_to_c_name_address='sed -n -e '"'"'s/^: \([^ ]*\) $/  {\"\1\", (lt_ptr) 0},/p'"'"' -e '"'"'s/^[BCDEGRST] \([^ ]*\) \([^ ]*\)$/  {"\2", (lt_ptr) \&\2},/p'"'"
lt_cv_global_symbol_to_cdecl='sed -n -e '"'"'s/^. .* \(.*\)$/extern char \1;/p'"'"
lt_cv_ld_reload_flag='-r'
lt_cv_path_LD='/usr/bin/ld'
lt_cv_path_MAGIC_CMD='/usr/bin/file'
lt_cv_path_NM='/usr/bin/nm -B'
lt_cv_prog_cc_can_build_shared='yes'
lt_cv_prog_cc_no_builtin=''
lt_cv_prog_cc_pic=' -fPIC'
lt_cv_prog_cc_pic_works='yes'
lt_cv_prog_cc_shlib=''
lt_cv_prog_cc_static='-static'
lt_cv_prog_cc_static_works='yes'
lt_cv_prog_cc_wl='-Wl,'
lt_cv_prog_gnu_ld='yes'
lt_cv_sys_global_symbol_pipe='sed -n -e '"'"'s/^.*[ 	]\([ABCDGISTW][ABCDGISTW]*\)[ 	][ 	]*\(\)\([_A-Za-z][_A-Za-z0-9]*\)$/\1 \2\3 \3/p'"'"
lt_cv_sys_path_separator=':'
nls_cv_force_use_gnu_gettext='no'
nls_cv_header_intl=''
nls_cv_header_libgt=''
nls_cv_use_gnu_gettext='no'

## ------------ ##
## confdefs.h.  ##
## ------------ ##

#define T_CPU "x86_64"
#define T_VENDOR "unknown"
#define T_OS "linux-gnu"
#define PACKAGE "mcrypt"
#define VERSION "2.5.8"
#define HAVE_DLFCN_H 1
#define LIBMCRYPT24 1
#define STDC_HEADERS 1
#define HAVE_SYS_TYPES_H 1
#define HAVE_SYS_STAT_H 1
#define HAVE_STDLIB_H 1
#define HAVE_STRING_H 1
#define HAVE_MEMORY_H 1
#define HAVE_STRINGS_H 1
#define HAVE_INTTYPES_H 1
#define HAVE_STDINT_H 1
#define HAVE_UNISTD_H 1
#define HAVE_ALLOCA_H 1
#define HAVE_ALLOCA 1
#define HAVE_STDLIB_H 1
#define HAVE_UNISTD_H 1
#define HAVE_GETPAGESIZE 1
#define HAVE_MMAP 1
#define HAVE_ARGZ_H 1
#define HAVE_LIMITS_H 1
#define HAVE_LOCALE_H 1
#define HAVE_NL_TYPES_H 1
#define HAVE_MALLOC_H 1
#define HAVE_STDDEF_H 1
#define HAVE_STDLIB_H 1
#define HAVE_STRING_H 1
#define HAVE_UNISTD_H 1
#define HAVE_SYS_PARAM_H 1
#define HAVE_FEOF_UNLOCKED 1
#define HAVE_FGETS_UNLOCKED 1
#define HAVE_GETCWD 1
#define HAVE_GETEGID 1
#define HAVE_GETEUID 1
#define HAVE_GETGID 1
#define HAVE_GETUID 1
#define HAVE_MEMPCPY 1
#define HAVE_MUNMAP 1
#define HAVE_PUTENV 1
#define HAVE_SETENV 1
#define HAVE_SETLOCALE 1
#define HAVE_STPCPY 1
#define HAVE_STRCHR 1
#define HAVE_STRCASECMP 1
#define HAVE_STRDUP 1
#define HAVE_STRTOUL 1
#define HAVE_TSEARCH 1
#define HAVE___ARGZ_COUNT 1
#define HAVE___ARGZ_STRINGIFY 1
#define HAVE___ARGZ_NEXT 1
#define HAVE_ICONV 1
#define ICONV_CONST 
#define HAVE_LANGINFO_CODESET 1
#define HAVE_LC_MESSAGES 1
#define ENABLE_NLS 1
#define HAVE_GETTEXT 1
#define HAVE_DCGETTEXT 1
#define GZIP "/usr/bin/gzip"
#define BZIP2 "/home/linuxbrew/.linuxbrew/bin/bzip2"
#define NAME_OF_DEV_RANDOM "/dev/random"
#define NAME_OF_DEV_URANDOM "/dev/urandom"
#define HAVE_DEV_RANDOM 1
#define RETSIGTYPE void
#define SIZEOF_UNSIGNED_LONG_INT 8
#define SIZEOF_UNSIGNED_INT 4
#define SIZEOF_UNSIGNED_SHORT_INT 2
#define SIZEOF_UNSIGNED_CHAR 1
#define STDC_HEADERS 1
#define HAVE_UNISTD_H 1
#define HAVE_PWD_H 1
#define HAVE_LOCALE_H 1
#define HAVE_STRINGS_H 1
#define HAVE_MCRYPT_H 1
#define HAVE_CTYPE_H 1
#define HAVE_SYS_STAT_H 1
#define HAVE_SYS_TYPES_H 1
#define HAVE_FCNTL_H 1
#define HAVE_SYS_WAIT_H 1
#define HAVE_UTIME_H 1
#define HAVE_SIGNAL_H 1
#define HAVE_TERMIOS_H 1
#define HAVE_TERMIO_H 1
#define HAVE_SGTTY_H 1
#define HAVE_BZERO 1
#define HAVE_SIGNAL 1
#define HAVE_SIGACTION 1
#define HAVE_MEMSET 1
#define HAVE_FCNTL 1
#define HAVE_FSYNC 1
#define HAVE_SIGLONGJMP 1
#define HAVE_LSTAT 1
#define HAVE_STAT 1
#define HAVE_UMASK 1
#define HAVE_UTIME 1
#define HAVE_MEMMOVE 1
#define HAVE_BCOPY 1
#define HAVE_GETPWUID 1
#define HAVE_WAITPID 1


configure: exit 0
