This file contains any messages produced by compilers while
running configure, to aid debugging if configure makes a mistake.

It was created by imageworsener configure 1.3.1, which was
generated by GNU Autoconf 2.71.  Invocation command line was

  $ ./configure CC=/home/arun/Desktop/CheckCBox_Compiler/llvm/cmake-build-debug/bin/clang 'CFLAGS=-g -fPIC -fsanitize=address -fwasmsbx -DWASM_SBX -DBUGFIX' LDFLAGS=-L/home/arun/Desktop/FlexC_EVAL/CVES/LinuxFlaw/CVE-2017-9204/imageworsener-1.3.1/WASM_LIB 'LIBS=-ldl -lstdc++ -lSBX_CON_LIB -lisc_lib_final' --no-create --no-recursion

## --------- ##
## Platform. ##
## --------- ##

hostname = arun-GL65-Leopard-10SEK
uname -m = x86_64
uname -r = 5.19.0-38-generic
uname -s = Linux
uname -v = #39~22.04.1-Ubuntu SMP PREEMPT_DYNAMIC Fri Mar 17 21:16:15 UTC 2

/usr/bin/uname -p = x86_64
/bin/uname -X     = unknown

/bin/arch              = x86_64
/usr/bin/arch -k       = unknown
/usr/convex/getsysinfo = unknown
/usr/bin/hostinfo      = unknown
/bin/machine           = unknown
/usr/bin/oslevel       = unknown
/bin/universe          = unknown

PATH: /home/linuxbrew/.linuxbrew/bin/
PATH: /home/linuxbrew/.linuxbrew/sbin/
PATH: /home/arun/.local/bin/
PATH: /usr/local/go/bin/
PATH: /usr/local/sbin/
PATH: /usr/local/bin/
PATH: /usr/sbin/
PATH: /usr/bin/
PATH: /sbin/
PATH: /bin/
PATH: /usr/games/
PATH: /usr/local/games/
PATH: /snap/bin/
PATH: /snap/bin/
PATH: /home/arun/go/bin/
PATH: /usr/bin/
PATH: /home/linuxbrew/.linuxbrew/bin/
PATH: /home/arun/Desktop/macro/checkedc-llvm-project/llvm/cmake-build-debug/bin/
PATH: /home/arun/Desktop/06/bin/
PATH: /home/linuxbrew/.linuxbrew/bin/
PATH: /home/arun/Desktop/macro/checkedc-llvm-project/llvm/cmake-build-debug/bin/
PATH: /home/arun/Desktop/06/bin/
PATH: /home/linuxbrew/.linuxbrew/bin/
PATH: /home/arun/Desktop/macro/checkedc-llvm-project/llvm/cmake-build-debug/bin/
PATH: /home/arun/Desktop/06/bin/
PATH: /home/linuxbrew/.linuxbrew/bin/
PATH: /home/arun/Desktop/macro/checkedc-llvm-project/llvm/cmake-build-debug/bin/
PATH: /home/arun/Desktop/06/bin/
PATH: /home/linuxbrew/.linuxbrew/bin/
PATH: /home/arun/Desktop/macro/checkedc-llvm-project/llvm/cmake-build-debug/bin/
PATH: /home/arun/Desktop/06/bin/


## ----------- ##
## Core tests. ##
## ----------- ##

configure:2379: looking for aux files: missing install-sh compile config.guess config.sub ltmain.sh
configure:2392:  trying ./
configure:2421:   ./missing found
configure:2403:   ./install-sh found
configure:2421:   ./compile found
configure:2421:   ./config.guess found
configure:2421:   ./config.sub found
configure:2421:   ./ltmain.sh found
configure:2571: checking build system type
configure:2586: result: x86_64-pc-linux-gnu
configure:2606: checking host system type
configure:2620: result: x86_64-pc-linux-gnu
configure:2661: checking how to print strings
configure:2688: result: printf
configure:2774: checking for gcc
configure:2806: result: /home/arun/Desktop/CheckCBox_Compiler/llvm/cmake-build-debug/bin/clang
configure:3159: checking for C compiler version
configure:3168: /home/arun/Desktop/CheckCBox_Compiler/llvm/cmake-build-debug/bin/clang --version >&5
clang version 12.0.0 (https://github.com/arunkumarbhattar/CheckCBox_Compiler.git 2f87fe88a16b45255779992281242d01ed17427c)
Target: x86_64-unknown-linux-gnu
Thread model: posix
InstalledDir: /home/arun/Desktop/CheckCBox_Compiler/llvm/cmake-build-debug/bin
configure:3179: $? = 0
configure:3168: /home/arun/Desktop/CheckCBox_Compiler/llvm/cmake-build-debug/bin/clang -v >&5
clang version 12.0.0 (https://github.com/arunkumarbhattar/CheckCBox_Compiler.git 2f87fe88a16b45255779992281242d01ed17427c)
Target: x86_64-unknown-linux-gnu
Thread model: posix
InstalledDir: /home/arun/Desktop/CheckCBox_Compiler/llvm/cmake-build-debug/bin
Found candidate GCC installation: /usr/lib/gcc/x86_64-linux-gnu/11
Found candidate GCC installation: /usr/lib/gcc/x86_64-linux-gnu/12
Found candidate GCC installation: /usr/lib/gcc/x86_64-linux-gnu/9
Selected GCC installation: /usr/lib/gcc/x86_64-linux-gnu/12
Candidate multilib: .;@m64
Selected multilib: .;@m64
... rest of stderr output deleted ...
configure:3179: $? = 0
configure:3168: /home/arun/Desktop/CheckCBox_Compiler/llvm/cmake-build-debug/bin/clang -V >&5
clang-12: error: argument to '-V' is missing (expected 1 value)
clang-12: error: no input files
configure:3179: $? = 1
configure:3168: /home/arun/Desktop/CheckCBox_Compiler/llvm/cmake-build-debug/bin/clang -qversion >&5
clang-12: error: unknown argument '-qversion'; did you mean '--version'?
clang-12: error: no input files
configure:3179: $? = 1
configure:3168: /home/arun/Desktop/CheckCBox_Compiler/llvm/cmake-build-debug/bin/clang -version >&5
clang-12: error: unknown argument '-version'; did you mean '--version'?
clang-12: error: no input files
configure:3179: $? = 1
configure:3199: checking whether the C compiler works
configure:3221: /home/arun/Desktop/CheckCBox_Compiler/llvm/cmake-build-debug/bin/clang -g -fPIC -fsanitize=address -fwasmsbx -DWASM_SBX -DBUGFIX  -L/home/arun/Desktop/FlexC_EVAL/CVES/LinuxFlaw/CVE-2017-9204/imageworsener-1.3.1/WASM_LIB conftest.c -ldl -lstdc++ -lSBX_CON_LIB -lisc_lib_final >&5
configure:3225: $? = 0
configure:3275: result: yes
configure:3278: checking for C compiler default output file name
configure:3280: result: a.out
configure:3286: checking for suffix of executables
configure:3293: /home/arun/Desktop/CheckCBox_Compiler/llvm/cmake-build-debug/bin/clang -o conftest -g -fPIC -fsanitize=address -fwasmsbx -DWASM_SBX -DBUGFIX  -L/home/arun/Desktop/FlexC_EVAL/CVES/LinuxFlaw/CVE-2017-9204/imageworsener-1.3.1/WASM_LIB conftest.c -ldl -lstdc++ -lSBX_CON_LIB -lisc_lib_final >&5
configure:3297: $? = 0
configure:3320: result: 
configure:3342: checking whether we are cross compiling
configure:3350: /home/arun/Desktop/CheckCBox_Compiler/llvm/cmake-build-debug/bin/clang -o conftest -g -fPIC -fsanitize=address -fwasmsbx -DWASM_SBX -DBUGFIX  -L/home/arun/Desktop/FlexC_EVAL/CVES/LinuxFlaw/CVE-2017-9204/imageworsener-1.3.1/WASM_LIB conftest.c -ldl -lstdc++ -lSBX_CON_LIB -lisc_lib_final >&5
configure:3354: $? = 0
configure:3361: ./conftest
configure:3365: $? = 0
configure:3380: result: no
configure:3385: checking for suffix of object files
configure:3408: /home/arun/Desktop/CheckCBox_Compiler/llvm/cmake-build-debug/bin/clang -c -g -fPIC -fsanitize=address -fwasmsbx -DWASM_SBX -DBUGFIX  conftest.c >&5
configure:3412: $? = 0
configure:3434: result: o
configure:3438: checking whether the compiler supports GNU C
configure:3458: /home/arun/Desktop/CheckCBox_Compiler/llvm/cmake-build-debug/bin/clang -c -g -fPIC -fsanitize=address -fwasmsbx -DWASM_SBX -DBUGFIX  conftest.c >&5
configure:3458: $? = 0
configure:3468: result: yes
configure:3479: checking whether /home/arun/Desktop/CheckCBox_Compiler/llvm/cmake-build-debug/bin/clang accepts -g
configure:3500: /home/arun/Desktop/CheckCBox_Compiler/llvm/cmake-build-debug/bin/clang -c -g  conftest.c >&5
configure:3500: $? = 0
configure:3544: result: yes
configure:3564: checking for /home/arun/Desktop/CheckCBox_Compiler/llvm/cmake-build-debug/bin/clang option to enable C11 features
configure:3579: /home/arun/Desktop/CheckCBox_Compiler/llvm/cmake-build-debug/bin/clang  -c -g -fPIC -fsanitize=address -fwasmsbx -DWASM_SBX -DBUGFIX  conftest.c >&5
configure:3579: $? = 0
configure:3597: result: none needed
configure:3713: checking whether /home/arun/Desktop/CheckCBox_Compiler/llvm/cmake-build-debug/bin/clang understands -c and -o together
configure:3736: /home/arun/Desktop/CheckCBox_Compiler/llvm/cmake-build-debug/bin/clang -c conftest.c -o conftest2.o
configure:3739: $? = 0
configure:3736: /home/arun/Desktop/CheckCBox_Compiler/llvm/cmake-build-debug/bin/clang -c conftest.c -o conftest2.o
configure:3739: $? = 0
configure:3751: result: yes
configure:3768: checking for a sed that does not truncate output
configure:3838: result: /usr/bin/sed
configure:3856: checking for grep that handles long lines and -e
configure:3920: result: /usr/bin/grep
configure:3925: checking for egrep
configure:3993: result: /usr/bin/grep -E
configure:3998: checking for fgrep
configure:4066: result: /usr/bin/grep -F
configure:4102: checking for ld used by /home/arun/Desktop/CheckCBox_Compiler/llvm/cmake-build-debug/bin/clang
configure:4170: result: /usr/bin/ld
configure:4177: checking if the linker (/usr/bin/ld) is GNU ld
configure:4193: result: yes
configure:4205: checking for BSD- or MS-compatible name lister (nm)
configure:4260: result: /usr/bin/nm -B
configure:4400: checking the name lister (/usr/bin/nm -B) interface
configure:4408: /home/arun/Desktop/CheckCBox_Compiler/llvm/cmake-build-debug/bin/clang -c -g -fPIC -fsanitize=address -fwasmsbx -DWASM_SBX -DBUGFIX  conftest.c >&5
configure:4411: /usr/bin/nm -B "conftest.o"
configure:4414: output
                 U __asan_init
                 U __asan_register_globals
                 U __asan_unregister_globals
                 U __asan_version_mismatch_check_v8
0000000000000000 d __unnamed_1
0000000000000000 t asan.module_ctor
0000000000000020 t asan.module_dtor
0000000000000008 C sbxHeap
0000000000000004 C sbxHeapRange
0000000000000000 B some_variable
configure:4421: result: BSD nm
configure:4424: checking whether ln -s works
configure:4428: result: yes
configure:4436: checking the maximum length of command line arguments
configure:4568: result: 1572864
configure:4616: checking how to convert x86_64-pc-linux-gnu file names to x86_64-pc-linux-gnu format
configure:4657: result: func_convert_file_noop
configure:4664: checking how to convert x86_64-pc-linux-gnu file names to toolchain format
configure:4685: result: func_convert_file_noop
configure:4692: checking for /usr/bin/ld option to reload object files
configure:4700: result: -r
configure:4779: checking for objdump
configure:4800: found /usr/bin/objdump
configure:4811: result: objdump
configure:4843: checking how to recognize dependent libraries
configure:5044: result: pass_all
configure:5134: checking for dlltool
configure:5169: result: no
configure:5199: checking how to associate runtime and link libraries
configure:5227: result: printf %s\n
configure:5293: checking for ar
configure:5314: found /usr/bin/ar
configure:5325: result: ar
configure:5362: checking for archiver @FILE support
configure:5380: /home/arun/Desktop/CheckCBox_Compiler/llvm/cmake-build-debug/bin/clang -c -g -fPIC -fsanitize=address -fwasmsbx -DWASM_SBX -DBUGFIX  conftest.c >&5
configure:5380: $? = 0
configure:5384: ar cr libconftest.a @conftest.lst >&5
configure:5387: $? = 0
configure:5392: ar cr libconftest.a @conftest.lst >&5
ar: conftest.o: No such file or directory
configure:5395: $? = 1
configure:5407: result: @
configure:5470: checking for strip
configure:5491: found /usr/bin/strip
configure:5502: result: strip
configure:5579: checking for ranlib
configure:5600: found /usr/bin/ranlib
configure:5611: result: ranlib
configure:5688: checking for gawk
configure:5709: found /usr/bin/gawk
configure:5720: result: gawk
configure:5760: checking command to parse /usr/bin/nm -B output from /home/arun/Desktop/CheckCBox_Compiler/llvm/cmake-build-debug/bin/clang object
configure:5914: /home/arun/Desktop/CheckCBox_Compiler/llvm/cmake-build-debug/bin/clang -c -g -fPIC -fsanitize=address -fwasmsbx -DWASM_SBX -DBUGFIX  conftest.c >&5
configure:5917: $? = 0
configure:5921: /usr/bin/nm -B conftest.o | sed -n -e 's/^.*[	 ]\([ABCDGIRSTW][ABCDGIRSTW]*\)[	 ][	 ]*\([_A-Za-z][_A-Za-z0-9]*\)$/\1 \2 \2/p' | sed '/ __gnu_lto/d' > conftest.nm
configure:5987: /home/arun/Desktop/CheckCBox_Compiler/llvm/cmake-build-debug/bin/clang -o conftest -g -fPIC -fsanitize=address -fwasmsbx -DWASM_SBX -DBUGFIX  -L/home/arun/Desktop/FlexC_EVAL/CVES/LinuxFlaw/CVE-2017-9204/imageworsener-1.3.1/WASM_LIB conftest.c conftstm.o >&5
/usr/bin/ld: conftstm.o: in function `main':
/home/arun/Desktop/FlexC_EVAL/CVES/LinuxFlaw/CVE-2017-9204/imageworsener-1.3.1/conftest.c:10: undefined reference to `sbx_init'
/usr/bin/ld: /home/arun/Desktop/FlexC_EVAL/CVES/LinuxFlaw/CVE-2017-9204/imageworsener-1.3.1/conftest.c:10: undefined reference to `c_fetch_sandbox_heap_address'
/usr/bin/ld: /home/arun/Desktop/FlexC_EVAL/CVES/LinuxFlaw/CVE-2017-9204/imageworsener-1.3.1/conftest.c:10: undefined reference to `c_fetch_sandbox_heap_bound'
/usr/bin/ld: /home/arun/Desktop/FlexC_EVAL/CVES/LinuxFlaw/CVE-2017-9204/imageworsener-1.3.1/conftest.c:10: undefined reference to `c_fetch_sandbox_heap_address'
/usr/bin/ld: /home/arun/Desktop/FlexC_EVAL/CVES/LinuxFlaw/CVE-2017-9204/imageworsener-1.3.1/conftest.c:10: undefined reference to `c_fetch_sandbox_heap_address'
/usr/bin/ld: /home/arun/Desktop/FlexC_EVAL/CVES/LinuxFlaw/CVE-2017-9204/imageworsener-1.3.1/conftest.c:10: undefined reference to `c_fetch_sandbox_heap_bound'
/usr/bin/ld: /home/arun/Desktop/FlexC_EVAL/CVES/LinuxFlaw/CVE-2017-9204/imageworsener-1.3.1/conftest.c:10: undefined reference to `c_fetch_sandbox_heap_address'
clang-12: error: linker command failed with exit code 1 (use -v to see invocation)
configure:5990: $? = 1
configure:5914: /home/arun/Desktop/CheckCBox_Compiler/llvm/cmake-build-debug/bin/clang -c -g -fPIC -fsanitize=address -fwasmsbx -DWASM_SBX -DBUGFIX  conftest.c >&5
configure:5917: $? = 0
configure:5921: /usr/bin/nm -B conftest.o | sed -n -e 's/^.*[	 ]\([ABCDGIRSTW][ABCDGIRSTW]*\)[	 ][	 ]*_\([_A-Za-z][_A-Za-z0-9]*\)$/\1 _\2 \2/p' | sed '/ __gnu_lto/d' > conftest.nm
cannot run sed -n -e 's/^.*[	 ]\([ABCDGIRSTW][ABCDGIRSTW]*\)[	 ][	 ]*_\([_A-Za-z][_A-Za-z0-9]*\)$/\1 _\2 \2/p' | sed '/ __gnu_lto/d'
configure:6025: result: failed
configure:6075: checking for sysroot
configure:6106: result: no
configure:6113: checking for a working dd
configure:6157: result: /usr/bin/dd
configure:6161: checking how to truncate binary pipes
configure:6177: result: /usr/bin/dd bs=4096 count=1
configure:6314: /home/arun/Desktop/CheckCBox_Compiler/llvm/cmake-build-debug/bin/clang -c -g -fPIC -fsanitize=address -fwasmsbx -DWASM_SBX -DBUGFIX  conftest.c >&5
configure:6317: $? = 0
configure:6514: checking for mt
configure:6535: found /usr/bin/mt
configure:6546: result: mt
configure:6569: checking if mt is a manifest tool
configure:6576: mt '-?'
configure:6584: result: no
configure:7314: checking for stdio.h
configure:7314: /home/arun/Desktop/CheckCBox_Compiler/llvm/cmake-build-debug/bin/clang -c -g -fPIC -fsanitize=address -fwasmsbx -DWASM_SBX -DBUGFIX  conftest.c >&5
configure:7314: $? = 0
configure:7314: result: yes
configure:7314: checking for stdlib.h
configure:7314: /home/arun/Desktop/CheckCBox_Compiler/llvm/cmake-build-debug/bin/clang -c -g -fPIC -fsanitize=address -fwasmsbx -DWASM_SBX -DBUGFIX  conftest.c >&5
configure:7314: $? = 0
configure:7314: result: yes
configure:7314: checking for string.h
configure:7314: /home/arun/Desktop/CheckCBox_Compiler/llvm/cmake-build-debug/bin/clang -c -g -fPIC -fsanitize=address -fwasmsbx -DWASM_SBX -DBUGFIX  conftest.c >&5
configure:7314: $? = 0
configure:7314: result: yes
configure:7314: checking for inttypes.h
configure:7314: /home/arun/Desktop/CheckCBox_Compiler/llvm/cmake-build-debug/bin/clang -c -g -fPIC -fsanitize=address -fwasmsbx -DWASM_SBX -DBUGFIX  conftest.c >&5
configure:7314: $? = 0
configure:7314: result: yes
configure:7314: checking for stdint.h
configure:7314: /home/arun/Desktop/CheckCBox_Compiler/llvm/cmake-build-debug/bin/clang -c -g -fPIC -fsanitize=address -fwasmsbx -DWASM_SBX -DBUGFIX  conftest.c >&5
configure:7314: $? = 0
configure:7314: result: yes
configure:7314: checking for strings.h
configure:7314: /home/arun/Desktop/CheckCBox_Compiler/llvm/cmake-build-debug/bin/clang -c -g -fPIC -fsanitize=address -fwasmsbx -DWASM_SBX -DBUGFIX  conftest.c >&5
configure:7314: $? = 0
configure:7314: result: yes
configure:7314: checking for sys/stat.h
configure:7314: /home/arun/Desktop/CheckCBox_Compiler/llvm/cmake-build-debug/bin/clang -c -g -fPIC -fsanitize=address -fwasmsbx -DWASM_SBX -DBUGFIX  conftest.c >&5
configure:7314: $? = 0
configure:7314: result: yes
configure:7314: checking for sys/types.h
configure:7314: /home/arun/Desktop/CheckCBox_Compiler/llvm/cmake-build-debug/bin/clang -c -g -fPIC -fsanitize=address -fwasmsbx -DWASM_SBX -DBUGFIX  conftest.c >&5
configure:7314: $? = 0
configure:7314: result: yes
configure:7314: checking for unistd.h
configure:7314: /home/arun/Desktop/CheckCBox_Compiler/llvm/cmake-build-debug/bin/clang -c -g -fPIC -fsanitize=address -fwasmsbx -DWASM_SBX -DBUGFIX  conftest.c >&5
configure:7314: $? = 0
configure:7314: result: yes
configure:7339: checking for dlfcn.h
configure:7339: /home/arun/Desktop/CheckCBox_Compiler/llvm/cmake-build-debug/bin/clang -c -g -fPIC -fsanitize=address -fwasmsbx -DWASM_SBX -DBUGFIX  conftest.c >&5
configure:7339: $? = 0
configure:7339: result: yes
configure:7598: checking for objdir
configure:7614: result: .libs
configure:7878: checking if /home/arun/Desktop/CheckCBox_Compiler/llvm/cmake-build-debug/bin/clang supports -fno-rtti -fno-exceptions
configure:7897: /home/arun/Desktop/CheckCBox_Compiler/llvm/cmake-build-debug/bin/clang -c -g -fPIC -fsanitize=address -fwasmsbx -DWASM_SBX -DBUGFIX  -fno-rtti -fno-exceptions conftest.c >&5
configure:7901: $? = 0
configure:7914: result: yes
configure:8278: checking for /home/arun/Desktop/CheckCBox_Compiler/llvm/cmake-build-debug/bin/clang option to produce PIC
configure:8286: result: -fPIC -DPIC
configure:8294: checking if /home/arun/Desktop/CheckCBox_Compiler/llvm/cmake-build-debug/bin/clang PIC flag -fPIC -DPIC works
configure:8313: /home/arun/Desktop/CheckCBox_Compiler/llvm/cmake-build-debug/bin/clang -c -g -fPIC -fsanitize=address -fwasmsbx -DWASM_SBX -DBUGFIX  -fPIC -DPIC -DPIC conftest.c >&5
configure:8317: $? = 0
configure:8330: result: yes
configure:8359: checking if /home/arun/Desktop/CheckCBox_Compiler/llvm/cmake-build-debug/bin/clang static flag -static works
configure:8388: result: no
configure:8403: checking if /home/arun/Desktop/CheckCBox_Compiler/llvm/cmake-build-debug/bin/clang supports -c -o file.o
configure:8425: /home/arun/Desktop/CheckCBox_Compiler/llvm/cmake-build-debug/bin/clang -c -g -fPIC -fsanitize=address -fwasmsbx -DWASM_SBX -DBUGFIX  -o out/conftest2.o conftest.c >&5
configure:8429: $? = 0
configure:8451: result: yes
configure:8459: checking if /home/arun/Desktop/CheckCBox_Compiler/llvm/cmake-build-debug/bin/clang supports -c -o file.o
configure:8507: result: yes
configure:8540: checking whether the /home/arun/Desktop/CheckCBox_Compiler/llvm/cmake-build-debug/bin/clang linker (/usr/bin/ld -m elf_x86_64) supports shared libraries
configure:9810: result: yes
configure:9847: checking whether -lc should be explicitly linked in
configure:9856: /home/arun/Desktop/CheckCBox_Compiler/llvm/cmake-build-debug/bin/clang -c -g -fPIC -fsanitize=address -fwasmsbx -DWASM_SBX -DBUGFIX  conftest.c >&5
configure:9859: $? = 0
configure:9874: /home/arun/Desktop/CheckCBox_Compiler/llvm/cmake-build-debug/bin/clang -shared  -fPIC -DPIC conftest.o  -v -Wl,-soname -Wl,conftest -o conftest 2\>\&1 \| /usr/bin/grep  -lc  \>/dev/null 2\>\&1
configure:9877: $? = 0
configure:9891: result: no
configure:10051: checking dynamic linker characteristics
configure:10633: /home/arun/Desktop/CheckCBox_Compiler/llvm/cmake-build-debug/bin/clang -o conftest -g -fPIC -fsanitize=address -fwasmsbx -DWASM_SBX -DBUGFIX  -L/home/arun/Desktop/FlexC_EVAL/CVES/LinuxFlaw/CVE-2017-9204/imageworsener-1.3.1/WASM_LIB -Wl,-rpath -Wl,/foo conftest.c -ldl -lstdc++ -lSBX_CON_LIB -lisc_lib_final >&5
configure:10633: $? = 0
configure:10884: result: GNU/Linux ld.so
configure:11006: checking how to hardcode library paths into programs
configure:11031: result: immediate
configure:11583: checking whether stripping libraries is possible
configure:11588: result: yes
configure:11623: checking if libtool supports shared libraries
configure:11625: result: yes
configure:11628: checking whether to build shared libraries
configure:11653: result: yes
configure:11656: checking whether to build static libraries
configure:11660: result: yes
configure:11752: checking for gcc
configure:11784: result: /home/arun/Desktop/CheckCBox_Compiler/llvm/cmake-build-debug/bin/clang
configure:12137: checking for C compiler version
configure:12146: /home/arun/Desktop/CheckCBox_Compiler/llvm/cmake-build-debug/bin/clang --version >&5
clang version 12.0.0 (https://github.com/arunkumarbhattar/CheckCBox_Compiler.git 2f87fe88a16b45255779992281242d01ed17427c)
Target: x86_64-unknown-linux-gnu
Thread model: posix
InstalledDir: /home/arun/Desktop/CheckCBox_Compiler/llvm/cmake-build-debug/bin
configure:12157: $? = 0
configure:12146: /home/arun/Desktop/CheckCBox_Compiler/llvm/cmake-build-debug/bin/clang -v >&5
clang version 12.0.0 (https://github.com/arunkumarbhattar/CheckCBox_Compiler.git 2f87fe88a16b45255779992281242d01ed17427c)
Target: x86_64-unknown-linux-gnu
Thread model: posix
InstalledDir: /home/arun/Desktop/CheckCBox_Compiler/llvm/cmake-build-debug/bin
Found candidate GCC installation: /usr/lib/gcc/x86_64-linux-gnu/11
Found candidate GCC installation: /usr/lib/gcc/x86_64-linux-gnu/12
Found candidate GCC installation: /usr/lib/gcc/x86_64-linux-gnu/9
Selected GCC installation: /usr/lib/gcc/x86_64-linux-gnu/12
Candidate multilib: .;@m64
Selected multilib: .;@m64
... rest of stderr output deleted ...
configure:12157: $? = 0
configure:12146: /home/arun/Desktop/CheckCBox_Compiler/llvm/cmake-build-debug/bin/clang -V >&5
clang-12: error: argument to '-V' is missing (expected 1 value)
clang-12: error: no input files
configure:12157: $? = 1
configure:12146: /home/arun/Desktop/CheckCBox_Compiler/llvm/cmake-build-debug/bin/clang -qversion >&5
clang-12: error: unknown argument '-qversion'; did you mean '--version'?
clang-12: error: no input files
configure:12157: $? = 1
configure:12146: /home/arun/Desktop/CheckCBox_Compiler/llvm/cmake-build-debug/bin/clang -version >&5
clang-12: error: unknown argument '-version'; did you mean '--version'?
clang-12: error: no input files
configure:12157: $? = 1
configure:12161: checking whether the compiler supports GNU C
configure:12191: result: yes
configure:12202: checking whether /home/arun/Desktop/CheckCBox_Compiler/llvm/cmake-build-debug/bin/clang accepts -g
configure:12267: result: yes
configure:12287: checking for /home/arun/Desktop/CheckCBox_Compiler/llvm/cmake-build-debug/bin/clang option to enable C11 features
configure:12320: result: none needed
configure:12436: checking whether /home/arun/Desktop/CheckCBox_Compiler/llvm/cmake-build-debug/bin/clang understands -c and -o together
configure:12474: result: yes
configure:12513: checking for a BSD-compatible install
configure:12586: result: /usr/bin/install -c
configure:12597: checking whether build environment is sane
configure:12652: result: yes
configure:12807: checking for a race-free mkdir -p
configure:12851: result: /usr/bin/mkdir -p
configure:12854: checking whether make sets $(MAKE)
configure:12877: result: yes
configure:12899: checking whether make supports the include directive
configure:12914: make -f confmf.GNU && cat confinc.out
make[1]: Entering directory '/home/arun/Desktop/FlexC_EVAL/CVES/LinuxFlaw/CVE-2017-9204/imageworsener-1.3.1'
make[1]: Leaving directory '/home/arun/Desktop/FlexC_EVAL/CVES/LinuxFlaw/CVE-2017-9204/imageworsener-1.3.1'
this is the am__doit target
configure:12917: $? = 0
configure:12936: result: yes (GNU style)
configure:12971: checking whether make supports nested variables
configure:12989: result: yes
configure:13070: checking dependency style of /home/arun/Desktop/CheckCBox_Compiler/llvm/cmake-build-debug/bin/clang
configure:13182: result: gcc3
configure:13284: checking for zlib.h
configure:13284: /home/arun/Desktop/CheckCBox_Compiler/llvm/cmake-build-debug/bin/clang -c -g -fPIC -fsanitize=address -fwasmsbx -DWASM_SBX -DBUGFIX  conftest.c >&5
configure:13284: $? = 0
configure:13284: result: yes
configure:13294: checking for deflate in -lz
configure:13317: /home/arun/Desktop/CheckCBox_Compiler/llvm/cmake-build-debug/bin/clang -o conftest -g -fPIC -fsanitize=address -fwasmsbx -DWASM_SBX -DBUGFIX  -L/home/arun/Desktop/FlexC_EVAL/CVES/LinuxFlaw/CVE-2017-9204/imageworsener-1.3.1/WASM_LIB conftest.c -lz  -ldl -lstdc++ -lSBX_CON_LIB -lisc_lib_final >&5
configure:13317: $? = 0
configure:13327: result: yes
configure:13367: checking for png.h
configure:13367: /home/arun/Desktop/CheckCBox_Compiler/llvm/cmake-build-debug/bin/clang -c -g -fPIC -fsanitize=address -fwasmsbx -DWASM_SBX -DBUGFIX  conftest.c >&5
configure:13367: $? = 0
configure:13367: result: yes
configure:13377: checking for png_read_png in -lpng
configure:13400: /home/arun/Desktop/CheckCBox_Compiler/llvm/cmake-build-debug/bin/clang -o conftest -g -fPIC -fsanitize=address -fwasmsbx -DWASM_SBX -DBUGFIX  -L/home/arun/Desktop/FlexC_EVAL/CVES/LinuxFlaw/CVE-2017-9204/imageworsener-1.3.1/WASM_LIB conftest.c -lpng  -lz -ldl -lstdc++ -lSBX_CON_LIB -lisc_lib_final >&5
configure:13400: $? = 0
configure:13410: result: yes
configure:13450: checking for jpeglib.h
configure:13450: /home/arun/Desktop/CheckCBox_Compiler/llvm/cmake-build-debug/bin/clang -c -g -fPIC -fsanitize=address -fwasmsbx -DWASM_SBX -DBUGFIX  conftest.c >&5
configure:13450: $? = 0
configure:13450: result: yes
configure:13460: checking for jpeg_read_scanlines in -ljpeg
configure:13483: /home/arun/Desktop/CheckCBox_Compiler/llvm/cmake-build-debug/bin/clang -o conftest -g -fPIC -fsanitize=address -fwasmsbx -DWASM_SBX -DBUGFIX  -L/home/arun/Desktop/FlexC_EVAL/CVES/LinuxFlaw/CVE-2017-9204/imageworsener-1.3.1/WASM_LIB conftest.c -ljpeg  -lpng -lz -ldl -lstdc++ -lSBX_CON_LIB -lisc_lib_final >&5
configure:13483: $? = 0
configure:13493: result: yes
configure:13533: checking for webp/decode.h
configure:13533: /home/arun/Desktop/CheckCBox_Compiler/llvm/cmake-build-debug/bin/clang -c -g -fPIC -fsanitize=address -fwasmsbx -DWASM_SBX -DBUGFIX  conftest.c >&5
conftest.c:57:10: fatal error: 'webp/decode.h' file not found
#include <webp/decode.h>
         ^~~~~~~~~~~~~~~
1 error generated.
configure:13533: $? = 1
configure: failed program was:
| /* confdefs.h */
| #define PACKAGE_NAME "imageworsener"
| #define PACKAGE_TARNAME "imageworsener"
| #define PACKAGE_VERSION "1.3.1"
| #define PACKAGE_STRING "imageworsener 1.3.1"
| #define PACKAGE_BUGREPORT ""
| #define PACKAGE_URL ""
| #define HAVE_STDIO_H 1
| #define HAVE_STDLIB_H 1
| #define HAVE_STRING_H 1
| #define HAVE_INTTYPES_H 1
| #define HAVE_STDINT_H 1
| #define HAVE_STRINGS_H 1
| #define HAVE_SYS_STAT_H 1
| #define HAVE_SYS_TYPES_H 1
| #define HAVE_UNISTD_H 1
| #define STDC_HEADERS 1
| #define HAVE_DLFCN_H 1
| #define LT_OBJDIR ".libs/"
| #define PACKAGE "imageworsener"
| #define VERSION "1.3.1"
| #define HAVE_ZLIB_H 1
| #define HAVE_LIBZ 1
| #define HAVE_PNG_H 1
| #define HAVE_LIBPNG 1
| #define HAVE_JPEGLIB_H 1
| #define HAVE_LIBJPEG 1
| /* end confdefs.h.  */
| #include <stddef.h>
| #ifdef HAVE_STDIO_H
| # include <stdio.h>
| #endif
| #ifdef HAVE_STDLIB_H
| # include <stdlib.h>
| #endif
| #ifdef HAVE_STRING_H
| # include <string.h>
| #endif
| #ifdef HAVE_INTTYPES_H
| # include <inttypes.h>
| #endif
| #ifdef HAVE_STDINT_H
| # include <stdint.h>
| #endif
| #ifdef HAVE_STRINGS_H
| # include <strings.h>
| #endif
| #ifdef HAVE_SYS_TYPES_H
| # include <sys/types.h>
| #endif
| #ifdef HAVE_SYS_STAT_H
| # include <sys/stat.h>
| #endif
| #ifdef HAVE_UNISTD_H
| # include <unistd.h>
| #endif
| #include <webp/decode.h>
configure:13533: result: no
configure:13543: checking for WebPGetDecoderVersion in -lwebp
configure:13566: /home/arun/Desktop/CheckCBox_Compiler/llvm/cmake-build-debug/bin/clang -o conftest -g -fPIC -fsanitize=address -fwasmsbx -DWASM_SBX -DBUGFIX  -L/home/arun/Desktop/FlexC_EVAL/CVES/LinuxFlaw/CVE-2017-9204/imageworsener-1.3.1/WASM_LIB conftest.c -lwebp  -ljpeg -lpng -lz -ldl -lstdc++ -lSBX_CON_LIB -lisc_lib_final >&5
/usr/bin/ld: cannot find -lwebp: No such file or directory
clang-12: error: linker command failed with exit code 1 (use -v to see invocation)
configure:13566: $? = 1
configure: failed program was:
| /* confdefs.h */
| #define PACKAGE_NAME "imageworsener"
| #define PACKAGE_TARNAME "imageworsener"
| #define PACKAGE_VERSION "1.3.1"
| #define PACKAGE_STRING "imageworsener 1.3.1"
| #define PACKAGE_BUGREPORT ""
| #define PACKAGE_URL ""
| #define HAVE_STDIO_H 1
| #define HAVE_STDLIB_H 1
| #define HAVE_STRING_H 1
| #define HAVE_INTTYPES_H 1
| #define HAVE_STDINT_H 1
| #define HAVE_STRINGS_H 1
| #define HAVE_SYS_STAT_H 1
| #define HAVE_SYS_TYPES_H 1
| #define HAVE_UNISTD_H 1
| #define STDC_HEADERS 1
| #define HAVE_DLFCN_H 1
| #define LT_OBJDIR ".libs/"
| #define PACKAGE "imageworsener"
| #define VERSION "1.3.1"
| #define HAVE_ZLIB_H 1
| #define HAVE_LIBZ 1
| #define HAVE_PNG_H 1
| #define HAVE_LIBPNG 1
| #define HAVE_JPEGLIB_H 1
| #define HAVE_LIBJPEG 1
| /* end confdefs.h.  */
| 
| /* Override any GCC internal prototype to avoid an error.
|    Use char because int might match the return type of a GCC
|    builtin and then its argument prototype would still apply.  */
| char WebPGetDecoderVersion ();
| int
| main (void)
| {
| return WebPGetDecoderVersion ();
|   ;
|   return 0;
| }
configure:13576: result: no
configure:13689: checking that generated files are newer than configure
configure:13695: result: done
configure:13718: creating ./config.status

## ---------------- ##
## Cache variables. ##
## ---------------- ##

ac_cv_build=x86_64-pc-linux-gnu
ac_cv_c_compiler_gnu=yes
ac_cv_env_CC_set=set
ac_cv_env_CC_value=/home/arun/Desktop/CheckCBox_Compiler/llvm/cmake-build-debug/bin/clang
ac_cv_env_CFLAGS_set=set
ac_cv_env_CFLAGS_value='-g -fPIC -fsanitize=address -fwasmsbx -DWASM_SBX -DBUGFIX'
ac_cv_env_CPPFLAGS_set=
ac_cv_env_CPPFLAGS_value=
ac_cv_env_LDFLAGS_set=set
ac_cv_env_LDFLAGS_value=-L/home/arun/Desktop/FlexC_EVAL/CVES/LinuxFlaw/CVE-2017-9204/imageworsener-1.3.1/WASM_LIB
ac_cv_env_LIBS_set=set
ac_cv_env_LIBS_value='-ldl -lstdc++ -lSBX_CON_LIB -lisc_lib_final'
ac_cv_env_LT_SYS_LIBRARY_PATH_set=
ac_cv_env_LT_SYS_LIBRARY_PATH_value=
ac_cv_env_build_alias_set=
ac_cv_env_build_alias_value=
ac_cv_env_host_alias_set=
ac_cv_env_host_alias_value=
ac_cv_env_target_alias_set=
ac_cv_env_target_alias_value=
ac_cv_header_dlfcn_h=yes
ac_cv_header_inttypes_h=yes
ac_cv_header_jpeglib_h=yes
ac_cv_header_png_h=yes
ac_cv_header_stdint_h=yes
ac_cv_header_stdio_h=yes
ac_cv_header_stdlib_h=yes
ac_cv_header_string_h=yes
ac_cv_header_strings_h=yes
ac_cv_header_sys_stat_h=yes
ac_cv_header_sys_types_h=yes
ac_cv_header_unistd_h=yes
ac_cv_header_webp_decode_h=no
ac_cv_header_zlib_h=yes
ac_cv_host=x86_64-pc-linux-gnu
ac_cv_lib_jpeg_jpeg_read_scanlines=yes
ac_cv_lib_png_png_read_png=yes
ac_cv_lib_webp_WebPGetDecoderVersion=no
ac_cv_lib_z_deflate=yes
ac_cv_objext=o
ac_cv_path_EGREP='/usr/bin/grep -E'
ac_cv_path_FGREP='/usr/bin/grep -F'
ac_cv_path_GREP=/usr/bin/grep
ac_cv_path_SED=/usr/bin/sed
ac_cv_path_install='/usr/bin/install -c'
ac_cv_path_lt_DD=/usr/bin/dd
ac_cv_path_mkdir=/usr/bin/mkdir
ac_cv_prog_AWK=gawk
ac_cv_prog_ac_ct_AR=ar
ac_cv_prog_ac_ct_CC=/home/arun/Desktop/CheckCBox_Compiler/llvm/cmake-build-debug/bin/clang
ac_cv_prog_ac_ct_MANIFEST_TOOL=mt
ac_cv_prog_ac_ct_OBJDUMP=objdump
ac_cv_prog_ac_ct_RANLIB=ranlib
ac_cv_prog_ac_ct_STRIP=strip
ac_cv_prog_cc_c11=
ac_cv_prog_cc_g=yes
ac_cv_prog_cc_stdc=
ac_cv_prog_make_make_set=yes
am_cv_CC_dependencies_compiler_type=gcc3
am_cv_make_support_nested_variables=yes
am_cv_prog_cc_c_o=yes
lt_cv_ar_at_file=@
lt_cv_archive_cmds_need_lc=no
lt_cv_deplibs_check_method=pass_all
lt_cv_file_magic_cmd='$MAGIC_CMD'
lt_cv_file_magic_test_file=
lt_cv_ld_reload_flag=-r
lt_cv_nm_interface='BSD nm'
lt_cv_objdir=.libs
lt_cv_path_LD=/usr/bin/ld
lt_cv_path_NM='/usr/bin/nm -B'
lt_cv_path_mainfest_tool=no
lt_cv_prog_compiler_c_o=yes
lt_cv_prog_compiler_pic='-fPIC -DPIC'
lt_cv_prog_compiler_pic_works=yes
lt_cv_prog_compiler_rtti_exceptions=yes
lt_cv_prog_compiler_static_works=no
lt_cv_prog_gnu_ld=yes
lt_cv_sharedlib_from_linklib_cmd='printf %s\n'
lt_cv_shlibpath_overrides_runpath=yes
lt_cv_sys_global_symbol_pipe=
lt_cv_sys_global_symbol_to_c_name_address='sed -n -e '\''s/^: \(.*\) .*$/  {"\1", (void *) 0},/p'\'' -e '\''s/^[ABCDGIRSTW][ABCDGIRSTW]* .* \(.*\)$/  {"\1", (void *) \&\1},/p'\'''
lt_cv_sys_global_symbol_to_c_name_address_lib_prefix='sed -n -e '\''s/^: \(.*\) .*$/  {"\1", (void *) 0},/p'\'' -e '\''s/^[ABCDGIRSTW][ABCDGIRSTW]* .* \(lib.*\)$/  {"\1", (void *) \&\1},/p'\'' -e '\''s/^[ABCDGIRSTW][ABCDGIRSTW]* .* \(.*\)$/  {"lib\1", (void *) \&\1},/p'\'''
lt_cv_sys_global_symbol_to_cdecl=
lt_cv_sys_global_symbol_to_import=
lt_cv_sys_max_cmd_len=1572864
lt_cv_to_host_file_cmd=func_convert_file_noop
lt_cv_to_tool_file_cmd=func_convert_file_noop
lt_cv_truncate_bin='/usr/bin/dd bs=4096 count=1'

## ----------------- ##
## Output variables. ##
## ----------------- ##

ACLOCAL='${SHELL} '\''/home/arun/Desktop/FlexC_EVAL/CVES/LinuxFlaw/CVE-2017-9204/imageworsener-1.3.1/missing'\'' aclocal-1.16'
AMDEPBACKSLASH='\'
AMDEP_FALSE='#'
AMDEP_TRUE=''
AMTAR='$${TAR-tar}'
AM_BACKSLASH='\'
AM_DEFAULT_V='$(AM_DEFAULT_VERBOSITY)'
AM_DEFAULT_VERBOSITY='1'
AM_V='$(V)'
AR='ar'
AUTOCONF='${SHELL} '\''/home/arun/Desktop/FlexC_EVAL/CVES/LinuxFlaw/CVE-2017-9204/imageworsener-1.3.1/missing'\'' autoconf'
AUTOHEADER='${SHELL} '\''/home/arun/Desktop/FlexC_EVAL/CVES/LinuxFlaw/CVE-2017-9204/imageworsener-1.3.1/missing'\'' autoheader'
AUTOMAKE='${SHELL} '\''/home/arun/Desktop/FlexC_EVAL/CVES/LinuxFlaw/CVE-2017-9204/imageworsener-1.3.1/missing'\'' automake-1.16'
AWK='gawk'
CC='/home/arun/Desktop/CheckCBox_Compiler/llvm/cmake-build-debug/bin/clang'
CCDEPMODE='depmode=gcc3'
CFLAGS='-g -fPIC -fsanitize=address -fwasmsbx -DWASM_SBX -DBUGFIX'
CPPFLAGS=''
CSCOPE='cscope'
CTAGS='ctags'
CYGPATH_W='echo'
DEFS='-DHAVE_CONFIG_H'
DEPDIR='.deps'
DLLTOOL='false'
DSYMUTIL=''
DUMPBIN=''
ECHO_C=''
ECHO_N='-n'
ECHO_T=''
EGREP='/usr/bin/grep -E'
ETAGS='etags'
EXEEXT=''
FGREP='/usr/bin/grep -F'
GREP='/usr/bin/grep'
INSTALL_DATA='${INSTALL} -m 644'
INSTALL_PROGRAM='${INSTALL}'
INSTALL_SCRIPT='${INSTALL}'
INSTALL_STRIP_PROGRAM='$(install_sh) -c -s'
LD='/usr/bin/ld -m elf_x86_64'
LDFLAGS='-L/home/arun/Desktop/FlexC_EVAL/CVES/LinuxFlaw/CVE-2017-9204/imageworsener-1.3.1/WASM_LIB'
LIBOBJS=''
LIBS='-ljpeg -lpng -lz -ldl -lstdc++ -lSBX_CON_LIB -lisc_lib_final'
LIBTOOL='$(SHELL) $(top_builddir)/libtool'
LIPO=''
LN_S='ln -s'
LTLIBOBJS=''
LT_SYS_LIBRARY_PATH=''
MAKEINFO='${SHELL} '\''/home/arun/Desktop/FlexC_EVAL/CVES/LinuxFlaw/CVE-2017-9204/imageworsener-1.3.1/missing'\'' makeinfo'
MANIFEST_TOOL=':'
MKDIR_P='/usr/bin/mkdir -p'
NM='/usr/bin/nm -B'
NMEDIT=''
OBJDUMP='objdump'
OBJEXT='o'
OTOOL64=''
OTOOL=''
PACKAGE='imageworsener'
PACKAGE_BUGREPORT=''
PACKAGE_NAME='imageworsener'
PACKAGE_STRING='imageworsener 1.3.1'
PACKAGE_TARNAME='imageworsener'
PACKAGE_URL=''
PACKAGE_VERSION='1.3.1'
PATH_SEPARATOR=':'
RANLIB='ranlib'
SED='/usr/bin/sed'
SET_MAKE=''
SHELL='/bin/bash'
STRIP='strip'
VERSION='1.3.1'
ac_ct_AR='ar'
ac_ct_CC='/home/arun/Desktop/CheckCBox_Compiler/llvm/cmake-build-debug/bin/clang'
ac_ct_DUMPBIN=''
am__EXEEXT_FALSE=''
am__EXEEXT_TRUE='#'
am__fastdepCC_FALSE='#'
am__fastdepCC_TRUE=''
am__include='include'
am__isrc=''
am__leading_dot='.'
am__nodep='_no'
am__quote=''
am__tar='$${TAR-tar} chof - "$$tardir"'
am__untar='$${TAR-tar} xf -'
bindir='${exec_prefix}/bin'
build='x86_64-pc-linux-gnu'
build_alias=''
build_cpu='x86_64'
build_os='linux-gnu'
build_vendor='pc'
datadir='${datarootdir}'
datarootdir='${prefix}/share'
docdir='${datarootdir}/doc/${PACKAGE_TARNAME}'
dvidir='${docdir}'
exec_prefix='${prefix}'
host='x86_64-pc-linux-gnu'
host_alias=''
host_cpu='x86_64'
host_os='linux-gnu'
host_vendor='pc'
htmldir='${docdir}'
includedir='${prefix}/include'
infodir='${datarootdir}/info'
install_sh='${SHELL} /home/arun/Desktop/FlexC_EVAL/CVES/LinuxFlaw/CVE-2017-9204/imageworsener-1.3.1/install-sh'
libdir='${exec_prefix}/lib'
libexecdir='${exec_prefix}/libexec'
localedir='${datarootdir}/locale'
localstatedir='${prefix}/var'
mandir='${datarootdir}/man'
mkdir_p='$(MKDIR_P)'
oldincludedir='/usr/include'
pdfdir='${docdir}'
prefix='/usr/local'
program_transform_name='s,x,x,'
psdir='${docdir}'
runstatedir='${localstatedir}/run'
sbindir='${exec_prefix}/sbin'
sharedstatedir='${prefix}/com'
sysconfdir='${prefix}/etc'
target_alias=''

## ----------- ##
## confdefs.h. ##
## ----------- ##

/* confdefs.h */
#define PACKAGE_NAME "imageworsener"
#define PACKAGE_TARNAME "imageworsener"
#define PACKAGE_VERSION "1.3.1"
#define PACKAGE_STRING "imageworsener 1.3.1"
#define PACKAGE_BUGREPORT ""
#define PACKAGE_URL ""
#define HAVE_STDIO_H 1
#define HAVE_STDLIB_H 1
#define HAVE_STRING_H 1
#define HAVE_INTTYPES_H 1
#define HAVE_STDINT_H 1
#define HAVE_STRINGS_H 1
#define HAVE_SYS_STAT_H 1
#define HAVE_SYS_TYPES_H 1
#define HAVE_UNISTD_H 1
#define STDC_HEADERS 1
#define HAVE_DLFCN_H 1
#define LT_OBJDIR ".libs/"
#define PACKAGE "imageworsener"
#define VERSION "1.3.1"
#define HAVE_ZLIB_H 1
#define HAVE_LIBZ 1
#define HAVE_PNG_H 1
#define HAVE_LIBPNG 1
#define HAVE_JPEGLIB_H 1
#define HAVE_LIBJPEG 1

configure: exit 0

## ---------------------- ##
## Running config.status. ##
## ---------------------- ##

This file was extended by imageworsener config.status 1.3.1, which was
generated by GNU Autoconf 2.71.  Invocation command line was

  CONFIG_FILES    = 
  CONFIG_HEADERS  = 
  CONFIG_LINKS    = 
  CONFIG_COMMANDS = 
  $ ./config.status 

on arun-GL65-Leopard-10SEK

config.status:1085: creating Makefile
config.status:1085: creating config.h
config.status:1266: config.h is unchanged
config.status:1314: executing libtool commands
config.status:1314: executing depfiles commands
config.status:1934: cd .       && sed -e '/# am--include-marker/d' Makefile         | make -f - am--depfiles
make[1]: Entering directory '/home/arun/Desktop/FlexC_EVAL/CVES/LinuxFlaw/CVE-2017-9204/imageworsener-1.3.1'
make[1]: Nothing to be done for 'am--depfiles'.
make[1]: Leaving directory '/home/arun/Desktop/FlexC_EVAL/CVES/LinuxFlaw/CVE-2017-9204/imageworsener-1.3.1'
config.status:1939: $? = 0
