This file contains any messages produced by compilers while
running configure, to aid debugging if configure makes a mistake.

It was created by configure, which was
generated by GNU Autoconf 2.71.  Invocation command line was

  $ ./configure CC=/home/arun/Desktop/CheckCBox_Compiler/llvm/cmake-build-debug/bin/clang 'CFLAGS=-O2 -fwasmsbx -DWASM_SBX' LDFLAGS=-L/home/arun/Desktop/FlexC_EVAL/CVES/LinuxFlaw/WASM_SBX/ 'LIBS=-ldl -lstdc++ -lSBX_CON_LIB -lisc_lib_final'

## --------- ##
## Platform. ##
## --------- ##

hostname = arun-GL65-Leopard-10SEK
uname -m = x86_64
uname -r = 5.19.0-38-generic
uname -s = Linux
uname -v = #39~22.04.1-Ubuntu SMP PREEMPT_DYNAMIC Fri Mar 17 21:16:15 UTC 2

/usr/bin/uname -p = x86_64
/bin/uname -X     = unknown

/bin/arch              = x86_64
/usr/bin/arch -k       = unknown
/usr/convex/getsysinfo = unknown
/usr/bin/hostinfo      = unknown
/bin/machine           = unknown
/usr/bin/oslevel       = unknown
/bin/universe          = unknown

PATH: /home/linuxbrew/.linuxbrew/bin/
PATH: /home/linuxbrew/.linuxbrew/sbin/
PATH: /home/arun/.local/bin/
PATH: /usr/local/go/bin/
PATH: /usr/local/sbin/
PATH: /usr/local/bin/
PATH: /usr/sbin/
PATH: /usr/bin/
PATH: /sbin/
PATH: /bin/
PATH: /usr/games/
PATH: /usr/local/games/
PATH: /snap/bin/
PATH: /snap/bin/
PATH: /home/arun/go/bin/
PATH: /usr/bin/
PATH: /home/linuxbrew/.linuxbrew/bin/
PATH: /home/arun/Desktop/macro/checkedc-llvm-project/llvm/cmake-build-debug/bin/
PATH: /home/arun/Desktop/06/bin/
PATH: /home/arun/Desktop/CheckCBox_Compiler/llvm/cmake-build-debug/bin/


## ----------- ##
## Core tests. ##
## ----------- ##

configure:2339: looking for aux files: compile missing install-sh
configure:2352:  trying ./
configure:2381:   ./compile found
configure:2381:   ./missing found
configure:2363:   ./install-sh found
configure:2511: checking for a BSD-compatible install
configure:2584: result: /usr/bin/install -c
configure:2595: checking whether build environment is sane
configure:2650: result: yes
configure:2809: checking for a race-free mkdir -p
configure:2853: result: /usr/bin/mkdir -p
configure:2860: checking for gawk
configure:2881: found /usr/bin/gawk
configure:2892: result: gawk
configure:2903: checking whether make sets $(MAKE)
configure:2926: result: yes
configure:2956: checking whether make supports nested variables
configure:2974: result: yes
configure:3175: checking for gcc
configure:3207: result: /home/arun/Desktop/CheckCBox_Compiler/llvm/cmake-build-debug/bin/clang
configure:3560: checking for C compiler version
configure:3569: /home/arun/Desktop/CheckCBox_Compiler/llvm/cmake-build-debug/bin/clang --version >&5
clang version 12.0.0 (https://github.com/arunkumarbhattar/CheckCBox_Compiler.git 2f87fe88a16b45255779992281242d01ed17427c)
Target: x86_64-unknown-linux-gnu
Thread model: posix
InstalledDir: /home/arun/Desktop/CheckCBox_Compiler/llvm/cmake-build-debug/bin
configure:3580: $? = 0
configure:3569: /home/arun/Desktop/CheckCBox_Compiler/llvm/cmake-build-debug/bin/clang -v >&5
clang version 12.0.0 (https://github.com/arunkumarbhattar/CheckCBox_Compiler.git 2f87fe88a16b45255779992281242d01ed17427c)
Target: x86_64-unknown-linux-gnu
Thread model: posix
InstalledDir: /home/arun/Desktop/CheckCBox_Compiler/llvm/cmake-build-debug/bin
Found candidate GCC installation: /usr/lib/gcc/x86_64-linux-gnu/11
Found candidate GCC installation: /usr/lib/gcc/x86_64-linux-gnu/12
Found candidate GCC installation: /usr/lib/gcc/x86_64-linux-gnu/9
Selected GCC installation: /usr/lib/gcc/x86_64-linux-gnu/12
Candidate multilib: .;@m64
Selected multilib: .;@m64
... rest of stderr output deleted ...
configure:3580: $? = 0
configure:3569: /home/arun/Desktop/CheckCBox_Compiler/llvm/cmake-build-debug/bin/clang -V >&5
clang-12: error: argument to '-V' is missing (expected 1 value)
clang-12: error: no input files
configure:3580: $? = 1
configure:3569: /home/arun/Desktop/CheckCBox_Compiler/llvm/cmake-build-debug/bin/clang -qversion >&5
clang-12: error: unknown argument '-qversion'; did you mean '--version'?
clang-12: error: no input files
configure:3580: $? = 1
configure:3569: /home/arun/Desktop/CheckCBox_Compiler/llvm/cmake-build-debug/bin/clang -version >&5
clang-12: error: unknown argument '-version'; did you mean '--version'?
clang-12: error: no input files
configure:3580: $? = 1
configure:3600: checking whether the C compiler works
configure:3622: /home/arun/Desktop/CheckCBox_Compiler/llvm/cmake-build-debug/bin/clang -O2 -fwasmsbx -DWASM_SBX  -L/home/arun/Desktop/FlexC_EVAL/CVES/LinuxFlaw/WASM_SBX/ conftest.c -ldl -lstdc++ -lSBX_CON_LIB -lisc_lib_final >&5
configure:3626: $? = 0
configure:3676: result: yes
configure:3679: checking for C compiler default output file name
configure:3681: result: a.out
configure:3687: checking for suffix of executables
configure:3694: /home/arun/Desktop/CheckCBox_Compiler/llvm/cmake-build-debug/bin/clang -o conftest -O2 -fwasmsbx -DWASM_SBX  -L/home/arun/Desktop/FlexC_EVAL/CVES/LinuxFlaw/WASM_SBX/ conftest.c -ldl -lstdc++ -lSBX_CON_LIB -lisc_lib_final >&5
configure:3698: $? = 0
configure:3721: result: 
configure:3743: checking whether we are cross compiling
configure:3751: /home/arun/Desktop/CheckCBox_Compiler/llvm/cmake-build-debug/bin/clang -o conftest -O2 -fwasmsbx -DWASM_SBX  -L/home/arun/Desktop/FlexC_EVAL/CVES/LinuxFlaw/WASM_SBX/ conftest.c -ldl -lstdc++ -lSBX_CON_LIB -lisc_lib_final >&5
configure:3755: $? = 0
configure:3762: ./conftest
configure:3766: $? = 0
configure:3781: result: no
configure:3786: checking for suffix of object files
configure:3809: /home/arun/Desktop/CheckCBox_Compiler/llvm/cmake-build-debug/bin/clang -c -O2 -fwasmsbx -DWASM_SBX  conftest.c >&5
configure:3813: $? = 0
configure:3835: result: o
configure:3839: checking whether the compiler supports GNU C
configure:3859: /home/arun/Desktop/CheckCBox_Compiler/llvm/cmake-build-debug/bin/clang -c -O2 -fwasmsbx -DWASM_SBX  conftest.c >&5
configure:3859: $? = 0
configure:3869: result: yes
configure:3880: checking whether /home/arun/Desktop/CheckCBox_Compiler/llvm/cmake-build-debug/bin/clang accepts -g
configure:3901: /home/arun/Desktop/CheckCBox_Compiler/llvm/cmake-build-debug/bin/clang -c -g  conftest.c >&5
configure:3901: $? = 0
configure:3945: result: yes
configure:3965: checking for /home/arun/Desktop/CheckCBox_Compiler/llvm/cmake-build-debug/bin/clang option to enable C11 features
configure:3980: /home/arun/Desktop/CheckCBox_Compiler/llvm/cmake-build-debug/bin/clang  -c -O2 -fwasmsbx -DWASM_SBX  conftest.c >&5
configure:3980: $? = 0
configure:3998: result: none needed
configure:4114: checking whether /home/arun/Desktop/CheckCBox_Compiler/llvm/cmake-build-debug/bin/clang understands -c and -o together
configure:4137: /home/arun/Desktop/CheckCBox_Compiler/llvm/cmake-build-debug/bin/clang -c conftest.c -o conftest2.o
configure:4140: $? = 0
configure:4137: /home/arun/Desktop/CheckCBox_Compiler/llvm/cmake-build-debug/bin/clang -c conftest.c -o conftest2.o
configure:4140: $? = 0
configure:4152: result: yes
configure:4172: checking whether make supports the include directive
configure:4187: make -f confmf.GNU && cat confinc.out
this is the am__doit target
configure:4190: $? = 0
configure:4209: result: yes (GNU style)
configure:4235: checking dependency style of /home/arun/Desktop/CheckCBox_Compiler/llvm/cmake-build-debug/bin/clang
configure:4347: result: gcc3
configure:4365: checking for pthread_create in -lpthread
configure:4388: /home/arun/Desktop/CheckCBox_Compiler/llvm/cmake-build-debug/bin/clang -o conftest -O2 -fwasmsbx -DWASM_SBX  -L/home/arun/Desktop/FlexC_EVAL/CVES/LinuxFlaw/WASM_SBX/ conftest.c -lpthread  -ldl -lstdc++ -lSBX_CON_LIB -lisc_lib_final >&5
configure:4388: $? = 0
configure:4398: result: yes
configure:4415: checking for stdio.h
configure:4415: /home/arun/Desktop/CheckCBox_Compiler/llvm/cmake-build-debug/bin/clang -c -O2 -fwasmsbx -DWASM_SBX  conftest.c >&5
configure:4415: $? = 0
configure:4415: result: yes
configure:4415: checking for stdlib.h
configure:4415: /home/arun/Desktop/CheckCBox_Compiler/llvm/cmake-build-debug/bin/clang -c -O2 -fwasmsbx -DWASM_SBX  conftest.c >&5
configure:4415: $? = 0
configure:4415: result: yes
configure:4415: checking for string.h
configure:4415: /home/arun/Desktop/CheckCBox_Compiler/llvm/cmake-build-debug/bin/clang -c -O2 -fwasmsbx -DWASM_SBX  conftest.c >&5
configure:4415: $? = 0
configure:4415: result: yes
configure:4415: checking for inttypes.h
configure:4415: /home/arun/Desktop/CheckCBox_Compiler/llvm/cmake-build-debug/bin/clang -c -O2 -fwasmsbx -DWASM_SBX  conftest.c >&5
configure:4415: $? = 0
configure:4415: result: yes
configure:4415: checking for stdint.h
configure:4415: /home/arun/Desktop/CheckCBox_Compiler/llvm/cmake-build-debug/bin/clang -c -O2 -fwasmsbx -DWASM_SBX  conftest.c >&5
configure:4415: $? = 0
configure:4415: result: yes
configure:4415: checking for strings.h
configure:4415: /home/arun/Desktop/CheckCBox_Compiler/llvm/cmake-build-debug/bin/clang -c -O2 -fwasmsbx -DWASM_SBX  conftest.c >&5
configure:4415: $? = 0
configure:4415: result: yes
configure:4415: checking for sys/stat.h
configure:4415: /home/arun/Desktop/CheckCBox_Compiler/llvm/cmake-build-debug/bin/clang -c -O2 -fwasmsbx -DWASM_SBX  conftest.c >&5
configure:4415: $? = 0
configure:4415: result: yes
configure:4415: checking for sys/types.h
configure:4415: /home/arun/Desktop/CheckCBox_Compiler/llvm/cmake-build-debug/bin/clang -c -O2 -fwasmsbx -DWASM_SBX  conftest.c >&5
configure:4415: $? = 0
configure:4415: result: yes
configure:4415: checking for unistd.h
configure:4415: /home/arun/Desktop/CheckCBox_Compiler/llvm/cmake-build-debug/bin/clang -c -O2 -fwasmsbx -DWASM_SBX  conftest.c >&5
configure:4415: $? = 0
configure:4415: result: yes
configure:4415: checking for sys/time.h
configure:4415: /home/arun/Desktop/CheckCBox_Compiler/llvm/cmake-build-debug/bin/clang -c -O2 -fwasmsbx -DWASM_SBX  conftest.c >&5
configure:4415: $? = 0
configure:4415: result: yes
configure:4440: checking for grep that handles long lines and -e
configure:4504: result: /usr/bin/grep
configure:4512: checking for egrep
configure:4580: result: /usr/bin/grep -E
configure:4586: checking for ncurses.h
configure:4586: /home/arun/Desktop/CheckCBox_Compiler/llvm/cmake-build-debug/bin/clang -c -O2 -fwasmsbx -DWASM_SBX  conftest.c >&5
configure:4586: $? = 0
configure:4586: result: yes
configure:4592: checking for curses.h
configure:4592: /home/arun/Desktop/CheckCBox_Compiler/llvm/cmake-build-debug/bin/clang -c -O2 -fwasmsbx -DWASM_SBX  conftest.c >&5
configure:4592: $? = 0
configure:4592: result: yes
configure:4598: checking for strings.h
configure:4598: result: yes
configure:4604: checking for malloc.h
configure:4604: /home/arun/Desktop/CheckCBox_Compiler/llvm/cmake-build-debug/bin/clang -c -O2 -fwasmsbx -DWASM_SBX  conftest.c >&5
configure:4604: $? = 0
configure:4604: result: yes
configure:4610: checking for sys/time.h
configure:4610: result: yes
configure:4616: checking for unistd.h
configure:4616: result: yes
configure:4622: checking for sys/types.h
configure:4622: result: yes
configure:4628: checking for sys/socket.h
configure:4628: /home/arun/Desktop/CheckCBox_Compiler/llvm/cmake-build-debug/bin/clang -c -O2 -fwasmsbx -DWASM_SBX  conftest.c >&5
configure:4628: $? = 0
configure:4628: result: yes
configure:4635: checking for initscr in -lncurses
configure:4658: /home/arun/Desktop/CheckCBox_Compiler/llvm/cmake-build-debug/bin/clang -o conftest -O2 -fwasmsbx -DWASM_SBX  -L/home/arun/Desktop/FlexC_EVAL/CVES/LinuxFlaw/WASM_SBX/ conftest.c -lncurses  -lpthread -ldl -lstdc++ -lSBX_CON_LIB -lisc_lib_final >&5
configure:4658: $? = 0
configure:4668: result: yes
configure:4741: checking for an ANSI C-conforming const
configure:4808: /home/arun/Desktop/CheckCBox_Compiler/llvm/cmake-build-debug/bin/clang -c -O2 -fwasmsbx -DWASM_SBX  conftest.c >&5
configure:4808: $? = 0
configure:4816: result: yes
configure:4824: checking for size_t
configure:4824: /home/arun/Desktop/CheckCBox_Compiler/llvm/cmake-build-debug/bin/clang -c -O2 -fwasmsbx -DWASM_SBX  conftest.c >&5
configure:4824: $? = 0
configure:4824: /home/arun/Desktop/CheckCBox_Compiler/llvm/cmake-build-debug/bin/clang -c -O2 -fwasmsbx -DWASM_SBX  conftest.c >&5
conftest.c:64:21: error: expected expression
if (sizeof ((size_t)))
                    ^
1 error generated.
configure:4824: $? = 1
configure: failed program was:
| /* confdefs.h */
| #define PACKAGE_NAME ""
| #define PACKAGE_TARNAME ""
| #define PACKAGE_VERSION ""
| #define PACKAGE_STRING ""
| #define PACKAGE_BUGREPORT ""
| #define PACKAGE_URL ""
| #define PACKAGE "prozilla"
| #define VERSION "1.3.6"
| #define HAVE_LIBPTHREAD 1
| #define HAVE_STDIO_H 1
| #define HAVE_STDLIB_H 1
| #define HAVE_STRING_H 1
| #define HAVE_INTTYPES_H 1
| #define HAVE_STDINT_H 1
| #define HAVE_STRINGS_H 1
| #define HAVE_SYS_STAT_H 1
| #define HAVE_SYS_TYPES_H 1
| #define HAVE_UNISTD_H 1
| #define HAVE_SYS_TIME_H 1
| #define STDC_HEADERS 1
| #define HAVE_NCURSES_H 1
| #define HAVE_CURSES_H 1
| #define HAVE_STRINGS_H 1
| #define HAVE_MALLOC_H 1
| #define HAVE_SYS_TIME_H 1
| #define HAVE_UNISTD_H 1
| #define HAVE_SYS_TYPES_H 1
| #define HAVE_SYS_SOCKET_H 1
| #define HAVE_LIBNCURSES 1
| #define HAVE_CURSES 1
| /* end confdefs.h.  */
| #include <stddef.h>
| #ifdef HAVE_STDIO_H
| # include <stdio.h>
| #endif
| #ifdef HAVE_STDLIB_H
| # include <stdlib.h>
| #endif
| #ifdef HAVE_STRING_H
| # include <string.h>
| #endif
| #ifdef HAVE_INTTYPES_H
| # include <inttypes.h>
| #endif
| #ifdef HAVE_STDINT_H
| # include <stdint.h>
| #endif
| #ifdef HAVE_STRINGS_H
| # include <strings.h>
| #endif
| #ifdef HAVE_SYS_TYPES_H
| # include <sys/types.h>
| #endif
| #ifdef HAVE_SYS_STAT_H
| # include <sys/stat.h>
| #endif
| #ifdef HAVE_UNISTD_H
| # include <unistd.h>
| #endif
| int
| main (void)
| {
| if (sizeof ((size_t)))
| 	    return 0;
|   ;
|   return 0;
| }
configure:4824: result: yes
configure:4844: checking for socklen_t
configure:4863: /home/arun/Desktop/CheckCBox_Compiler/llvm/cmake-build-debug/bin/clang -c -O2 -fwasmsbx -DWASM_SBX  conftest.c >&5
configure:4863: $? = 0
configure:4872: result: yes
configure:4892: checking for vprintf
configure:4892: /home/arun/Desktop/CheckCBox_Compiler/llvm/cmake-build-debug/bin/clang -o conftest -O2 -fwasmsbx -DWASM_SBX  -L/home/arun/Desktop/FlexC_EVAL/CVES/LinuxFlaw/WASM_SBX/ conftest.c -lncurses -lpthread -ldl -lstdc++ -lSBX_CON_LIB -lisc_lib_final >&5
conftest.c:50:6: warning: incompatible redeclaration of library function 'vprintf' [-Wincompatible-library-redeclaration]
char vprintf ();
     ^
conftest.c:50:6: note: 'vprintf' is a builtin with type 'int (const char *, struct __va_list_tag *)'
1 warning generated.
configure:4892: $? = 0
configure:4892: result: yes
configure:4913: checking for gettimeofday
configure:4913: /home/arun/Desktop/CheckCBox_Compiler/llvm/cmake-build-debug/bin/clang -o conftest -O2 -fwasmsbx -DWASM_SBX  -L/home/arun/Desktop/FlexC_EVAL/CVES/LinuxFlaw/WASM_SBX/ conftest.c -lncurses -lpthread -ldl -lstdc++ -lSBX_CON_LIB -lisc_lib_final >&5
configure:4913: $? = 0
configure:4913: result: yes
configure:4919: checking for select
configure:4919: /home/arun/Desktop/CheckCBox_Compiler/llvm/cmake-build-debug/bin/clang -o conftest -O2 -fwasmsbx -DWASM_SBX  -L/home/arun/Desktop/FlexC_EVAL/CVES/LinuxFlaw/WASM_SBX/ conftest.c -lncurses -lpthread -ldl -lstdc++ -lSBX_CON_LIB -lisc_lib_final >&5
configure:4919: $? = 0
configure:4919: result: yes
configure:4925: checking for socket
configure:4925: /home/arun/Desktop/CheckCBox_Compiler/llvm/cmake-build-debug/bin/clang -o conftest -O2 -fwasmsbx -DWASM_SBX  -L/home/arun/Desktop/FlexC_EVAL/CVES/LinuxFlaw/WASM_SBX/ conftest.c -lncurses -lpthread -ldl -lstdc++ -lSBX_CON_LIB -lisc_lib_final >&5
configure:4925: $? = 0
configure:4925: result: yes
configure:4931: checking for strdup
configure:4931: /home/arun/Desktop/CheckCBox_Compiler/llvm/cmake-build-debug/bin/clang -o conftest -O2 -fwasmsbx -DWASM_SBX  -L/home/arun/Desktop/FlexC_EVAL/CVES/LinuxFlaw/WASM_SBX/ conftest.c -lncurses -lpthread -ldl -lstdc++ -lSBX_CON_LIB -lisc_lib_final >&5
conftest.c:54:6: warning: incompatible redeclaration of library function 'strdup' [-Wincompatible-library-redeclaration]
char strdup ();
     ^
conftest.c:54:6: note: 'strdup' is a builtin with type 'char *(const char *)'
1 warning generated.
configure:4931: $? = 0
configure:4931: result: yes
configure:4937: checking for strerror
configure:4937: /home/arun/Desktop/CheckCBox_Compiler/llvm/cmake-build-debug/bin/clang -o conftest -O2 -fwasmsbx -DWASM_SBX  -L/home/arun/Desktop/FlexC_EVAL/CVES/LinuxFlaw/WASM_SBX/ conftest.c -lncurses -lpthread -ldl -lstdc++ -lSBX_CON_LIB -lisc_lib_final >&5
conftest.c:55:6: warning: incompatible redeclaration of library function 'strerror' [-Wincompatible-library-redeclaration]
char strerror ();
     ^
conftest.c:55:6: note: 'strerror' is a builtin with type 'char *(int)'
1 warning generated.
configure:4937: $? = 0
configure:4937: result: yes
configure:4943: checking for strstr
configure:4943: /home/arun/Desktop/CheckCBox_Compiler/llvm/cmake-build-debug/bin/clang -o conftest -O2 -fwasmsbx -DWASM_SBX  -L/home/arun/Desktop/FlexC_EVAL/CVES/LinuxFlaw/WASM_SBX/ conftest.c -lncurses -lpthread -ldl -lstdc++ -lSBX_CON_LIB -lisc_lib_final >&5
conftest.c:56:6: warning: incompatible redeclaration of library function 'strstr' [-Wincompatible-library-redeclaration]
char strstr ();
     ^
conftest.c:56:6: note: 'strstr' is a builtin with type 'char *(const char *, const char *)'
1 warning generated.
configure:4943: $? = 0
configure:4943: result: yes
configure:4951: checking for which type of gethostbyname_r
configure:4958: checking for gethostbyname_r
configure:4958: /home/arun/Desktop/CheckCBox_Compiler/llvm/cmake-build-debug/bin/clang -o conftest -O2 -fwasmsbx -DWASM_SBX  -L/home/arun/Desktop/FlexC_EVAL/CVES/LinuxFlaw/WASM_SBX/ conftest.c -lncurses -lpthread -ldl -lstdc++ -lSBX_CON_LIB -lisc_lib_final >&5
configure:4958: $? = 0
configure:4958: result: yes
configure:4982: /home/arun/Desktop/CheckCBox_Compiler/llvm/cmake-build-debug/bin/clang -c -O2 -fwasmsbx -DWASM_SBX  conftest.c >&5
conftest.c:51:29: error: variable has incomplete type 'struct hostent_data'
        struct hostent_data data;
                            ^
conftest.c:51:16: note: forward declaration of 'struct hostent_data'
        struct hostent_data data;
               ^
1 error generated.
configure:4982: $? = 1
configure: failed program was:
| /* confdefs.h */
| #define PACKAGE_NAME ""
| #define PACKAGE_TARNAME ""
| #define PACKAGE_VERSION ""
| #define PACKAGE_STRING ""
| #define PACKAGE_BUGREPORT ""
| #define PACKAGE_URL ""
| #define PACKAGE "prozilla"
| #define VERSION "1.3.6"
| #define HAVE_LIBPTHREAD 1
| #define HAVE_STDIO_H 1
| #define HAVE_STDLIB_H 1
| #define HAVE_STRING_H 1
| #define HAVE_INTTYPES_H 1
| #define HAVE_STDINT_H 1
| #define HAVE_STRINGS_H 1
| #define HAVE_SYS_STAT_H 1
| #define HAVE_SYS_TYPES_H 1
| #define HAVE_UNISTD_H 1
| #define HAVE_SYS_TIME_H 1
| #define STDC_HEADERS 1
| #define HAVE_NCURSES_H 1
| #define HAVE_CURSES_H 1
| #define HAVE_STRINGS_H 1
| #define HAVE_MALLOC_H 1
| #define HAVE_SYS_TIME_H 1
| #define HAVE_UNISTD_H 1
| #define HAVE_SYS_TYPES_H 1
| #define HAVE_SYS_SOCKET_H 1
| #define HAVE_LIBNCURSES 1
| #define HAVE_CURSES 1
| #define TIME_WITH_SYS_TIME 1
| #define HAVE_VPRINTF 1
| #define HAVE_GETTIMEOFDAY 1
| #define HAVE_SELECT 1
| #define HAVE_SOCKET 1
| #define HAVE_STRDUP 1
| #define HAVE_STRERROR 1
| #define HAVE_STRSTR 1
| /* end confdefs.h.  */
| 
| #               include <netdb.h>
| 
| int
| main (void)
| {
| 
| 
|         char *name;
|         struct hostent *he;
|         struct hostent_data data;
|         (void) gethostbyname_r(name, he, &data);
| 
| 
|   ;
|   return 0;
| }
configure:5007: /home/arun/Desktop/CheckCBox_Compiler/llvm/cmake-build-debug/bin/clang -c -O2 -fwasmsbx -DWASM_SBX  conftest.c >&5
configure:5007: $? = 0
configure:5055: result: six
configure:5174: checking that generated files are newer than configure
configure:5180: result: done
configure:5203: creating ./config.status

## ---------------------- ##
## Running config.status. ##
## ---------------------- ##

This file was extended by config.status, which was
generated by GNU Autoconf 2.71.  Invocation command line was

  CONFIG_FILES    = 
  CONFIG_HEADERS  = 
  CONFIG_LINKS    = 
  CONFIG_COMMANDS = 
  $ ./config.status 

on arun-GL65-Leopard-10SEK

config.status:871: creating src/Makefile
config.status:871: creating man/Makefile
config.status:871: creating Makefile
config.status:871: creating config.h
config.status:1100: executing depfiles commands
config.status:1177: cd src       && sed -e '/# am--include-marker/d' Makefile         | make -f - am--depfiles
config.status:1182: $? = 0

## ---------------- ##
## Cache variables. ##
## ---------------- ##

ac_cv_c_compiler_gnu=yes
ac_cv_c_const=yes
ac_cv_env_CC_set=set
ac_cv_env_CC_value=/home/arun/Desktop/CheckCBox_Compiler/llvm/cmake-build-debug/bin/clang
ac_cv_env_CFLAGS_set=set
ac_cv_env_CFLAGS_value='-O2 -fwasmsbx -DWASM_SBX'
ac_cv_env_CPPFLAGS_set=
ac_cv_env_CPPFLAGS_value=
ac_cv_env_LDFLAGS_set=set
ac_cv_env_LDFLAGS_value=-L/home/arun/Desktop/FlexC_EVAL/CVES/LinuxFlaw/WASM_SBX/
ac_cv_env_LIBS_set=set
ac_cv_env_LIBS_value='-ldl -lstdc++ -lSBX_CON_LIB -lisc_lib_final'
ac_cv_env_build_alias_set=
ac_cv_env_build_alias_value=
ac_cv_env_host_alias_set=
ac_cv_env_host_alias_value=
ac_cv_env_target_alias_set=
ac_cv_env_target_alias_value=
ac_cv_func_gethostbyname_r=yes
ac_cv_func_gettimeofday=yes
ac_cv_func_select=yes
ac_cv_func_setvbuf_reversed=no
ac_cv_func_socket=yes
ac_cv_func_strdup=yes
ac_cv_func_strerror=yes
ac_cv_func_strstr=yes
ac_cv_func_vprintf=yes
ac_cv_func_which_gethostname_r=six
ac_cv_header_curses_h=yes
ac_cv_header_inttypes_h=yes
ac_cv_header_malloc_h=yes
ac_cv_header_ncurses_h=yes
ac_cv_header_stdint_h=yes
ac_cv_header_stdio_h=yes
ac_cv_header_stdlib_h=yes
ac_cv_header_string_h=yes
ac_cv_header_strings_h=yes
ac_cv_header_sys_socket_h=yes
ac_cv_header_sys_stat_h=yes
ac_cv_header_sys_time_h=yes
ac_cv_header_sys_types_h=yes
ac_cv_header_unistd_h=yes
ac_cv_lib_ncurses_initscr=yes
ac_cv_lib_pthread_pthread_create=yes
ac_cv_objext=o
ac_cv_path_EGREP='/usr/bin/grep -E'
ac_cv_path_GREP=/usr/bin/grep
ac_cv_path_install='/usr/bin/install -c'
ac_cv_path_mkdir=/usr/bin/mkdir
ac_cv_prog_AWK=gawk
ac_cv_prog_ac_ct_CC=/home/arun/Desktop/CheckCBox_Compiler/llvm/cmake-build-debug/bin/clang
ac_cv_prog_cc_c11=
ac_cv_prog_cc_g=yes
ac_cv_prog_cc_stdc=
ac_cv_prog_make_make_set=yes
ac_cv_type_size_t=yes
ac_cv_type_socklen_t=yes
am_cv_CC_dependencies_compiler_type=gcc3
am_cv_make_support_nested_variables=yes
am_cv_prog_cc_c_o=yes

## ----------------- ##
## Output variables. ##
## ----------------- ##

ACLOCAL='${SHELL} '\''/home/arun/Desktop/FlexC_EVAL/CVES/LinuxFlaw/CVE-2004-1120/prozilla-1.3.6/missing'\'' aclocal-1.16'
AMDEPBACKSLASH='\'
AMDEP_FALSE='#'
AMDEP_TRUE=''
AMTAR='$${TAR-tar}'
AM_BACKSLASH='\'
AM_DEFAULT_V='$(AM_DEFAULT_VERBOSITY)'
AM_DEFAULT_VERBOSITY='1'
AM_V='$(V)'
AUTOCONF='${SHELL} '\''/home/arun/Desktop/FlexC_EVAL/CVES/LinuxFlaw/CVE-2004-1120/prozilla-1.3.6/missing'\'' autoconf'
AUTOHEADER='${SHELL} '\''/home/arun/Desktop/FlexC_EVAL/CVES/LinuxFlaw/CVE-2004-1120/prozilla-1.3.6/missing'\'' autoheader'
AUTOMAKE='${SHELL} '\''/home/arun/Desktop/FlexC_EVAL/CVES/LinuxFlaw/CVE-2004-1120/prozilla-1.3.6/missing'\'' automake-1.16'
AWK='gawk'
CC='/home/arun/Desktop/CheckCBox_Compiler/llvm/cmake-build-debug/bin/clang'
CCDEPMODE='depmode=gcc3'
CFLAGS='-O2 -fwasmsbx -DWASM_SBX'
CPPFLAGS=''
CSCOPE='cscope'
CTAGS='ctags'
CYGPATH_W='echo'
DEFS='-DHAVE_CONFIG_H'
DEPDIR='.deps'
ECHO_C=''
ECHO_N='-n'
ECHO_T=''
EGREP='/usr/bin/grep -E'
ETAGS='etags'
EXEEXT=''
GREP='/usr/bin/grep'
INSTALL_DATA='${INSTALL} -m 644'
INSTALL_PROGRAM='${INSTALL}'
INSTALL_SCRIPT='${INSTALL}'
INSTALL_STRIP_PROGRAM='$(install_sh) -c -s'
LDFLAGS='-L/home/arun/Desktop/FlexC_EVAL/CVES/LinuxFlaw/WASM_SBX/'
LIBOBJS=''
LIBS='-lncurses -lpthread -ldl -lstdc++ -lSBX_CON_LIB -lisc_lib_final'
LTLIBOBJS=''
MAKEINFO='${SHELL} '\''/home/arun/Desktop/FlexC_EVAL/CVES/LinuxFlaw/CVE-2004-1120/prozilla-1.3.6/missing'\'' makeinfo'
MKDIR_P='/usr/bin/mkdir -p'
OBJEXT='o'
PACKAGE='prozilla'
PACKAGE_BUGREPORT=''
PACKAGE_NAME=''
PACKAGE_STRING=''
PACKAGE_TARNAME=''
PACKAGE_URL=''
PACKAGE_VERSION=''
PATH_SEPARATOR=':'
SET_MAKE=''
SHELL='/bin/bash'
STRIP=''
VERSION='1.3.6'
ac_ct_CC='/home/arun/Desktop/CheckCBox_Compiler/llvm/cmake-build-debug/bin/clang'
am__EXEEXT_FALSE=''
am__EXEEXT_TRUE='#'
am__fastdepCC_FALSE='#'
am__fastdepCC_TRUE=''
am__include='include'
am__isrc=''
am__leading_dot='.'
am__nodep='_no'
am__quote=''
am__tar='$${TAR-tar} chof - "$$tardir"'
am__untar='$${TAR-tar} xf -'
bindir='${exec_prefix}/bin'
build_alias=''
datadir='${datarootdir}'
datarootdir='${prefix}/share'
docdir='${datarootdir}/doc/${PACKAGE}'
dvidir='${docdir}'
exec_prefix='${prefix}'
host_alias=''
htmldir='${docdir}'
includedir='${prefix}/include'
infodir='${datarootdir}/info'
install_sh='${SHELL} /home/arun/Desktop/FlexC_EVAL/CVES/LinuxFlaw/CVE-2004-1120/prozilla-1.3.6/install-sh'
libdir='${exec_prefix}/lib'
libexecdir='${exec_prefix}/libexec'
localedir='${datarootdir}/locale'
localstatedir='${prefix}/var'
mandir='${datarootdir}/man'
mkdir_p='$(MKDIR_P)'
oldincludedir='/usr/include'
pdfdir='${docdir}'
prefix='/usr/local'
program_transform_name='s,x,x,'
psdir='${docdir}'
runstatedir='${localstatedir}/run'
sbindir='${exec_prefix}/sbin'
sharedstatedir='${prefix}/com'
sysconfdir='${prefix}/etc'
target_alias=''

## ----------- ##
## confdefs.h. ##
## ----------- ##

/* confdefs.h */
#define PACKAGE_NAME ""
#define PACKAGE_TARNAME ""
#define PACKAGE_VERSION ""
#define PACKAGE_STRING ""
#define PACKAGE_BUGREPORT ""
#define PACKAGE_URL ""
#define PACKAGE "prozilla"
#define VERSION "1.3.6"
#define HAVE_LIBPTHREAD 1
#define HAVE_STDIO_H 1
#define HAVE_STDLIB_H 1
#define HAVE_STRING_H 1
#define HAVE_INTTYPES_H 1
#define HAVE_STDINT_H 1
#define HAVE_STRINGS_H 1
#define HAVE_SYS_STAT_H 1
#define HAVE_SYS_TYPES_H 1
#define HAVE_UNISTD_H 1
#define HAVE_SYS_TIME_H 1
#define STDC_HEADERS 1
#define HAVE_NCURSES_H 1
#define HAVE_CURSES_H 1
#define HAVE_STRINGS_H 1
#define HAVE_MALLOC_H 1
#define HAVE_SYS_TIME_H 1
#define HAVE_UNISTD_H 1
#define HAVE_SYS_TYPES_H 1
#define HAVE_SYS_SOCKET_H 1
#define HAVE_LIBNCURSES 1
#define HAVE_CURSES 1
#define TIME_WITH_SYS_TIME 1
#define HAVE_VPRINTF 1
#define HAVE_GETTIMEOFDAY 1
#define HAVE_SELECT 1
#define HAVE_SOCKET 1
#define HAVE_STRDUP 1
#define HAVE_STRERROR 1
#define HAVE_STRSTR 1
#define HAVE_FUNC_GETHOSTBYNAME_R_6 1

configure: exit 0
