This file contains any messages produced by compilers while
running configure, to aid debugging if configure makes a mistake.

It was created by configure, which was
generated by GNU Autoconf 2.71.  Invocation command line was

  $ ./configure CC=/home/arun/Desktop/CheckCBox_Compiler/llvm/cmake-build-debug/bin/clang 'CFLAGS=-g -fPIC -fwasmsbx -DWASM_SBX -DBUGFIX' LDFLAGS=-L/home/arun/Desktop/FlexC_EVAL/CVES/LinuxFlaw/CVE-2017-9204/imageworsener-1.3.1/WASM_LIB 'LIBS=-ldl -lstdc++ -lSBX_CON_LIB -lisc_lib_final' --no-create --no-recursion

## --------- ##
## Platform. ##
## --------- ##

hostname = arun-GL65-Leopard-10SEK
uname -m = x86_64
uname -r = 5.19.0-38-generic
uname -s = Linux
uname -v = #39~22.04.1-Ubuntu SMP PREEMPT_DYNAMIC Fri Mar 17 21:16:15 UTC 2

/usr/bin/uname -p = x86_64
/bin/uname -X     = unknown

/bin/arch              = x86_64
/usr/bin/arch -k       = unknown
/usr/convex/getsysinfo = unknown
/usr/bin/hostinfo      = unknown
/bin/machine           = unknown
/usr/bin/oslevel       = unknown
/bin/universe          = unknown

PATH: /home/linuxbrew/.linuxbrew/bin/
PATH: /home/linuxbrew/.linuxbrew/sbin/
PATH: /home/arun/.local/bin/
PATH: /usr/local/go/bin/
PATH: /usr/local/sbin/
PATH: /usr/local/bin/
PATH: /usr/sbin/
PATH: /usr/bin/
PATH: /sbin/
PATH: /bin/
PATH: /usr/games/
PATH: /usr/local/games/
PATH: /snap/bin/
PATH: /snap/bin/
PATH: /home/arun/go/bin/
PATH: /usr/bin/
PATH: /home/linuxbrew/.linuxbrew/bin/
PATH: /home/arun/Desktop/macro/checkedc-llvm-project/llvm/cmake-build-debug/bin/
PATH: /home/arun/Desktop/06/bin/
PATH: /home/linuxbrew/.linuxbrew/bin/
PATH: /home/arun/Desktop/macro/checkedc-llvm-project/llvm/cmake-build-debug/bin/
PATH: /home/arun/Desktop/06/bin/
PATH: /home/linuxbrew/.linuxbrew/bin/
PATH: /home/arun/Desktop/macro/checkedc-llvm-project/llvm/cmake-build-debug/bin/
PATH: /home/arun/Desktop/06/bin/
PATH: /home/linuxbrew/.linuxbrew/bin/
PATH: /home/arun/Desktop/macro/checkedc-llvm-project/llvm/cmake-build-debug/bin/
PATH: /home/arun/Desktop/06/bin/
PATH: /home/arun/Desktop/CheckCBox_Compiler/llvm/cmake-build-debug/bin/


## ----------- ##
## Core tests. ##
## ----------- ##

configure:2514: looking for aux files: compile missing install-sh
configure:2527:  trying ./
configure:2556:   ./compile found
configure:2556:   ./missing found
configure:2538:   ./install-sh found
configure:2686: checking for a BSD-compatible install
configure:2759: result: /usr/bin/install -c
configure:2770: checking whether build environment is sane
configure:2825: result: yes
configure:2984: checking for a race-free mkdir -p
configure:3028: result: /usr/bin/mkdir -p
configure:3035: checking for gawk
configure:3056: found /usr/bin/gawk
configure:3067: result: gawk
configure:3078: checking whether make sets $(MAKE)
configure:3101: result: yes
configure:3131: checking whether make supports nested variables
configure:3149: result: yes
configure:3352: checking for gcc
configure:3384: result: /home/arun/Desktop/CheckCBox_Compiler/llvm/cmake-build-debug/bin/clang
configure:3737: checking for C compiler version
configure:3746: /home/arun/Desktop/CheckCBox_Compiler/llvm/cmake-build-debug/bin/clang --version >&5
clang version 12.0.0 (https://github.com/arunkumarbhattar/CheckCBox_Compiler.git 2f87fe88a16b45255779992281242d01ed17427c)
Target: x86_64-unknown-linux-gnu
Thread model: posix
InstalledDir: /home/arun/Desktop/CheckCBox_Compiler/llvm/cmake-build-debug/bin
configure:3757: $? = 0
configure:3746: /home/arun/Desktop/CheckCBox_Compiler/llvm/cmake-build-debug/bin/clang -v >&5
clang version 12.0.0 (https://github.com/arunkumarbhattar/CheckCBox_Compiler.git 2f87fe88a16b45255779992281242d01ed17427c)
Target: x86_64-unknown-linux-gnu
Thread model: posix
InstalledDir: /home/arun/Desktop/CheckCBox_Compiler/llvm/cmake-build-debug/bin
Found candidate GCC installation: /usr/lib/gcc/x86_64-linux-gnu/11
Found candidate GCC installation: /usr/lib/gcc/x86_64-linux-gnu/12
Found candidate GCC installation: /usr/lib/gcc/x86_64-linux-gnu/9
Selected GCC installation: /usr/lib/gcc/x86_64-linux-gnu/12
Candidate multilib: .;@m64
Selected multilib: .;@m64
... rest of stderr output deleted ...
configure:3757: $? = 0
configure:3746: /home/arun/Desktop/CheckCBox_Compiler/llvm/cmake-build-debug/bin/clang -V >&5
clang-12: error: argument to '-V' is missing (expected 1 value)
clang-12: error: no input files
configure:3757: $? = 1
configure:3746: /home/arun/Desktop/CheckCBox_Compiler/llvm/cmake-build-debug/bin/clang -qversion >&5
clang-12: error: unknown argument '-qversion'; did you mean '--version'?
clang-12: error: no input files
configure:3757: $? = 1
configure:3746: /home/arun/Desktop/CheckCBox_Compiler/llvm/cmake-build-debug/bin/clang -version >&5
clang-12: error: unknown argument '-version'; did you mean '--version'?
clang-12: error: no input files
configure:3757: $? = 1
configure:3777: checking whether the C compiler works
configure:3799: /home/arun/Desktop/CheckCBox_Compiler/llvm/cmake-build-debug/bin/clang -g -fPIC -fwasmsbx -DWASM_SBX -DBUGFIX  -L/home/arun/Desktop/FlexC_EVAL/CVES/LinuxFlaw/CVE-2017-9204/imageworsener-1.3.1/WASM_LIB conftest.c -ldl -lstdc++ -lSBX_CON_LIB -lisc_lib_final >&5
configure:3803: $? = 0
configure:3853: result: yes
configure:3856: checking for C compiler default output file name
configure:3858: result: a.out
configure:3864: checking for suffix of executables
configure:3871: /home/arun/Desktop/CheckCBox_Compiler/llvm/cmake-build-debug/bin/clang -o conftest -g -fPIC -fwasmsbx -DWASM_SBX -DBUGFIX  -L/home/arun/Desktop/FlexC_EVAL/CVES/LinuxFlaw/CVE-2017-9204/imageworsener-1.3.1/WASM_LIB conftest.c -ldl -lstdc++ -lSBX_CON_LIB -lisc_lib_final >&5
configure:3875: $? = 0
configure:3898: result: 
configure:3920: checking whether we are cross compiling
configure:3928: /home/arun/Desktop/CheckCBox_Compiler/llvm/cmake-build-debug/bin/clang -o conftest -g -fPIC -fwasmsbx -DWASM_SBX -DBUGFIX  -L/home/arun/Desktop/FlexC_EVAL/CVES/LinuxFlaw/CVE-2017-9204/imageworsener-1.3.1/WASM_LIB conftest.c -ldl -lstdc++ -lSBX_CON_LIB -lisc_lib_final >&5
configure:3932: $? = 0
configure:3939: ./conftest
configure:3943: $? = 0
configure:3958: result: no
configure:3963: checking for suffix of object files
configure:3986: /home/arun/Desktop/CheckCBox_Compiler/llvm/cmake-build-debug/bin/clang -c -g -fPIC -fwasmsbx -DWASM_SBX -DBUGFIX  conftest.c >&5
configure:3990: $? = 0
configure:4012: result: o
configure:4016: checking whether the compiler supports GNU C
configure:4036: /home/arun/Desktop/CheckCBox_Compiler/llvm/cmake-build-debug/bin/clang -c -g -fPIC -fwasmsbx -DWASM_SBX -DBUGFIX  conftest.c >&5
configure:4036: $? = 0
configure:4046: result: yes
configure:4057: checking whether /home/arun/Desktop/CheckCBox_Compiler/llvm/cmake-build-debug/bin/clang accepts -g
configure:4078: /home/arun/Desktop/CheckCBox_Compiler/llvm/cmake-build-debug/bin/clang -c -g  conftest.c >&5
configure:4078: $? = 0
configure:4122: result: yes
configure:4142: checking for /home/arun/Desktop/CheckCBox_Compiler/llvm/cmake-build-debug/bin/clang option to enable C11 features
configure:4157: /home/arun/Desktop/CheckCBox_Compiler/llvm/cmake-build-debug/bin/clang  -c -g -fPIC -fwasmsbx -DWASM_SBX -DBUGFIX  conftest.c >&5
configure:4157: $? = 0
configure:4175: result: none needed
configure:4291: checking whether /home/arun/Desktop/CheckCBox_Compiler/llvm/cmake-build-debug/bin/clang understands -c and -o together
configure:4314: /home/arun/Desktop/CheckCBox_Compiler/llvm/cmake-build-debug/bin/clang -c conftest.c -o conftest2.o
configure:4317: $? = 0
configure:4314: /home/arun/Desktop/CheckCBox_Compiler/llvm/cmake-build-debug/bin/clang -c conftest.c -o conftest2.o
configure:4317: $? = 0
configure:4329: result: yes
configure:4349: checking whether make supports the include directive
configure:4364: make -f confmf.GNU && cat confinc.out
make[1]: Entering directory '/home/arun/Desktop/FlexC_EVAL/CVES/LinuxFlaw/EDB-14904/fcrackzip-1.0'
make[1]: Leaving directory '/home/arun/Desktop/FlexC_EVAL/CVES/LinuxFlaw/EDB-14904/fcrackzip-1.0'
this is the am__doit target
configure:4367: $? = 0
configure:4386: result: yes (GNU style)
configure:4412: checking dependency style of /home/arun/Desktop/CheckCBox_Compiler/llvm/cmake-build-debug/bin/clang
configure:4524: result: gcc3
configure:4544: checking for stdio.h
configure:4544: /home/arun/Desktop/CheckCBox_Compiler/llvm/cmake-build-debug/bin/clang -c -g -fPIC -fwasmsbx -DWASM_SBX -DBUGFIX  conftest.c >&5
configure:4544: $? = 0
configure:4544: result: yes
configure:4544: checking for stdlib.h
configure:4544: /home/arun/Desktop/CheckCBox_Compiler/llvm/cmake-build-debug/bin/clang -c -g -fPIC -fwasmsbx -DWASM_SBX -DBUGFIX  conftest.c >&5
configure:4544: $? = 0
configure:4544: result: yes
configure:4544: checking for string.h
configure:4544: /home/arun/Desktop/CheckCBox_Compiler/llvm/cmake-build-debug/bin/clang -c -g -fPIC -fwasmsbx -DWASM_SBX -DBUGFIX  conftest.c >&5
configure:4544: $? = 0
configure:4544: result: yes
configure:4544: checking for inttypes.h
configure:4544: /home/arun/Desktop/CheckCBox_Compiler/llvm/cmake-build-debug/bin/clang -c -g -fPIC -fwasmsbx -DWASM_SBX -DBUGFIX  conftest.c >&5
configure:4544: $? = 0
configure:4544: result: yes
configure:4544: checking for stdint.h
configure:4544: /home/arun/Desktop/CheckCBox_Compiler/llvm/cmake-build-debug/bin/clang -c -g -fPIC -fwasmsbx -DWASM_SBX -DBUGFIX  conftest.c >&5
configure:4544: $? = 0
configure:4544: result: yes
configure:4544: checking for strings.h
configure:4544: /home/arun/Desktop/CheckCBox_Compiler/llvm/cmake-build-debug/bin/clang -c -g -fPIC -fwasmsbx -DWASM_SBX -DBUGFIX  conftest.c >&5
configure:4544: $? = 0
configure:4544: result: yes
configure:4544: checking for sys/stat.h
configure:4544: /home/arun/Desktop/CheckCBox_Compiler/llvm/cmake-build-debug/bin/clang -c -g -fPIC -fwasmsbx -DWASM_SBX -DBUGFIX  conftest.c >&5
configure:4544: $? = 0
configure:4544: result: yes
configure:4544: checking for sys/types.h
configure:4544: /home/arun/Desktop/CheckCBox_Compiler/llvm/cmake-build-debug/bin/clang -c -g -fPIC -fwasmsbx -DWASM_SBX -DBUGFIX  conftest.c >&5
configure:4544: $? = 0
configure:4544: result: yes
configure:4544: checking for unistd.h
configure:4544: /home/arun/Desktop/CheckCBox_Compiler/llvm/cmake-build-debug/bin/clang -c -g -fPIC -fwasmsbx -DWASM_SBX -DBUGFIX  conftest.c >&5
configure:4544: $? = 0
configure:4544: result: yes
configure:4569: checking for grep that handles long lines and -e
configure:4633: result: /usr/bin/grep
configure:4641: checking for egrep
configure:4709: result: /usr/bin/grep -E
configure:4720: checking size of short
configure:4726: /home/arun/Desktop/CheckCBox_Compiler/llvm/cmake-build-debug/bin/clang -o conftest -g -fPIC -fwasmsbx -DWASM_SBX -DBUGFIX  -L/home/arun/Desktop/FlexC_EVAL/CVES/LinuxFlaw/CVE-2017-9204/imageworsener-1.3.1/WASM_LIB conftest.c -ldl -lstdc++ -lSBX_CON_LIB -lisc_lib_final >&5
configure:4726: $? = 0
configure:4726: ./conftest
configure:4726: $? = 0
configure:4741: result: 2
configure:4753: checking size of int
configure:4759: /home/arun/Desktop/CheckCBox_Compiler/llvm/cmake-build-debug/bin/clang -o conftest -g -fPIC -fwasmsbx -DWASM_SBX -DBUGFIX  -L/home/arun/Desktop/FlexC_EVAL/CVES/LinuxFlaw/CVE-2017-9204/imageworsener-1.3.1/WASM_LIB conftest.c -ldl -lstdc++ -lSBX_CON_LIB -lisc_lib_final >&5
configure:4759: $? = 0
configure:4759: ./conftest
configure:4759: $? = 0
configure:4774: result: 4
configure:4786: checking size of long
configure:4792: /home/arun/Desktop/CheckCBox_Compiler/llvm/cmake-build-debug/bin/clang -o conftest -g -fPIC -fwasmsbx -DWASM_SBX -DBUGFIX  -L/home/arun/Desktop/FlexC_EVAL/CVES/LinuxFlaw/CVE-2017-9204/imageworsener-1.3.1/WASM_LIB conftest.c -ldl -lstdc++ -lSBX_CON_LIB -lisc_lib_final >&5
configure:4792: $? = 0
configure:4792: ./conftest
configure:4792: $? = 0
configure:4807: result: 8
configure:4816: checking for an ANSI C-conforming const
configure:4883: /home/arun/Desktop/CheckCBox_Compiler/llvm/cmake-build-debug/bin/clang -c -g -fPIC -fwasmsbx -DWASM_SBX -DBUGFIX  conftest.c >&5
configure:4883: $? = 0
configure:4891: result: yes
configure:4899: checking for inline
configure:4916: /home/arun/Desktop/CheckCBox_Compiler/llvm/cmake-build-debug/bin/clang -c -g -fPIC -fwasmsbx -DWASM_SBX -DBUGFIX  conftest.c >&5
configure:4916: $? = 0
configure:4925: result: inline
configure:4952: checking for perl5
configure:4987: result: no
configure:4952: checking for perl
configure:4973: found /usr/bin/perl
configure:4984: result: perl
configure:5009: checking for pgcc/egcs
configure:5021: checking for x86 asm
configure:5039: result: not x86
configure:5048: checking for stdbool.h
configure:5048: /home/arun/Desktop/CheckCBox_Compiler/llvm/cmake-build-debug/bin/clang -c -g -fPIC -fwasmsbx -DWASM_SBX -DBUGFIX -funroll-all-loops -O3  conftest.c >&5
clang-12: warning: optimization flag '-funroll-all-loops' is not supported [-Wignored-optimization-argument]
configure:5048: $? = 0
configure:5048: result: yes
configure:5054: checking for getopt.h
configure:5054: /home/arun/Desktop/CheckCBox_Compiler/llvm/cmake-build-debug/bin/clang -c -g -fPIC -fwasmsbx -DWASM_SBX -DBUGFIX -funroll-all-loops -O3  conftest.c >&5
clang-12: warning: optimization flag '-funroll-all-loops' is not supported [-Wignored-optimization-argument]
configure:5054: $? = 0
configure:5054: result: yes
configure:5060: checking for unistd.h
configure:5060: result: yes
configure:5066: checking for sys/time.h
configure:5066: /home/arun/Desktop/CheckCBox_Compiler/llvm/cmake-build-debug/bin/clang -c -g -fPIC -fwasmsbx -DWASM_SBX -DBUGFIX -funroll-all-loops -O3  conftest.c >&5
clang-12: warning: optimization flag '-funroll-all-loops' is not supported [-Wignored-optimization-argument]
configure:5066: $? = 0
configure:5066: result: yes
configure:5073: checking for gettimeofday
configure:5073: /home/arun/Desktop/CheckCBox_Compiler/llvm/cmake-build-debug/bin/clang -o conftest -g -fPIC -fwasmsbx -DWASM_SBX -DBUGFIX -funroll-all-loops -O3  -L/home/arun/Desktop/FlexC_EVAL/CVES/LinuxFlaw/CVE-2017-9204/imageworsener-1.3.1/WASM_LIB conftest.c -ldl -lstdc++ -lSBX_CON_LIB -lisc_lib_final >&5
clang-12: warning: optimization flag '-funroll-all-loops' is not supported [-Wignored-optimization-argument]
configure:5073: $? = 0
configure:5073: result: yes
configure:5083: checking for getopt_long
configure:5083: /home/arun/Desktop/CheckCBox_Compiler/llvm/cmake-build-debug/bin/clang -o conftest -g -fPIC -fwasmsbx -DWASM_SBX -DBUGFIX -funroll-all-loops -O3  -L/home/arun/Desktop/FlexC_EVAL/CVES/LinuxFlaw/CVE-2017-9204/imageworsener-1.3.1/WASM_LIB conftest.c -ldl -lstdc++ -lSBX_CON_LIB -lisc_lib_final >&5
clang-12: warning: optimization flag '-funroll-all-loops' is not supported [-Wignored-optimization-argument]
configure:5083: $? = 0
configure:5083: result: yes
configure:5212: checking that generated files are newer than configure
configure:5218: result: done
configure:5245: creating ./config.status

## ---------------- ##
## Cache variables. ##
## ---------------- ##

ac_cv_c_compiler_gnu=yes
ac_cv_c_const=yes
ac_cv_c_inline=inline
ac_cv_env_CC_set=set
ac_cv_env_CC_value=/home/arun/Desktop/CheckCBox_Compiler/llvm/cmake-build-debug/bin/clang
ac_cv_env_CFLAGS_set=set
ac_cv_env_CFLAGS_value='-g -fPIC -fwasmsbx -DWASM_SBX -DBUGFIX'
ac_cv_env_CPPFLAGS_set=
ac_cv_env_CPPFLAGS_value=
ac_cv_env_LDFLAGS_set=set
ac_cv_env_LDFLAGS_value=-L/home/arun/Desktop/FlexC_EVAL/CVES/LinuxFlaw/CVE-2017-9204/imageworsener-1.3.1/WASM_LIB
ac_cv_env_LIBS_set=set
ac_cv_env_LIBS_value='-ldl -lstdc++ -lSBX_CON_LIB -lisc_lib_final'
ac_cv_env_build_alias_set=
ac_cv_env_build_alias_value=
ac_cv_env_host_alias_set=
ac_cv_env_host_alias_value=
ac_cv_env_target_alias_set=
ac_cv_env_target_alias_value=
ac_cv_func_getopt_long=yes
ac_cv_func_gettimeofday=yes
ac_cv_header_getopt_h=yes
ac_cv_header_inttypes_h=yes
ac_cv_header_stdbool_h=yes
ac_cv_header_stdint_h=yes
ac_cv_header_stdio_h=yes
ac_cv_header_stdlib_h=yes
ac_cv_header_string_h=yes
ac_cv_header_strings_h=yes
ac_cv_header_sys_stat_h=yes
ac_cv_header_sys_time_h=yes
ac_cv_header_sys_types_h=yes
ac_cv_header_unistd_h=yes
ac_cv_objext=o
ac_cv_path_EGREP='/usr/bin/grep -E'
ac_cv_path_GREP=/usr/bin/grep
ac_cv_path_install='/usr/bin/install -c'
ac_cv_path_mkdir=/usr/bin/mkdir
ac_cv_prog_AWK=gawk
ac_cv_prog_PERL=perl
ac_cv_prog_ac_ct_CC=/home/arun/Desktop/CheckCBox_Compiler/llvm/cmake-build-debug/bin/clang
ac_cv_prog_cc_c11=
ac_cv_prog_cc_g=yes
ac_cv_prog_cc_stdc=
ac_cv_prog_make_make_set=yes
ac_cv_sizeof_int=4
ac_cv_sizeof_long=8
ac_cv_sizeof_short=2
am_cv_CC_dependencies_compiler_type=gcc3
am_cv_make_support_nested_variables=yes
am_cv_prog_cc_c_o=yes

## ----------------- ##
## Output variables. ##
## ----------------- ##

ACLOCAL='${SHELL} '\''/home/arun/Desktop/FlexC_EVAL/CVES/LinuxFlaw/EDB-14904/fcrackzip-1.0/missing'\'' aclocal-1.16'
AMDEPBACKSLASH='\'
AMDEP_FALSE='#'
AMDEP_TRUE=''
AMTAR='$${TAR-tar}'
AM_BACKSLASH='\'
AM_DEFAULT_V='$(AM_DEFAULT_VERBOSITY)'
AM_DEFAULT_VERBOSITY='1'
AM_V='$(V)'
AUTOCONF='${SHELL} '\''/home/arun/Desktop/FlexC_EVAL/CVES/LinuxFlaw/EDB-14904/fcrackzip-1.0/missing'\'' autoconf'
AUTOHEADER='${SHELL} '\''/home/arun/Desktop/FlexC_EVAL/CVES/LinuxFlaw/EDB-14904/fcrackzip-1.0/missing'\'' autoheader'
AUTOMAKE='${SHELL} '\''/home/arun/Desktop/FlexC_EVAL/CVES/LinuxFlaw/EDB-14904/fcrackzip-1.0/missing'\'' automake-1.16'
AWK='gawk'
CC='/home/arun/Desktop/CheckCBox_Compiler/llvm/cmake-build-debug/bin/clang'
CCDEPMODE='depmode=gcc3'
CFLAGS='-g -fPIC -fwasmsbx -DWASM_SBX -DBUGFIX -funroll-all-loops -O3'
CPPFLAGS=''
CSCOPE='cscope'
CTAGS='ctags'
CYGPATH_W='echo'
DEFS='-DHAVE_CONFIG_H'
DEPDIR='.deps'
ECHO_C=''
ECHO_N='-n'
ECHO_T=''
EGREP='/usr/bin/grep -E'
ETAGS='etags'
EXEEXT=''
GREP='/usr/bin/grep'
HAVE_PERL_FALSE='#'
HAVE_PERL_TRUE=''
INSTALL_DATA='${INSTALL} -m 644'
INSTALL_PROGRAM='${INSTALL}'
INSTALL_SCRIPT='${INSTALL}'
INSTALL_STRIP_PROGRAM='$(install_sh) -c -s'
LDFLAGS='-L/home/arun/Desktop/FlexC_EVAL/CVES/LinuxFlaw/CVE-2017-9204/imageworsener-1.3.1/WASM_LIB'
LIBOBJS=''
LIBS='-ldl -lstdc++ -lSBX_CON_LIB -lisc_lib_final'
LTLIBOBJS=''
MAKEINFO='${SHELL} '\''/home/arun/Desktop/FlexC_EVAL/CVES/LinuxFlaw/EDB-14904/fcrackzip-1.0/missing'\'' makeinfo'
MKDIR_P='/usr/bin/mkdir -p'
OBJEXT='o'
PACKAGE='fcrackzip'
PACKAGE_BUGREPORT=''
PACKAGE_NAME=''
PACKAGE_STRING=''
PACKAGE_TARNAME=''
PACKAGE_URL=''
PACKAGE_VERSION=''
PATH_SEPARATOR=':'
PERL='perl'
SET_MAKE=''
SHELL='/bin/bash'
STRIP=''
VERSION='1.0'
ac_ct_CC='/home/arun/Desktop/CheckCBox_Compiler/llvm/cmake-build-debug/bin/clang'
am__EXEEXT_FALSE=''
am__EXEEXT_TRUE='#'
am__fastdepCC_FALSE='#'
am__fastdepCC_TRUE=''
am__include='include'
am__isrc=''
am__leading_dot='.'
am__nodep='_no'
am__quote=''
am__tar='$${TAR-tar} chof - "$$tardir"'
am__untar='$${TAR-tar} xf -'
bindir='${exec_prefix}/bin'
build_alias=''
datadir='${datarootdir}'
datarootdir='${prefix}/share'
docdir='${datarootdir}/doc/${PACKAGE}'
dvidir='${docdir}'
exec_prefix='${prefix}'
host_alias=''
htmldir='${docdir}'
includedir='${prefix}/include'
infodir='${datarootdir}/info'
install_sh='${SHELL} /home/arun/Desktop/FlexC_EVAL/CVES/LinuxFlaw/EDB-14904/fcrackzip-1.0/install-sh'
libdir='${exec_prefix}/lib'
libexecdir='${exec_prefix}/libexec'
localedir='${datarootdir}/locale'
localstatedir='${prefix}/var'
mandir='${datarootdir}/man'
mkdir_p='$(MKDIR_P)'
oldincludedir='/usr/include'
pdfdir='${docdir}'
prefix='/usr/local'
program_transform_name='s,x,x,'
psdir='${docdir}'
runstatedir='${localstatedir}/run'
sbindir='${exec_prefix}/sbin'
sharedstatedir='${prefix}/com'
sysconfdir='${prefix}/etc'
target_alias=''

## ----------- ##
## confdefs.h. ##
## ----------- ##

/* confdefs.h */
#define PACKAGE_NAME ""
#define PACKAGE_TARNAME ""
#define PACKAGE_VERSION ""
#define PACKAGE_STRING ""
#define PACKAGE_BUGREPORT ""
#define PACKAGE_URL ""
#define PACKAGE "fcrackzip"
#define VERSION "1.0"
#define HAVE_STDIO_H 1
#define HAVE_STDLIB_H 1
#define HAVE_STRING_H 1
#define HAVE_INTTYPES_H 1
#define HAVE_STDINT_H 1
#define HAVE_STRINGS_H 1
#define HAVE_SYS_STAT_H 1
#define HAVE_SYS_TYPES_H 1
#define HAVE_UNISTD_H 1
#define STDC_HEADERS 1
#define SIZEOF_SHORT 2
#define SIZEOF_INT 4
#define SIZEOF_LONG 8
#define USE_UNIX_REDIRECTION 1
#define USE_GCC_ASM 1
#define HAVE_STDBOOL_H 1
#define HAVE_GETOPT_H 1
#define HAVE_UNISTD_H 1
#define HAVE_SYS_TIME_H 1
#define HAVE_GETTIMEOFDAY 1
#define HAVE_GETOPT_LONG 1

configure: exit 0

## ---------------------- ##
## Running config.status. ##
## ---------------------- ##

This file was extended by config.status, which was
generated by GNU Autoconf 2.71.  Invocation command line was

  CONFIG_FILES    = 
  CONFIG_HEADERS  = 
  CONFIG_LINKS    = 
  CONFIG_COMMANDS = 
  $ ./config.status 

on arun-GL65-Leopard-10SEK

config.status:862: creating Makefile
config.status:862: creating config.h
config.status:1043: config.h is unchanged
config.status:1091: executing depfiles commands
config.status:1168: cd .       && sed -e '/# am--include-marker/d' Makefile         | make -f - am--depfiles
make[1]: Entering directory '/home/arun/Desktop/FlexC_EVAL/CVES/LinuxFlaw/EDB-14904/fcrackzip-1.0'
make[1]: Nothing to be done for 'am--depfiles'.
make[1]: Leaving directory '/home/arun/Desktop/FlexC_EVAL/CVES/LinuxFlaw/EDB-14904/fcrackzip-1.0'
config.status:1173: $? = 0
