This file contains any messages produced by compilers while
running configure, to aid debugging if configure makes a mistake.

It was created by configure, which was
generated by GNU Autoconf 2.59.  Invocation command line was

  $ ./configure --without-selinux CC=/home/arun/Desktop/CheckCBox_Compiler/llvm/cmake-build-debug/bin/clang CFLAGS=-g -fPIC -fwasmsbx -DWASM_SBX -DBUGFIX LDFLAGS=-L/home/arun/Desktop/FlexC_EVAL/CVES/LinuxFlaw/CVE-2017-9204/imageworsener-1.3.1/WASM_LIB LIBS=-ldl -lstdc++ -lSBX_CON_LIB -lisc_lib_final

## --------- ##
## Platform. ##
## --------- ##

hostname = arun-GL65-Leopard-10SEK
uname -m = x86_64
uname -r = 5.19.0-38-generic
uname -s = Linux
uname -v = #39~22.04.1-Ubuntu SMP PREEMPT_DYNAMIC Fri Mar 17 21:16:15 UTC 2

/usr/bin/uname -p = x86_64
/bin/uname -X     = unknown

/bin/arch              = x86_64
/usr/bin/arch -k       = unknown
/usr/convex/getsysinfo = unknown
hostinfo               = unknown
/bin/machine           = unknown
/usr/bin/oslevel       = unknown
/bin/universe          = unknown

PATH: /home/linuxbrew/.linuxbrew/bin
PATH: /home/linuxbrew/.linuxbrew/sbin
PATH: /home/arun/.local/bin
PATH: /usr/local/go/bin
PATH: /usr/local/sbin
PATH: /usr/local/bin
PATH: /usr/sbin
PATH: /usr/bin
PATH: /sbin
PATH: /bin
PATH: /usr/games
PATH: /usr/local/games
PATH: /snap/bin
PATH: /snap/bin
PATH: /home/arun/go/bin
PATH: /usr/bin
PATH: /home/linuxbrew/.linuxbrew/bin/
PATH: /home/arun/Desktop/macro/checkedc-llvm-project/llvm/cmake-build-debug/bin/
PATH: /home/arun/Desktop/06/bin
PATH: /home/linuxbrew/.linuxbrew/bin/
PATH: /home/arun/Desktop/macro/checkedc-llvm-project/llvm/cmake-build-debug/bin/
PATH: /home/arun/Desktop/06/bin
PATH: /home/linuxbrew/.linuxbrew/bin/
PATH: /home/arun/Desktop/macro/checkedc-llvm-project/llvm/cmake-build-debug/bin/
PATH: /home/arun/Desktop/06/bin
PATH: /home/linuxbrew/.linuxbrew/bin/
PATH: /home/arun/Desktop/macro/checkedc-llvm-project/llvm/cmake-build-debug/bin/
PATH: /home/arun/Desktop/06/bin
PATH: /home/arun/Desktop/CheckCBox_Compiler/llvm/cmake-build-debug/bin/


## ----------- ##
## Core tests. ##
## ----------- ##

configure:1387: checking for gcc
configure:1413: result: /home/arun/Desktop/CheckCBox_Compiler/llvm/cmake-build-debug/bin/clang
configure:1657: checking for C compiler version
configure:1660: /home/arun/Desktop/CheckCBox_Compiler/llvm/cmake-build-debug/bin/clang --version </dev/null >&5
clang version 12.0.0 (https://github.com/arunkumarbhattar/CheckCBox_Compiler.git 2f87fe88a16b45255779992281242d01ed17427c)
Target: x86_64-unknown-linux-gnu
Thread model: posix
InstalledDir: /home/arun/Desktop/CheckCBox_Compiler/llvm/cmake-build-debug/bin
configure:1663: $? = 0
configure:1665: /home/arun/Desktop/CheckCBox_Compiler/llvm/cmake-build-debug/bin/clang -v </dev/null >&5
clang version 12.0.0 (https://github.com/arunkumarbhattar/CheckCBox_Compiler.git 2f87fe88a16b45255779992281242d01ed17427c)
Target: x86_64-unknown-linux-gnu
Thread model: posix
InstalledDir: /home/arun/Desktop/CheckCBox_Compiler/llvm/cmake-build-debug/bin
Found candidate GCC installation: /usr/lib/gcc/x86_64-linux-gnu/11
Found candidate GCC installation: /usr/lib/gcc/x86_64-linux-gnu/12
Found candidate GCC installation: /usr/lib/gcc/x86_64-linux-gnu/9
Selected GCC installation: /usr/lib/gcc/x86_64-linux-gnu/12
Candidate multilib: .;@m64
Selected multilib: .;@m64
configure:1668: $? = 0
configure:1670: /home/arun/Desktop/CheckCBox_Compiler/llvm/cmake-build-debug/bin/clang -V </dev/null >&5
clang-12: error: argument to '-V' is missing (expected 1 value)
clang-12: error: no input files
configure:1673: $? = 1
configure:1696: checking for C compiler default output file name
configure:1699: /home/arun/Desktop/CheckCBox_Compiler/llvm/cmake-build-debug/bin/clang -g -fPIC -fwasmsbx -DWASM_SBX -DBUGFIX  -L/home/arun/Desktop/FlexC_EVAL/CVES/LinuxFlaw/CVE-2017-9204/imageworsener-1.3.1/WASM_LIB conftest.c -ldl -lstdc++ -lSBX_CON_LIB -lisc_lib_final >&5
configure:1702: $? = 0
configure:1748: result: a.out
configure:1753: checking whether the C compiler works
configure:1759: ./a.out
configure:1762: $? = 0
configure:1779: result: yes
configure:1786: checking whether we are cross compiling
configure:1788: result: no
configure:1791: checking for suffix of executables
configure:1793: /home/arun/Desktop/CheckCBox_Compiler/llvm/cmake-build-debug/bin/clang -o conftest -g -fPIC -fwasmsbx -DWASM_SBX -DBUGFIX  -L/home/arun/Desktop/FlexC_EVAL/CVES/LinuxFlaw/CVE-2017-9204/imageworsener-1.3.1/WASM_LIB conftest.c -ldl -lstdc++ -lSBX_CON_LIB -lisc_lib_final >&5
configure:1796: $? = 0
configure:1821: result: 
configure:1827: checking for suffix of object files
configure:1848: /home/arun/Desktop/CheckCBox_Compiler/llvm/cmake-build-debug/bin/clang -c -g -fPIC -fwasmsbx -DWASM_SBX -DBUGFIX  conftest.c >&5
configure:1851: $? = 0
configure:1873: result: o
configure:1877: checking whether we are using the GNU C compiler
configure:1901: /home/arun/Desktop/CheckCBox_Compiler/llvm/cmake-build-debug/bin/clang -c -g -fPIC -fwasmsbx -DWASM_SBX -DBUGFIX  conftest.c >&5
configure:1907: $? = 0
configure:1910: test -z 			 || test ! -s conftest.err
configure:1913: $? = 0
configure:1916: test -s conftest.o
configure:1919: $? = 0
configure:1932: result: yes
configure:1938: checking whether /home/arun/Desktop/CheckCBox_Compiler/llvm/cmake-build-debug/bin/clang accepts -g
configure:1959: /home/arun/Desktop/CheckCBox_Compiler/llvm/cmake-build-debug/bin/clang -c -g  conftest.c >&5
configure:1965: $? = 0
configure:1968: test -z 			 || test ! -s conftest.err
configure:1971: $? = 0
configure:1974: test -s conftest.o
configure:1977: $? = 0
configure:1988: result: yes
configure:2005: checking for /home/arun/Desktop/CheckCBox_Compiler/llvm/cmake-build-debug/bin/clang option to accept ANSI C
configure:2075: /home/arun/Desktop/CheckCBox_Compiler/llvm/cmake-build-debug/bin/clang  -c -g -fPIC -fwasmsbx -DWASM_SBX -DBUGFIX  conftest.c >&5
configure:2081: $? = 0
configure:2084: test -z 			 || test ! -s conftest.err
configure:2087: $? = 0
configure:2090: test -s conftest.o
configure:2093: $? = 0
configure:2111: result: none needed
configure:2129: /home/arun/Desktop/CheckCBox_Compiler/llvm/cmake-build-debug/bin/clang -c -g -fPIC -fwasmsbx -DWASM_SBX -DBUGFIX  conftest.c >&5
conftest.c:2:3: error: unknown type name 'choke'
  choke me
  ^
conftest.c:2:11: error: expected ';' after top level declarator
  choke me
          ^
          ;
2 errors generated.
configure:2135: $? = 1
configure: failed program was:
| #ifndef __cplusplus
|   choke me
| #endif
configure:2303: checking for a BSD-compatible install
configure:2358: result: /usr/bin/install -c
configure:2369: checking whether ln -s works
configure:2373: result: yes
configure:2391: checking for dirent.h that defines DIR
configure:2415: /home/arun/Desktop/CheckCBox_Compiler/llvm/cmake-build-debug/bin/clang -c -g -fPIC -fwasmsbx -DWASM_SBX -DBUGFIX  conftest.c >&5
configure:2421: $? = 0
configure:2424: test -z 			 || test ! -s conftest.err
configure:2427: $? = 0
configure:2430: test -s conftest.o
configure:2433: $? = 0
configure:2444: result: yes
configure:2457: checking for library containing opendir
configure:2487: /home/arun/Desktop/CheckCBox_Compiler/llvm/cmake-build-debug/bin/clang -o conftest -g -fPIC -fwasmsbx -DWASM_SBX -DBUGFIX  -L/home/arun/Desktop/FlexC_EVAL/CVES/LinuxFlaw/CVE-2017-9204/imageworsener-1.3.1/WASM_LIB conftest.c -ldl -lstdc++ -lSBX_CON_LIB -lisc_lib_final >&5
configure:2493: $? = 0
configure:2496: test -z 			 || test ! -s conftest.err
configure:2499: $? = 0
configure:2502: test -s conftest
configure:2505: $? = 0
configure:2574: result: none required
configure:2713: checking how to run the C preprocessor
configure:2748: /home/arun/Desktop/CheckCBox_Compiler/llvm/cmake-build-debug/bin/clang -E  conftest.c
configure:2754: $? = 0
configure:2786: /home/arun/Desktop/CheckCBox_Compiler/llvm/cmake-build-debug/bin/clang -E  conftest.c
conftest.c:12:10: fatal error: 'ac_nonexistent.h' file not found
#include <ac_nonexistent.h>
         ^~~~~~~~~~~~~~~~~~
1 error generated.
configure:2792: $? = 1
configure: failed program was:
| /* confdefs.h.  */
| 
| #define PACKAGE_NAME ""
| #define PACKAGE_TARNAME ""
| #define PACKAGE_VERSION ""
| #define PACKAGE_STRING ""
| #define PACKAGE_BUGREPORT ""
| #define VERSION 3.0.0
| #define VERSION_QUOTED "3.0.0"
| #define HAVE_DIRENT_H 1
| /* end confdefs.h.  */
| #include <ac_nonexistent.h>
configure:2831: result: /home/arun/Desktop/CheckCBox_Compiler/llvm/cmake-build-debug/bin/clang -E
configure:2855: /home/arun/Desktop/CheckCBox_Compiler/llvm/cmake-build-debug/bin/clang -E  conftest.c
configure:2861: $? = 0
configure:2893: /home/arun/Desktop/CheckCBox_Compiler/llvm/cmake-build-debug/bin/clang -E  conftest.c
conftest.c:12:10: fatal error: 'ac_nonexistent.h' file not found
#include <ac_nonexistent.h>
         ^~~~~~~~~~~~~~~~~~
1 error generated.
configure:2899: $? = 1
configure: failed program was:
| /* confdefs.h.  */
| 
| #define PACKAGE_NAME ""
| #define PACKAGE_TARNAME ""
| #define PACKAGE_VERSION ""
| #define PACKAGE_STRING ""
| #define PACKAGE_BUGREPORT ""
| #define VERSION 3.0.0
| #define VERSION_QUOTED "3.0.0"
| #define HAVE_DIRENT_H 1
| /* end confdefs.h.  */
| #include <ac_nonexistent.h>
configure:2943: checking for egrep
configure:2953: result: grep -E
configure:2958: checking for ANSI C header files
configure:2983: /home/arun/Desktop/CheckCBox_Compiler/llvm/cmake-build-debug/bin/clang -c -g -fPIC -fwasmsbx -DWASM_SBX -DBUGFIX  conftest.c >&5
configure:2989: $? = 0
configure:2992: test -z 			 || test ! -s conftest.err
configure:2995: $? = 0
configure:2998: test -s conftest.o
configure:3001: $? = 0
configure:3090: /home/arun/Desktop/CheckCBox_Compiler/llvm/cmake-build-debug/bin/clang -o conftest -g -fPIC -fwasmsbx -DWASM_SBX -DBUGFIX  -L/home/arun/Desktop/FlexC_EVAL/CVES/LinuxFlaw/CVE-2017-9204/imageworsener-1.3.1/WASM_LIB conftest.c -ldl -lstdc++ -lSBX_CON_LIB -lisc_lib_final >&5
conftest.c:29:7: warning: implicitly declaring library function 'exit' with type 'void (int) __attribute__((noreturn))' [-Wimplicit-function-declaration]
      exit(2);
      ^
conftest.c:29:7: note: include the header <stdlib.h> or explicitly provide a declaration for 'exit'
1 warning generated.
configure:3093: $? = 0
configure:3095: ./conftest
configure:3098: $? = 0
configure:3113: result: yes
configure:3123: checking for sys/wait.h that is POSIX.1 compatible
configure:3154: /home/arun/Desktop/CheckCBox_Compiler/llvm/cmake-build-debug/bin/clang -c -g -fPIC -fwasmsbx -DWASM_SBX -DBUGFIX  conftest.c >&5
configure:3160: $? = 0
configure:3163: test -z 			 || test ! -s conftest.err
configure:3166: $? = 0
configure:3169: test -s conftest.o
configure:3172: $? = 0
configure:3183: result: yes
configure:3207: checking for sys/types.h
configure:3223: /home/arun/Desktop/CheckCBox_Compiler/llvm/cmake-build-debug/bin/clang -c -g -fPIC -fwasmsbx -DWASM_SBX -DBUGFIX  conftest.c >&5
configure:3229: $? = 0
configure:3232: test -z 			 || test ! -s conftest.err
configure:3235: $? = 0
configure:3238: test -s conftest.o
configure:3241: $? = 0
configure:3252: result: yes
configure:3207: checking for sys/stat.h
configure:3223: /home/arun/Desktop/CheckCBox_Compiler/llvm/cmake-build-debug/bin/clang -c -g -fPIC -fwasmsbx -DWASM_SBX -DBUGFIX  conftest.c >&5
configure:3229: $? = 0
configure:3232: test -z 			 || test ! -s conftest.err
configure:3235: $? = 0
configure:3238: test -s conftest.o
configure:3241: $? = 0
configure:3252: result: yes
configure:3207: checking for stdlib.h
configure:3223: /home/arun/Desktop/CheckCBox_Compiler/llvm/cmake-build-debug/bin/clang -c -g -fPIC -fwasmsbx -DWASM_SBX -DBUGFIX  conftest.c >&5
configure:3229: $? = 0
configure:3232: test -z 			 || test ! -s conftest.err
configure:3235: $? = 0
configure:3238: test -s conftest.o
configure:3241: $? = 0
configure:3252: result: yes
configure:3207: checking for string.h
configure:3223: /home/arun/Desktop/CheckCBox_Compiler/llvm/cmake-build-debug/bin/clang -c -g -fPIC -fwasmsbx -DWASM_SBX -DBUGFIX  conftest.c >&5
configure:3229: $? = 0
configure:3232: test -z 			 || test ! -s conftest.err
configure:3235: $? = 0
configure:3238: test -s conftest.o
configure:3241: $? = 0
configure:3252: result: yes
configure:3207: checking for memory.h
configure:3223: /home/arun/Desktop/CheckCBox_Compiler/llvm/cmake-build-debug/bin/clang -c -g -fPIC -fwasmsbx -DWASM_SBX -DBUGFIX  conftest.c >&5
configure:3229: $? = 0
configure:3232: test -z 			 || test ! -s conftest.err
configure:3235: $? = 0
configure:3238: test -s conftest.o
configure:3241: $? = 0
configure:3252: result: yes
configure:3207: checking for strings.h
configure:3223: /home/arun/Desktop/CheckCBox_Compiler/llvm/cmake-build-debug/bin/clang -c -g -fPIC -fwasmsbx -DWASM_SBX -DBUGFIX  conftest.c >&5
configure:3229: $? = 0
configure:3232: test -z 			 || test ! -s conftest.err
configure:3235: $? = 0
configure:3238: test -s conftest.o
configure:3241: $? = 0
configure:3252: result: yes
configure:3207: checking for inttypes.h
configure:3223: /home/arun/Desktop/CheckCBox_Compiler/llvm/cmake-build-debug/bin/clang -c -g -fPIC -fwasmsbx -DWASM_SBX -DBUGFIX  conftest.c >&5
configure:3229: $? = 0
configure:3232: test -z 			 || test ! -s conftest.err
configure:3235: $? = 0
configure:3238: test -s conftest.o
configure:3241: $? = 0
configure:3252: result: yes
configure:3207: checking for stdint.h
configure:3223: /home/arun/Desktop/CheckCBox_Compiler/llvm/cmake-build-debug/bin/clang -c -g -fPIC -fwasmsbx -DWASM_SBX -DBUGFIX  conftest.c >&5
configure:3229: $? = 0
configure:3232: test -z 			 || test ! -s conftest.err
configure:3235: $? = 0
configure:3238: test -s conftest.o
configure:3241: $? = 0
configure:3252: result: yes
configure:3207: checking for unistd.h
configure:3223: /home/arun/Desktop/CheckCBox_Compiler/llvm/cmake-build-debug/bin/clang -c -g -fPIC -fwasmsbx -DWASM_SBX -DBUGFIX  conftest.c >&5
configure:3229: $? = 0
configure:3232: test -z 			 || test ! -s conftest.err
configure:3235: $? = 0
configure:3238: test -s conftest.o
configure:3241: $? = 0
configure:3252: result: yes
configure:3283: checking fcntl.h usability
configure:3295: /home/arun/Desktop/CheckCBox_Compiler/llvm/cmake-build-debug/bin/clang -c -g -fPIC -fwasmsbx -DWASM_SBX -DBUGFIX  conftest.c >&5
configure:3301: $? = 0
configure:3304: test -z 			 || test ! -s conftest.err
configure:3307: $? = 0
configure:3310: test -s conftest.o
configure:3313: $? = 0
configure:3323: result: yes
configure:3327: checking fcntl.h presence
configure:3337: /home/arun/Desktop/CheckCBox_Compiler/llvm/cmake-build-debug/bin/clang -E  conftest.c
configure:3343: $? = 0
configure:3363: result: yes
configure:3398: checking for fcntl.h
configure:3405: result: yes
configure:3283: checking sys/file.h usability
configure:3295: /home/arun/Desktop/CheckCBox_Compiler/llvm/cmake-build-debug/bin/clang -c -g -fPIC -fwasmsbx -DWASM_SBX -DBUGFIX  conftest.c >&5
configure:3301: $? = 0
configure:3304: test -z 			 || test ! -s conftest.err
configure:3307: $? = 0
configure:3310: test -s conftest.o
configure:3313: $? = 0
configure:3323: result: yes
configure:3327: checking sys/file.h presence
configure:3337: /home/arun/Desktop/CheckCBox_Compiler/llvm/cmake-build-debug/bin/clang -E  conftest.c
configure:3343: $? = 0
configure:3363: result: yes
configure:3398: checking for sys/file.h
configure:3405: result: yes
configure:3283: checking sys/ioctl.h usability
configure:3295: /home/arun/Desktop/CheckCBox_Compiler/llvm/cmake-build-debug/bin/clang -c -g -fPIC -fwasmsbx -DWASM_SBX -DBUGFIX  conftest.c >&5
configure:3301: $? = 0
configure:3304: test -z 			 || test ! -s conftest.err
configure:3307: $? = 0
configure:3310: test -s conftest.o
configure:3313: $? = 0
configure:3323: result: yes
configure:3327: checking sys/ioctl.h presence
configure:3337: /home/arun/Desktop/CheckCBox_Compiler/llvm/cmake-build-debug/bin/clang -E  conftest.c
configure:3343: $? = 0
configure:3363: result: yes
configure:3398: checking for sys/ioctl.h
configure:3405: result: yes
configure:3283: checking sys/time.h usability
configure:3295: /home/arun/Desktop/CheckCBox_Compiler/llvm/cmake-build-debug/bin/clang -c -g -fPIC -fwasmsbx -DWASM_SBX -DBUGFIX  conftest.c >&5
configure:3301: $? = 0
configure:3304: test -z 			 || test ! -s conftest.err
configure:3307: $? = 0
configure:3310: test -s conftest.o
configure:3313: $? = 0
configure:3323: result: yes
configure:3327: checking sys/time.h presence
configure:3337: /home/arun/Desktop/CheckCBox_Compiler/llvm/cmake-build-debug/bin/clang -E  conftest.c
configure:3343: $? = 0
configure:3363: result: yes
configure:3398: checking for sys/time.h
configure:3405: result: yes
configure:3283: checking syslog.h usability
configure:3295: /home/arun/Desktop/CheckCBox_Compiler/llvm/cmake-build-debug/bin/clang -c -g -fPIC -fwasmsbx -DWASM_SBX -DBUGFIX  conftest.c >&5
configure:3301: $? = 0
configure:3304: test -z 			 || test ! -s conftest.err
configure:3307: $? = 0
configure:3310: test -s conftest.o
configure:3313: $? = 0
configure:3323: result: yes
configure:3327: checking syslog.h presence
configure:3337: /home/arun/Desktop/CheckCBox_Compiler/llvm/cmake-build-debug/bin/clang -E  conftest.c
configure:3343: $? = 0
configure:3363: result: yes
configure:3398: checking for syslog.h
configure:3405: result: yes
configure:3274: checking for unistd.h
configure:3279: result: yes
configure:3435: checking errno.h usability
configure:3447: /home/arun/Desktop/CheckCBox_Compiler/llvm/cmake-build-debug/bin/clang -c -g -fPIC -fwasmsbx -DWASM_SBX -DBUGFIX  conftest.c >&5
configure:3453: $? = 0
configure:3456: test -z 			 || test ! -s conftest.err
configure:3459: $? = 0
configure:3462: test -s conftest.o
configure:3465: $? = 0
configure:3475: result: yes
configure:3479: checking errno.h presence
configure:3489: /home/arun/Desktop/CheckCBox_Compiler/llvm/cmake-build-debug/bin/clang -E  conftest.c
configure:3495: $? = 0
configure:3515: result: yes
configure:3550: checking for errno.h
configure:3557: result: yes
configure:3435: checking sys/fcntl.h usability
configure:3447: /home/arun/Desktop/CheckCBox_Compiler/llvm/cmake-build-debug/bin/clang -c -g -fPIC -fwasmsbx -DWASM_SBX -DBUGFIX  conftest.c >&5
configure:3453: $? = 0
configure:3456: test -z 			 || test ! -s conftest.err
configure:3459: $? = 0
configure:3462: test -s conftest.o
configure:3465: $? = 0
configure:3475: result: yes
configure:3479: checking sys/fcntl.h presence
configure:3489: /home/arun/Desktop/CheckCBox_Compiler/llvm/cmake-build-debug/bin/clang -E  conftest.c
configure:3495: $? = 0
configure:3515: result: yes
configure:3550: checking for sys/fcntl.h
configure:3557: result: yes
configure:3435: checking getopt.h usability
configure:3447: /home/arun/Desktop/CheckCBox_Compiler/llvm/cmake-build-debug/bin/clang -c -g -fPIC -fwasmsbx -DWASM_SBX -DBUGFIX  conftest.c >&5
configure:3453: $? = 0
configure:3456: test -z 			 || test ! -s conftest.err
configure:3459: $? = 0
configure:3462: test -s conftest.o
configure:3465: $? = 0
configure:3475: result: yes
configure:3479: checking getopt.h presence
configure:3489: /home/arun/Desktop/CheckCBox_Compiler/llvm/cmake-build-debug/bin/clang -E  conftest.c
configure:3495: $? = 0
configure:3515: result: yes
configure:3550: checking for getopt.h
configure:3557: result: yes
configure:3435: checking limits.h usability
configure:3447: /home/arun/Desktop/CheckCBox_Compiler/llvm/cmake-build-debug/bin/clang -c -g -fPIC -fwasmsbx -DWASM_SBX -DBUGFIX  conftest.c >&5
configure:3453: $? = 0
configure:3456: test -z 			 || test ! -s conftest.err
configure:3459: $? = 0
configure:3462: test -s conftest.o
configure:3465: $? = 0
configure:3475: result: yes
configure:3479: checking limits.h presence
configure:3489: /home/arun/Desktop/CheckCBox_Compiler/llvm/cmake-build-debug/bin/clang -E  conftest.c
configure:3495: $? = 0
configure:3515: result: yes
configure:3550: checking for limits.h
configure:3557: result: yes
configure:3584: checking stdarg.h usability
configure:3596: /home/arun/Desktop/CheckCBox_Compiler/llvm/cmake-build-debug/bin/clang -c -g -fPIC -fwasmsbx -DWASM_SBX -DBUGFIX  conftest.c >&5
configure:3602: $? = 0
configure:3605: test -z 			 || test ! -s conftest.err
configure:3608: $? = 0
configure:3611: test -s conftest.o
configure:3614: $? = 0
configure:3624: result: yes
configure:3628: checking stdarg.h presence
configure:3638: /home/arun/Desktop/CheckCBox_Compiler/llvm/cmake-build-debug/bin/clang -E  conftest.c
configure:3644: $? = 0
configure:3664: result: yes
configure:3699: checking for stdarg.h
configure:3706: result: yes
configure:3733: checking sys/termios.h usability
configure:3745: /home/arun/Desktop/CheckCBox_Compiler/llvm/cmake-build-debug/bin/clang -c -g -fPIC -fwasmsbx -DWASM_SBX -DBUGFIX  conftest.c >&5
configure:3751: $? = 0
configure:3754: test -z 			 || test ! -s conftest.err
configure:3757: $? = 0
configure:3760: test -s conftest.o
configure:3763: $? = 0
configure:3773: result: yes
configure:3777: checking sys/termios.h presence
configure:3787: /home/arun/Desktop/CheckCBox_Compiler/llvm/cmake-build-debug/bin/clang -E  conftest.c
configure:3793: $? = 0
configure:3813: result: yes
configure:3848: checking for sys/termios.h
configure:3855: result: yes
configure:3873: checking for strings.h
configure:3878: result: yes
configure:4024: checking for sys/types.h
configure:4029: result: yes
configure:4033: checking sys/socket.h usability
configure:4045: /home/arun/Desktop/CheckCBox_Compiler/llvm/cmake-build-debug/bin/clang -c -g -fPIC -fwasmsbx -DWASM_SBX -DBUGFIX  conftest.c >&5
configure:4051: $? = 0
configure:4054: test -z 			 || test ! -s conftest.err
configure:4057: $? = 0
configure:4060: test -s conftest.o
configure:4063: $? = 0
configure:4073: result: yes
configure:4077: checking sys/socket.h presence
configure:4087: /home/arun/Desktop/CheckCBox_Compiler/llvm/cmake-build-debug/bin/clang -E  conftest.c
configure:4093: $? = 0
configure:4113: result: yes
configure:4148: checking for sys/socket.h
configure:4155: result: yes
configure:4033: checking sys/un.h usability
configure:4045: /home/arun/Desktop/CheckCBox_Compiler/llvm/cmake-build-debug/bin/clang -c -g -fPIC -fwasmsbx -DWASM_SBX -DBUGFIX  conftest.c >&5
configure:4051: $? = 0
configure:4054: test -z 			 || test ! -s conftest.err
configure:4057: $? = 0
configure:4060: test -s conftest.o
configure:4063: $? = 0
configure:4073: result: yes
configure:4077: checking sys/un.h presence
configure:4087: /home/arun/Desktop/CheckCBox_Compiler/llvm/cmake-build-debug/bin/clang -E  conftest.c
configure:4093: $? = 0
configure:4113: result: yes
configure:4148: checking for sys/un.h
configure:4155: result: yes
configure:4185: checking security/pam_appl.h usability
configure:4197: /home/arun/Desktop/CheckCBox_Compiler/llvm/cmake-build-debug/bin/clang -c -g -fPIC -fwasmsbx -DWASM_SBX -DBUGFIX  conftest.c >&5
conftest.c:73:10: fatal error: 'security/pam_appl.h' file not found
#include <security/pam_appl.h>
         ^~~~~~~~~~~~~~~~~~~~~
1 error generated.
configure:4203: $? = 1
configure: failed program was:
| /* confdefs.h.  */
| 
| #define PACKAGE_NAME ""
| #define PACKAGE_TARNAME ""
| #define PACKAGE_VERSION ""
| #define PACKAGE_STRING ""
| #define PACKAGE_BUGREPORT ""
| #define VERSION 3.0.0
| #define VERSION_QUOTED "3.0.0"
| #define HAVE_DIRENT_H 1
| #define STDC_HEADERS 1
| #define HAVE_SYS_WAIT_H 1
| #define HAVE_SYS_TYPES_H 1
| #define HAVE_SYS_STAT_H 1
| #define HAVE_STDLIB_H 1
| #define HAVE_STRING_H 1
| #define HAVE_MEMORY_H 1
| #define HAVE_STRINGS_H 1
| #define HAVE_INTTYPES_H 1
| #define HAVE_STDINT_H 1
| #define HAVE_UNISTD_H 1
| #define HAVE_FCNTL_H 1
| #define HAVE_SYS_FILE_H 1
| #define HAVE_SYS_IOCTL_H 1
| #define HAVE_SYS_TIME_H 1
| #define HAVE_SYSLOG_H 1
| #define HAVE_UNISTD_H 1
| #define HAVE_ERRNO_H 1
| #define HAVE_SYS_FCNTL_H 1
| #define HAVE_GETOPT_H 1
| #define HAVE_LIMITS_H 1
| #define HAVE_STDARG_H 1
| #define HAVE_SYS_TERMIOS_H 1
| #define HAVE_STRINGS_H 1
| #define HAVE_SYS_TYPES_H 1
| #define HAVE_SYS_SOCKET_H 1
| #define HAVE_SYS_UN_H 1
| /* end confdefs.h.  */
| #include <stdio.h>
| #if HAVE_SYS_TYPES_H
| # include <sys/types.h>
| #endif
| #if HAVE_SYS_STAT_H
| # include <sys/stat.h>
| #endif
| #if STDC_HEADERS
| # include <stdlib.h>
| # include <stddef.h>
| #else
| # if HAVE_STDLIB_H
| #  include <stdlib.h>
| # endif
| #endif
| #if HAVE_STRING_H
| # if !STDC_HEADERS && HAVE_MEMORY_H
| #  include <memory.h>
| # endif
| # include <string.h>
| #endif
| #if HAVE_STRINGS_H
| # include <strings.h>
| #endif
| #if HAVE_INTTYPES_H
| # include <inttypes.h>
| #else
| # if HAVE_STDINT_H
| #  include <stdint.h>
| # endif
| #endif
| #if HAVE_UNISTD_H
| # include <unistd.h>
| #endif
| #include <security/pam_appl.h>
configure:4225: result: no
configure:4229: checking security/pam_appl.h presence
configure:4239: /home/arun/Desktop/CheckCBox_Compiler/llvm/cmake-build-debug/bin/clang -E  conftest.c
conftest.c:39:10: fatal error: 'security/pam_appl.h' file not found
#include <security/pam_appl.h>
         ^~~~~~~~~~~~~~~~~~~~~
1 error generated.
configure:4245: $? = 1
configure: failed program was:
| /* confdefs.h.  */
| 
| #define PACKAGE_NAME ""
| #define PACKAGE_TARNAME ""
| #define PACKAGE_VERSION ""
| #define PACKAGE_STRING ""
| #define PACKAGE_BUGREPORT ""
| #define VERSION 3.0.0
| #define VERSION_QUOTED "3.0.0"
| #define HAVE_DIRENT_H 1
| #define STDC_HEADERS 1
| #define HAVE_SYS_WAIT_H 1
| #define HAVE_SYS_TYPES_H 1
| #define HAVE_SYS_STAT_H 1
| #define HAVE_STDLIB_H 1
| #define HAVE_STRING_H 1
| #define HAVE_MEMORY_H 1
| #define HAVE_STRINGS_H 1
| #define HAVE_INTTYPES_H 1
| #define HAVE_STDINT_H 1
| #define HAVE_UNISTD_H 1
| #define HAVE_FCNTL_H 1
| #define HAVE_SYS_FILE_H 1
| #define HAVE_SYS_IOCTL_H 1
| #define HAVE_SYS_TIME_H 1
| #define HAVE_SYSLOG_H 1
| #define HAVE_UNISTD_H 1
| #define HAVE_ERRNO_H 1
| #define HAVE_SYS_FCNTL_H 1
| #define HAVE_GETOPT_H 1
| #define HAVE_LIMITS_H 1
| #define HAVE_STDARG_H 1
| #define HAVE_SYS_TERMIOS_H 1
| #define HAVE_STRINGS_H 1
| #define HAVE_SYS_TYPES_H 1
| #define HAVE_SYS_SOCKET_H 1
| #define HAVE_SYS_UN_H 1
| /* end confdefs.h.  */
| #include <security/pam_appl.h>
configure:4265: result: no
configure:4300: checking for security/pam_appl.h
configure:4307: result: no
configure:4185: checking pam/pam_appl.h usability
configure:4197: /home/arun/Desktop/CheckCBox_Compiler/llvm/cmake-build-debug/bin/clang -c -g -fPIC -fwasmsbx -DWASM_SBX -DBUGFIX  conftest.c >&5
conftest.c:73:10: fatal error: 'pam/pam_appl.h' file not found
#include <pam/pam_appl.h>
         ^~~~~~~~~~~~~~~~
1 error generated.
configure:4203: $? = 1
configure: failed program was:
| /* confdefs.h.  */
| 
| #define PACKAGE_NAME ""
| #define PACKAGE_TARNAME ""
| #define PACKAGE_VERSION ""
| #define PACKAGE_STRING ""
| #define PACKAGE_BUGREPORT ""
| #define VERSION 3.0.0
| #define VERSION_QUOTED "3.0.0"
| #define HAVE_DIRENT_H 1
| #define STDC_HEADERS 1
| #define HAVE_SYS_WAIT_H 1
| #define HAVE_SYS_TYPES_H 1
| #define HAVE_SYS_STAT_H 1
| #define HAVE_STDLIB_H 1
| #define HAVE_STRING_H 1
| #define HAVE_MEMORY_H 1
| #define HAVE_STRINGS_H 1
| #define HAVE_INTTYPES_H 1
| #define HAVE_STDINT_H 1
| #define HAVE_UNISTD_H 1
| #define HAVE_FCNTL_H 1
| #define HAVE_SYS_FILE_H 1
| #define HAVE_SYS_IOCTL_H 1
| #define HAVE_SYS_TIME_H 1
| #define HAVE_SYSLOG_H 1
| #define HAVE_UNISTD_H 1
| #define HAVE_ERRNO_H 1
| #define HAVE_SYS_FCNTL_H 1
| #define HAVE_GETOPT_H 1
| #define HAVE_LIMITS_H 1
| #define HAVE_STDARG_H 1
| #define HAVE_SYS_TERMIOS_H 1
| #define HAVE_STRINGS_H 1
| #define HAVE_SYS_TYPES_H 1
| #define HAVE_SYS_SOCKET_H 1
| #define HAVE_SYS_UN_H 1
| /* end confdefs.h.  */
| #include <stdio.h>
| #if HAVE_SYS_TYPES_H
| # include <sys/types.h>
| #endif
| #if HAVE_SYS_STAT_H
| # include <sys/stat.h>
| #endif
| #if STDC_HEADERS
| # include <stdlib.h>
| # include <stddef.h>
| #else
| # if HAVE_STDLIB_H
| #  include <stdlib.h>
| # endif
| #endif
| #if HAVE_STRING_H
| # if !STDC_HEADERS && HAVE_MEMORY_H
| #  include <memory.h>
| # endif
| # include <string.h>
| #endif
| #if HAVE_STRINGS_H
| # include <strings.h>
| #endif
| #if HAVE_INTTYPES_H
| # include <inttypes.h>
| #else
| # if HAVE_STDINT_H
| #  include <stdint.h>
| # endif
| #endif
| #if HAVE_UNISTD_H
| # include <unistd.h>
| #endif
| #include <pam/pam_appl.h>
configure:4225: result: no
configure:4229: checking pam/pam_appl.h presence
configure:4239: /home/arun/Desktop/CheckCBox_Compiler/llvm/cmake-build-debug/bin/clang -E  conftest.c
conftest.c:39:10: fatal error: 'pam/pam_appl.h' file not found
#include <pam/pam_appl.h>
         ^~~~~~~~~~~~~~~~
1 error generated.
configure:4245: $? = 1
configure: failed program was:
| /* confdefs.h.  */
| 
| #define PACKAGE_NAME ""
| #define PACKAGE_TARNAME ""
| #define PACKAGE_VERSION ""
| #define PACKAGE_STRING ""
| #define PACKAGE_BUGREPORT ""
| #define VERSION 3.0.0
| #define VERSION_QUOTED "3.0.0"
| #define HAVE_DIRENT_H 1
| #define STDC_HEADERS 1
| #define HAVE_SYS_WAIT_H 1
| #define HAVE_SYS_TYPES_H 1
| #define HAVE_SYS_STAT_H 1
| #define HAVE_STDLIB_H 1
| #define HAVE_STRING_H 1
| #define HAVE_MEMORY_H 1
| #define HAVE_STRINGS_H 1
| #define HAVE_INTTYPES_H 1
| #define HAVE_STDINT_H 1
| #define HAVE_UNISTD_H 1
| #define HAVE_FCNTL_H 1
| #define HAVE_SYS_FILE_H 1
| #define HAVE_SYS_IOCTL_H 1
| #define HAVE_SYS_TIME_H 1
| #define HAVE_SYSLOG_H 1
| #define HAVE_UNISTD_H 1
| #define HAVE_ERRNO_H 1
| #define HAVE_SYS_FCNTL_H 1
| #define HAVE_GETOPT_H 1
| #define HAVE_LIMITS_H 1
| #define HAVE_STDARG_H 1
| #define HAVE_SYS_TERMIOS_H 1
| #define HAVE_STRINGS_H 1
| #define HAVE_SYS_TYPES_H 1
| #define HAVE_SYS_SOCKET_H 1
| #define HAVE_SYS_UN_H 1
| /* end confdefs.h.  */
| #include <pam/pam_appl.h>
configure:4265: result: no
configure:4300: checking for pam/pam_appl.h
configure:4307: result: no
configure:4185: checking crypt.h usability
configure:4197: /home/arun/Desktop/CheckCBox_Compiler/llvm/cmake-build-debug/bin/clang -c -g -fPIC -fwasmsbx -DWASM_SBX -DBUGFIX  conftest.c >&5
configure:4203: $? = 0
configure:4206: test -z 			 || test ! -s conftest.err
configure:4209: $? = 0
configure:4212: test -s conftest.o
configure:4215: $? = 0
configure:4225: result: yes
configure:4229: checking crypt.h presence
configure:4239: /home/arun/Desktop/CheckCBox_Compiler/llvm/cmake-build-debug/bin/clang -E  conftest.c
configure:4245: $? = 0
configure:4265: result: yes
configure:4300: checking for crypt.h
configure:4307: result: yes
configure:4185: checking shadow.h usability
configure:4197: /home/arun/Desktop/CheckCBox_Compiler/llvm/cmake-build-debug/bin/clang -c -g -fPIC -fwasmsbx -DWASM_SBX -DBUGFIX  conftest.c >&5
configure:4203: $? = 0
configure:4206: test -z 			 || test ! -s conftest.err
configure:4209: $? = 0
configure:4212: test -s conftest.o
configure:4215: $? = 0
configure:4225: result: yes
configure:4229: checking shadow.h presence
configure:4239: /home/arun/Desktop/CheckCBox_Compiler/llvm/cmake-build-debug/bin/clang -E  conftest.c
configure:4245: $? = 0
configure:4265: result: yes
configure:4300: checking for shadow.h
configure:4307: result: yes
configure:4334: checking sys/resource.h usability
configure:4346: /home/arun/Desktop/CheckCBox_Compiler/llvm/cmake-build-debug/bin/clang -c -g -fPIC -fwasmsbx -DWASM_SBX -DBUGFIX  conftest.c >&5
configure:4352: $? = 0
configure:4355: test -z 			 || test ! -s conftest.err
configure:4358: $? = 0
configure:4361: test -s conftest.o
configure:4364: $? = 0
configure:4374: result: yes
configure:4378: checking sys/resource.h presence
configure:4388: /home/arun/Desktop/CheckCBox_Compiler/llvm/cmake-build-debug/bin/clang -E  conftest.c
configure:4394: $? = 0
configure:4414: result: yes
configure:4449: checking for sys/resource.h
configure:4456: result: yes
configure:4483: checking grp.h usability
configure:4495: /home/arun/Desktop/CheckCBox_Compiler/llvm/cmake-build-debug/bin/clang -c -g -fPIC -fwasmsbx -DWASM_SBX -DBUGFIX  conftest.c >&5
configure:4501: $? = 0
configure:4504: test -z 			 || test ! -s conftest.err
configure:4507: $? = 0
configure:4510: test -s conftest.o
configure:4513: $? = 0
configure:4523: result: yes
configure:4527: checking grp.h presence
configure:4537: /home/arun/Desktop/CheckCBox_Compiler/llvm/cmake-build-debug/bin/clang -E  conftest.c
configure:4543: $? = 0
configure:4563: result: yes
configure:4598: checking for grp.h
configure:4605: result: yes
configure:4619: checking for an ANSI C-conforming const
configure:4686: /home/arun/Desktop/CheckCBox_Compiler/llvm/cmake-build-debug/bin/clang -c -g -fPIC -fwasmsbx -DWASM_SBX -DBUGFIX  conftest.c >&5
configure:4692: $? = 0
configure:4695: test -z 			 || test ! -s conftest.err
configure:4698: $? = 0
configure:4701: test -s conftest.o
configure:4704: $? = 0
configure:4715: result: yes
configure:4725: checking for pid_t
configure:4749: /home/arun/Desktop/CheckCBox_Compiler/llvm/cmake-build-debug/bin/clang -c -g -fPIC -fwasmsbx -DWASM_SBX -DBUGFIX  conftest.c >&5
configure:4755: $? = 0
configure:4758: test -z 			 || test ! -s conftest.err
configure:4761: $? = 0
configure:4764: test -s conftest.o
configure:4767: $? = 0
configure:4778: result: yes
configure:4790: checking for size_t
configure:4814: /home/arun/Desktop/CheckCBox_Compiler/llvm/cmake-build-debug/bin/clang -c -g -fPIC -fwasmsbx -DWASM_SBX -DBUGFIX  conftest.c >&5
configure:4820: $? = 0
configure:4823: test -z 			 || test ! -s conftest.err
configure:4826: $? = 0
configure:4829: test -s conftest.o
configure:4832: $? = 0
configure:4843: result: yes
configure:4855: checking whether time.h and sys/time.h may both be included
configure:4880: /home/arun/Desktop/CheckCBox_Compiler/llvm/cmake-build-debug/bin/clang -c -g -fPIC -fwasmsbx -DWASM_SBX -DBUGFIX  conftest.c >&5
configure:4886: $? = 0
configure:4889: test -z 			 || test ! -s conftest.err
configure:4892: $? = 0
configure:4895: test -s conftest.o
configure:4898: $? = 0
configure:4909: result: yes
configure:4919: checking whether struct tm is in sys/time.h or time.h
configure:4942: /home/arun/Desktop/CheckCBox_Compiler/llvm/cmake-build-debug/bin/clang -c -g -fPIC -fwasmsbx -DWASM_SBX -DBUGFIX  conftest.c >&5
conftest.c:50:20: warning: expression result unused [-Wunused-value]
struct tm *tp; tp->tm_sec;
               ~~  ^~~~~~
1 warning generated.
configure:4948: $? = 0
configure:4951: test -z 			 || test ! -s conftest.err
configure:4954: $? = 0
configure:4957: test -s conftest.o
configure:4960: $? = 0
configure:4971: result: time.h
configure:4981: checking for uid_t in sys/types.h
configure:5004: result: yes
configure:5021: checking whether /home/arun/Desktop/CheckCBox_Compiler/llvm/cmake-build-debug/bin/clang needs -traditional
configure:5063: result: no
configure:5070: checking for working memcmp
configure:5118: /home/arun/Desktop/CheckCBox_Compiler/llvm/cmake-build-debug/bin/clang -o conftest -g -fPIC -fwasmsbx -DWASM_SBX -DBUGFIX  -L/home/arun/Desktop/FlexC_EVAL/CVES/LinuxFlaw/CVE-2017-9204/imageworsener-1.3.1/WASM_LIB conftest.c -ldl -lstdc++ -lSBX_CON_LIB -lisc_lib_final >&5
configure:5121: $? = 0
configure:5123: ./conftest
configure:5126: $? = 0
configure:5140: result: yes
configure:5151: checking return type of signal handlers
configure:5182: /home/arun/Desktop/CheckCBox_Compiler/llvm/cmake-build-debug/bin/clang -c -g -fPIC -fwasmsbx -DWASM_SBX -DBUGFIX  conftest.c >&5
configure:5188: $? = 0
configure:5191: test -z 			 || test ! -s conftest.err
configure:5194: $? = 0
configure:5197: test -s conftest.o
configure:5200: $? = 0
configure:5211: result: void
configure:5223: checking for strftime
configure:5280: /home/arun/Desktop/CheckCBox_Compiler/llvm/cmake-build-debug/bin/clang -o conftest -g -fPIC -fwasmsbx -DWASM_SBX -DBUGFIX  -L/home/arun/Desktop/FlexC_EVAL/CVES/LinuxFlaw/CVE-2017-9204/imageworsener-1.3.1/WASM_LIB conftest.c -ldl -lstdc++ -lSBX_CON_LIB -lisc_lib_final >&5
configure:5286: $? = 0
configure:5289: test -z 			 || test ! -s conftest.err
configure:5292: $? = 0
configure:5295: test -s conftest
configure:5298: $? = 0
configure:5310: result: yes
configure:5393: checking for wait3 that fills in rusage
configure:5444: /home/arun/Desktop/CheckCBox_Compiler/llvm/cmake-build-debug/bin/clang -o conftest -g -fPIC -fwasmsbx -DWASM_SBX -DBUGFIX  -L/home/arun/Desktop/FlexC_EVAL/CVES/LinuxFlaw/CVE-2017-9204/imageworsener-1.3.1/WASM_LIB conftest.c -ldl -lstdc++ -lSBX_CON_LIB -lisc_lib_final >&5
conftest.c:64:11: warning: implicit declaration of function 'fork' is invalid in C99 [-Wimplicit-function-declaration]
  switch (fork ())
          ^
conftest.c:67:7: warning: implicit declaration of function 'sleep' is invalid in C99 [-Wimplicit-function-declaration]
      sleep(1); /* Give up the CPU.  */
      ^
conftest.c:68:7: warning: implicitly declaring library function '_exit' with type 'void (int) __attribute__((noreturn))' [-Wimplicit-function-declaration]
      _exit(0);
      ^
conftest.c:68:7: note: include the header <unistd.h> or explicitly provide a declaration for '_exit'
conftest.c:74:7: warning: implicit declaration of function 'wait3' is invalid in C99 [-Wimplicit-function-declaration]
      wait3(&i, 0, &r);
      ^
conftest.c:77:7: warning: implicitly declaring library function 'exit' with type 'void (int) __attribute__((noreturn))' [-Wimplicit-function-declaration]
      exit (r.ru_nvcsw == 0 && r.ru_majflt == 0 && r.ru_minflt == 0
      ^
conftest.c:77:7: note: include the header <stdlib.h> or explicitly provide a declaration for 'exit'
5 warnings generated.
configure:5447: $? = 0
configure:5449: ./conftest
configure:5452: $? = 0
configure:5466: result: yes
configure:5477: checking for shutdown in -lxnet
configure:5507: /home/arun/Desktop/CheckCBox_Compiler/llvm/cmake-build-debug/bin/clang -o conftest -g -fPIC -fwasmsbx -DWASM_SBX -DBUGFIX  -L/home/arun/Desktop/FlexC_EVAL/CVES/LinuxFlaw/CVE-2017-9204/imageworsener-1.3.1/WASM_LIB conftest.c -lxnet  -ldl -lstdc++ -lSBX_CON_LIB -lisc_lib_final >&5
/usr/bin/ld: cannot find -lxnet: No such file or directory
clang-12: error: linker command failed with exit code 1 (use -v to see invocation)
configure:5513: $? = 1
configure: failed program was:
| /* confdefs.h.  */
| 
| #define PACKAGE_NAME ""
| #define PACKAGE_TARNAME ""
| #define PACKAGE_VERSION ""
| #define PACKAGE_STRING ""
| #define PACKAGE_BUGREPORT ""
| #define VERSION 3.0.0
| #define VERSION_QUOTED "3.0.0"
| #define HAVE_DIRENT_H 1
| #define STDC_HEADERS 1
| #define HAVE_SYS_WAIT_H 1
| #define HAVE_SYS_TYPES_H 1
| #define HAVE_SYS_STAT_H 1
| #define HAVE_STDLIB_H 1
| #define HAVE_STRING_H 1
| #define HAVE_MEMORY_H 1
| #define HAVE_STRINGS_H 1
| #define HAVE_INTTYPES_H 1
| #define HAVE_STDINT_H 1
| #define HAVE_UNISTD_H 1
| #define HAVE_FCNTL_H 1
| #define HAVE_SYS_FILE_H 1
| #define HAVE_SYS_IOCTL_H 1
| #define HAVE_SYS_TIME_H 1
| #define HAVE_SYSLOG_H 1
| #define HAVE_UNISTD_H 1
| #define HAVE_ERRNO_H 1
| #define HAVE_SYS_FCNTL_H 1
| #define HAVE_GETOPT_H 1
| #define HAVE_LIMITS_H 1
| #define HAVE_STDARG_H 1
| #define HAVE_SYS_TERMIOS_H 1
| #define HAVE_STRINGS_H 1
| #define HAVE_SYS_TYPES_H 1
| #define HAVE_SYS_SOCKET_H 1
| #define HAVE_SYS_UN_H 1
| #define HAVE_CRYPT_H 1
| #define HAVE_SHADOW_H 1
| #define HAVE_SYS_RESOURCE_H 1
| #define HAVE_GRP_H 1
| #define TIME_WITH_SYS_TIME 1
| #define RETSIGTYPE void
| #define HAVE_STRFTIME 1
| #define HAVE_WAIT3 1
| /* end confdefs.h.  */
| 
| /* Override any gcc2 internal prototype to avoid an error.  */
| #ifdef __cplusplus
| extern "C"
| #endif
| /* We use char because int might match the return type of a gcc2
|    builtin and then its argument prototype would still apply.  */
| char shutdown ();
| int
| main ()
| {
| shutdown ();
|   ;
|   return 0;
| }
configure:5538: result: no
configure:5549: checking for getcon in -lselinux
configure:5579: /home/arun/Desktop/CheckCBox_Compiler/llvm/cmake-build-debug/bin/clang -o conftest -g -fPIC -fwasmsbx -DWASM_SBX -DBUGFIX  -L/home/arun/Desktop/FlexC_EVAL/CVES/LinuxFlaw/CVE-2017-9204/imageworsener-1.3.1/WASM_LIB conftest.c -lselinux  -ldl -lstdc++ -lSBX_CON_LIB -lisc_lib_final >&5
configure:5585: $? = 0
configure:5588: test -z 			 || test ! -s conftest.err
configure:5591: $? = 0
configure:5594: test -s conftest
configure:5597: $? = 0
configure:5610: result: yes
configure:5618: checking for getloadavg
configure:5675: /home/arun/Desktop/CheckCBox_Compiler/llvm/cmake-build-debug/bin/clang -o conftest -g -fPIC -fwasmsbx -DWASM_SBX -DBUGFIX  -L/home/arun/Desktop/FlexC_EVAL/CVES/LinuxFlaw/CVE-2017-9204/imageworsener-1.3.1/WASM_LIB conftest.c -ldl -lstdc++ -lSBX_CON_LIB -lisc_lib_final >&5
configure:5681: $? = 0
configure:5684: test -z 			 || test ! -s conftest.err
configure:5687: $? = 0
configure:5690: test -s conftest
configure:5693: $? = 0
configure:5705: result: yes
configure:5713: checking for kstat_open in -lkstat
configure:5743: /home/arun/Desktop/CheckCBox_Compiler/llvm/cmake-build-debug/bin/clang -o conftest -g -fPIC -fwasmsbx -DWASM_SBX -DBUGFIX  -L/home/arun/Desktop/FlexC_EVAL/CVES/LinuxFlaw/CVE-2017-9204/imageworsener-1.3.1/WASM_LIB conftest.c -lkstat  -ldl -lstdc++ -lSBX_CON_LIB -lisc_lib_final >&5
/usr/bin/ld: cannot find -lkstat: No such file or directory
clang-12: error: linker command failed with exit code 1 (use -v to see invocation)
configure:5749: $? = 1
configure: failed program was:
| /* confdefs.h.  */
| 
| #define PACKAGE_NAME ""
| #define PACKAGE_TARNAME ""
| #define PACKAGE_VERSION ""
| #define PACKAGE_STRING ""
| #define PACKAGE_BUGREPORT ""
| #define VERSION 3.0.0
| #define VERSION_QUOTED "3.0.0"
| #define HAVE_DIRENT_H 1
| #define STDC_HEADERS 1
| #define HAVE_SYS_WAIT_H 1
| #define HAVE_SYS_TYPES_H 1
| #define HAVE_SYS_STAT_H 1
| #define HAVE_STDLIB_H 1
| #define HAVE_STRING_H 1
| #define HAVE_MEMORY_H 1
| #define HAVE_STRINGS_H 1
| #define HAVE_INTTYPES_H 1
| #define HAVE_STDINT_H 1
| #define HAVE_UNISTD_H 1
| #define HAVE_FCNTL_H 1
| #define HAVE_SYS_FILE_H 1
| #define HAVE_SYS_IOCTL_H 1
| #define HAVE_SYS_TIME_H 1
| #define HAVE_SYSLOG_H 1
| #define HAVE_UNISTD_H 1
| #define HAVE_ERRNO_H 1
| #define HAVE_SYS_FCNTL_H 1
| #define HAVE_GETOPT_H 1
| #define HAVE_LIMITS_H 1
| #define HAVE_STDARG_H 1
| #define HAVE_SYS_TERMIOS_H 1
| #define HAVE_STRINGS_H 1
| #define HAVE_SYS_TYPES_H 1
| #define HAVE_SYS_SOCKET_H 1
| #define HAVE_SYS_UN_H 1
| #define HAVE_CRYPT_H 1
| #define HAVE_SHADOW_H 1
| #define HAVE_SYS_RESOURCE_H 1
| #define HAVE_GRP_H 1
| #define TIME_WITH_SYS_TIME 1
| #define RETSIGTYPE void
| #define HAVE_STRFTIME 1
| #define HAVE_WAIT3 1
| /* end confdefs.h.  */
| 
| /* Override any gcc2 internal prototype to avoid an error.  */
| #ifdef __cplusplus
| extern "C"
| #endif
| /* We use char because int might match the return type of a gcc2
|    builtin and then its argument prototype would still apply.  */
| char kstat_open ();
| int
| main ()
| {
| kstat_open ();
|   ;
|   return 0;
| }
configure:5774: result: no
configure:5794: checking for getloadavg
configure:5881: result: yes
configure:5895: checking for pstat_getdynamic
configure:5952: /home/arun/Desktop/CheckCBox_Compiler/llvm/cmake-build-debug/bin/clang -o conftest -g -fPIC -fwasmsbx -DWASM_SBX -DBUGFIX  -L/home/arun/Desktop/FlexC_EVAL/CVES/LinuxFlaw/CVE-2017-9204/imageworsener-1.3.1/WASM_LIB conftest.c -ldl -lstdc++ -lSBX_CON_LIB -lisc_lib_final >&5
/usr/bin/ld: /tmp/conftest-022a6e.o: in function `main':
/home/arun/Desktop/FlexC_EVAL/CVES/LinuxFlaw/CVE-2006-0539/fcron-3.0.0/conftest.c:87: undefined reference to `pstat_getdynamic'
/usr/bin/ld: /tmp/conftest-022a6e.o:/home/arun/Desktop/FlexC_EVAL/CVES/LinuxFlaw/CVE-2006-0539/fcron-3.0.0/conftest.c:78: undefined reference to `pstat_getdynamic'
clang-12: error: linker command failed with exit code 1 (use -v to see invocation)
configure:5958: $? = 1
configure: failed program was:
| /* confdefs.h.  */
| 
| #define PACKAGE_NAME ""
| #define PACKAGE_TARNAME ""
| #define PACKAGE_VERSION ""
| #define PACKAGE_STRING ""
| #define PACKAGE_BUGREPORT ""
| #define VERSION 3.0.0
| #define VERSION_QUOTED "3.0.0"
| #define HAVE_DIRENT_H 1
| #define STDC_HEADERS 1
| #define HAVE_SYS_WAIT_H 1
| #define HAVE_SYS_TYPES_H 1
| #define HAVE_SYS_STAT_H 1
| #define HAVE_STDLIB_H 1
| #define HAVE_STRING_H 1
| #define HAVE_MEMORY_H 1
| #define HAVE_STRINGS_H 1
| #define HAVE_INTTYPES_H 1
| #define HAVE_STDINT_H 1
| #define HAVE_UNISTD_H 1
| #define HAVE_FCNTL_H 1
| #define HAVE_SYS_FILE_H 1
| #define HAVE_SYS_IOCTL_H 1
| #define HAVE_SYS_TIME_H 1
| #define HAVE_SYSLOG_H 1
| #define HAVE_UNISTD_H 1
| #define HAVE_ERRNO_H 1
| #define HAVE_SYS_FCNTL_H 1
| #define HAVE_GETOPT_H 1
| #define HAVE_LIMITS_H 1
| #define HAVE_STDARG_H 1
| #define HAVE_SYS_TERMIOS_H 1
| #define HAVE_STRINGS_H 1
| #define HAVE_SYS_TYPES_H 1
| #define HAVE_SYS_SOCKET_H 1
| #define HAVE_SYS_UN_H 1
| #define HAVE_CRYPT_H 1
| #define HAVE_SHADOW_H 1
| #define HAVE_SYS_RESOURCE_H 1
| #define HAVE_GRP_H 1
| #define TIME_WITH_SYS_TIME 1
| #define RETSIGTYPE void
| #define HAVE_STRFTIME 1
| #define HAVE_WAIT3 1
| /* end confdefs.h.  */
| /* Define pstat_getdynamic to an innocuous variant, in case <limits.h> declares pstat_getdynamic.
|    For example, HP-UX 11i <limits.h> declares gettimeofday.  */
| #define pstat_getdynamic innocuous_pstat_getdynamic
| 
| /* System header to define __stub macros and hopefully few prototypes,
|     which can conflict with char pstat_getdynamic (); below.
|     Prefer <limits.h> to <assert.h> if __STDC__ is defined, since
|     <limits.h> exists even on freestanding compilers.  */
| 
| #ifdef __STDC__
| # include <limits.h>
| #else
| # include <assert.h>
| #endif
| 
| #undef pstat_getdynamic
| 
| /* Override any gcc2 internal prototype to avoid an error.  */
| #ifdef __cplusplus
| extern "C"
| {
| #endif
| /* We use char because int might match the return type of a gcc2
|    builtin and then its argument prototype would still apply.  */
| char pstat_getdynamic ();
| /* The GNU C library defines this for functions which it implements
|     to always fail with ENOSYS.  Some functions are actually named
|     something starting with __ and the normal name is an alias.  */
| #if defined (__stub_pstat_getdynamic) || defined (__stub___pstat_getdynamic)
| choke me
| #else
| char (*f) () = pstat_getdynamic;
| #endif
| #ifdef __cplusplus
| }
| #endif
| 
| int
| main ()
| {
| return f != pstat_getdynamic;
|   ;
|   return 0;
| }
configure:5982: result: no
configure:5995: checking for kstat_open in -lkstat
configure:6056: result: no
configure:6362: checking for getloadavg
configure:6449: result: yes
configure:7665: checking whether getloadavg requires setgid
In file included from conftest.c:48:
In file included from ./././getloadavg.c:25:
In file included from ./fcron.h:29:
./global.h:47:10: fatal error: 'selinux.h' file not found
#include <selinux.h>
         ^~~~~~~~~~~
1 error generated.
configure:7690: result: no
configure:7731: checking function to use for lavg* options
configure:7733: result: getloadavg()
configure:9717: checking for getcwd
configure:9774: /home/arun/Desktop/CheckCBox_Compiler/llvm/cmake-build-debug/bin/clang -o conftest -g -fPIC -fwasmsbx -DWASM_SBX -DBUGFIX  -L/home/arun/Desktop/FlexC_EVAL/CVES/LinuxFlaw/CVE-2017-9204/imageworsener-1.3.1/WASM_LIB conftest.c -ldl -lstdc++ -lSBX_CON_LIB -lisc_lib_final >&5
configure:9780: $? = 0
configure:9783: test -z 			 || test ! -s conftest.err
configure:9786: $? = 0
configure:9789: test -s conftest
configure:9792: $? = 0
configure:9804: result: yes
configure:9717: checking for gettimeofday
configure:9774: /home/arun/Desktop/CheckCBox_Compiler/llvm/cmake-build-debug/bin/clang -o conftest -g -fPIC -fwasmsbx -DWASM_SBX -DBUGFIX  -L/home/arun/Desktop/FlexC_EVAL/CVES/LinuxFlaw/CVE-2017-9204/imageworsener-1.3.1/WASM_LIB conftest.c -ldl -lstdc++ -lSBX_CON_LIB -lisc_lib_final >&5
configure:9780: $? = 0
configure:9783: test -z 			 || test ! -s conftest.err
configure:9786: $? = 0
configure:9789: test -s conftest
configure:9792: $? = 0
configure:9804: result: yes
configure:9717: checking for mktime
configure:9774: /home/arun/Desktop/CheckCBox_Compiler/llvm/cmake-build-debug/bin/clang -o conftest -g -fPIC -fwasmsbx -DWASM_SBX -DBUGFIX  -L/home/arun/Desktop/FlexC_EVAL/CVES/LinuxFlaw/CVE-2017-9204/imageworsener-1.3.1/WASM_LIB conftest.c -ldl -lstdc++ -lSBX_CON_LIB -lisc_lib_final >&5
configure:9780: $? = 0
configure:9783: test -z 			 || test ! -s conftest.err
configure:9786: $? = 0
configure:9789: test -s conftest
configure:9792: $? = 0
configure:9804: result: yes
configure:9717: checking for putenv
configure:9774: /home/arun/Desktop/CheckCBox_Compiler/llvm/cmake-build-debug/bin/clang -o conftest -g -fPIC -fwasmsbx -DWASM_SBX -DBUGFIX  -L/home/arun/Desktop/FlexC_EVAL/CVES/LinuxFlaw/CVE-2017-9204/imageworsener-1.3.1/WASM_LIB conftest.c -ldl -lstdc++ -lSBX_CON_LIB -lisc_lib_final >&5
configure:9780: $? = 0
configure:9783: test -z 			 || test ! -s conftest.err
configure:9786: $? = 0
configure:9789: test -s conftest
configure:9792: $? = 0
configure:9804: result: yes
configure:9717: checking for strerror
configure:9774: /home/arun/Desktop/CheckCBox_Compiler/llvm/cmake-build-debug/bin/clang -o conftest -g -fPIC -fwasmsbx -DWASM_SBX -DBUGFIX  -L/home/arun/Desktop/FlexC_EVAL/CVES/LinuxFlaw/CVE-2017-9204/imageworsener-1.3.1/WASM_LIB conftest.c -ldl -lstdc++ -lSBX_CON_LIB -lisc_lib_final >&5
conftest.c:76:6: warning: incompatible redeclaration of library function 'strerror' [-Wincompatible-library-redeclaration]
char strerror ();
     ^
conftest.c:76:6: note: 'strerror' is a builtin with type 'char *(int)'
1 warning generated.
configure:9780: $? = 0
configure:9783: test -z 			 || test ! -s conftest.err
configure:9786: $? = 0
configure:9789: test -s conftest
configure:9792: $? = 0
configure:9804: result: yes
configure:9717: checking for setenv
configure:9774: /home/arun/Desktop/CheckCBox_Compiler/llvm/cmake-build-debug/bin/clang -o conftest -g -fPIC -fwasmsbx -DWASM_SBX -DBUGFIX  -L/home/arun/Desktop/FlexC_EVAL/CVES/LinuxFlaw/CVE-2017-9204/imageworsener-1.3.1/WASM_LIB conftest.c -ldl -lstdc++ -lSBX_CON_LIB -lisc_lib_final >&5
configure:9780: $? = 0
configure:9783: test -z 			 || test ! -s conftest.err
configure:9786: $? = 0
configure:9789: test -s conftest
configure:9792: $? = 0
configure:9804: result: yes
configure:9717: checking for gethostname
configure:9774: /home/arun/Desktop/CheckCBox_Compiler/llvm/cmake-build-debug/bin/clang -o conftest -g -fPIC -fwasmsbx -DWASM_SBX -DBUGFIX  -L/home/arun/Desktop/FlexC_EVAL/CVES/LinuxFlaw/CVE-2017-9204/imageworsener-1.3.1/WASM_LIB conftest.c -ldl -lstdc++ -lSBX_CON_LIB -lisc_lib_final >&5
configure:9780: $? = 0
configure:9783: test -z 			 || test ! -s conftest.err
configure:9786: $? = 0
configure:9789: test -s conftest
configure:9792: $? = 0
configure:9804: result: yes
configure:9818: checking for getopt_long
configure:9875: /home/arun/Desktop/CheckCBox_Compiler/llvm/cmake-build-debug/bin/clang -o conftest -g -fPIC -fwasmsbx -DWASM_SBX -DBUGFIX  -L/home/arun/Desktop/FlexC_EVAL/CVES/LinuxFlaw/CVE-2017-9204/imageworsener-1.3.1/WASM_LIB conftest.c -ldl -lstdc++ -lSBX_CON_LIB -lisc_lib_final >&5
configure:9881: $? = 0
configure:9884: test -z 			 || test ! -s conftest.err
configure:9887: $? = 0
configure:9890: test -s conftest
configure:9893: $? = 0
configure:9905: result: yes
configure:9919: checking for mkstemp
configure:9976: /home/arun/Desktop/CheckCBox_Compiler/llvm/cmake-build-debug/bin/clang -o conftest -g -fPIC -fwasmsbx -DWASM_SBX -DBUGFIX  -L/home/arun/Desktop/FlexC_EVAL/CVES/LinuxFlaw/CVE-2017-9204/imageworsener-1.3.1/WASM_LIB conftest.c -ldl -lstdc++ -lSBX_CON_LIB -lisc_lib_final >&5
configure:9982: $? = 0
configure:9985: test -z 			 || test ! -s conftest.err
configure:9988: $? = 0
configure:9991: test -s conftest
configure:9994: $? = 0
configure:10006: result: yes
configure:10021: checking for flock
configure:10078: /home/arun/Desktop/CheckCBox_Compiler/llvm/cmake-build-debug/bin/clang -o conftest -g -fPIC -fwasmsbx -DWASM_SBX -DBUGFIX  -L/home/arun/Desktop/FlexC_EVAL/CVES/LinuxFlaw/CVE-2017-9204/imageworsener-1.3.1/WASM_LIB conftest.c -ldl -lstdc++ -lSBX_CON_LIB -lisc_lib_final >&5
configure:10084: $? = 0
configure:10087: test -z 			 || test ! -s conftest.err
configure:10090: $? = 0
configure:10093: test -s conftest
configure:10096: $? = 0
configure:10108: result: yes
configure:10021: checking for lockf
configure:10078: /home/arun/Desktop/CheckCBox_Compiler/llvm/cmake-build-debug/bin/clang -o conftest -g -fPIC -fwasmsbx -DWASM_SBX -DBUGFIX  -L/home/arun/Desktop/FlexC_EVAL/CVES/LinuxFlaw/CVE-2017-9204/imageworsener-1.3.1/WASM_LIB conftest.c -ldl -lstdc++ -lSBX_CON_LIB -lisc_lib_final >&5
configure:10084: $? = 0
configure:10087: test -z 			 || test ! -s conftest.err
configure:10090: $? = 0
configure:10093: test -s conftest
configure:10096: $? = 0
configure:10108: result: yes
configure:10122: checking for setlinebuf
configure:10179: /home/arun/Desktop/CheckCBox_Compiler/llvm/cmake-build-debug/bin/clang -o conftest -g -fPIC -fwasmsbx -DWASM_SBX -DBUGFIX  -L/home/arun/Desktop/FlexC_EVAL/CVES/LinuxFlaw/CVE-2017-9204/imageworsener-1.3.1/WASM_LIB conftest.c -ldl -lstdc++ -lSBX_CON_LIB -lisc_lib_final >&5
configure:10185: $? = 0
configure:10188: test -z 			 || test ! -s conftest.err
configure:10191: $? = 0
configure:10194: test -s conftest
configure:10197: $? = 0
configure:10209: result: yes
configure:10223: checking for signal
configure:10280: /home/arun/Desktop/CheckCBox_Compiler/llvm/cmake-build-debug/bin/clang -o conftest -g -fPIC -fwasmsbx -DWASM_SBX -DBUGFIX  -L/home/arun/Desktop/FlexC_EVAL/CVES/LinuxFlaw/CVE-2017-9204/imageworsener-1.3.1/WASM_LIB conftest.c -ldl -lstdc++ -lSBX_CON_LIB -lisc_lib_final >&5
configure:10286: $? = 0
configure:10289: test -z 			 || test ! -s conftest.err
configure:10292: $? = 0
configure:10295: test -s conftest
configure:10298: $? = 0
configure:10310: result: yes
configure:10324: checking for sigset
configure:10381: /home/arun/Desktop/CheckCBox_Compiler/llvm/cmake-build-debug/bin/clang -o conftest -g -fPIC -fwasmsbx -DWASM_SBX -DBUGFIX  -L/home/arun/Desktop/FlexC_EVAL/CVES/LinuxFlaw/CVE-2017-9204/imageworsener-1.3.1/WASM_LIB conftest.c -ldl -lstdc++ -lSBX_CON_LIB -lisc_lib_final >&5
configure:10387: $? = 0
configure:10390: test -z 			 || test ! -s conftest.err
configure:10393: $? = 0
configure:10396: test -s conftest
configure:10399: $? = 0
configure:10411: result: yes
configure:10426: checking for seteuid
configure:10483: /home/arun/Desktop/CheckCBox_Compiler/llvm/cmake-build-debug/bin/clang -o conftest -g -fPIC -fwasmsbx -DWASM_SBX -DBUGFIX  -L/home/arun/Desktop/FlexC_EVAL/CVES/LinuxFlaw/CVE-2017-9204/imageworsener-1.3.1/WASM_LIB conftest.c -ldl -lstdc++ -lSBX_CON_LIB -lisc_lib_final >&5
configure:10489: $? = 0
configure:10492: test -z 			 || test ! -s conftest.err
configure:10495: $? = 0
configure:10498: test -s conftest
configure:10501: $? = 0
configure:10513: result: yes
configure:10529: checking for setegid
configure:10586: /home/arun/Desktop/CheckCBox_Compiler/llvm/cmake-build-debug/bin/clang -o conftest -g -fPIC -fwasmsbx -DWASM_SBX -DBUGFIX  -L/home/arun/Desktop/FlexC_EVAL/CVES/LinuxFlaw/CVE-2017-9204/imageworsener-1.3.1/WASM_LIB conftest.c -ldl -lstdc++ -lSBX_CON_LIB -lisc_lib_final >&5
configure:10592: $? = 0
configure:10595: test -z 			 || test ! -s conftest.err
configure:10598: $? = 0
configure:10601: test -s conftest
configure:10604: $? = 0
configure:10616: result: yes
configure:10632: checking for setresuid
configure:10689: /home/arun/Desktop/CheckCBox_Compiler/llvm/cmake-build-debug/bin/clang -o conftest -g -fPIC -fwasmsbx -DWASM_SBX -DBUGFIX  -L/home/arun/Desktop/FlexC_EVAL/CVES/LinuxFlaw/CVE-2017-9204/imageworsener-1.3.1/WASM_LIB conftest.c -ldl -lstdc++ -lSBX_CON_LIB -lisc_lib_final >&5
configure:10695: $? = 0
configure:10698: test -z 			 || test ! -s conftest.err
configure:10701: $? = 0
configure:10704: test -s conftest
configure:10707: $? = 0
configure:10719: result: yes
configure:10735: checking for setresgid
configure:10792: /home/arun/Desktop/CheckCBox_Compiler/llvm/cmake-build-debug/bin/clang -o conftest -g -fPIC -fwasmsbx -DWASM_SBX -DBUGFIX  -L/home/arun/Desktop/FlexC_EVAL/CVES/LinuxFlaw/CVE-2017-9204/imageworsener-1.3.1/WASM_LIB conftest.c -ldl -lstdc++ -lSBX_CON_LIB -lisc_lib_final >&5
configure:10798: $? = 0
configure:10801: test -z 			 || test ! -s conftest.err
configure:10804: $? = 0
configure:10807: test -s conftest
configure:10810: $? = 0
configure:10822: result: yes
configure:10844: checking for setpriority
configure:10901: /home/arun/Desktop/CheckCBox_Compiler/llvm/cmake-build-debug/bin/clang -o conftest -g -fPIC -fwasmsbx -DWASM_SBX -DBUGFIX  -L/home/arun/Desktop/FlexC_EVAL/CVES/LinuxFlaw/CVE-2017-9204/imageworsener-1.3.1/WASM_LIB conftest.c -ldl -lstdc++ -lSBX_CON_LIB -lisc_lib_final >&5
configure:10907: $? = 0
configure:10910: test -z 			 || test ! -s conftest.err
configure:10913: $? = 0
configure:10916: test -s conftest
configure:10919: $? = 0
configure:10931: result: yes
configure:10946: checking for getspnam
configure:11003: /home/arun/Desktop/CheckCBox_Compiler/llvm/cmake-build-debug/bin/clang -o conftest -g -fPIC -fwasmsbx -DWASM_SBX -DBUGFIX  -L/home/arun/Desktop/FlexC_EVAL/CVES/LinuxFlaw/CVE-2017-9204/imageworsener-1.3.1/WASM_LIB conftest.c -ldl -lstdc++ -lSBX_CON_LIB -lisc_lib_final >&5
configure:11009: $? = 0
configure:11012: test -z 			 || test ! -s conftest.err
configure:11015: $? = 0
configure:11018: test -s conftest
configure:11021: $? = 0
configure:11033: result: yes
configure:11130: checking for crypt
configure:11187: /home/arun/Desktop/CheckCBox_Compiler/llvm/cmake-build-debug/bin/clang -o conftest -g -fPIC -fwasmsbx -DWASM_SBX -DBUGFIX  -L/home/arun/Desktop/FlexC_EVAL/CVES/LinuxFlaw/CVE-2017-9204/imageworsener-1.3.1/WASM_LIB conftest.c -ldl -lstdc++ -lSBX_CON_LIB -lisc_lib_final >&5
/usr/bin/ld: /tmp/conftest-c34b5b.o: in function `main':
/home/arun/Desktop/FlexC_EVAL/CVES/LinuxFlaw/CVE-2006-0539/fcron-3.0.0/conftest.c:109: undefined reference to `crypt'
/usr/bin/ld: /tmp/conftest-c34b5b.o:/home/arun/Desktop/FlexC_EVAL/CVES/LinuxFlaw/CVE-2006-0539/fcron-3.0.0/conftest.c:100: undefined reference to `crypt'
clang-12: error: linker command failed with exit code 1 (use -v to see invocation)
configure:11193: $? = 1
configure: failed program was:
| /* confdefs.h.  */
| 
| #define PACKAGE_NAME ""
| #define PACKAGE_TARNAME ""
| #define PACKAGE_VERSION ""
| #define PACKAGE_STRING ""
| #define PACKAGE_BUGREPORT ""
| #define VERSION 3.0.0
| #define VERSION_QUOTED "3.0.0"
| #define HAVE_DIRENT_H 1
| #define STDC_HEADERS 1
| #define HAVE_SYS_WAIT_H 1
| #define HAVE_SYS_TYPES_H 1
| #define HAVE_SYS_STAT_H 1
| #define HAVE_STDLIB_H 1
| #define HAVE_STRING_H 1
| #define HAVE_MEMORY_H 1
| #define HAVE_STRINGS_H 1
| #define HAVE_INTTYPES_H 1
| #define HAVE_STDINT_H 1
| #define HAVE_UNISTD_H 1
| #define HAVE_FCNTL_H 1
| #define HAVE_SYS_FILE_H 1
| #define HAVE_SYS_IOCTL_H 1
| #define HAVE_SYS_TIME_H 1
| #define HAVE_SYSLOG_H 1
| #define HAVE_UNISTD_H 1
| #define HAVE_ERRNO_H 1
| #define HAVE_SYS_FCNTL_H 1
| #define HAVE_GETOPT_H 1
| #define HAVE_LIMITS_H 1
| #define HAVE_STDARG_H 1
| #define HAVE_SYS_TERMIOS_H 1
| #define HAVE_STRINGS_H 1
| #define HAVE_SYS_TYPES_H 1
| #define HAVE_SYS_SOCKET_H 1
| #define HAVE_SYS_UN_H 1
| #define HAVE_CRYPT_H 1
| #define HAVE_SHADOW_H 1
| #define HAVE_SYS_RESOURCE_H 1
| #define HAVE_GRP_H 1
| #define TIME_WITH_SYS_TIME 1
| #define RETSIGTYPE void
| #define HAVE_STRFTIME 1
| #define HAVE_WAIT3 1
| #define HAVE_GETLOADAVG 1
| #define HAVE_GETCWD 1
| #define HAVE_GETTIMEOFDAY 1
| #define HAVE_MKTIME 1
| #define HAVE_PUTENV 1
| #define HAVE_STRERROR 1
| #define HAVE_SETENV 1
| #define HAVE_GETHOSTNAME 1
| #define HAVE_GETOPT_LONG 1
| #define HAVE_MKSTEMP 1
| #define HAVE_FLOCK 1
| #define HAVE_LOCKF 1
| #define HAVE_SETLINEBUF 1
| #define HAVE_SIGNAL 1
| #define HAVE_SIGSET 1
| #define HAVE_SETEUID 1
| #define HAVE_SETEGID 1
| #define HAVE_SETRESUID 1
| #define HAVE_SETRESGID 1
| #define HAVE_SETPRIORITY 1
| #define HAVE_GETSPNAM 1
| #define HAVE_LIBSHADOW 1
| /* end confdefs.h.  */
| /* Define crypt to an innocuous variant, in case <limits.h> declares crypt.
|    For example, HP-UX 11i <limits.h> declares gettimeofday.  */
| #define crypt innocuous_crypt
| 
| /* System header to define __stub macros and hopefully few prototypes,
|     which can conflict with char crypt (); below.
|     Prefer <limits.h> to <assert.h> if __STDC__ is defined, since
|     <limits.h> exists even on freestanding compilers.  */
| 
| #ifdef __STDC__
| # include <limits.h>
| #else
| # include <assert.h>
| #endif
| 
| #undef crypt
| 
| /* Override any gcc2 internal prototype to avoid an error.  */
| #ifdef __cplusplus
| extern "C"
| {
| #endif
| /* We use char because int might match the return type of a gcc2
|    builtin and then its argument prototype would still apply.  */
| char crypt ();
| /* The GNU C library defines this for functions which it implements
|     to always fail with ENOSYS.  Some functions are actually named
|     something starting with __ and the normal name is an alias.  */
| #if defined (__stub_crypt) || defined (__stub___crypt)
| choke me
| #else
| char (*f) () = crypt;
| #endif
| #ifdef __cplusplus
| }
| #endif
| 
| int
| main ()
| {
| return f != crypt;
|   ;
|   return 0;
| }
configure:11217: result: no
configure:11230: checking for crypt in -lcrypt
configure:11260: /home/arun/Desktop/CheckCBox_Compiler/llvm/cmake-build-debug/bin/clang -o conftest -g -fPIC -fwasmsbx -DWASM_SBX -DBUGFIX  -L/home/arun/Desktop/FlexC_EVAL/CVES/LinuxFlaw/CVE-2017-9204/imageworsener-1.3.1/WASM_LIB conftest.c -lcrypt  -ldl -lstdc++ -lSBX_CON_LIB -lisc_lib_final >&5
configure:11266: $? = 0
configure:11269: test -z 			 || test ! -s conftest.err
configure:11272: $? = 0
configure:11275: test -s conftest
configure:11278: $? = 0
configure:11291: result: yes
configure:11409: checking for sendmail
configure:11428: found /usr/sbin/sendmail
configure:11440: result: /usr/sbin/sendmail
configure:11550: checking for sh
configure:11580: result: /bin/bash
configure:11690: checking for vi
configure:11708: found /usr/bin/vi
configure:11720: result: /usr/bin/vi
configure:11744: checking location of etc directory
configure:11786: result: /etc
configure:11804: checking location of pid files
configure:11863: result: /var/run
configure:11883: checking location of fifo files
configure:11942: result: /var/run
configure:11962: checking location of spool directory
configure:12004: result: Using existing /var/spool/fcron
configure:12101: checking location of doc directory
configure:12143: result: /usr/share/doc
configure:12182: checking run non-privileged
configure:12241: result: no
configure:12250: checking if fcrondyn should be compiled
configure:12281: result: yes
configure:12300: checking root's username
configure:12342: result: root uid: 0
configure:12354: checking root's groupname
configure:12400: result: root gid: 0
configure:12444: checking username to run fcrontab under
configure:12493: result: fcron
configure:12498: checking groupname to run fcrontab under
configure:12534: result: fcron
configure:12562: checking use a system fcrontab
configure:12584: result: yes
configure:12630: checking install interactively a boot script
configure:12655: result: yes
configure:12698: checking automatic answer to make install's questions
configure:12723: result: no
configure:12738: checking if pam should be used if available
configure:12835: result: yes
configure:12838: checking for pam_acct_mgmt in -lpam
configure:12868: /home/arun/Desktop/CheckCBox_Compiler/llvm/cmake-build-debug/bin/clang -o conftest -O2 -Wall  -L/home/arun/Desktop/FlexC_EVAL/CVES/LinuxFlaw/CVE-2017-9204/imageworsener-1.3.1/WASM_LIB conftest.c -lpam  -ldl -lstdc++ -lSBX_CON_LIB -lisc_lib_final -lcrypt >&5
/usr/bin/ld: cannot find -lpam: No such file or directory
clang-12: error: linker command failed with exit code 1 (use -v to see invocation)
configure:12874: $? = 1
configure: failed program was:
| /* confdefs.h.  */
| 
| #define PACKAGE_NAME ""
| #define PACKAGE_TARNAME ""
| #define PACKAGE_VERSION ""
| #define PACKAGE_STRING ""
| #define PACKAGE_BUGREPORT ""
| #define VERSION 3.0.0
| #define VERSION_QUOTED "3.0.0"
| #define HAVE_DIRENT_H 1
| #define STDC_HEADERS 1
| #define HAVE_SYS_WAIT_H 1
| #define HAVE_SYS_TYPES_H 1
| #define HAVE_SYS_STAT_H 1
| #define HAVE_STDLIB_H 1
| #define HAVE_STRING_H 1
| #define HAVE_MEMORY_H 1
| #define HAVE_STRINGS_H 1
| #define HAVE_INTTYPES_H 1
| #define HAVE_STDINT_H 1
| #define HAVE_UNISTD_H 1
| #define HAVE_FCNTL_H 1
| #define HAVE_SYS_FILE_H 1
| #define HAVE_SYS_IOCTL_H 1
| #define HAVE_SYS_TIME_H 1
| #define HAVE_SYSLOG_H 1
| #define HAVE_UNISTD_H 1
| #define HAVE_ERRNO_H 1
| #define HAVE_SYS_FCNTL_H 1
| #define HAVE_GETOPT_H 1
| #define HAVE_LIMITS_H 1
| #define HAVE_STDARG_H 1
| #define HAVE_SYS_TERMIOS_H 1
| #define HAVE_STRINGS_H 1
| #define HAVE_SYS_TYPES_H 1
| #define HAVE_SYS_SOCKET_H 1
| #define HAVE_SYS_UN_H 1
| #define HAVE_CRYPT_H 1
| #define HAVE_SHADOW_H 1
| #define HAVE_SYS_RESOURCE_H 1
| #define HAVE_GRP_H 1
| #define TIME_WITH_SYS_TIME 1
| #define RETSIGTYPE void
| #define HAVE_STRFTIME 1
| #define HAVE_WAIT3 1
| #define HAVE_GETLOADAVG 1
| #define HAVE_GETCWD 1
| #define HAVE_GETTIMEOFDAY 1
| #define HAVE_MKTIME 1
| #define HAVE_PUTENV 1
| #define HAVE_STRERROR 1
| #define HAVE_SETENV 1
| #define HAVE_GETHOSTNAME 1
| #define HAVE_GETOPT_LONG 1
| #define HAVE_MKSTEMP 1
| #define HAVE_FLOCK 1
| #define HAVE_LOCKF 1
| #define HAVE_SETLINEBUF 1
| #define HAVE_SIGNAL 1
| #define HAVE_SIGSET 1
| #define HAVE_SETEUID 1
| #define HAVE_SETEGID 1
| #define HAVE_SETRESUID 1
| #define HAVE_SETRESGID 1
| #define HAVE_SETPRIORITY 1
| #define HAVE_GETSPNAM 1
| #define HAVE_LIBSHADOW 1
| #define HAVE_CRYPT 1
| #define SENDMAIL "/usr/sbin/sendmail"
| #define SHELL "/bin/bash"
| #define EDITOR "/usr/bin/vi"
| #define ETC "/etc"
| #define PIDFILE "/var/run/fcron.pid"
| #define FIFOFILE "/var/run/fcron.fifo"
| #define FCRONTABS "/var/spool/fcron"
| #define DOCDIR "/usr/share/doc"
| #define mandir "/usr/share/man"
| #define FCRONDYN "1"
| #define ROOTNAME "root"
| #define ROOTUID 0
| #define ROOTGROUP "root"
| #define ROOTGID 0
| #define USERNAME "fcron"
| #define GROUPNAME "fcron"
| #define USE_SETE_ID 1
| #define SYSFCRONTAB "systab"
| #define BOOTINSTALL "1"
| #define CFLAGS "-O2 -Wall"
| #define ANSWERALL "2"
| /* end confdefs.h.  */
| 
| /* Override any gcc2 internal prototype to avoid an error.  */
| #ifdef __cplusplus
| extern "C"
| #endif
| /* We use char because int might match the return type of a gcc2
|    builtin and then its argument prototype would still apply.  */
| char pam_acct_mgmt ();
| int
| main ()
| {
| pam_acct_mgmt ();
|   ;
|   return 0;
| }
configure:12899: result: no
configure:12929: checking if SELinux should be used
configure:12938: result: no
configure:12991: checking for openjade
configure:13024: result: no
configure:13031: checking for jade
configure:13064: result: no
configure:13072: checking for docbook2man
configure:13105: result: no
configure:13112: checking for db2man
configure:13145: result: no
configure:13150: checking Looking for docbook2man converter
configure:13179: result: default: 
configure:13187: checking for nsgmls
configure:13220: result: no
configure:13226: checking for sgmlspl
configure:13259: result: no
configure:13266: checking Looking for docbook2man-spec file
configure:13295: result: default
configure:13320: checking Looking for dsssl stylsheets
configure:13349: result: default
configure:13354: WARNING:

/usr/share/sgml/docbook/stylesheet/dsssl/modular/html/docbook.dsl does not exist. You will probably not be able to generate the documentation from the DocBook source files.
configure:13359: WARNING: Use --with-dsssl-dir to specify a directory.

configure:13480: creating ./config.status

## ---------------------- ##
## Running config.status. ##
## ---------------------- ##

This file was extended by config.status, which was
generated by GNU Autoconf 2.59.  Invocation command line was

  CONFIG_FILES    = 
  CONFIG_HEADERS  = 
  CONFIG_LINKS    = 
  CONFIG_COMMANDS = 
  $ ./config.status 

on arun-GL65-Leopard-10SEK

config.status:724: creating Makefile
config.status:724: creating doc/Makefile
config.status:724: creating doc/stylesheets/fcron-doc.dsl
config.status:790: creating config.h

## ---------------- ##
## Cache variables. ##
## ---------------- ##

ac_cv_c_compiler_gnu=yes
ac_cv_c_const=yes
ac_cv_env_CC_set=set
ac_cv_env_CC_value=/home/arun/Desktop/CheckCBox_Compiler/llvm/cmake-build-debug/bin/clang
ac_cv_env_CFLAGS_set=set
ac_cv_env_CFLAGS_value='-g -fPIC -fwasmsbx -DWASM_SBX -DBUGFIX'
ac_cv_env_CPPFLAGS_set=
ac_cv_env_CPPFLAGS_value=
ac_cv_env_CPP_set=
ac_cv_env_CPP_value=
ac_cv_env_LDFLAGS_set=set
ac_cv_env_LDFLAGS_value=-L/home/arun/Desktop/FlexC_EVAL/CVES/LinuxFlaw/CVE-2017-9204/imageworsener-1.3.1/WASM_LIB
ac_cv_env_build_alias_set=
ac_cv_env_build_alias_value=
ac_cv_env_host_alias_set=
ac_cv_env_host_alias_value=
ac_cv_env_target_alias_set=
ac_cv_env_target_alias_value=
ac_cv_exeext=
ac_cv_func_crypt=no
ac_cv_func_flock=yes
ac_cv_func_getcwd=yes
ac_cv_func_gethostname=yes
ac_cv_func_getloadavg=yes
ac_cv_func_getloadavg_setgid=no
ac_cv_func_getopt_long=yes
ac_cv_func_getspnam=yes
ac_cv_func_gettimeofday=yes
ac_cv_func_lockf=yes
ac_cv_func_memcmp_working=yes
ac_cv_func_mkstemp=yes
ac_cv_func_mktime=yes
ac_cv_func_pstat_getdynamic=no
ac_cv_func_putenv=yes
ac_cv_func_setegid=yes
ac_cv_func_setenv=yes
ac_cv_func_seteuid=yes
ac_cv_func_setlinebuf=yes
ac_cv_func_setpriority=yes
ac_cv_func_setresgid=yes
ac_cv_func_setresuid=yes
ac_cv_func_signal=yes
ac_cv_func_sigset=yes
ac_cv_func_strerror=yes
ac_cv_func_strftime=yes
ac_cv_func_wait3_rusage=yes
ac_cv_header_crypt_h=yes
ac_cv_header_dirent_dirent_h=yes
ac_cv_header_errno_h=yes
ac_cv_header_fcntl_h=yes
ac_cv_header_getopt_h=yes
ac_cv_header_grp_h=yes
ac_cv_header_inttypes_h=yes
ac_cv_header_limits_h=yes
ac_cv_header_memory_h=yes
ac_cv_header_pam_pam_appl_h=no
ac_cv_header_security_pam_appl_h=no
ac_cv_header_shadow_h=yes
ac_cv_header_stdarg_h=yes
ac_cv_header_stdc=yes
ac_cv_header_stdint_h=yes
ac_cv_header_stdlib_h=yes
ac_cv_header_string_h=yes
ac_cv_header_strings_h=yes
ac_cv_header_sys_fcntl_h=yes
ac_cv_header_sys_file_h=yes
ac_cv_header_sys_ioctl_h=yes
ac_cv_header_sys_resource_h=yes
ac_cv_header_sys_socket_h=yes
ac_cv_header_sys_stat_h=yes
ac_cv_header_sys_termios_h=yes
ac_cv_header_sys_time_h=yes
ac_cv_header_sys_types_h=yes
ac_cv_header_sys_un_h=yes
ac_cv_header_sys_wait_h=yes
ac_cv_header_syslog_h=yes
ac_cv_header_time=yes
ac_cv_header_unistd_h=yes
ac_cv_lib_crypt_crypt=yes
ac_cv_lib_kstat_kstat_open=no
ac_cv_lib_pam_pam_acct_mgmt=no
ac_cv_lib_selinux_getcon=yes
ac_cv_lib_xnet_shutdown=no
ac_cv_objext=o
ac_cv_path_EDITOR=/usr/bin/vi
ac_cv_path_SENDMAIL=/usr/sbin/sendmail
ac_cv_path_SHELL=/bin/bash
ac_cv_path_install='/usr/bin/install -c'
ac_cv_prog_CPP='/home/arun/Desktop/CheckCBox_Compiler/llvm/cmake-build-debug/bin/clang -E'
ac_cv_prog_ac_ct_CC=/home/arun/Desktop/CheckCBox_Compiler/llvm/cmake-build-debug/bin/clang
ac_cv_prog_cc_g=yes
ac_cv_prog_cc_stdc=
ac_cv_prog_egrep='grep -E'
ac_cv_prog_gcc_traditional=no
ac_cv_search_opendir='none required'
ac_cv_struct_tm=time.h
ac_cv_type_pid_t=yes
ac_cv_type_signal=void
ac_cv_type_size_t=yes
ac_cv_type_uid_t=yes

## ----------------- ##
## Output variables. ##
## ----------------- ##

ANSWERALL='2'
BINDIREX='/usr/bin'
BOOTINSTALL='1'
CC='/home/arun/Desktop/CheckCBox_Compiler/llvm/cmake-build-debug/bin/clang'
CFLAGS='-O2 -Wall'
CPP='/home/arun/Desktop/CheckCBox_Compiler/llvm/cmake-build-debug/bin/clang -E'
CPPFLAGS=''
DB2MAN=''
DB2MAN_AFTER=''
DB2MAN_BEFORE=''
DB2MAN_SPEC='/usr/share/sgml/docbook/utils-0.6.9/helpers/docbook2man-spec.pl'
DEBUG='0'
DEFS='-DHAVE_CONFIG_H'
DOCDIR='/usr/share/doc'
DSSSL_DIR='/usr/share/sgml/docbook/stylesheet/dsssl/modular'
ECHO_C=''
ECHO_N='-n'
ECHO_T=''
EDITOR='/usr/bin/vi'
EGREP='grep -E'
ETC='/etc'
EXEEXT=''
FCRONDYN='1'
FCRONTABS='/var/spool/fcron'
GETLOADAVG_LIBS=''
GROUPNAME='fcron'
INSTALL_DATA='${INSTALL} -m 644'
INSTALL_PROGRAM='${INSTALL}'
INSTALL_SCRIPT='${INSTALL}'
JADE=''
KMEM_GROUP=''
LDFLAGS='-L/home/arun/Desktop/FlexC_EVAL/CVES/LinuxFlaw/CVE-2017-9204/imageworsener-1.3.1/WASM_LIB'
LIBOBJS=''
LIBS='-ldl -lstdc++ -lSBX_CON_LIB -lisc_lib_final -lcrypt'
LN_S='ln -s'
LTLIBOBJS=''
NEED_SETGID='false'
NSGMLS=''
OBJEXT='o'
PACKAGE_BUGREPORT=''
PACKAGE_NAME=''
PACKAGE_STRING=''
PACKAGE_TARNAME=''
PACKAGE_VERSION=''
PATH_SEPARATOR=':'
PROC=''
ROOTGID='0'
ROOTGROUP='root'
ROOTNAME='root'
ROOTUID='0'
RUN_NON_PRIVILEGED=''
SBINDIREX='/usr/sbin'
SENDMAIL='/usr/sbin/sendmail'
SGMLSPL=''
SHELL='/bin/bash'
SYSFCRONTAB='systab'
USEPAM='0'
USERNAME='fcron'
VERSION='3.0.0'
ac_ct_CC='/home/arun/Desktop/CheckCBox_Compiler/llvm/cmake-build-debug/bin/clang'
bindir='${exec_prefix}/bin'
build_alias=''
datadir='${prefix}/share'
exec_prefix='/usr'
host_alias=''
includedir='${prefix}/include'
infodir='${prefix}/info'
libdir='${exec_prefix}/lib'
libexecdir='${exec_prefix}/libexec'
localstatedir='${prefix}/var'
mandir='/usr/share/man'
oldincludedir='/usr/include'
prefix='/usr'
program_transform_name='s,x,x,'
sbindir='${exec_prefix}/sbin'
sharedstatedir='${prefix}/com'
sysconfdir='${prefix}/etc'
target_alias=''

## ----------- ##
## confdefs.h. ##
## ----------- ##

#define ANSWERALL "2"
#define BINDIREX "/usr/bin"
#define BOOTINSTALL "1"
#define CFLAGS "-O2 -Wall"
#define DOCDIR "/usr/share/doc"
#define EDITOR "/usr/bin/vi"
#define ETC "/etc"
#define FCRONDYN "1"
#define FCRONTABS "/var/spool/fcron"
#define FIFOFILE "/var/run/fcron.fifo"
#define GROUPNAME "fcron"
#define HAVE_CRYPT 1
#define HAVE_CRYPT_H 1
#define HAVE_DIRENT_H 1
#define HAVE_ERRNO_H 1
#define HAVE_FCNTL_H 1
#define HAVE_FLOCK 1
#define HAVE_GETCWD 1
#define HAVE_GETHOSTNAME 1
#define HAVE_GETLOADAVG 1
#define HAVE_GETOPT_H 1
#define HAVE_GETOPT_LONG 1
#define HAVE_GETSPNAM 1
#define HAVE_GETTIMEOFDAY 1
#define HAVE_GRP_H 1
#define HAVE_INTTYPES_H 1
#define HAVE_LIBSHADOW 1
#define HAVE_LIMITS_H 1
#define HAVE_LOCKF 1
#define HAVE_MEMORY_H 1
#define HAVE_MKSTEMP 1
#define HAVE_MKTIME 1
#define HAVE_PUTENV 1
#define HAVE_SETEGID 1
#define HAVE_SETENV 1
#define HAVE_SETEUID 1
#define HAVE_SETLINEBUF 1
#define HAVE_SETPRIORITY 1
#define HAVE_SETRESGID 1
#define HAVE_SETRESUID 1
#define HAVE_SHADOW_H 1
#define HAVE_SIGNAL 1
#define HAVE_SIGSET 1
#define HAVE_STDARG_H 1
#define HAVE_STDINT_H 1
#define HAVE_STDLIB_H 1
#define HAVE_STRERROR 1
#define HAVE_STRFTIME 1
#define HAVE_STRINGS_H 1
#define HAVE_STRINGS_H 1
#define HAVE_STRING_H 1
#define HAVE_SYSLOG_H 1
#define HAVE_SYS_FCNTL_H 1
#define HAVE_SYS_FILE_H 1
#define HAVE_SYS_IOCTL_H 1
#define HAVE_SYS_RESOURCE_H 1
#define HAVE_SYS_SOCKET_H 1
#define HAVE_SYS_STAT_H 1
#define HAVE_SYS_TERMIOS_H 1
#define HAVE_SYS_TIME_H 1
#define HAVE_SYS_TYPES_H 1
#define HAVE_SYS_TYPES_H 1
#define HAVE_SYS_UN_H 1
#define HAVE_SYS_WAIT_H 1
#define HAVE_UNISTD_H 1
#define HAVE_UNISTD_H 1
#define HAVE_WAIT3 1
#define PACKAGE_BUGREPORT ""
#define PACKAGE_NAME ""
#define PACKAGE_STRING ""
#define PACKAGE_TARNAME ""
#define PACKAGE_VERSION ""
#define PIDFILE "/var/run/fcron.pid"
#define RETSIGTYPE void
#define ROOTGID 0
#define ROOTGROUP "root"
#define ROOTNAME "root"
#define ROOTUID 0
#define SBINDIREX "/usr/sbin"
#define SENDMAIL "/usr/sbin/sendmail"
#define SHELL "/bin/bash"
#define STDC_HEADERS 1
#define SYSFCRONTAB "systab"
#define TIME_WITH_SYS_TIME 1
#define USERNAME "fcron"
#define USE_SETE_ID 1
#define VERSION 3.0.0
#define VERSION_QUOTED "3.0.0"
#define mandir "/usr/share/man"

configure: exit 0
