This file contains any messages produced by compilers while
running configure, to aid debugging if configure makes a mistake.

It was created by configure, which was
generated by GNU Autoconf 2.71.  Invocation command line was

  $ ./configure CC=/home/arun/Desktop/CheckCBox_Compiler/llvm/cmake-build-debug/bin/clang CFLAGS=-O2

## --------- ##
## Platform. ##
## --------- ##

hostname = arun-GL65-Leopard-10SEK
uname -m = x86_64
uname -r = 5.19.0-38-generic
uname -s = Linux
uname -v = #39~22.04.1-Ubuntu SMP PREEMPT_DYNAMIC Fri Mar 17 21:16:15 UTC 2

/usr/bin/uname -p = x86_64
/bin/uname -X     = unknown

/bin/arch              = x86_64
/usr/bin/arch -k       = unknown
/usr/convex/getsysinfo = unknown
/usr/bin/hostinfo      = unknown
/bin/machine           = unknown
/usr/bin/oslevel       = unknown
/bin/universe          = unknown

PATH: /home/linuxbrew/.linuxbrew/bin/
PATH: /home/linuxbrew/.linuxbrew/sbin/
PATH: /home/arun/.local/bin/
PATH: /usr/local/go/bin/
PATH: /usr/local/sbin/
PATH: /usr/local/bin/
PATH: /usr/sbin/
PATH: /usr/bin/
PATH: /sbin/
PATH: /bin/
PATH: /usr/games/
PATH: /usr/local/games/
PATH: /snap/bin/
PATH: /snap/bin/
PATH: /home/arun/go/bin/
PATH: /usr/bin/
PATH: /home/linuxbrew/.linuxbrew/bin/
PATH: /home/arun/Desktop/macro/checkedc-llvm-project/llvm/cmake-build-debug/bin/
PATH: /home/arun/Desktop/06/bin/
PATH: /home/arun/Desktop/CheckCBox_Compiler/llvm/cmake-build-debug/bin/


## ----------- ##
## Core tests. ##
## ----------- ##

configure:2516: looking for aux files: install-sh
configure:2529:  trying ./
configure:2540:   ./install-sh found
configure:2750: checking for gcc
configure:2782: result: /home/arun/Desktop/CheckCBox_Compiler/llvm/cmake-build-debug/bin/clang
configure:3135: checking for C compiler version
configure:3144: /home/arun/Desktop/CheckCBox_Compiler/llvm/cmake-build-debug/bin/clang --version >&5
clang version 12.0.0 (https://github.com/arunkumarbhattar/CheckCBox_Compiler.git 2f87fe88a16b45255779992281242d01ed17427c)
Target: x86_64-unknown-linux-gnu
Thread model: posix
InstalledDir: /home/arun/Desktop/CheckCBox_Compiler/llvm/cmake-build-debug/bin
configure:3155: $? = 0
configure:3144: /home/arun/Desktop/CheckCBox_Compiler/llvm/cmake-build-debug/bin/clang -v >&5
clang version 12.0.0 (https://github.com/arunkumarbhattar/CheckCBox_Compiler.git 2f87fe88a16b45255779992281242d01ed17427c)
Target: x86_64-unknown-linux-gnu
Thread model: posix
InstalledDir: /home/arun/Desktop/CheckCBox_Compiler/llvm/cmake-build-debug/bin
Found candidate GCC installation: /usr/lib/gcc/x86_64-linux-gnu/11
Found candidate GCC installation: /usr/lib/gcc/x86_64-linux-gnu/12
Found candidate GCC installation: /usr/lib/gcc/x86_64-linux-gnu/9
Selected GCC installation: /usr/lib/gcc/x86_64-linux-gnu/12
Candidate multilib: .;@m64
Selected multilib: .;@m64
... rest of stderr output deleted ...
configure:3155: $? = 0
configure:3144: /home/arun/Desktop/CheckCBox_Compiler/llvm/cmake-build-debug/bin/clang -V >&5
clang-12: error: argument to '-V' is missing (expected 1 value)
clang-12: error: no input files
configure:3155: $? = 1
configure:3144: /home/arun/Desktop/CheckCBox_Compiler/llvm/cmake-build-debug/bin/clang -qversion >&5
clang-12: error: unknown argument '-qversion'; did you mean '--version'?
clang-12: error: no input files
configure:3155: $? = 1
configure:3144: /home/arun/Desktop/CheckCBox_Compiler/llvm/cmake-build-debug/bin/clang -version >&5
clang-12: error: unknown argument '-version'; did you mean '--version'?
clang-12: error: no input files
configure:3155: $? = 1
configure:3175: checking whether the C compiler works
configure:3197: /home/arun/Desktop/CheckCBox_Compiler/llvm/cmake-build-debug/bin/clang -O2   conftest.c  >&5
configure:3201: $? = 0
configure:3251: result: yes
configure:3254: checking for C compiler default output file name
configure:3256: result: a.out
configure:3262: checking for suffix of executables
configure:3269: /home/arun/Desktop/CheckCBox_Compiler/llvm/cmake-build-debug/bin/clang -o conftest -O2   conftest.c  >&5
configure:3273: $? = 0
configure:3296: result: 
configure:3318: checking whether we are cross compiling
configure:3326: /home/arun/Desktop/CheckCBox_Compiler/llvm/cmake-build-debug/bin/clang -o conftest -O2   conftest.c  >&5
configure:3330: $? = 0
configure:3337: ./conftest
configure:3341: $? = 0
configure:3356: result: no
configure:3361: checking for suffix of object files
configure:3384: /home/arun/Desktop/CheckCBox_Compiler/llvm/cmake-build-debug/bin/clang -c -O2  conftest.c >&5
configure:3388: $? = 0
configure:3410: result: o
configure:3414: checking whether the compiler supports GNU C
configure:3434: /home/arun/Desktop/CheckCBox_Compiler/llvm/cmake-build-debug/bin/clang -c -O2  conftest.c >&5
configure:3434: $? = 0
configure:3444: result: yes
configure:3455: checking whether /home/arun/Desktop/CheckCBox_Compiler/llvm/cmake-build-debug/bin/clang accepts -g
configure:3476: /home/arun/Desktop/CheckCBox_Compiler/llvm/cmake-build-debug/bin/clang -c -g  conftest.c >&5
configure:3476: $? = 0
configure:3520: result: yes
configure:3540: checking for /home/arun/Desktop/CheckCBox_Compiler/llvm/cmake-build-debug/bin/clang option to enable C11 features
configure:3555: /home/arun/Desktop/CheckCBox_Compiler/llvm/cmake-build-debug/bin/clang  -c -O2  conftest.c >&5
configure:3555: $? = 0
configure:3573: result: none needed
configure:3699: checking for a BSD-compatible install
configure:3772: result: /usr/bin/install -c
configure:3783: checking whether ln -s works
configure:3787: result: yes
configure:3800: checking for dirent.h that defines DIR
configure:3820: /home/arun/Desktop/CheckCBox_Compiler/llvm/cmake-build-debug/bin/clang -c -O2  conftest.c >&5
configure:3820: $? = 0
configure:3829: result: yes
configure:3843: checking for library containing opendir
configure:3873: /home/arun/Desktop/CheckCBox_Compiler/llvm/cmake-build-debug/bin/clang -o conftest -O2   conftest.c  >&5
configure:3873: $? = 0
configure:3893: result: none required
configure:3968: checking for stdio.h
configure:3968: /home/arun/Desktop/CheckCBox_Compiler/llvm/cmake-build-debug/bin/clang -c -O2  conftest.c >&5
configure:3968: $? = 0
configure:3968: result: yes
configure:3968: checking for stdlib.h
configure:3968: /home/arun/Desktop/CheckCBox_Compiler/llvm/cmake-build-debug/bin/clang -c -O2  conftest.c >&5
configure:3968: $? = 0
configure:3968: result: yes
configure:3968: checking for string.h
configure:3968: /home/arun/Desktop/CheckCBox_Compiler/llvm/cmake-build-debug/bin/clang -c -O2  conftest.c >&5
configure:3968: $? = 0
configure:3968: result: yes
configure:3968: checking for inttypes.h
configure:3968: /home/arun/Desktop/CheckCBox_Compiler/llvm/cmake-build-debug/bin/clang -c -O2  conftest.c >&5
configure:3968: $? = 0
configure:3968: result: yes
configure:3968: checking for stdint.h
configure:3968: /home/arun/Desktop/CheckCBox_Compiler/llvm/cmake-build-debug/bin/clang -c -O2  conftest.c >&5
configure:3968: $? = 0
configure:3968: result: yes
configure:3968: checking for strings.h
configure:3968: /home/arun/Desktop/CheckCBox_Compiler/llvm/cmake-build-debug/bin/clang -c -O2  conftest.c >&5
configure:3968: $? = 0
configure:3968: result: yes
configure:3968: checking for sys/stat.h
configure:3968: /home/arun/Desktop/CheckCBox_Compiler/llvm/cmake-build-debug/bin/clang -c -O2  conftest.c >&5
configure:3968: $? = 0
configure:3968: result: yes
configure:3968: checking for sys/types.h
configure:3968: /home/arun/Desktop/CheckCBox_Compiler/llvm/cmake-build-debug/bin/clang -c -O2  conftest.c >&5
configure:3968: $? = 0
configure:3968: result: yes
configure:3968: checking for unistd.h
configure:3968: /home/arun/Desktop/CheckCBox_Compiler/llvm/cmake-build-debug/bin/clang -c -O2  conftest.c >&5
configure:3968: $? = 0
configure:3968: result: yes
configure:3968: checking for sys/time.h
configure:3968: /home/arun/Desktop/CheckCBox_Compiler/llvm/cmake-build-debug/bin/clang -c -O2  conftest.c >&5
configure:3968: $? = 0
configure:3968: result: yes
configure:3993: checking for grep that handles long lines and -e
configure:4057: result: /usr/bin/grep
configure:4065: checking for egrep
configure:4133: result: /usr/bin/grep -E
configure:4139: checking for sys/wait.h that is POSIX.1 compatible
configure:4166: /home/arun/Desktop/CheckCBox_Compiler/llvm/cmake-build-debug/bin/clang -c -O2  conftest.c >&5
configure:4166: $? = 0
configure:4174: result: yes
configure:4182: checking for fcntl.h
configure:4182: /home/arun/Desktop/CheckCBox_Compiler/llvm/cmake-build-debug/bin/clang -c -O2  conftest.c >&5
configure:4182: $? = 0
configure:4182: result: yes
configure:4188: checking for sys/file.h
configure:4188: /home/arun/Desktop/CheckCBox_Compiler/llvm/cmake-build-debug/bin/clang -c -O2  conftest.c >&5
configure:4188: $? = 0
configure:4188: result: yes
configure:4194: checking for sys/ioctl.h
configure:4194: /home/arun/Desktop/CheckCBox_Compiler/llvm/cmake-build-debug/bin/clang -c -O2  conftest.c >&5
configure:4194: $? = 0
configure:4194: result: yes
configure:4200: checking for sys/time.h
configure:4200: result: yes
configure:4206: checking for syslog.h
configure:4206: /home/arun/Desktop/CheckCBox_Compiler/llvm/cmake-build-debug/bin/clang -c -O2  conftest.c >&5
configure:4206: $? = 0
configure:4206: result: yes
configure:4212: checking for unistd.h
configure:4212: result: yes
configure:4219: checking for errno.h
configure:4219: /home/arun/Desktop/CheckCBox_Compiler/llvm/cmake-build-debug/bin/clang -c -O2  conftest.c >&5
configure:4219: $? = 0
configure:4219: result: yes
configure:4225: checking for sys/fcntl.h
configure:4225: /home/arun/Desktop/CheckCBox_Compiler/llvm/cmake-build-debug/bin/clang -c -O2  conftest.c >&5
configure:4225: $? = 0
configure:4225: result: yes
configure:4231: checking for getopt.h
configure:4231: /home/arun/Desktop/CheckCBox_Compiler/llvm/cmake-build-debug/bin/clang -c -O2  conftest.c >&5
configure:4231: $? = 0
configure:4231: result: yes
configure:4237: checking for limits.h
configure:4237: /home/arun/Desktop/CheckCBox_Compiler/llvm/cmake-build-debug/bin/clang -c -O2  conftest.c >&5
configure:4237: $? = 0
configure:4237: result: yes
configure:4244: checking for stdarg.h
configure:4244: /home/arun/Desktop/CheckCBox_Compiler/llvm/cmake-build-debug/bin/clang -c -O2  conftest.c >&5
configure:4244: $? = 0
configure:4244: result: yes
configure:4251: checking for sys/termios.h
configure:4251: /home/arun/Desktop/CheckCBox_Compiler/llvm/cmake-build-debug/bin/clang -c -O2  conftest.c >&5
configure:4251: $? = 0
configure:4251: result: yes
configure:4258: checking for strings.h
configure:4258: result: yes
configure:4265: checking for sys/types.h
configure:4265: result: yes
configure:4271: checking for sys/socket.h
configure:4271: /home/arun/Desktop/CheckCBox_Compiler/llvm/cmake-build-debug/bin/clang -c -O2  conftest.c >&5
configure:4271: $? = 0
configure:4271: result: yes
configure:4277: checking for sys/un.h
configure:4277: /home/arun/Desktop/CheckCBox_Compiler/llvm/cmake-build-debug/bin/clang -c -O2  conftest.c >&5
configure:4277: $? = 0
configure:4277: result: yes
configure:4284: checking for security/pam_appl.h
configure:4284: /home/arun/Desktop/CheckCBox_Compiler/llvm/cmake-build-debug/bin/clang -c -O2  conftest.c >&5
conftest.c:68:10: fatal error: 'security/pam_appl.h' file not found
#include <security/pam_appl.h>
         ^~~~~~~~~~~~~~~~~~~~~
1 error generated.
configure:4284: $? = 1
configure: failed program was:
| /* confdefs.h */
| #define PACKAGE_NAME ""
| #define PACKAGE_TARNAME ""
| #define PACKAGE_VERSION ""
| #define PACKAGE_STRING ""
| #define PACKAGE_BUGREPORT ""
| #define PACKAGE_URL ""
| #define VERSION 3.0.0
| #define VERSION_QUOTED "3.0.0"
| #define HAVE_DIRENT_H 1
| #define HAVE_STDIO_H 1
| #define HAVE_STDLIB_H 1
| #define HAVE_STRING_H 1
| #define HAVE_INTTYPES_H 1
| #define HAVE_STDINT_H 1
| #define HAVE_STRINGS_H 1
| #define HAVE_SYS_STAT_H 1
| #define HAVE_SYS_TYPES_H 1
| #define HAVE_UNISTD_H 1
| #define HAVE_SYS_TIME_H 1
| #define STDC_HEADERS 1
| #define HAVE_SYS_WAIT_H 1
| #define HAVE_FCNTL_H 1
| #define HAVE_SYS_FILE_H 1
| #define HAVE_SYS_IOCTL_H 1
| #define HAVE_SYS_TIME_H 1
| #define HAVE_SYSLOG_H 1
| #define HAVE_UNISTD_H 1
| #define HAVE_ERRNO_H 1
| #define HAVE_SYS_FCNTL_H 1
| #define HAVE_GETOPT_H 1
| #define HAVE_LIMITS_H 1
| #define HAVE_STDARG_H 1
| #define HAVE_SYS_TERMIOS_H 1
| #define HAVE_STRINGS_H 1
| #define HAVE_SYS_TYPES_H 1
| #define HAVE_SYS_SOCKET_H 1
| #define HAVE_SYS_UN_H 1
| /* end confdefs.h.  */
| #include <stddef.h>
| #ifdef HAVE_STDIO_H
| # include <stdio.h>
| #endif
| #ifdef HAVE_STDLIB_H
| # include <stdlib.h>
| #endif
| #ifdef HAVE_STRING_H
| # include <string.h>
| #endif
| #ifdef HAVE_INTTYPES_H
| # include <inttypes.h>
| #endif
| #ifdef HAVE_STDINT_H
| # include <stdint.h>
| #endif
| #ifdef HAVE_STRINGS_H
| # include <strings.h>
| #endif
| #ifdef HAVE_SYS_TYPES_H
| # include <sys/types.h>
| #endif
| #ifdef HAVE_SYS_STAT_H
| # include <sys/stat.h>
| #endif
| #ifdef HAVE_UNISTD_H
| # include <unistd.h>
| #endif
| #include <security/pam_appl.h>
configure:4284: result: no
configure:4290: checking for pam/pam_appl.h
configure:4290: /home/arun/Desktop/CheckCBox_Compiler/llvm/cmake-build-debug/bin/clang -c -O2  conftest.c >&5
conftest.c:68:10: fatal error: 'pam/pam_appl.h' file not found
#include <pam/pam_appl.h>
         ^~~~~~~~~~~~~~~~
1 error generated.
configure:4290: $? = 1
configure: failed program was:
| /* confdefs.h */
| #define PACKAGE_NAME ""
| #define PACKAGE_TARNAME ""
| #define PACKAGE_VERSION ""
| #define PACKAGE_STRING ""
| #define PACKAGE_BUGREPORT ""
| #define PACKAGE_URL ""
| #define VERSION 3.0.0
| #define VERSION_QUOTED "3.0.0"
| #define HAVE_DIRENT_H 1
| #define HAVE_STDIO_H 1
| #define HAVE_STDLIB_H 1
| #define HAVE_STRING_H 1
| #define HAVE_INTTYPES_H 1
| #define HAVE_STDINT_H 1
| #define HAVE_STRINGS_H 1
| #define HAVE_SYS_STAT_H 1
| #define HAVE_SYS_TYPES_H 1
| #define HAVE_UNISTD_H 1
| #define HAVE_SYS_TIME_H 1
| #define STDC_HEADERS 1
| #define HAVE_SYS_WAIT_H 1
| #define HAVE_FCNTL_H 1
| #define HAVE_SYS_FILE_H 1
| #define HAVE_SYS_IOCTL_H 1
| #define HAVE_SYS_TIME_H 1
| #define HAVE_SYSLOG_H 1
| #define HAVE_UNISTD_H 1
| #define HAVE_ERRNO_H 1
| #define HAVE_SYS_FCNTL_H 1
| #define HAVE_GETOPT_H 1
| #define HAVE_LIMITS_H 1
| #define HAVE_STDARG_H 1
| #define HAVE_SYS_TERMIOS_H 1
| #define HAVE_STRINGS_H 1
| #define HAVE_SYS_TYPES_H 1
| #define HAVE_SYS_SOCKET_H 1
| #define HAVE_SYS_UN_H 1
| /* end confdefs.h.  */
| #include <stddef.h>
| #ifdef HAVE_STDIO_H
| # include <stdio.h>
| #endif
| #ifdef HAVE_STDLIB_H
| # include <stdlib.h>
| #endif
| #ifdef HAVE_STRING_H
| # include <string.h>
| #endif
| #ifdef HAVE_INTTYPES_H
| # include <inttypes.h>
| #endif
| #ifdef HAVE_STDINT_H
| # include <stdint.h>
| #endif
| #ifdef HAVE_STRINGS_H
| # include <strings.h>
| #endif
| #ifdef HAVE_SYS_TYPES_H
| # include <sys/types.h>
| #endif
| #ifdef HAVE_SYS_STAT_H
| # include <sys/stat.h>
| #endif
| #ifdef HAVE_UNISTD_H
| # include <unistd.h>
| #endif
| #include <pam/pam_appl.h>
configure:4290: result: no
configure:4296: checking for crypt.h
configure:4296: /home/arun/Desktop/CheckCBox_Compiler/llvm/cmake-build-debug/bin/clang -c -O2  conftest.c >&5
configure:4296: $? = 0
configure:4296: result: yes
configure:4302: checking for shadow.h
configure:4302: /home/arun/Desktop/CheckCBox_Compiler/llvm/cmake-build-debug/bin/clang -c -O2  conftest.c >&5
configure:4302: $? = 0
configure:4302: result: yes
configure:4309: checking for sys/resource.h
configure:4309: /home/arun/Desktop/CheckCBox_Compiler/llvm/cmake-build-debug/bin/clang -c -O2  conftest.c >&5
configure:4309: $? = 0
configure:4309: result: yes
configure:4316: checking for grp.h
configure:4316: /home/arun/Desktop/CheckCBox_Compiler/llvm/cmake-build-debug/bin/clang -c -O2  conftest.c >&5
configure:4316: $? = 0
configure:4316: result: yes
configure:4324: checking for an ANSI C-conforming const
configure:4391: /home/arun/Desktop/CheckCBox_Compiler/llvm/cmake-build-debug/bin/clang -c -O2  conftest.c >&5
configure:4391: $? = 0
configure:4399: result: yes
configure:4408: checking for pid_t
configure:4408: /home/arun/Desktop/CheckCBox_Compiler/llvm/cmake-build-debug/bin/clang -c -O2  conftest.c >&5
configure:4408: $? = 0
configure:4408: /home/arun/Desktop/CheckCBox_Compiler/llvm/cmake-build-debug/bin/clang -c -O2  conftest.c >&5
conftest.c:76:20: error: expected expression
if (sizeof ((pid_t)))
                   ^
1 error generated.
configure:4408: $? = 1
configure: failed program was:
| /* confdefs.h */
| #define PACKAGE_NAME ""
| #define PACKAGE_TARNAME ""
| #define PACKAGE_VERSION ""
| #define PACKAGE_STRING ""
| #define PACKAGE_BUGREPORT ""
| #define PACKAGE_URL ""
| #define VERSION 3.0.0
| #define VERSION_QUOTED "3.0.0"
| #define HAVE_DIRENT_H 1
| #define HAVE_STDIO_H 1
| #define HAVE_STDLIB_H 1
| #define HAVE_STRING_H 1
| #define HAVE_INTTYPES_H 1
| #define HAVE_STDINT_H 1
| #define HAVE_STRINGS_H 1
| #define HAVE_SYS_STAT_H 1
| #define HAVE_SYS_TYPES_H 1
| #define HAVE_UNISTD_H 1
| #define HAVE_SYS_TIME_H 1
| #define STDC_HEADERS 1
| #define HAVE_SYS_WAIT_H 1
| #define HAVE_FCNTL_H 1
| #define HAVE_SYS_FILE_H 1
| #define HAVE_SYS_IOCTL_H 1
| #define HAVE_SYS_TIME_H 1
| #define HAVE_SYSLOG_H 1
| #define HAVE_UNISTD_H 1
| #define HAVE_ERRNO_H 1
| #define HAVE_SYS_FCNTL_H 1
| #define HAVE_GETOPT_H 1
| #define HAVE_LIMITS_H 1
| #define HAVE_STDARG_H 1
| #define HAVE_SYS_TERMIOS_H 1
| #define HAVE_STRINGS_H 1
| #define HAVE_SYS_TYPES_H 1
| #define HAVE_SYS_SOCKET_H 1
| #define HAVE_SYS_UN_H 1
| #define HAVE_CRYPT_H 1
| #define HAVE_SHADOW_H 1
| #define HAVE_SYS_RESOURCE_H 1
| #define HAVE_GRP_H 1
| /* end confdefs.h.  */
| #include <stddef.h>
| #ifdef HAVE_STDIO_H
| # include <stdio.h>
| #endif
| #ifdef HAVE_STDLIB_H
| # include <stdlib.h>
| #endif
| #ifdef HAVE_STRING_H
| # include <string.h>
| #endif
| #ifdef HAVE_INTTYPES_H
| # include <inttypes.h>
| #endif
| #ifdef HAVE_STDINT_H
| # include <stdint.h>
| #endif
| #ifdef HAVE_STRINGS_H
| # include <strings.h>
| #endif
| #ifdef HAVE_SYS_TYPES_H
| # include <sys/types.h>
| #endif
| #ifdef HAVE_SYS_STAT_H
| # include <sys/stat.h>
| #endif
| #ifdef HAVE_UNISTD_H
| # include <unistd.h>
| #endif
| 
| int
| main (void)
| {
| if (sizeof ((pid_t)))
| 	    return 0;
|   ;
|   return 0;
| }
configure:4408: result: yes
configure:4444: checking for size_t
configure:4444: /home/arun/Desktop/CheckCBox_Compiler/llvm/cmake-build-debug/bin/clang -c -O2  conftest.c >&5
configure:4444: $? = 0
configure:4444: /home/arun/Desktop/CheckCBox_Compiler/llvm/cmake-build-debug/bin/clang -c -O2  conftest.c >&5
conftest.c:75:21: error: expected expression
if (sizeof ((size_t)))
                    ^
1 error generated.
configure:4444: $? = 1
configure: failed program was:
| /* confdefs.h */
| #define PACKAGE_NAME ""
| #define PACKAGE_TARNAME ""
| #define PACKAGE_VERSION ""
| #define PACKAGE_STRING ""
| #define PACKAGE_BUGREPORT ""
| #define PACKAGE_URL ""
| #define VERSION 3.0.0
| #define VERSION_QUOTED "3.0.0"
| #define HAVE_DIRENT_H 1
| #define HAVE_STDIO_H 1
| #define HAVE_STDLIB_H 1
| #define HAVE_STRING_H 1
| #define HAVE_INTTYPES_H 1
| #define HAVE_STDINT_H 1
| #define HAVE_STRINGS_H 1
| #define HAVE_SYS_STAT_H 1
| #define HAVE_SYS_TYPES_H 1
| #define HAVE_UNISTD_H 1
| #define HAVE_SYS_TIME_H 1
| #define STDC_HEADERS 1
| #define HAVE_SYS_WAIT_H 1
| #define HAVE_FCNTL_H 1
| #define HAVE_SYS_FILE_H 1
| #define HAVE_SYS_IOCTL_H 1
| #define HAVE_SYS_TIME_H 1
| #define HAVE_SYSLOG_H 1
| #define HAVE_UNISTD_H 1
| #define HAVE_ERRNO_H 1
| #define HAVE_SYS_FCNTL_H 1
| #define HAVE_GETOPT_H 1
| #define HAVE_LIMITS_H 1
| #define HAVE_STDARG_H 1
| #define HAVE_SYS_TERMIOS_H 1
| #define HAVE_STRINGS_H 1
| #define HAVE_SYS_TYPES_H 1
| #define HAVE_SYS_SOCKET_H 1
| #define HAVE_SYS_UN_H 1
| #define HAVE_CRYPT_H 1
| #define HAVE_SHADOW_H 1
| #define HAVE_SYS_RESOURCE_H 1
| #define HAVE_GRP_H 1
| /* end confdefs.h.  */
| #include <stddef.h>
| #ifdef HAVE_STDIO_H
| # include <stdio.h>
| #endif
| #ifdef HAVE_STDLIB_H
| # include <stdlib.h>
| #endif
| #ifdef HAVE_STRING_H
| # include <string.h>
| #endif
| #ifdef HAVE_INTTYPES_H
| # include <inttypes.h>
| #endif
| #ifdef HAVE_STDINT_H
| # include <stdint.h>
| #endif
| #ifdef HAVE_STRINGS_H
| # include <strings.h>
| #endif
| #ifdef HAVE_SYS_TYPES_H
| # include <sys/types.h>
| #endif
| #ifdef HAVE_SYS_STAT_H
| # include <sys/stat.h>
| #endif
| #ifdef HAVE_UNISTD_H
| # include <unistd.h>
| #endif
| int
| main (void)
| {
| if (sizeof ((size_t)))
| 	    return 0;
|   ;
|   return 0;
| }
configure:4444: result: yes
configure:4464: checking whether struct tm is in sys/time.h or time.h
configure:4485: /home/arun/Desktop/CheckCBox_Compiler/llvm/cmake-build-debug/bin/clang -c -O2  conftest.c >&5
configure:4485: $? = 0
configure:4493: result: time.h
configure:4506: checking how to run the C preprocessor
configure:4532: /home/arun/Desktop/CheckCBox_Compiler/llvm/cmake-build-debug/bin/clang -E  conftest.c
configure:4532: $? = 0
configure:4547: /home/arun/Desktop/CheckCBox_Compiler/llvm/cmake-build-debug/bin/clang -E  conftest.c
conftest.c:45:10: fatal error: 'ac_nonexistent.h' file not found
#include <ac_nonexistent.h>
         ^~~~~~~~~~~~~~~~~~
1 error generated.
configure:4547: $? = 1
configure: failed program was:
| /* confdefs.h */
| #define PACKAGE_NAME ""
| #define PACKAGE_TARNAME ""
| #define PACKAGE_VERSION ""
| #define PACKAGE_STRING ""
| #define PACKAGE_BUGREPORT ""
| #define PACKAGE_URL ""
| #define VERSION 3.0.0
| #define VERSION_QUOTED "3.0.0"
| #define HAVE_DIRENT_H 1
| #define HAVE_STDIO_H 1
| #define HAVE_STDLIB_H 1
| #define HAVE_STRING_H 1
| #define HAVE_INTTYPES_H 1
| #define HAVE_STDINT_H 1
| #define HAVE_STRINGS_H 1
| #define HAVE_SYS_STAT_H 1
| #define HAVE_SYS_TYPES_H 1
| #define HAVE_UNISTD_H 1
| #define HAVE_SYS_TIME_H 1
| #define STDC_HEADERS 1
| #define HAVE_SYS_WAIT_H 1
| #define HAVE_FCNTL_H 1
| #define HAVE_SYS_FILE_H 1
| #define HAVE_SYS_IOCTL_H 1
| #define HAVE_SYS_TIME_H 1
| #define HAVE_SYSLOG_H 1
| #define HAVE_UNISTD_H 1
| #define HAVE_ERRNO_H 1
| #define HAVE_SYS_FCNTL_H 1
| #define HAVE_GETOPT_H 1
| #define HAVE_LIMITS_H 1
| #define HAVE_STDARG_H 1
| #define HAVE_SYS_TERMIOS_H 1
| #define HAVE_STRINGS_H 1
| #define HAVE_SYS_TYPES_H 1
| #define HAVE_SYS_SOCKET_H 1
| #define HAVE_SYS_UN_H 1
| #define HAVE_CRYPT_H 1
| #define HAVE_SHADOW_H 1
| #define HAVE_SYS_RESOURCE_H 1
| #define HAVE_GRP_H 1
| #define TIME_WITH_SYS_TIME 1
| /* end confdefs.h.  */
| #include <ac_nonexistent.h>
configure:4574: result: /home/arun/Desktop/CheckCBox_Compiler/llvm/cmake-build-debug/bin/clang -E
configure:4588: /home/arun/Desktop/CheckCBox_Compiler/llvm/cmake-build-debug/bin/clang -E  conftest.c
configure:4588: $? = 0
configure:4603: /home/arun/Desktop/CheckCBox_Compiler/llvm/cmake-build-debug/bin/clang -E  conftest.c
conftest.c:45:10: fatal error: 'ac_nonexistent.h' file not found
#include <ac_nonexistent.h>
         ^~~~~~~~~~~~~~~~~~
1 error generated.
configure:4603: $? = 1
configure: failed program was:
| /* confdefs.h */
| #define PACKAGE_NAME ""
| #define PACKAGE_TARNAME ""
| #define PACKAGE_VERSION ""
| #define PACKAGE_STRING ""
| #define PACKAGE_BUGREPORT ""
| #define PACKAGE_URL ""
| #define VERSION 3.0.0
| #define VERSION_QUOTED "3.0.0"
| #define HAVE_DIRENT_H 1
| #define HAVE_STDIO_H 1
| #define HAVE_STDLIB_H 1
| #define HAVE_STRING_H 1
| #define HAVE_INTTYPES_H 1
| #define HAVE_STDINT_H 1
| #define HAVE_STRINGS_H 1
| #define HAVE_SYS_STAT_H 1
| #define HAVE_SYS_TYPES_H 1
| #define HAVE_UNISTD_H 1
| #define HAVE_SYS_TIME_H 1
| #define STDC_HEADERS 1
| #define HAVE_SYS_WAIT_H 1
| #define HAVE_FCNTL_H 1
| #define HAVE_SYS_FILE_H 1
| #define HAVE_SYS_IOCTL_H 1
| #define HAVE_SYS_TIME_H 1
| #define HAVE_SYSLOG_H 1
| #define HAVE_UNISTD_H 1
| #define HAVE_ERRNO_H 1
| #define HAVE_SYS_FCNTL_H 1
| #define HAVE_GETOPT_H 1
| #define HAVE_LIMITS_H 1
| #define HAVE_STDARG_H 1
| #define HAVE_SYS_TERMIOS_H 1
| #define HAVE_STRINGS_H 1
| #define HAVE_SYS_TYPES_H 1
| #define HAVE_SYS_SOCKET_H 1
| #define HAVE_SYS_UN_H 1
| #define HAVE_CRYPT_H 1
| #define HAVE_SHADOW_H 1
| #define HAVE_SYS_RESOURCE_H 1
| #define HAVE_GRP_H 1
| #define TIME_WITH_SYS_TIME 1
| /* end confdefs.h.  */
| #include <ac_nonexistent.h>
configure:4634: checking for uid_t in sys/types.h
configure:4655: result: yes
configure:4668: checking whether /home/arun/Desktop/CheckCBox_Compiler/llvm/cmake-build-debug/bin/clang needs -traditional
configure:4705: result: no
configure:4712: checking for working memcmp
configure:4757: /home/arun/Desktop/CheckCBox_Compiler/llvm/cmake-build-debug/bin/clang -o conftest -O2   conftest.c  >&5
configure:4757: $? = 0
configure:4757: ./conftest
configure:4757: $? = 0
configure:4768: result: yes
configure:4777: checking return type of signal handlers
configure:4796: /home/arun/Desktop/CheckCBox_Compiler/llvm/cmake-build-debug/bin/clang -c -O2  conftest.c >&5
conftest.c:51:8: error: indirection requires pointer operand ('void' invalid)
return *(signal (0, 0)) (0) == 1;
       ^~~~~~~~~~~~~~~~~~~~
1 error generated.
configure:4796: $? = 1
configure: failed program was:
| /* confdefs.h */
| #define PACKAGE_NAME ""
| #define PACKAGE_TARNAME ""
| #define PACKAGE_VERSION ""
| #define PACKAGE_STRING ""
| #define PACKAGE_BUGREPORT ""
| #define PACKAGE_URL ""
| #define VERSION 3.0.0
| #define VERSION_QUOTED "3.0.0"
| #define HAVE_DIRENT_H 1
| #define HAVE_STDIO_H 1
| #define HAVE_STDLIB_H 1
| #define HAVE_STRING_H 1
| #define HAVE_INTTYPES_H 1
| #define HAVE_STDINT_H 1
| #define HAVE_STRINGS_H 1
| #define HAVE_SYS_STAT_H 1
| #define HAVE_SYS_TYPES_H 1
| #define HAVE_UNISTD_H 1
| #define HAVE_SYS_TIME_H 1
| #define STDC_HEADERS 1
| #define HAVE_SYS_WAIT_H 1
| #define HAVE_FCNTL_H 1
| #define HAVE_SYS_FILE_H 1
| #define HAVE_SYS_IOCTL_H 1
| #define HAVE_SYS_TIME_H 1
| #define HAVE_SYSLOG_H 1
| #define HAVE_UNISTD_H 1
| #define HAVE_ERRNO_H 1
| #define HAVE_SYS_FCNTL_H 1
| #define HAVE_GETOPT_H 1
| #define HAVE_LIMITS_H 1
| #define HAVE_STDARG_H 1
| #define HAVE_SYS_TERMIOS_H 1
| #define HAVE_STRINGS_H 1
| #define HAVE_SYS_TYPES_H 1
| #define HAVE_SYS_SOCKET_H 1
| #define HAVE_SYS_UN_H 1
| #define HAVE_CRYPT_H 1
| #define HAVE_SHADOW_H 1
| #define HAVE_SYS_RESOURCE_H 1
| #define HAVE_GRP_H 1
| #define TIME_WITH_SYS_TIME 1
| /* end confdefs.h.  */
| #include <sys/types.h>
| #include <signal.h>
| 
| int
| main (void)
| {
| return *(signal (0, 0)) (0) == 1;
|   ;
|   return 0;
| }
configure:4804: result: void
configure:4813: checking for strftime
configure:4813: /home/arun/Desktop/CheckCBox_Compiler/llvm/cmake-build-debug/bin/clang -o conftest -O2   conftest.c  >&5
configure:4813: $? = 0
configure:4813: result: yes
configure:4865: checking for wait3 that fills in rusage
configure:4913: /home/arun/Desktop/CheckCBox_Compiler/llvm/cmake-build-debug/bin/clang -o conftest -O2   conftest.c  >&5
configure:4913: $? = 0
configure:4913: ./conftest
configure:4913: $? = 0
configure:4924: result: yes
configure:4932: checking for shutdown in -lxnet
configure:4955: /home/arun/Desktop/CheckCBox_Compiler/llvm/cmake-build-debug/bin/clang -o conftest -O2   conftest.c -lxnet   >&5
/usr/bin/ld: cannot find -lxnet: No such file or directory
clang-12: error: linker command failed with exit code 1 (use -v to see invocation)
configure:4955: $? = 1
configure: failed program was:
| /* confdefs.h */
| #define PACKAGE_NAME ""
| #define PACKAGE_TARNAME ""
| #define PACKAGE_VERSION ""
| #define PACKAGE_STRING ""
| #define PACKAGE_BUGREPORT ""
| #define PACKAGE_URL ""
| #define VERSION 3.0.0
| #define VERSION_QUOTED "3.0.0"
| #define HAVE_DIRENT_H 1
| #define HAVE_STDIO_H 1
| #define HAVE_STDLIB_H 1
| #define HAVE_STRING_H 1
| #define HAVE_INTTYPES_H 1
| #define HAVE_STDINT_H 1
| #define HAVE_STRINGS_H 1
| #define HAVE_SYS_STAT_H 1
| #define HAVE_SYS_TYPES_H 1
| #define HAVE_UNISTD_H 1
| #define HAVE_SYS_TIME_H 1
| #define STDC_HEADERS 1
| #define HAVE_SYS_WAIT_H 1
| #define HAVE_FCNTL_H 1
| #define HAVE_SYS_FILE_H 1
| #define HAVE_SYS_IOCTL_H 1
| #define HAVE_SYS_TIME_H 1
| #define HAVE_SYSLOG_H 1
| #define HAVE_UNISTD_H 1
| #define HAVE_ERRNO_H 1
| #define HAVE_SYS_FCNTL_H 1
| #define HAVE_GETOPT_H 1
| #define HAVE_LIMITS_H 1
| #define HAVE_STDARG_H 1
| #define HAVE_SYS_TERMIOS_H 1
| #define HAVE_STRINGS_H 1
| #define HAVE_SYS_TYPES_H 1
| #define HAVE_SYS_SOCKET_H 1
| #define HAVE_SYS_UN_H 1
| #define HAVE_CRYPT_H 1
| #define HAVE_SHADOW_H 1
| #define HAVE_SYS_RESOURCE_H 1
| #define HAVE_GRP_H 1
| #define TIME_WITH_SYS_TIME 1
| #define RETSIGTYPE void
| #define HAVE_STRFTIME 1
| #define HAVE_WAIT3 1
| /* end confdefs.h.  */
| 
| /* Override any GCC internal prototype to avoid an error.
|    Use char because int might match the return type of a GCC
|    builtin and then its argument prototype would still apply.  */
| char shutdown ();
| int
| main (void)
| {
| return shutdown ();
|   ;
|   return 0;
| }
configure:4965: result: no
configure:4975: checking for getcon in -lselinux
configure:4998: /home/arun/Desktop/CheckCBox_Compiler/llvm/cmake-build-debug/bin/clang -o conftest -O2   conftest.c -lselinux   >&5
configure:4998: $? = 0
configure:5008: result: yes
configure:5017: checking for getloadavg
configure:5017: /home/arun/Desktop/CheckCBox_Compiler/llvm/cmake-build-debug/bin/clang -o conftest -O2   conftest.c  >&5
configure:5017: $? = 0
configure:5017: result: yes
configure:5025: checking for kstat_open in -lkstat
configure:5048: /home/arun/Desktop/CheckCBox_Compiler/llvm/cmake-build-debug/bin/clang -o conftest -O2   conftest.c -lkstat   >&5
/usr/bin/ld: cannot find -lkstat: No such file or directory
clang-12: error: linker command failed with exit code 1 (use -v to see invocation)
configure:5048: $? = 1
configure: failed program was:
| /* confdefs.h */
| #define PACKAGE_NAME ""
| #define PACKAGE_TARNAME ""
| #define PACKAGE_VERSION ""
| #define PACKAGE_STRING ""
| #define PACKAGE_BUGREPORT ""
| #define PACKAGE_URL ""
| #define VERSION 3.0.0
| #define VERSION_QUOTED "3.0.0"
| #define HAVE_DIRENT_H 1
| #define HAVE_STDIO_H 1
| #define HAVE_STDLIB_H 1
| #define HAVE_STRING_H 1
| #define HAVE_INTTYPES_H 1
| #define HAVE_STDINT_H 1
| #define HAVE_STRINGS_H 1
| #define HAVE_SYS_STAT_H 1
| #define HAVE_SYS_TYPES_H 1
| #define HAVE_UNISTD_H 1
| #define HAVE_SYS_TIME_H 1
| #define STDC_HEADERS 1
| #define HAVE_SYS_WAIT_H 1
| #define HAVE_FCNTL_H 1
| #define HAVE_SYS_FILE_H 1
| #define HAVE_SYS_IOCTL_H 1
| #define HAVE_SYS_TIME_H 1
| #define HAVE_SYSLOG_H 1
| #define HAVE_UNISTD_H 1
| #define HAVE_ERRNO_H 1
| #define HAVE_SYS_FCNTL_H 1
| #define HAVE_GETOPT_H 1
| #define HAVE_LIMITS_H 1
| #define HAVE_STDARG_H 1
| #define HAVE_SYS_TERMIOS_H 1
| #define HAVE_STRINGS_H 1
| #define HAVE_SYS_TYPES_H 1
| #define HAVE_SYS_SOCKET_H 1
| #define HAVE_SYS_UN_H 1
| #define HAVE_CRYPT_H 1
| #define HAVE_SHADOW_H 1
| #define HAVE_SYS_RESOURCE_H 1
| #define HAVE_GRP_H 1
| #define TIME_WITH_SYS_TIME 1
| #define RETSIGTYPE void
| #define HAVE_STRFTIME 1
| #define HAVE_WAIT3 1
| /* end confdefs.h.  */
| 
| /* Override any GCC internal prototype to avoid an error.
|    Use char because int might match the return type of a GCC
|    builtin and then its argument prototype would still apply.  */
| char kstat_open ();
| int
| main (void)
| {
| return kstat_open ();
|   ;
|   return 0;
| }
configure:5058: result: no
configure:5072: checking for setlocale
configure:5072: /home/arun/Desktop/CheckCBox_Compiler/llvm/cmake-build-debug/bin/clang -o conftest -O2   conftest.c  >&5
configure:5072: $? = 0
configure:5072: result: yes
configure:5090: checking for getloadavg
configure:5090: result: yes
configure:5100: checking for pstat_getdynamic
configure:5100: /home/arun/Desktop/CheckCBox_Compiler/llvm/cmake-build-debug/bin/clang -o conftest -O2   conftest.c  >&5
/usr/bin/ld: /tmp/conftest-b4edf8.o: in function `main':
conftest.c:(.text+0x4): undefined reference to `pstat_getdynamic'
clang-12: error: linker command failed with exit code 1 (use -v to see invocation)
configure:5100: $? = 1
configure: failed program was:
| /* confdefs.h */
| #define PACKAGE_NAME ""
| #define PACKAGE_TARNAME ""
| #define PACKAGE_VERSION ""
| #define PACKAGE_STRING ""
| #define PACKAGE_BUGREPORT ""
| #define PACKAGE_URL ""
| #define VERSION 3.0.0
| #define VERSION_QUOTED "3.0.0"
| #define HAVE_DIRENT_H 1
| #define HAVE_STDIO_H 1
| #define HAVE_STDLIB_H 1
| #define HAVE_STRING_H 1
| #define HAVE_INTTYPES_H 1
| #define HAVE_STDINT_H 1
| #define HAVE_STRINGS_H 1
| #define HAVE_SYS_STAT_H 1
| #define HAVE_SYS_TYPES_H 1
| #define HAVE_UNISTD_H 1
| #define HAVE_SYS_TIME_H 1
| #define STDC_HEADERS 1
| #define HAVE_SYS_WAIT_H 1
| #define HAVE_FCNTL_H 1
| #define HAVE_SYS_FILE_H 1
| #define HAVE_SYS_IOCTL_H 1
| #define HAVE_SYS_TIME_H 1
| #define HAVE_SYSLOG_H 1
| #define HAVE_UNISTD_H 1
| #define HAVE_ERRNO_H 1
| #define HAVE_SYS_FCNTL_H 1
| #define HAVE_GETOPT_H 1
| #define HAVE_LIMITS_H 1
| #define HAVE_STDARG_H 1
| #define HAVE_SYS_TERMIOS_H 1
| #define HAVE_STRINGS_H 1
| #define HAVE_SYS_TYPES_H 1
| #define HAVE_SYS_SOCKET_H 1
| #define HAVE_SYS_UN_H 1
| #define HAVE_CRYPT_H 1
| #define HAVE_SHADOW_H 1
| #define HAVE_SYS_RESOURCE_H 1
| #define HAVE_GRP_H 1
| #define TIME_WITH_SYS_TIME 1
| #define RETSIGTYPE void
| #define HAVE_STRFTIME 1
| #define HAVE_WAIT3 1
| #define HAVE_SETLOCALE 1
| /* end confdefs.h.  */
| /* Define pstat_getdynamic to an innocuous variant, in case <limits.h> declares pstat_getdynamic.
|    For example, HP-UX 11i <limits.h> declares gettimeofday.  */
| #define pstat_getdynamic innocuous_pstat_getdynamic
| 
| /* System header to define __stub macros and hopefully few prototypes,
|    which can conflict with char pstat_getdynamic (); below.  */
| 
| #include <limits.h>
| #undef pstat_getdynamic
| 
| /* Override any GCC internal prototype to avoid an error.
|    Use char because int might match the return type of a GCC
|    builtin and then its argument prototype would still apply.  */
| #ifdef __cplusplus
| extern "C"
| #endif
| char pstat_getdynamic ();
| /* The GNU C library defines this for functions which it implements
|     to always fail with ENOSYS.  Some functions are actually named
|     something starting with __ and the normal name is an alias.  */
| #if defined __stub_pstat_getdynamic || defined __stub___pstat_getdynamic
| choke me
| #endif
| 
| int
| main (void)
| {
| return pstat_getdynamic ();
|   ;
|   return 0;
| }
configure:5100: result: no
configure:5109: checking for kstat_open in -lkstat
configure:5142: result: no
configure:5338: checking for getloadavg
configure:5338: result: yes
configure:5482: checking whether getloadavg requires setgid
In file included from conftest.c:50:
In file included from ./././getloadavg.c:25:
In file included from ./fcron.h:29:
./global.h:47:10: fatal error: 'selinux.h' file not found
#include <selinux.h>
         ^~~~~~~~~~~
1 error generated.
configure:5505: result: no
configure:5545: checking function to use for lavg* options
configure:5547: result: getloadavg()
configure:6033: checking for getcwd
configure:6033: /home/arun/Desktop/CheckCBox_Compiler/llvm/cmake-build-debug/bin/clang -o conftest -O2   conftest.c  >&5
configure:6033: $? = 0
configure:6033: result: yes
configure:6039: checking for gettimeofday
configure:6039: /home/arun/Desktop/CheckCBox_Compiler/llvm/cmake-build-debug/bin/clang -o conftest -O2   conftest.c  >&5
configure:6039: $? = 0
configure:6039: result: yes
configure:6045: checking for mktime
configure:6045: /home/arun/Desktop/CheckCBox_Compiler/llvm/cmake-build-debug/bin/clang -o conftest -O2   conftest.c  >&5
configure:6045: $? = 0
configure:6045: result: yes
configure:6051: checking for putenv
configure:6051: /home/arun/Desktop/CheckCBox_Compiler/llvm/cmake-build-debug/bin/clang -o conftest -O2   conftest.c  >&5
configure:6051: $? = 0
configure:6051: result: yes
configure:6057: checking for strerror
configure:6057: /home/arun/Desktop/CheckCBox_Compiler/llvm/cmake-build-debug/bin/clang -o conftest -O2   conftest.c  >&5
conftest.c:70:6: warning: incompatible redeclaration of library function 'strerror' [-Wincompatible-library-redeclaration]
char strerror ();
     ^
conftest.c:70:6: note: 'strerror' is a builtin with type 'char *(int)'
1 warning generated.
configure:6057: $? = 0
configure:6057: result: yes
configure:6063: checking for setenv
configure:6063: /home/arun/Desktop/CheckCBox_Compiler/llvm/cmake-build-debug/bin/clang -o conftest -O2   conftest.c  >&5
configure:6063: $? = 0
configure:6063: result: yes
configure:6069: checking for gethostname
configure:6069: /home/arun/Desktop/CheckCBox_Compiler/llvm/cmake-build-debug/bin/clang -o conftest -O2   conftest.c  >&5
configure:6069: $? = 0
configure:6069: result: yes
configure:6076: checking for getopt_long
configure:6076: /home/arun/Desktop/CheckCBox_Compiler/llvm/cmake-build-debug/bin/clang -o conftest -O2   conftest.c  >&5
configure:6076: $? = 0
configure:6076: result: yes
configure:6083: checking for mkstemp
configure:6083: /home/arun/Desktop/CheckCBox_Compiler/llvm/cmake-build-debug/bin/clang -o conftest -O2   conftest.c  >&5
configure:6083: $? = 0
configure:6083: result: yes
configure:6090: checking for flock
configure:6090: /home/arun/Desktop/CheckCBox_Compiler/llvm/cmake-build-debug/bin/clang -o conftest -O2   conftest.c  >&5
configure:6090: $? = 0
configure:6090: result: yes
configure:6096: checking for lockf
configure:6096: /home/arun/Desktop/CheckCBox_Compiler/llvm/cmake-build-debug/bin/clang -o conftest -O2   conftest.c  >&5
configure:6096: $? = 0
configure:6096: result: yes
configure:6103: checking for setlinebuf
configure:6103: /home/arun/Desktop/CheckCBox_Compiler/llvm/cmake-build-debug/bin/clang -o conftest -O2   conftest.c  >&5
configure:6103: $? = 0
configure:6103: result: yes
configure:6110: checking for signal
configure:6110: /home/arun/Desktop/CheckCBox_Compiler/llvm/cmake-build-debug/bin/clang -o conftest -O2   conftest.c  >&5
configure:6110: $? = 0
configure:6110: result: yes
configure:6117: checking for sigset
configure:6117: /home/arun/Desktop/CheckCBox_Compiler/llvm/cmake-build-debug/bin/clang -o conftest -O2   conftest.c  >&5
configure:6117: $? = 0
configure:6117: result: yes
configure:6128: checking for seteuid
configure:6128: /home/arun/Desktop/CheckCBox_Compiler/llvm/cmake-build-debug/bin/clang -o conftest -O2   conftest.c  >&5
configure:6128: $? = 0
configure:6128: result: yes
configure:6141: checking for setegid
configure:6141: /home/arun/Desktop/CheckCBox_Compiler/llvm/cmake-build-debug/bin/clang -o conftest -O2   conftest.c  >&5
configure:6141: $? = 0
configure:6141: result: yes
configure:6154: checking for setresuid
configure:6154: /home/arun/Desktop/CheckCBox_Compiler/llvm/cmake-build-debug/bin/clang -o conftest -O2   conftest.c  >&5
configure:6154: $? = 0
configure:6154: result: yes
configure:6167: checking for setresgid
configure:6167: /home/arun/Desktop/CheckCBox_Compiler/llvm/cmake-build-debug/bin/clang -o conftest -O2   conftest.c  >&5
configure:6167: $? = 0
configure:6167: result: yes
configure:6183: checking for setpriority
configure:6183: /home/arun/Desktop/CheckCBox_Compiler/llvm/cmake-build-debug/bin/clang -o conftest -O2   conftest.c  >&5
configure:6183: $? = 0
configure:6183: result: yes
configure:6194: checking for getspnam
configure:6194: /home/arun/Desktop/CheckCBox_Compiler/llvm/cmake-build-debug/bin/clang -o conftest -O2   conftest.c  >&5
configure:6194: $? = 0
configure:6194: result: yes
configure:6259: checking for crypt
configure:6259: /home/arun/Desktop/CheckCBox_Compiler/llvm/cmake-build-debug/bin/clang -o conftest -O2   conftest.c  >&5
/usr/bin/ld: /tmp/conftest-612bdb.o: in function `main':
conftest.c:(.text+0x4): undefined reference to `crypt'
clang-12: error: linker command failed with exit code 1 (use -v to see invocation)
configure:6259: $? = 1
configure: failed program was:
| /* confdefs.h */
| #define PACKAGE_NAME ""
| #define PACKAGE_TARNAME ""
| #define PACKAGE_VERSION ""
| #define PACKAGE_STRING ""
| #define PACKAGE_BUGREPORT ""
| #define PACKAGE_URL ""
| #define VERSION 3.0.0
| #define VERSION_QUOTED "3.0.0"
| #define HAVE_DIRENT_H 1
| #define HAVE_STDIO_H 1
| #define HAVE_STDLIB_H 1
| #define HAVE_STRING_H 1
| #define HAVE_INTTYPES_H 1
| #define HAVE_STDINT_H 1
| #define HAVE_STRINGS_H 1
| #define HAVE_SYS_STAT_H 1
| #define HAVE_SYS_TYPES_H 1
| #define HAVE_UNISTD_H 1
| #define HAVE_SYS_TIME_H 1
| #define STDC_HEADERS 1
| #define HAVE_SYS_WAIT_H 1
| #define HAVE_FCNTL_H 1
| #define HAVE_SYS_FILE_H 1
| #define HAVE_SYS_IOCTL_H 1
| #define HAVE_SYS_TIME_H 1
| #define HAVE_SYSLOG_H 1
| #define HAVE_UNISTD_H 1
| #define HAVE_ERRNO_H 1
| #define HAVE_SYS_FCNTL_H 1
| #define HAVE_GETOPT_H 1
| #define HAVE_LIMITS_H 1
| #define HAVE_STDARG_H 1
| #define HAVE_SYS_TERMIOS_H 1
| #define HAVE_STRINGS_H 1
| #define HAVE_SYS_TYPES_H 1
| #define HAVE_SYS_SOCKET_H 1
| #define HAVE_SYS_UN_H 1
| #define HAVE_CRYPT_H 1
| #define HAVE_SHADOW_H 1
| #define HAVE_SYS_RESOURCE_H 1
| #define HAVE_GRP_H 1
| #define TIME_WITH_SYS_TIME 1
| #define RETSIGTYPE void
| #define HAVE_STRFTIME 1
| #define HAVE_WAIT3 1
| #define HAVE_SETLOCALE 1
| #define HAVE_GETLOADAVG 1
| #define HAVE_GETCWD 1
| #define HAVE_GETTIMEOFDAY 1
| #define HAVE_MKTIME 1
| #define HAVE_PUTENV 1
| #define HAVE_STRERROR 1
| #define HAVE_SETENV 1
| #define HAVE_GETHOSTNAME 1
| #define HAVE_GETOPT_LONG 1
| #define HAVE_MKSTEMP 1
| #define HAVE_FLOCK 1
| #define HAVE_LOCKF 1
| #define HAVE_SETLINEBUF 1
| #define HAVE_SIGNAL 1
| #define HAVE_SIGSET 1
| #define HAVE_SETEUID 1
| #define HAVE_SETEGID 1
| #define HAVE_SETRESUID 1
| #define HAVE_SETRESGID 1
| #define HAVE_SETPRIORITY 1
| #define HAVE_GETSPNAM 1
| #define HAVE_LIBSHADOW 1
| /* end confdefs.h.  */
| /* Define crypt to an innocuous variant, in case <limits.h> declares crypt.
|    For example, HP-UX 11i <limits.h> declares gettimeofday.  */
| #define crypt innocuous_crypt
| 
| /* System header to define __stub macros and hopefully few prototypes,
|    which can conflict with char crypt (); below.  */
| 
| #include <limits.h>
| #undef crypt
| 
| /* Override any GCC internal prototype to avoid an error.
|    Use char because int might match the return type of a GCC
|    builtin and then its argument prototype would still apply.  */
| #ifdef __cplusplus
| extern "C"
| #endif
| char crypt ();
| /* The GNU C library defines this for functions which it implements
|     to always fail with ENOSYS.  Some functions are actually named
|     something starting with __ and the normal name is an alias.  */
| #if defined __stub_crypt || defined __stub___crypt
| choke me
| #endif
| 
| int
| main (void)
| {
| return crypt ();
|   ;
|   return 0;
| }
configure:6259: result: no
configure:6270: checking for crypt in -lcrypt
configure:6293: /home/arun/Desktop/CheckCBox_Compiler/llvm/cmake-build-debug/bin/clang -o conftest -O2   conftest.c -lcrypt   >&5
configure:6293: $? = 0
configure:6303: result: yes
configure:6416: checking for sendmail
configure:6440: found /usr/sbin/sendmail
configure:6452: result: /usr/sbin/sendmail
configure:6553: checking for sh
configure:6588: result: /bin/bash
configure:6689: checking for vi
configure:6712: found /usr/bin/vi
configure:6724: result: /usr/bin/vi
configure:6745: checking location of etc directory
configure:6779: result: /etc
configure:6793: checking location of pid files
configure:6837: result: /var/run
configure:6854: checking location of fifo files
configure:6898: result: /var/run
configure:6915: checking location of spool directory
configure:6952: result: Using existing /var/spool/fcron
configure:7036: checking location of doc directory
configure:7073: result: /usr/share/doc
configure:7106: checking run non-privileged
configure:7161: result: no
configure:7171: checking if fcrondyn should be compiled
configure:7198: result: yes
configure:7216: checking root's username
configure:7250: result: root uid: 0
configure:7260: checking root's groupname
configure:7298: result: root gid: 0
configure:7332: checking username to run fcrontab under
configure:7379: result: fcron
configure:7385: checking groupname to run fcrontab under
configure:7419: result: fcron
configure:7442: checking use a system fcrontab
configure:7464: result: yes
configure:7510: checking install interactively a boot script
configure:7533: result: yes
configure:7570: checking automatic answer to make install's questions
configure:7593: result: no
configure:7607: checking if pam should be used if available
configure:7672: result: yes
configure:7674: checking for pam_acct_mgmt in -lpam
configure:7697: /home/arun/Desktop/CheckCBox_Compiler/llvm/cmake-build-debug/bin/clang -o conftest -O2 -Wall   conftest.c -lpam   -lcrypt >&5
/usr/bin/ld: cannot find -lpam: No such file or directory
clang-12: error: linker command failed with exit code 1 (use -v to see invocation)
configure:7697: $? = 1
configure: failed program was:
| /* confdefs.h */
| #define PACKAGE_NAME ""
| #define PACKAGE_TARNAME ""
| #define PACKAGE_VERSION ""
| #define PACKAGE_STRING ""
| #define PACKAGE_BUGREPORT ""
| #define PACKAGE_URL ""
| #define VERSION 3.0.0
| #define VERSION_QUOTED "3.0.0"
| #define HAVE_DIRENT_H 1
| #define HAVE_STDIO_H 1
| #define HAVE_STDLIB_H 1
| #define HAVE_STRING_H 1
| #define HAVE_INTTYPES_H 1
| #define HAVE_STDINT_H 1
| #define HAVE_STRINGS_H 1
| #define HAVE_SYS_STAT_H 1
| #define HAVE_SYS_TYPES_H 1
| #define HAVE_UNISTD_H 1
| #define HAVE_SYS_TIME_H 1
| #define STDC_HEADERS 1
| #define HAVE_SYS_WAIT_H 1
| #define HAVE_FCNTL_H 1
| #define HAVE_SYS_FILE_H 1
| #define HAVE_SYS_IOCTL_H 1
| #define HAVE_SYS_TIME_H 1
| #define HAVE_SYSLOG_H 1
| #define HAVE_UNISTD_H 1
| #define HAVE_ERRNO_H 1
| #define HAVE_SYS_FCNTL_H 1
| #define HAVE_GETOPT_H 1
| #define HAVE_LIMITS_H 1
| #define HAVE_STDARG_H 1
| #define HAVE_SYS_TERMIOS_H 1
| #define HAVE_STRINGS_H 1
| #define HAVE_SYS_TYPES_H 1
| #define HAVE_SYS_SOCKET_H 1
| #define HAVE_SYS_UN_H 1
| #define HAVE_CRYPT_H 1
| #define HAVE_SHADOW_H 1
| #define HAVE_SYS_RESOURCE_H 1
| #define HAVE_GRP_H 1
| #define TIME_WITH_SYS_TIME 1
| #define RETSIGTYPE void
| #define HAVE_STRFTIME 1
| #define HAVE_WAIT3 1
| #define HAVE_SETLOCALE 1
| #define HAVE_GETLOADAVG 1
| #define HAVE_GETCWD 1
| #define HAVE_GETTIMEOFDAY 1
| #define HAVE_MKTIME 1
| #define HAVE_PUTENV 1
| #define HAVE_STRERROR 1
| #define HAVE_SETENV 1
| #define HAVE_GETHOSTNAME 1
| #define HAVE_GETOPT_LONG 1
| #define HAVE_MKSTEMP 1
| #define HAVE_FLOCK 1
| #define HAVE_LOCKF 1
| #define HAVE_SETLINEBUF 1
| #define HAVE_SIGNAL 1
| #define HAVE_SIGSET 1
| #define HAVE_SETEUID 1
| #define HAVE_SETEGID 1
| #define HAVE_SETRESUID 1
| #define HAVE_SETRESGID 1
| #define HAVE_SETPRIORITY 1
| #define HAVE_GETSPNAM 1
| #define HAVE_LIBSHADOW 1
| #define HAVE_CRYPT 1
| #define SENDMAIL "/usr/sbin/sendmail"
| #define SHELL "/bin/bash"
| #define EDITOR "/usr/bin/vi"
| #define ETC "/etc"
| #define PIDFILE "/var/run/fcron.pid"
| #define FIFOFILE "/var/run/fcron.fifo"
| #define FCRONTABS "/var/spool/fcron"
| #define DOCDIR "/usr/share/doc"
| #define FCRONDYN "1"
| #define ROOTNAME "root"
| #define ROOTUID 0
| #define ROOTGROUP "root"
| #define ROOTGID 0
| #define USERNAME "fcron"
| #define GROUPNAME "fcron"
| #define USE_SETE_ID 1
| #define SYSFCRONTAB "systab"
| #define BOOTINSTALL "1"
| #define CFLAGS "-O2 -Wall"
| #define ANSWERALL "2"
| /* end confdefs.h.  */
| 
| /* Override any GCC internal prototype to avoid an error.
|    Use char because int might match the return type of a GCC
|    builtin and then its argument prototype would still apply.  */
| char pam_acct_mgmt ();
| int
| main (void)
| {
| return pam_acct_mgmt ();
|   ;
|   return 0;
| }
configure:7707: result: no
configure:7737: checking if SELinux should be used
configure:7770: result: yes
configure:7791: checking for openjade
configure:7829: result: no
configure:7837: checking for jade
configure:7875: result: no
configure:7884: checking for docbook2man
configure:7922: result: no
configure:7930: checking for db2man
configure:7968: result: no
configure:7974: checking Looking for docbook2man converter
configure:7999: result: default: 
configure:8008: checking for nsgmls
configure:8046: result: no
configure:8053: checking for sgmlspl
configure:8091: result: no
configure:8099: checking Looking for docbook2man-spec file
configure:8124: result: default
configure:8150: checking Looking for dsssl stylsheets
configure:8175: result: default
configure:8178: WARNING:

/usr/share/sgml/docbook/stylesheet/dsssl/modular/html/docbook.dsl does not exist. You will probably not be able to generate the documentation from the DocBook source files.
configure:8184: WARNING: Use --with-dsssl-dir to specify a directory.

configure:8315: creating ./config.status

## ---------------------- ##
## Running config.status. ##
## ---------------------- ##

This file was extended by config.status, which was
generated by GNU Autoconf 2.71.  Invocation command line was

  CONFIG_FILES    = 
  CONFIG_HEADERS  = 
  CONFIG_LINKS    = 
  CONFIG_COMMANDS = 
  $ ./config.status 

on arun-GL65-Leopard-10SEK

config.status:907: creating Makefile
config.status:907: creating doc/Makefile
config.status:1010: WARNING:  'doc/Makefile.in' seems to ignore the --datarootdir setting
config.status:907: creating doc/stylesheets/fcron-doc.dsl
config.status:907: creating config.h

## ---------------- ##
## Cache variables. ##
## ---------------- ##

ac_cv_c_compiler_gnu=yes
ac_cv_c_const=yes
ac_cv_env_CC_set=set
ac_cv_env_CC_value=/home/arun/Desktop/CheckCBox_Compiler/llvm/cmake-build-debug/bin/clang
ac_cv_env_CFLAGS_set=set
ac_cv_env_CFLAGS_value=-O2
ac_cv_env_CPPFLAGS_set=
ac_cv_env_CPPFLAGS_value=
ac_cv_env_CPP_set=
ac_cv_env_CPP_value=
ac_cv_env_LDFLAGS_set=
ac_cv_env_LDFLAGS_value=
ac_cv_env_LIBS_set=
ac_cv_env_LIBS_value=
ac_cv_env_build_alias_set=
ac_cv_env_build_alias_value=
ac_cv_env_host_alias_set=
ac_cv_env_host_alias_value=
ac_cv_env_target_alias_set=
ac_cv_env_target_alias_value=
ac_cv_func_crypt=no
ac_cv_func_flock=yes
ac_cv_func_getcwd=yes
ac_cv_func_gethostname=yes
ac_cv_func_getloadavg=yes
ac_cv_func_getloadavg_setgid=no
ac_cv_func_getopt_long=yes
ac_cv_func_getspnam=yes
ac_cv_func_gettimeofday=yes
ac_cv_func_lockf=yes
ac_cv_func_memcmp_working=yes
ac_cv_func_mkstemp=yes
ac_cv_func_mktime=yes
ac_cv_func_pstat_getdynamic=no
ac_cv_func_putenv=yes
ac_cv_func_setegid=yes
ac_cv_func_setenv=yes
ac_cv_func_seteuid=yes
ac_cv_func_setlinebuf=yes
ac_cv_func_setlocale=yes
ac_cv_func_setpriority=yes
ac_cv_func_setresgid=yes
ac_cv_func_setresuid=yes
ac_cv_func_signal=yes
ac_cv_func_sigset=yes
ac_cv_func_strerror=yes
ac_cv_func_strftime=yes
ac_cv_func_wait3_rusage=yes
ac_cv_header_crypt_h=yes
ac_cv_header_dirent_dirent_h=yes
ac_cv_header_errno_h=yes
ac_cv_header_fcntl_h=yes
ac_cv_header_getopt_h=yes
ac_cv_header_grp_h=yes
ac_cv_header_inttypes_h=yes
ac_cv_header_limits_h=yes
ac_cv_header_pam_pam_appl_h=no
ac_cv_header_security_pam_appl_h=no
ac_cv_header_shadow_h=yes
ac_cv_header_stdarg_h=yes
ac_cv_header_stdint_h=yes
ac_cv_header_stdio_h=yes
ac_cv_header_stdlib_h=yes
ac_cv_header_string_h=yes
ac_cv_header_strings_h=yes
ac_cv_header_sys_fcntl_h=yes
ac_cv_header_sys_file_h=yes
ac_cv_header_sys_ioctl_h=yes
ac_cv_header_sys_resource_h=yes
ac_cv_header_sys_socket_h=yes
ac_cv_header_sys_stat_h=yes
ac_cv_header_sys_termios_h=yes
ac_cv_header_sys_time_h=yes
ac_cv_header_sys_types_h=yes
ac_cv_header_sys_un_h=yes
ac_cv_header_sys_wait_h=yes
ac_cv_header_syslog_h=yes
ac_cv_header_unistd_h=yes
ac_cv_lib_crypt_crypt=yes
ac_cv_lib_kstat_kstat_open=no
ac_cv_lib_pam_pam_acct_mgmt=no
ac_cv_lib_selinux_getcon=yes
ac_cv_lib_xnet_shutdown=no
ac_cv_objext=o
ac_cv_path_EDITOR=/usr/bin/vi
ac_cv_path_EGREP='/usr/bin/grep -E'
ac_cv_path_GREP=/usr/bin/grep
ac_cv_path_SENDMAIL=/usr/sbin/sendmail
ac_cv_path_SHELL=/bin/bash
ac_cv_path_install='/usr/bin/install -c'
ac_cv_prog_CPP='/home/arun/Desktop/CheckCBox_Compiler/llvm/cmake-build-debug/bin/clang -E'
ac_cv_prog_ac_ct_CC=/home/arun/Desktop/CheckCBox_Compiler/llvm/cmake-build-debug/bin/clang
ac_cv_prog_cc_c11=
ac_cv_prog_cc_g=yes
ac_cv_prog_cc_stdc=
ac_cv_prog_gcc_traditional=no
ac_cv_search_opendir='none required'
ac_cv_struct_tm=time.h
ac_cv_type_pid_t=yes
ac_cv_type_signal=void
ac_cv_type_size_t=yes
ac_cv_type_uid_t=yes

## ----------------- ##
## Output variables. ##
## ----------------- ##

ANSWERALL='2'
BINDIREX='/usr/bin'
BOOTINSTALL='1'
CC='/home/arun/Desktop/CheckCBox_Compiler/llvm/cmake-build-debug/bin/clang'
CFLAGS='-O2 -Wall -I/usr/include/selinux'
CPP='/home/arun/Desktop/CheckCBox_Compiler/llvm/cmake-build-debug/bin/clang -E'
CPPFLAGS=''
DB2MAN=''
DB2MAN_AFTER=''
DB2MAN_BEFORE=''
DB2MAN_SPEC='/usr/share/sgml/docbook/utils-0.6.9/helpers/docbook2man-spec.pl'
DEBUG='0'
DEFS='-DHAVE_CONFIG_H'
DOCDIR='/usr/share/doc'
DSSSL_DIR='/usr/share/sgml/docbook/stylesheet/dsssl/modular'
ECHO_C=''
ECHO_N='-n'
ECHO_T=''
EDITOR='/usr/bin/vi'
EGREP='/usr/bin/grep -E'
ETC='/etc'
EXEEXT=''
FCRONDYN='1'
FCRONTABS='/var/spool/fcron'
GETLOADAVG_LIBS=''
GREP='/usr/bin/grep'
GROUPNAME='fcron'
INSTALL_DATA='${INSTALL} -m 644'
INSTALL_PROGRAM='${INSTALL}'
INSTALL_SCRIPT='${INSTALL}'
JADE=''
KMEM_GROUP=''
LDFLAGS=''
LIBOBJS=''
LIBS=' -lcrypt -lselinux'
LN_S='ln -s'
LTLIBOBJS=''
NEED_SETGID='false'
NSGMLS=''
OBJEXT='o'
PACKAGE_BUGREPORT=''
PACKAGE_NAME=''
PACKAGE_STRING=''
PACKAGE_TARNAME=''
PACKAGE_URL=''
PACKAGE_VERSION=''
PATH_SEPARATOR=':'
PROC=''
ROOTGID='0'
ROOTGROUP='root'
ROOTNAME='root'
ROOTUID='0'
RUN_NON_PRIVILEGED=''
SBINDIREX='/usr/sbin'
SENDMAIL='/usr/sbin/sendmail'
SGMLSPL=''
SHELL='/bin/bash'
SYSFCRONTAB='systab'
USEPAM='0'
USERNAME='fcron'
VERSION='3.0.0'
ac_ct_CC='/home/arun/Desktop/CheckCBox_Compiler/llvm/cmake-build-debug/bin/clang'
bindir='${exec_prefix}/bin'
build_alias=''
datadir='${datarootdir}'
datarootdir='${prefix}/share'
docdir='/usr/share/doc'
dvidir='${docdir}'
exec_prefix='/usr'
host_alias=''
htmldir='${docdir}'
includedir='${prefix}/include'
infodir='${datarootdir}/info'
libdir='${exec_prefix}/lib'
libexecdir='${exec_prefix}/libexec'
localedir='${datarootdir}/locale'
localstatedir='${prefix}/var'
mandir='${datarootdir}/man'
oldincludedir='/usr/include'
pdfdir='${docdir}'
prefix='/usr'
program_transform_name='s,x,x,'
psdir='${docdir}'
runstatedir='${localstatedir}/run'
sbindir='${exec_prefix}/sbin'
sharedstatedir='${prefix}/com'
sysconfdir='${prefix}/etc'
target_alias=''

## ----------- ##
## confdefs.h. ##
## ----------- ##

/* confdefs.h */
#define PACKAGE_NAME ""
#define PACKAGE_TARNAME ""
#define PACKAGE_VERSION ""
#define PACKAGE_STRING ""
#define PACKAGE_BUGREPORT ""
#define PACKAGE_URL ""
#define VERSION 3.0.0
#define VERSION_QUOTED "3.0.0"
#define HAVE_DIRENT_H 1
#define HAVE_STDIO_H 1
#define HAVE_STDLIB_H 1
#define HAVE_STRING_H 1
#define HAVE_INTTYPES_H 1
#define HAVE_STDINT_H 1
#define HAVE_STRINGS_H 1
#define HAVE_SYS_STAT_H 1
#define HAVE_SYS_TYPES_H 1
#define HAVE_UNISTD_H 1
#define HAVE_SYS_TIME_H 1
#define STDC_HEADERS 1
#define HAVE_SYS_WAIT_H 1
#define HAVE_FCNTL_H 1
#define HAVE_SYS_FILE_H 1
#define HAVE_SYS_IOCTL_H 1
#define HAVE_SYS_TIME_H 1
#define HAVE_SYSLOG_H 1
#define HAVE_UNISTD_H 1
#define HAVE_ERRNO_H 1
#define HAVE_SYS_FCNTL_H 1
#define HAVE_GETOPT_H 1
#define HAVE_LIMITS_H 1
#define HAVE_STDARG_H 1
#define HAVE_SYS_TERMIOS_H 1
#define HAVE_STRINGS_H 1
#define HAVE_SYS_TYPES_H 1
#define HAVE_SYS_SOCKET_H 1
#define HAVE_SYS_UN_H 1
#define HAVE_CRYPT_H 1
#define HAVE_SHADOW_H 1
#define HAVE_SYS_RESOURCE_H 1
#define HAVE_GRP_H 1
#define TIME_WITH_SYS_TIME 1
#define RETSIGTYPE void
#define HAVE_STRFTIME 1
#define HAVE_WAIT3 1
#define HAVE_SETLOCALE 1
#define HAVE_GETLOADAVG 1
#define HAVE_GETCWD 1
#define HAVE_GETTIMEOFDAY 1
#define HAVE_MKTIME 1
#define HAVE_PUTENV 1
#define HAVE_STRERROR 1
#define HAVE_SETENV 1
#define HAVE_GETHOSTNAME 1
#define HAVE_GETOPT_LONG 1
#define HAVE_MKSTEMP 1
#define HAVE_FLOCK 1
#define HAVE_LOCKF 1
#define HAVE_SETLINEBUF 1
#define HAVE_SIGNAL 1
#define HAVE_SIGSET 1
#define HAVE_SETEUID 1
#define HAVE_SETEGID 1
#define HAVE_SETRESUID 1
#define HAVE_SETRESGID 1
#define HAVE_SETPRIORITY 1
#define HAVE_GETSPNAM 1
#define HAVE_LIBSHADOW 1
#define HAVE_CRYPT 1
#define SENDMAIL "/usr/sbin/sendmail"
#define SHELL "/bin/bash"
#define EDITOR "/usr/bin/vi"
#define ETC "/etc"
#define PIDFILE "/var/run/fcron.pid"
#define FIFOFILE "/var/run/fcron.fifo"
#define FCRONTABS "/var/spool/fcron"
#define DOCDIR "/usr/share/doc"
#define FCRONDYN "1"
#define ROOTNAME "root"
#define ROOTUID 0
#define ROOTGROUP "root"
#define ROOTGID 0
#define USERNAME "fcron"
#define GROUPNAME "fcron"
#define USE_SETE_ID 1
#define SYSFCRONTAB "systab"
#define BOOTINSTALL "1"
#define CFLAGS "-O2 -Wall"
#define ANSWERALL "2"
#define WITH_SELINUX 1
#define BINDIREX "/usr/bin"
#define SBINDIREX "/usr/sbin"

configure: exit 0
